[32m[I 2022-01-23 04:32:25,240][0m Trial 140 finished with value: -6485.328125 and parameters: {'r_scaling': 2.2878607233544135, 'unroll': 5, 'update_epoch': 15, 'discount': 0.9291349612505311, 'lr': 0.00022019383025917726, 'entropy': 0.012619176867838096}. Best is trial 125 with value: -7259.3828125.[0m
[32m[I 2022-01-23 04:36:25,666][0m Trial 141 finished with value: -6444.431640625 and parameters: {'r_scaling': 0.12799572056048344, 'unroll': 5, 'update_epoch': 14, 'discount': 0.9312303545022861, 'lr': 0.00023651212611736297, 'entropy': 0.00818466051929533}. Best is trial 125 with value: -7259.3828125.[0m
[32m[I 2022-01-23 04:40:15,083][0m Trial 142 finished with value: -6887.89990234375 and parameters: {'r_scaling': 1.3657551719600973, 'unroll': 5, 'update_epoch': 15, 'discount': 0.9385808048802201, 'lr': 0.0002673745510693552, 'entropy': 0.011161127863449579}. Best is trial 125 with value: -7259.3828125.[0m
[32m[I 2022-01-23 04:44:11,634][0m Trial 143 finished with value: -6845.20703125 and parameters: {'r_scaling': 0.9752798587094701, 'unroll': 6, 'update_epoch': 14, 'discount': 0.9422696534376065, 'lr': 0.00021717106858832358, 'entropy': 0.006226112391365606}. Best is trial 125 with value: -7259.3828125.[0m
[32m[I 2022-01-23 04:48:05,179][0m Trial 144 finished with value: -6717.1748046875 and parameters: {'r_scaling': 1.6479181136766021, 'unroll': 7, 'update_epoch': 15, 'discount': 0.934874955880783, 'lr': 0.00023972538877193837, 'entropy': 0.005542141911742059}. Best is trial 125 with value: -7259.3828125.[0m
[32m[I 2022-01-23 04:52:17,808][0m Trial 145 finished with value: -6641.8544921875 and parameters: {'r_scaling': 2.4187560331970963, 'unroll': 5, 'update_epoch': 15, 'discount': 0.9402602768611676, 'lr': 0.00020767632293228287, 'entropy': 0.01546035246917669}. Best is trial 125 with value: -7259.3828125.[0m
[32m[I 2022-01-23 04:56:08,410][0m Trial 146 finished with value: -7128.9375 and parameters: {'r_scaling': 0.7494797521682176, 'unroll': 7, 'update_epoch': 14, 'discount': 0.937244428003714, 'lr': 0.0002612986473655803, 'entropy': 0.020806756921646283}. Best is trial 125 with value: -7259.3828125.[0m
[32m[I 2022-01-23 04:59:59,810][0m Trial 147 finished with value: -7086.3134765625 and parameters: {'r_scaling': 0.7291039437753458, 'unroll': 7, 'update_epoch': 14, 'discount': 0.9321096058387575, 'lr': 0.0001798632726917034, 'entropy': 0.02133853905889291}. Best is trial 125 with value: -7259.3828125.[0m
[32m[I 2022-01-23 05:03:51,274][0m Trial 148 finished with value: -7027.46044921875 and parameters: {'r_scaling': 0.7472928133325023, 'unroll': 7, 'update_epoch': 14, 'discount': 0.9317610007499629, 'lr': 0.00017615831964836075, 'entropy': 0.019713086252900226}. Best is trial 125 with value: -7259.3828125.[0m
[32m[I 2022-01-23 05:07:40,667][0m Trial 149 finished with value: -6672.9599609375 and parameters: {'r_scaling': 0.45496825856025297, 'unroll': 7, 'update_epoch': 14, 'discount': 0.9237953890860883, 'lr': 0.00016339893595678577, 'entropy': 0.026395313334537256}. Best is trial 125 with value: -7259.3828125.[0m
[32m[I 2022-01-23 05:11:30,798][0m Trial 150 finished with value: -6921.21337890625 and parameters: {'r_scaling': 0.7448181249367486, 'unroll': 7, 'update_epoch': 14, 'discount': 0.9368251280515826, 'lr': 0.00014129127851160537, 'entropy': 0.023089383738388848}. Best is trial 125 with value: -7259.3828125.[0m
[32m[I 2022-01-23 05:14:58,583][0m Trial 151 finished with value: -6904.6884765625 and parameters: {'r_scaling': 0.7361699975424371, 'unroll': 7, 'update_epoch': 14, 'discount': 0.9323805166527304, 'lr': 0.0001820262875828901, 'entropy': 0.03214023150130351}. Best is trial 125 with value: -7259.3828125.[0m
[32m[I 2022-01-23 05:18:49,081][0m Trial 152 finished with value: -6850.97705078125 and parameters: {'r_scaling': 0.6350748500184248, 'unroll': 7, 'update_epoch': 14, 'discount': 0.9281985829679762, 'lr': 0.0001672739355889476, 'entropy': 0.01899724821355691}. Best is trial 125 with value: -7259.3828125.[0m
[32m[I 2022-01-23 05:22:42,424][0m Trial 153 finished with value: -6759.55224609375 and parameters: {'r_scaling': 0.3670326711312162, 'unroll': 7, 'update_epoch': 15, 'discount': 0.9313437732168249, 'lr': 0.00019659294304634625, 'entropy': 0.021978827752940473}. Best is trial 125 with value: -7259.3828125.[0m
[32m[I 2022-01-23 05:26:44,162][0m Trial 154 finished with value: -7043.2607421875 and parameters: {'r_scaling': 1.129556259448717, 'unroll': 6, 'update_epoch': 14, 'discount': 0.9343785304286705, 'lr': 0.00014579438929407344, 'entropy': 0.012228935963773774}. Best is trial 125 with value: -7259.3828125.[0m
[32m[I 2022-01-23 05:30:24,055][0m Trial 155 finished with value: -7238.21044921875 and parameters: {'r_scaling': 1.4281818687975738, 'unroll': 5, 'update_epoch': 15, 'discount': 0.9346210532938668, 'lr': 0.00010160283601441497, 'entropy': 0.012242633998327864}. Best is trial 125 with value: -7259.3828125.[0m
[32m[I 2022-01-23 05:34:06,694][0m Trial 156 finished with value: -7119.4658203125 and parameters: {'r_scaling': 1.0374610348321978, 'unroll': 5, 'update_epoch': 15, 'discount': 0.9339188979455116, 'lr': 0.00010172523256084144, 'entropy': 0.013220797169021645}. Best is trial 125 with value: -7259.3828125.[0m
[32m[I 2022-01-23 05:38:14,558][0m Trial 157 finished with value: -6570.5234375 and parameters: {'r_scaling': 1.4098227151198046, 'unroll': 4, 'update_epoch': 15, 'discount': 0.9437863236784343, 'lr': 0.00012904822487529177, 'entropy': 0.013308367241729726}. Best is trial 125 with value: -7259.3828125.[0m
[32m[I 2022-01-23 05:42:24,972][0m Trial 158 finished with value: -6948.654296875 and parameters: {'r_scaling': 1.1453001710700899, 'unroll': 5, 'update_epoch': 15, 'discount': 0.9360766449361559, 'lr': 0.00010682698794193792, 'entropy': 0.01116491429327365}. Best is trial 125 with value: -7259.3828125.[0m
[32m[I 2022-01-23 05:46:30,391][0m Trial 159 finished with value: -6821.13232421875 and parameters: {'r_scaling': 0.8365759240290467, 'unroll': 4, 'update_epoch': 15, 'discount': 0.9487450772675018, 'lr': 0.00012489848175000956, 'entropy': 0.010209492805031025}. Best is trial 125 with value: -7259.3828125.[0m
[32m[I 2022-01-23 05:50:55,393][0m Trial 160 finished with value: -6706.98583984375 and parameters: {'r_scaling': 1.0029072488871027, 'unroll': 5, 'update_epoch': 15, 'discount': 0.9337831944319698, 'lr': 0.00011425126398525801, 'entropy': 0.008980396007405987}. Best is trial 125 with value: -7259.3828125.[0m
[32m[I 2022-01-23 05:54:25,401][0m Trial 161 finished with value: -7140.76123046875 and parameters: {'r_scaling': 1.1697305008231464, 'unroll': 6, 'update_epoch': 14, 'discount': 0.9350475688509189, 'lr': 0.00014213949894146448, 'entropy': 0.017301245153447692}. Best is trial 125 with value: -7259.3828125.[0m
[32m[I 2022-01-23 05:58:29,628][0m Trial 162 finished with value: -6856.87744140625 and parameters: {'r_scaling': 0.5532011852948135, 'unroll': 6, 'update_epoch': 14, 'discount': 0.942066890088095, 'lr': 0.00012223950746082939, 'entropy': 0.016719129836906207}. Best is trial 125 with value: -7259.3828125.[0m
[32m[I 2022-01-23 06:02:34,069][0m Trial 163 finished with value: -6816.5888671875 and parameters: {'r_scaling': 3.0650189921797586, 'unroll': 6, 'update_epoch': 14, 'discount': 0.937524214210612, 'lr': 0.000118991644335794, 'entropy': 0.014145004976329003}. Best is trial 125 with value: -7259.3828125.[0m
[32m[I 2022-01-23 06:06:49,178][0m Trial 164 finished with value: -6831.72705078125 and parameters: {'r_scaling': 1.5816954220554174, 'unroll': 5, 'update_epoch': 15, 'discount': 0.9356270225971789, 'lr': 0.00010311460098936071, 'entropy': 0.014206784184918062}. Best is trial 125 with value: -7259.3828125.[0m
[32m[I 2022-01-23 06:10:56,450][0m Trial 165 finished with value: -6491.265625 and parameters: {'r_scaling': 1.740178464453267, 'unroll': 4, 'update_epoch': 15, 'discount': 0.9300778707507523, 'lr': 0.00010923064617494676, 'entropy': 0.011889691822833158}. Best is trial 125 with value: -7259.3828125.[0m
[32m[I 2022-01-23 06:15:05,369][0m Trial 166 finished with value: -6945.5859375 and parameters: {'r_scaling': 1.372285665063537, 'unroll': 5, 'update_epoch': 14, 'discount': 0.9414262582610056, 'lr': 0.00010099582421657153, 'entropy': 0.009048194470362961}. Best is trial 125 with value: -7259.3828125.[0m
[32m[I 2022-01-23 06:18:42,214][0m Trial 167 finished with value: -6954.06640625 and parameters: {'r_scaling': 0.9583476854374035, 'unroll': 8, 'update_epoch': 15, 'discount': 0.9442798585855047, 'lr': 0.00027001657755016317, 'entropy': 0.017676076299337273}. Best is trial 125 with value: -7259.3828125.[0m
[32m[I 2022-01-23 06:22:44,459][0m Trial 168 finished with value: -7026.388671875 and parameters: {'r_scaling': 1.1921811048735487, 'unroll': 6, 'update_epoch': 14, 'discount': 0.9331383781432142, 'lr': 0.00020688799645951372, 'entropy': 0.02977995854981961}. Best is trial 125 with value: -7259.3828125.[0m
[32m[I 2022-01-23 06:27:02,780][0m Trial 169 finished with value: -6864.54541015625 and parameters: {'r_scaling': 0.4476814359407867, 'unroll': 6, 'update_epoch': 15, 'discount': 0.9402842133590236, 'lr': 0.0002556748909541963, 'entropy': 0.015305999536559799}. Best is trial 125 with value: -7259.3828125.[0m
[32m[I 2022-01-23 06:31:05,541][0m Trial 170 finished with value: -6648.484375 and parameters: {'r_scaling': 1.8773972570468447, 'unroll': 6, 'update_epoch': 14, 'discount': 0.9374392447772092, 'lr': 0.00022244684754712914, 'entropy': 0.007927646439473895}. Best is trial 125 with value: -7259.3828125.[0m
[32m[I 2022-01-23 06:35:10,820][0m Trial 171 finished with value: -6972.21484375 and parameters: {'r_scaling': 1.1025311415512322, 'unroll': 5, 'update_epoch': 14, 'discount': 0.9343596764034321, 'lr': 0.00013771601171667016, 'entropy': 0.01255967920630054}. Best is trial 125 with value: -7259.3828125.[0m
[32m[I 2022-01-23 06:38:46,435][0m Trial 172 finished with value: -7142.1396484375 and parameters: {'r_scaling': 1.251662406628042, 'unroll': 6, 'update_epoch': 15, 'discount': 0.9352816152397948, 'lr': 0.00023921292172236162, 'entropy': 0.012031811232068817}. Best is trial 125 with value: -7259.3828125.[0m
[32m[I 2022-01-23 06:43:24,309][0m Trial 173 finished with value: -6846.8291015625 and parameters: {'r_scaling': 0.8315528498805556, 'unroll': 3, 'update_epoch': 15, 'discount': 0.9474412710166753, 'lr': 0.00023914938726951357, 'entropy': 0.009859261657558195}. Best is trial 125 with value: -7259.3828125.[0m
[32m[I 2022-01-23 06:47:35,388][0m Trial 174 finished with value: -6646.939453125 and parameters: {'r_scaling': 0.27198851788377154, 'unroll': 5, 'update_epoch': 15, 'discount': 0.9306986039119125, 'lr': 0.00028354602519927813, 'entropy': 0.011238294393251672}. Best is trial 125 with value: -7259.3828125.[0m
[32m[I 2022-01-23 06:51:43,408][0m Trial 175 finished with value: -6717.16064453125 and parameters: {'r_scaling': 2.9924331573942835, 'unroll': 6, 'update_epoch': 15, 'discount': 0.9363127274189672, 'lr': 0.000256382606134192, 'entropy': 0.019470012794891987}. Best is trial 125 with value: -7259.3828125.[0m
[32m[I 2022-01-23 06:55:16,988][0m Trial 176 finished with value: -6958.15576171875 and parameters: {'r_scaling': 1.8672263347983125, 'unroll': 8, 'update_epoch': 15, 'discount': 0.932961849236888, 'lr': 0.00022700468953366684, 'entropy': 0.004404999857994954}. Best is trial 125 with value: -7259.3828125.[0m
[32m[I 2022-01-23 06:59:06,683][0m Trial 177 finished with value: -7366.27294921875 and parameters: {'r_scaling': 1.4154373064922898, 'unroll': 7, 'update_epoch': 15, 'discount': 0.9432981656011775, 'lr': 0.00019122085620576279, 'entropy': 0.007104145710132769}. Best is trial 177 with value: -7366.27294921875.[0m
[32m[I 2022-01-23 07:02:32,164][0m Trial 178 finished with value: -6828.87353515625 and parameters: {'r_scaling': 0.6648576340620961, 'unroll': 7, 'update_epoch': 8, 'discount': 0.9435428359272402, 'lr': 0.00019312592507183504, 'entropy': 0.007300353182243471}. Best is trial 177 with value: -7366.27294921875.[0m
[32m[I 2022-01-23 07:06:18,685][0m Trial 179 finished with value: -7023.345703125 and parameters: {'r_scaling': 1.332567373059343, 'unroll': 7, 'update_epoch': 14, 'discount': 0.9451397857323537, 'lr': 0.00020324152248763972, 'entropy': 0.009321390182504144}. Best is trial 177 with value: -7366.27294921875.[0m
[32m[I 2022-01-23 07:09:53,878][0m Trial 180 finished with value: -6823.5029296875 and parameters: {'r_scaling': 0.8837739307665098, 'unroll': 8, 'update_epoch': 15, 'discount': 0.93936713325505, 'lr': 0.00021143692711450305, 'entropy': 0.0057239784433303145}. Best is trial 177 with value: -7366.27294921875.[0m
[32m[I 2022-01-23 07:14:01,988][0m Trial 181 finished with value: -6874.76708984375 and parameters: {'r_scaling': 2.456137719067656, 'unroll': 6, 'update_epoch': 15, 'discount': 0.9499320617389575, 'lr': 0.00024160168935563093, 'entropy': 0.013077488430642244}. Best is trial 177 with value: -7366.27294921875.[0m
[32m[I 2022-01-23 07:17:53,692][0m Trial 182 finished with value: -7119.2490234375 and parameters: {'r_scaling': 1.4578299567946722, 'unroll': 7, 'update_epoch': 15, 'discount': 0.941470567485679, 'lr': 0.00021895540517980502, 'entropy': 0.02419844993681384}. Best is trial 177 with value: -7366.27294921875.[0m
[32m[I 2022-01-23 07:21:47,203][0m Trial 183 finished with value: -6964.73046875 and parameters: {'r_scaling': 1.631928748184675, 'unroll': 7, 'update_epoch': 15, 'discount': 0.9425113081630024, 'lr': 0.00021619813051989211, 'entropy': 0.024224077358093885}. Best is trial 177 with value: -7366.27294921875.[0m
[32m[I 2022-01-23 07:25:37,890][0m Trial 184 finished with value: -6917.8427734375 and parameters: {'r_scaling': 1.2197961035493727, 'unroll': 7, 'update_epoch': 14, 'discount': 0.9406751538281551, 'lr': 0.00018860618304861792, 'entropy': 0.017440971330966754}. Best is trial 177 with value: -7366.27294921875.[0m
[32m[I 2022-01-23 07:29:32,155][0m Trial 185 finished with value: -7162.287109375 and parameters: {'r_scaling': 1.4696740737120713, 'unroll': 7, 'update_epoch': 15, 'discount': 0.9387923978675514, 'lr': 0.00022468511781214334, 'entropy': 0.006532530565431097}. Best is trial 177 with value: -7366.27294921875.[0m
[32m[I 2022-01-23 07:33:21,109][0m Trial 186 finished with value: -7191.89892578125 and parameters: {'r_scaling': 1.474936576601867, 'unroll': 7, 'update_epoch': 14, 'discount': 0.9386080993396778, 'lr': 0.00022477265049044843, 'entropy': 0.003119306720325582}. Best is trial 177 with value: -7366.27294921875.[0m
[32m[I 2022-01-23 07:35:40,799][0m Trial 187 finished with value: -2570.67822265625 and parameters: {'r_scaling': 1.4703104289723083, 'unroll': 7, 'update_epoch': 1, 'discount': 0.9382799673233055, 'lr': 0.00021918380002608059, 'entropy': 0.00619332711107096}. Best is trial 177 with value: -7366.27294921875.[0m
[32m[I 2022-01-23 07:39:30,196][0m Trial 188 finished with value: -6733.71923828125 and parameters: {'r_scaling': 1.0417977449635687, 'unroll': 7, 'update_epoch': 14, 'discount': 0.9364711960000742, 'lr': 0.00019566580393891534, 'entropy': 0.0033579912670651827}. Best is trial 177 with value: -7366.27294921875.[0m
[32m[I 2022-01-23 07:43:33,517][0m Trial 189 finished with value: -6511.1455078125 and parameters: {'r_scaling': 1.5835885964292993, 'unroll': 6, 'update_epoch': 15, 'discount': 0.9388928528356023, 'lr': 0.0002615323620643595, 'entropy': 0.005057729403031425}. Best is trial 177 with value: -7366.27294921875.[0m
[32m[I 2022-01-23 07:46:18,595][0m Trial 190 finished with value: -3389.766845703125 and parameters: {'r_scaling': 1.2696229242287063, 'unroll': 7, 'update_epoch': 2, 'discount': 0.9354179981667297, 'lr': 0.00020711524451725796, 'entropy': 0.03874159958167548}. Best is trial 177 with value: -7366.27294921875.[0m
[32m[I 2022-01-23 07:50:13,593][0m Trial 191 finished with value: -7000.73193359375 and parameters: {'r_scaling': 1.9590744239278897, 'unroll': 7, 'update_epoch': 15, 'discount': 0.9415052936693843, 'lr': 0.00022065939249550152, 'entropy': 0.026590750724653205}. Best is trial 177 with value: -7366.27294921875.[0m
[32m[I 2022-01-23 07:54:10,083][0m Trial 192 finished with value: -6664.1376953125 and parameters: {'r_scaling': 0.9874665653738842, 'unroll': 6, 'update_epoch': 14, 'discount': 0.9374117368646466, 'lr': 0.0002500397235993583, 'entropy': 0.006925691426626195}. Best is trial 177 with value: -7366.27294921875.[0m
[32m[I 2022-01-23 07:57:57,657][0m Trial 193 finished with value: -6990.5419921875 and parameters: {'r_scaling': 1.4339662090649177, 'unroll': 7, 'update_epoch': 14, 'discount': 0.9401044853496109, 'lr': 0.0001676286951544601, 'entropy': 0.02158490989887631}. Best is trial 177 with value: -7366.27294921875.[0m
[32m[I 2022-01-23 08:01:38,678][0m Trial 194 finished with value: -7210.5869140625 and parameters: {'r_scaling': 1.1504468067546334, 'unroll': 7, 'update_epoch': 13, 'discount': 0.9460342116563901, 'lr': 0.00022896050004362232, 'entropy': 0.008244416333939481}. Best is trial 177 with value: -7366.27294921875.[0m
[32m[I 2022-01-23 08:05:33,939][0m Trial 195 finished with value: -7016.05029296875 and parameters: {'r_scaling': 1.1838775327372528, 'unroll': 7, 'update_epoch': 15, 'discount': 0.9422184320303243, 'lr': 0.0002286340271784277, 'entropy': 0.007918176568546188}. Best is trial 177 with value: -7366.27294921875.[0m
[32m[I 2022-01-23 08:09:39,297][0m Trial 196 finished with value: -6814.810546875 and parameters: {'r_scaling': 0.8201922291162751, 'unroll': 6, 'update_epoch': 14, 'discount': 0.9346473184301755, 'lr': 0.00011190063782431495, 'entropy': 0.008498452325602977}. Best is trial 177 with value: -7366.27294921875.[0m
[32m[I 2022-01-23 08:13:45,566][0m Trial 197 finished with value: -6712.42431640625 and parameters: {'r_scaling': 1.8321677483237158, 'unroll': 7, 'update_epoch': 13, 'discount': 0.9458390053730865, 'lr': 0.00015062212600994233, 'entropy': 0.0022816100216942734}. Best is trial 177 with value: -7366.27294921875.[0m
[32m[I 2022-01-23 08:18:06,913][0m Trial 198 finished with value: -6451.84423828125 and parameters: {'r_scaling': 1.0896408886868238, 'unroll': 6, 'update_epoch': 15, 'discount': 0.9378321338836494, 'lr': 0.0002481126885535712, 'entropy': 0.007238174537270732}. Best is trial 177 with value: -7366.27294921875.[0m
[32m[I 2022-01-23 08:21:48,657][0m Trial 199 finished with value: -6884.9853515625 and parameters: {'r_scaling': 0.5942615604662168, 'unroll': 6, 'update_epoch': 14, 'discount': 0.9395100948379919, 'lr': 0.0002035510340231607, 'entropy': 0.006224777966288151}. Best is trial 177 with value: -7366.27294921875.[0m
