[32m[I 2022-01-12 22:29:44,940][0m A new study created in memory with name: no-name-c8bb29cb-06c6-4b99-9d32-a5ac6b16e150[0m
[32m[I 2022-01-12 22:31:27,452][0m Trial 0 finished with value: 90.8761978149414 and parameters: {'r_scaling': 0.07067829308487811, 'unroll': 5, 'update_epoch': 13, 'discount': 0.9278785008895132, 'lr': 0.0006530167059236209, 'entropy': 0.07654008825731723}. Best is trial 0 with value: 90.8761978149414.[0m
[32m[I 2022-01-12 22:33:10,934][0m Trial 1 finished with value: 99.95821380615234 and parameters: {'r_scaling': 2.757181297895501, 'unroll': 13, 'update_epoch': 8, 'discount': 0.9145139459763416, 'lr': 0.0005165078744865314, 'entropy': 0.007762377196739095}. Best is trial 0 with value: 90.8761978149414.[0m
[32m[I 2022-01-12 22:34:44,345][0m Trial 2 finished with value: 98.02601623535156 and parameters: {'r_scaling': 5.053094922832778, 'unroll': 13, 'update_epoch': 12, 'discount': 0.9650306645743888, 'lr': 0.00018837584680417437, 'entropy': 0.00019442489977573575}. Best is trial 0 with value: 90.8761978149414.[0m
[32m[I 2022-01-12 22:36:28,147][0m Trial 3 finished with value: 94.90423583984375 and parameters: {'r_scaling': 0.20045205951552234, 'unroll': 6, 'update_epoch': 5, 'discount': 0.9352448587141452, 'lr': 0.0009765896376450992, 'entropy': 0.0009594188237845317}. Best is trial 0 with value: 90.8761978149414.[0m
[32m[I 2022-01-12 22:38:15,935][0m Trial 4 finished with value: 97.80010223388672 and parameters: {'r_scaling': 138.40174320018383, 'unroll': 3, 'update_epoch': 7, 'discount': 0.9433491663260245, 'lr': 0.0012450744769096197, 'entropy': 0.0036112527133899445}. Best is trial 0 with value: 90.8761978149414.[0m
[32m[I 2022-01-12 22:39:51,113][0m Trial 5 finished with value: 96.36323547363281 and parameters: {'r_scaling': 30.839405166317654, 'unroll': 6, 'update_epoch': 12, 'discount': 0.9270420817853703, 'lr': 0.0009937756907691122, 'entropy': 0.0004514879156402399}. Best is trial 0 with value: 90.8761978149414.[0m
[32m[I 2022-01-12 22:41:39,213][0m Trial 6 finished with value: 107.87504577636719 and parameters: {'r_scaling': 34.90050447885767, 'unroll': 1, 'update_epoch': 11, 'discount': 0.9402180663921272, 'lr': 0.0007680998970664588, 'entropy': 0.0001707449058620294}. Best is trial 0 with value: 90.8761978149414.[0m
[32m[I 2022-01-12 22:43:46,366][0m Trial 7 finished with value: 97.07465362548828 and parameters: {'r_scaling': 18.75747191086122, 'unroll': 8, 'update_epoch': 3, 'discount': 0.9715007832176875, 'lr': 0.00010623554836894166, 'entropy': 0.0015190981941544958}. Best is trial 0 with value: 90.8761978149414.[0m
[32m[I 2022-01-12 22:45:20,033][0m Trial 8 finished with value: 96.16504669189453 and parameters: {'r_scaling': 10.799412201699953, 'unroll': 10, 'update_epoch': 2, 'discount': 0.916830260398485, 'lr': 0.00018184926756599872, 'entropy': 0.0012731926545185156}. Best is trial 0 with value: 90.8761978149414.[0m
[32m[I 2022-01-12 22:47:50,948][0m Trial 9 finished with value: 100.16593933105469 and parameters: {'r_scaling': 0.15255639479532598, 'unroll': 14, 'update_epoch': 4, 'discount': 0.9356131895926579, 'lr': 0.000830277595514922, 'entropy': 0.004545943511716414}. Best is trial 0 with value: 90.8761978149414.[0m
[32m[I 2022-01-12 22:49:25,405][0m Trial 10 finished with value: 95.5249252319336 and parameters: {'r_scaling': 0.9838213260725163, 'unroll': 4, 'update_epoch': 15, 'discount': 0.9023853239480256, 'lr': 0.001961327441743546, 'entropy': 0.05452438371087846}. Best is trial 0 with value: 90.8761978149414.[0m
[32m[I 2022-01-12 22:52:11,552][0m Trial 11 finished with value: 97.35195922851562 and parameters: {'r_scaling': 0.05718807469482518, 'unroll': 7, 'update_epoch': 6, 'discount': 0.9864678938844968, 'lr': 0.00042767567019468347, 'entropy': 0.08697976645361502}. Best is trial 0 with value: 90.8761978149414.[0m
[32m[I 2022-01-12 22:53:48,817][0m Trial 12 finished with value: 99.76747131347656 and parameters: {'r_scaling': 0.3813099249774816, 'unroll': 5, 'update_epoch': 10, 'discount': 0.9562777551580283, 'lr': 0.00046719069465281, 'entropy': 0.021323381170824347}. Best is trial 0 with value: 90.8761978149414.[0m
[32m[I 2022-01-12 22:56:43,292][0m Trial 13 finished with value: 96.15675354003906 and parameters: {'r_scaling': 0.05586028558177936, 'unroll': 10, 'update_epoch': 15, 'discount': 0.9236413622300721, 'lr': 0.0018480370007464377, 'entropy': 0.015125199748091575}. Best is trial 0 with value: 90.8761978149414.[0m
[32m[I 2022-01-12 22:59:36,342][0m Trial 14 finished with value: 95.34591674804688 and parameters: {'r_scaling': 0.31651503451553514, 'unroll': 2, 'update_epoch': 5, 'discount': 0.90282108042088, 'lr': 0.00031522240291670617, 'entropy': 0.0006839033042225162}. Best is trial 0 with value: 90.8761978149414.[0m
[32m[I 2022-01-12 23:02:32,598][0m Trial 15 finished with value: 98.87246704101562 and parameters: {'r_scaling': 1.1836821049986113, 'unroll': 10, 'update_epoch': 1, 'discount': 0.9531785880011701, 'lr': 0.0006452285766308779, 'entropy': 0.031379038498096035}. Best is trial 0 with value: 90.8761978149414.[0m
[32m[I 2022-01-12 23:04:07,040][0m Trial 16 finished with value: 98.68295288085938 and parameters: {'r_scaling': 0.2392706743313305, 'unroll': 5, 'update_epoch': 9, 'discount': 0.9297828232979133, 'lr': 0.0012027712515099169, 'entropy': 0.0018567153342702652}. Best is trial 0 with value: 90.8761978149414.[0m
[32m[I 2022-01-12 23:07:00,940][0m Trial 17 finished with value: 100.5589828491211 and parameters: {'r_scaling': 0.10834301089228265, 'unroll': 8, 'update_epoch': 14, 'discount': 0.9123729955194865, 'lr': 0.0003001938438143998, 'entropy': 0.008565806064508354}. Best is trial 0 with value: 90.8761978149414.[0m
[32m[I 2022-01-12 23:09:59,552][0m Trial 18 finished with value: 97.28324127197266 and parameters: {'r_scaling': 0.8995434146440752, 'unroll': 3, 'update_epoch': 7, 'discount': 0.9531089651254286, 'lr': 0.0013215860371929675, 'entropy': 0.00040423187160658716}. Best is trial 0 with value: 90.8761978149414.[0m
[32m[I 2022-01-12 23:12:52,572][0m Trial 19 finished with value: 96.9371337890625 and parameters: {'r_scaling': 0.5081887205353806, 'unroll': 8, 'update_epoch': 13, 'discount': 0.9340108826719912, 'lr': 0.0006232257265714919, 'entropy': 0.0007151349607915399}. Best is trial 0 with value: 90.8761978149414.[0m
[32m[I 2022-01-12 23:14:27,385][0m Trial 20 finished with value: 98.9129638671875 and parameters: {'r_scaling': 0.12433844148817125, 'unroll': 6, 'update_epoch': 5, 'discount': 0.9203432869147952, 'lr': 0.00032667833957780214, 'entropy': 0.007889936559103907}. Best is trial 0 with value: 90.8761978149414.[0m
[32m[I 2022-01-12 23:16:10,948][0m Trial 21 finished with value: -1812.381103515625 and parameters: {'r_scaling': 0.27411055349315505, 'unroll': 1, 'update_epoch': 5, 'discount': 0.900379627870216, 'lr': 0.00033616521595627714, 'entropy': 0.00010130463961767454}. Best is trial 21 with value: -1812.381103515625.[0m
[32m[I 2022-01-12 23:18:49,312][0m Trial 22 finished with value: -1151.328125 and parameters: {'r_scaling': 0.09299423860499872, 'unroll': 1, 'update_epoch': 3, 'discount': 0.9090395393543209, 'lr': 0.00024198268790957331, 'entropy': 0.00013195740720420017}. Best is trial 21 with value: -1812.381103515625.[0m
[32m[I 2022-01-12 23:21:27,728][0m Trial 23 finished with value: 97.7023696899414 and parameters: {'r_scaling': 0.055674073599998535, 'unroll': 2, 'update_epoch': 3, 'discount': 0.9065899211609255, 'lr': 0.00021041348577261864, 'entropy': 0.00010298189518422301}. Best is trial 21 with value: -1812.381103515625.[0m
[32m[I 2022-01-12 23:23:08,588][0m Trial 24 finished with value: -724.8318481445312 and parameters: {'r_scaling': 0.0978914691425084, 'unroll': 1, 'update_epoch': 1, 'discount': 0.9086623202813151, 'lr': 0.00023676357201292473, 'entropy': 0.00010174869065684873}. Best is trial 21 with value: -1812.381103515625.[0m
[32m[I 2022-01-12 23:25:33,311][0m Trial 25 finished with value: -601.5689697265625 and parameters: {'r_scaling': 1.8913078310088551, 'unroll': 1, 'update_epoch': 1, 'discount': 0.9000815971726641, 'lr': 0.00013700705114791286, 'entropy': 0.00011405741389100691}. Best is trial 21 with value: -1812.381103515625.[0m
[32m[I 2022-01-12 23:27:57,054][0m Trial 26 finished with value: -1574.0391845703125 and parameters: {'r_scaling': 0.6938650730164885, 'unroll': 1, 'update_epoch': 3, 'discount': 0.9096862413645174, 'lr': 0.0002228232060978829, 'entropy': 0.00026056833603250475}. Best is trial 21 with value: -1812.381103515625.[0m
[32m[I 2022-01-12 23:30:18,372][0m Trial 27 finished with value: 97.52640533447266 and parameters: {'r_scaling': 0.6465008254586725, 'unroll': 3, 'update_epoch': 3, 'discount': 0.9084242257160553, 'lr': 0.00025970187906189374, 'entropy': 0.00028641524754970923}. Best is trial 21 with value: -1812.381103515625.[0m
[32m[I 2022-01-12 23:32:51,491][0m Trial 28 finished with value: 97.14833068847656 and parameters: {'r_scaling': 4.6500960757928, 'unroll': 2, 'update_epoch': 4, 'discount': 0.9201738839472544, 'lr': 0.0003858344026299627, 'entropy': 0.00022845731639000623}. Best is trial 21 with value: -1812.381103515625.[0m
[32m[I 2022-01-12 23:34:25,864][0m Trial 29 finished with value: 101.34088134765625 and parameters: {'r_scaling': 1.6468780017564515, 'unroll': 4, 'update_epoch': 2, 'discount': 0.9137455734112846, 'lr': 0.0001528113802728856, 'entropy': 0.00038287977499666464}. Best is trial 21 with value: -1812.381103515625.[0m
[32m[I 2022-01-12 23:36:58,375][0m Trial 30 finished with value: -1288.322265625 and parameters: {'r_scaling': 0.5523591937820282, 'unroll': 1, 'update_epoch': 6, 'discount': 0.9875875094287433, 'lr': 0.00014369062188644024, 'entropy': 0.00017221914642594823}. Best is trial 21 with value: -1812.381103515625.[0m
[32m[I 2022-01-12 23:39:23,046][0m Trial 31 finished with value: -760.9964599609375 and parameters: {'r_scaling': 0.4785536843210765, 'unroll': 1, 'update_epoch': 6, 'discount': 0.9926075265826748, 'lr': 0.00010392361337087505, 'entropy': 0.00015759185138038807}. Best is trial 21 with value: -1812.381103515625.[0m
[32m[I 2022-01-12 23:40:59,546][0m Trial 32 finished with value: 94.52043914794922 and parameters: {'r_scaling': 0.26596002385279904, 'unroll': 2, 'update_epoch': 4, 'discount': 0.9766430966802573, 'lr': 0.00014471522915398026, 'entropy': 0.0003049259667423589}. Best is trial 21 with value: -1812.381103515625.[0m
[32m[I 2022-01-12 23:43:35,711][0m Trial 33 finished with value: 94.92112731933594 and parameters: {'r_scaling': 2.4948016591380253, 'unroll': 4, 'update_epoch': 8, 'discount': 0.9813280168291131, 'lr': 0.0001753609265128061, 'entropy': 0.00017150404838898165}. Best is trial 21 with value: -1812.381103515625.[0m
[32m[I 2022-01-12 23:46:07,461][0m Trial 34 finished with value: -1756.886962890625 and parameters: {'r_scaling': 0.19928997090688577, 'unroll': 1, 'update_epoch': 6, 'discount': 0.9680841484218476, 'lr': 0.00025501201604307566, 'entropy': 0.0005564576729466884}. Best is trial 21 with value: -1812.381103515625.[0m
[32m[I 2022-01-12 23:48:40,963][0m Trial 35 finished with value: 101.74919891357422 and parameters: {'r_scaling': 0.6753682288619988, 'unroll': 3, 'update_epoch': 7, 'discount': 0.9632146696227886, 'lr': 0.00012238467384023338, 'entropy': 0.0005665274047953878}. Best is trial 21 with value: -1812.381103515625.[0m
[32m[I 2022-01-12 23:50:17,872][0m Trial 36 finished with value: 98.41729736328125 and parameters: {'r_scaling': 0.2004816642562807, 'unroll': 2, 'update_epoch': 6, 'discount': 0.9933170051346029, 'lr': 0.00037262026528809335, 'entropy': 0.000243302536540845}. Best is trial 21 with value: -1812.381103515625.[0m
[32m[I 2022-01-12 23:51:57,090][0m Trial 37 finished with value: 97.42532348632812 and parameters: {'r_scaling': 3.876389053824775, 'unroll': 3, 'update_epoch': 8, 'discount': 0.9695318332520555, 'lr': 0.000209588194572726, 'entropy': 0.0009172462217593284}. Best is trial 21 with value: -1812.381103515625.[0m
[32m[I 2022-01-12 23:53:48,881][0m Trial 38 finished with value: 98.27044677734375 and parameters: {'r_scaling': 0.36697315180757434, 'unroll': 12, 'update_epoch': 5, 'discount': 0.9825057809954044, 'lr': 0.00027215464131945775, 'entropy': 0.00020157163340123427}. Best is trial 21 with value: -1812.381103515625.[0m
[32m[I 2022-01-12 23:55:47,642][0m Trial 39 finished with value: -1753.39794921875 and parameters: {'r_scaling': 0.16548221814309308, 'unroll': 1, 'update_epoch': 9, 'discount': 0.9473186464409706, 'lr': 0.0005377782928113805, 'entropy': 0.0023251350564967945}. Best is trial 21 with value: -1812.381103515625.[0m
[32m[I 2022-01-12 23:58:36,791][0m Trial 40 finished with value: 99.9486083984375 and parameters: {'r_scaling': 7.304844000788501, 'unroll': 4, 'update_epoch': 10, 'discount': 0.9459688428215727, 'lr': 0.00056587896555683, 'entropy': 0.0023942289343173717}. Best is trial 21 with value: -1812.381103515625.[0m
[32m[I 2022-01-13 00:01:18,607][0m Trial 41 finished with value: -1916.371826171875 and parameters: {'r_scaling': 0.22246076727430097, 'unroll': 1, 'update_epoch': 7, 'discount': 0.9639106698842886, 'lr': 0.0005036296217925854, 'entropy': 0.004641574246502458}. Best is trial 41 with value: -1916.371826171875.[0m
[32m[I 2022-01-13 00:03:59,332][0m Trial 42 finished with value: 99.39022827148438 and parameters: {'r_scaling': 0.1403564540921643, 'unroll': 2, 'update_epoch': 9, 'discount': 0.9626684146320921, 'lr': 0.0005051262557071098, 'entropy': 0.0024139694131035815}. Best is trial 41 with value: -1916.371826171875.[0m
[32m[I 2022-01-13 00:06:30,365][0m Trial 43 finished with value: -1307.877197265625 and parameters: {'r_scaling': 0.1760158207926995, 'unroll': 1, 'update_epoch': 7, 'discount': 0.9593588595236916, 'lr': 0.0007657908261776925, 'entropy': 0.0037039287320837838}. Best is trial 41 with value: -1916.371826171875.[0m
[32m[I 2022-01-13 00:08:10,461][0m Trial 44 finished with value: 96.25942993164062 and parameters: {'r_scaling': 0.25623179443664174, 'unroll': 2, 'update_epoch': 8, 'discount': 0.9696234898842307, 'lr': 0.0003776478546564911, 'entropy': 0.005682061926037149}. Best is trial 41 with value: -1916.371826171875.[0m
[32m[I 2022-01-13 00:10:49,687][0m Trial 45 finished with value: 96.12134552001953 and parameters: {'r_scaling': 101.63561999606051, 'unroll': 3, 'update_epoch': 9, 'discount': 0.9747230423099716, 'lr': 0.00042130490472401424, 'entropy': 0.001036397617413768}. Best is trial 41 with value: -1916.371826171875.[0m
[32m[I 2022-01-13 00:13:22,432][0m Trial 46 finished with value: -2064.738037109375 and parameters: {'r_scaling': 0.07140682797549544, 'unroll': 1, 'update_epoch': 11, 'discount': 0.9417373265621688, 'lr': 0.0005287058043025698, 'entropy': 0.002809452988315527}. Best is trial 46 with value: -2064.738037109375.[0m
[32m[I 2022-01-13 00:16:03,118][0m Trial 47 finished with value: 99.21795654296875 and parameters: {'r_scaling': 0.07263316898925061, 'unroll': 15, 'update_epoch': 11, 'discount': 0.9412185855632874, 'lr': 0.0005092885126694043, 'entropy': 0.012803167711504035}. Best is trial 46 with value: -2064.738037109375.[0m
[32m[I 2022-01-13 00:17:44,154][0m Trial 48 finished with value: 99.33261108398438 and parameters: {'r_scaling': 0.07604297337040955, 'unroll': 2, 'update_epoch': 12, 'discount': 0.9502384561167294, 'lr': 0.000716859801835809, 'entropy': 0.005161441886557547}. Best is trial 46 with value: -2064.738037109375.[0m
[32m[I 2022-01-13 00:19:28,507][0m Trial 49 finished with value: 97.29664611816406 and parameters: {'r_scaling': 0.1656002294244495, 'unroll': 3, 'update_epoch': 10, 'discount': 0.9664129781060943, 'lr': 0.0005992819562870841, 'entropy': 0.002849247934134462}. Best is trial 46 with value: -2064.738037109375.[0m
[32m[I 2022-01-13 00:21:05,157][0m Trial 50 finished with value: 97.28083801269531 and parameters: {'r_scaling': 0.3322670620596015, 'unroll': 4, 'update_epoch': 11, 'discount': 0.9476322415973182, 'lr': 0.0009318073651301724, 'entropy': 0.0016918819478709069}. Best is trial 46 with value: -2064.738037109375.[0m
[32m[I 2022-01-13 00:22:58,804][0m Trial 51 finished with value: -1920.32861328125 and parameters: {'r_scaling': 0.12859163026635606, 'unroll': 1, 'update_epoch': 7, 'discount': 0.9587843796660556, 'lr': 0.0003451956974415744, 'entropy': 0.003883366189383527}. Best is trial 46 with value: -2064.738037109375.[0m
[32m[I 2022-01-13 00:24:49,277][0m Trial 52 finished with value: -1664.835205078125 and parameters: {'r_scaling': 0.11334007623972675, 'unroll': 1, 'update_epoch': 7, 'discount': 0.9587319964711357, 'lr': 0.00034000247005783543, 'entropy': 0.0035005538742077106}. Best is trial 46 with value: -2064.738037109375.[0m
[32m[I 2022-01-13 00:26:41,036][0m Trial 53 finished with value: -1977.794677734375 and parameters: {'r_scaling': 0.206504329364447, 'unroll': 1, 'update_epoch': 9, 'discount': 0.9550609513352585, 'lr': 0.0004519834071176551, 'entropy': 0.010535765407853576}. Best is trial 46 with value: -2064.738037109375.[0m
[32m[I 2022-01-13 00:28:20,168][0m Trial 54 finished with value: 100.71688842773438 and parameters: {'r_scaling': 0.07973400347677015, 'unroll': 2, 'update_epoch': 6, 'discount': 0.9596862275091171, 'lr': 0.00045502103781918594, 'entropy': 0.010457749747002717}. Best is trial 46 with value: -2064.738037109375.[0m
[32m[I 2022-01-13 00:29:53,897][0m Trial 55 finished with value: 96.08358764648438 and parameters: {'r_scaling': 0.42334364099292654, 'unroll': 11, 'update_epoch': 7, 'discount': 0.9552747819835452, 'lr': 0.0002896939183359488, 'entropy': 0.020700420624286467}. Best is trial 46 with value: -2064.738037109375.[0m
[32m[I 2022-01-13 00:31:29,163][0m Trial 56 finished with value: 99.55424499511719 and parameters: {'r_scaling': 0.21512400272733653, 'unroll': 2, 'update_epoch': 5, 'discount': 0.9661758708297412, 'lr': 0.0003396460941365117, 'entropy': 0.006781783958963246}. Best is trial 46 with value: -2064.738037109375.[0m
[32m[I 2022-01-13 00:33:27,184][0m Trial 57 finished with value: -1184.728271484375 and parameters: {'r_scaling': 0.137676258263626, 'unroll': 1, 'update_epoch': 8, 'discount': 0.9744091921231156, 'lr': 0.0003937048250316601, 'entropy': 0.03884451104558201}. Best is trial 46 with value: -2064.738037109375.[0m
[32m[I 2022-01-13 00:35:06,428][0m Trial 58 finished with value: 98.54100036621094 and parameters: {'r_scaling': 0.058123133233566666, 'unroll': 3, 'update_epoch': 10, 'discount': 0.9353700503201691, 'lr': 0.0006777921223863534, 'entropy': 0.01704338293965886}. Best is trial 46 with value: -2064.738037109375.[0m
[32m[I 2022-01-13 00:36:45,052][0m Trial 59 finished with value: 97.35064697265625 and parameters: {'r_scaling': 0.10118350460085683, 'unroll': 5, 'update_epoch': 13, 'discount': 0.9544548037074164, 'lr': 0.00046928924639574296, 'entropy': 0.0014720269139552827}. Best is trial 46 with value: -2064.738037109375.[0m
[32m[I 2022-01-13 00:39:40,214][0m Trial 60 finished with value: 99.58245086669922 and parameters: {'r_scaling': 0.29530975856454145, 'unroll': 9, 'update_epoch': 4, 'discount': 0.9289930153102226, 'lr': 0.0002978431521583844, 'entropy': 0.004458120695209094}. Best is trial 46 with value: -2064.738037109375.[0m
[32m[I 2022-01-13 00:41:38,180][0m Trial 61 finished with value: -1773.93017578125 and parameters: {'r_scaling': 0.16903198790484955, 'unroll': 1, 'update_epoch': 9, 'discount': 0.9499975905006482, 'lr': 0.0004990407408047248, 'entropy': 0.010219603050534284}. Best is trial 46 with value: -2064.738037109375.[0m
[32m[I 2022-01-13 00:43:34,975][0m Trial 62 finished with value: -1966.868408203125 and parameters: {'r_scaling': 0.20969112795151082, 'unroll': 1, 'update_epoch': 8, 'discount': 0.950470196039143, 'lr': 0.00043131620006102905, 'entropy': 0.009867986759199542}. Best is trial 46 with value: -2064.738037109375.[0m
[32m[I 2022-01-13 00:46:02,955][0m Trial 63 finished with value: 100.85391235351562 and parameters: {'r_scaling': 0.1207675142578349, 'unroll': 2, 'update_epoch': 9, 'discount': 0.9399316893142075, 'lr': 0.000489082962596614, 'entropy': 0.010210602455502017}. Best is trial 46 with value: -2064.738037109375.[0m
[32m[I 2022-01-13 00:47:51,681][0m Trial 64 finished with value: -2041.0794677734375 and parameters: {'r_scaling': 0.9039697572160379, 'unroll': 1, 'update_epoch': 11, 'discount': 0.9500472924287882, 'lr': 0.0004394777960361351, 'entropy': 0.02868791205717683}. Best is trial 46 with value: -2064.738037109375.[0m
[32m[I 2022-01-13 00:49:27,329][0m Trial 65 finished with value: 94.1016845703125 and parameters: {'r_scaling': 1.0647855831356916, 'unroll': 2, 'update_epoch': 12, 'discount': 0.9436385749207153, 'lr': 0.0004087296885270256, 'entropy': 0.03478892525404065}. Best is trial 46 with value: -2064.738037109375.[0m
[32m[I 2022-01-13 00:52:02,589][0m Trial 66 finished with value: -1948.369384765625 and parameters: {'r_scaling': 0.8021503972904536, 'unroll': 1, 'update_epoch': 11, 'discount': 0.9571313052397301, 'lr': 0.000353049600820784, 'entropy': 0.06769648302736128}. Best is trial 46 with value: -2064.738037109375.[0m
[32m[I 2022-01-13 00:54:25,028][0m Trial 67 finished with value: -1766.4033203125 and parameters: {'r_scaling': 0.7921014917367802, 'unroll': 1, 'update_epoch': 11, 'discount': 0.9569704062675685, 'lr': 0.0005679899846546387, 'entropy': 0.06955838423264155}. Best is trial 46 with value: -2064.738037109375.[0m
[32m[I 2022-01-13 00:56:55,950][0m Trial 68 finished with value: 99.69987487792969 and parameters: {'r_scaling': 1.5022952289211904, 'unroll': 7, 'update_epoch': 12, 'discount': 0.9508857511141722, 'lr': 0.0004352228623107384, 'entropy': 0.027434142760567062}. Best is trial 46 with value: -2064.738037109375.[0m
