[32m[I 2022-01-12 21:05:54,787][0m Trial 138 finished with value: -2976.38037109375 and parameters: {'r_scaling': 0.24321822633606155, 'unroll': 1, 'update_epoch': 15, 'discount': 0.9218740654570947, 'lr': 0.0001444590486161574, 'entropy': 0.022992803571148416}. Best is trial 45 with value: -3828.1748046875.[0m
[32m[I 2022-01-12 21:08:03,549][0m Trial 139 finished with value: -3413.919677734375 and parameters: {'r_scaling': 0.6932956189021414, 'unroll': 1, 'update_epoch': 14, 'discount': 0.9281503375135497, 'lr': 0.00016735062665834783, 'entropy': 0.03623797013167538}. Best is trial 45 with value: -3828.1748046875.[0m
[32m[I 2022-01-12 21:10:40,200][0m Trial 140 finished with value: -2004.38525390625 and parameters: {'r_scaling': 0.4700328883819574, 'unroll': 2, 'update_epoch': 14, 'discount': 0.928098266047844, 'lr': 0.00016361755864273633, 'entropy': 0.0416318062988608}. Best is trial 45 with value: -3828.1748046875.[0m
[32m[I 2022-01-12 21:13:25,984][0m Trial 141 finished with value: -3197.302001953125 and parameters: {'r_scaling': 0.764583858151561, 'unroll': 1, 'update_epoch': 14, 'discount': 0.9255406285273179, 'lr': 0.00013837166739440415, 'entropy': 0.03408077172100853}. Best is trial 45 with value: -3828.1748046875.[0m
[32m[I 2022-01-12 21:16:10,232][0m Trial 142 finished with value: -3518.147216796875 and parameters: {'r_scaling': 0.547960264876519, 'unroll': 1, 'update_epoch': 14, 'discount': 0.9203115227401933, 'lr': 0.0001687572254575637, 'entropy': 0.01731075047065549}. Best is trial 45 with value: -3828.1748046875.[0m
[32m[I 2022-01-12 21:18:18,706][0m Trial 143 finished with value: -3201.33203125 and parameters: {'r_scaling': 0.6554592371829171, 'unroll': 1, 'update_epoch': 13, 'discount': 0.9347338217501489, 'lr': 0.0001876319314498737, 'entropy': 0.026785338279986297}. Best is trial 45 with value: -3828.1748046875.[0m
[32m[I 2022-01-12 21:21:24,933][0m Trial 144 finished with value: -3224.176513671875 and parameters: {'r_scaling': 0.495288701873078, 'unroll': 1, 'update_epoch': 15, 'discount': 0.9193385305215548, 'lr': 0.00012957371312961226, 'entropy': 0.008906433252964174}. Best is trial 45 with value: -3828.1748046875.[0m
[32m[I 2022-01-12 21:24:34,575][0m Trial 145 finished with value: -3322.734375 and parameters: {'r_scaling': 0.8257163867202233, 'unroll': 1, 'update_epoch': 14, 'discount': 0.9137761804739489, 'lr': 0.00017019272589707685, 'entropy': 0.019944851621039907}. Best is trial 45 with value: -3828.1748046875.[0m
[32m[I 2022-01-12 21:27:26,639][0m Trial 146 finished with value: -2208.181640625 and parameters: {'r_scaling': 0.3236548495086172, 'unroll': 2, 'update_epoch': 14, 'discount': 0.9226148270670946, 'lr': 0.00011957440760493554, 'entropy': 0.013537354011754871}. Best is trial 45 with value: -3828.1748046875.[0m
[32m[I 2022-01-12 21:30:21,307][0m Trial 147 finished with value: -3023.821044921875 and parameters: {'r_scaling': 0.41461258687589403, 'unroll': 1, 'update_epoch': 13, 'discount': 0.9290265191537422, 'lr': 0.000106136272578742, 'entropy': 0.03050949229365124}. Best is trial 45 with value: -3828.1748046875.[0m
[32m[I 2022-01-12 21:33:09,088][0m Trial 148 finished with value: -3270.162109375 and parameters: {'r_scaling': 0.6939555087348221, 'unroll': 1, 'update_epoch': 15, 'discount': 0.9258125699195184, 'lr': 0.0001404124657877895, 'entropy': 0.010876076520773405}. Best is trial 45 with value: -3828.1748046875.[0m
[32m[I 2022-01-12 21:35:39,998][0m Trial 149 finished with value: -2275.91259765625 and parameters: {'r_scaling': 0.5221769819889814, 'unroll': 2, 'update_epoch': 14, 'discount': 0.9370946498121876, 'lr': 0.00014810069421443466, 'entropy': 0.016040143544106454}. Best is trial 45 with value: -3828.1748046875.[0m
[32m[I 2022-01-12 21:38:24,646][0m Trial 150 finished with value: -3252.10595703125 and parameters: {'r_scaling': 0.8116292178535333, 'unroll': 1, 'update_epoch': 13, 'discount': 0.9207888459012789, 'lr': 0.00012841650457754602, 'entropy': 0.0022031892883567173}. Best is trial 45 with value: -3828.1748046875.[0m
[32m[I 2022-01-12 21:41:14,488][0m Trial 151 finished with value: -3398.80517578125 and parameters: {'r_scaling': 0.5720513116418715, 'unroll': 1, 'update_epoch': 14, 'discount': 0.931357430281406, 'lr': 0.00015579118813443955, 'entropy': 0.01825158311119786}. Best is trial 45 with value: -3828.1748046875.[0m
[32m[I 2022-01-12 21:44:04,372][0m Trial 152 finished with value: -1704.553955078125 and parameters: {'r_scaling': 0.08250778391548355, 'unroll': 1, 'update_epoch': 14, 'discount': 0.9333020592732815, 'lr': 0.00016891830640832634, 'entropy': 0.020477438946107717}. Best is trial 45 with value: -3828.1748046875.[0m
[32m[I 2022-01-12 21:46:46,770][0m Trial 153 finished with value: -2519.487060546875 and parameters: {'r_scaling': 1.0681828401532325, 'unroll': 1, 'update_epoch': 14, 'discount': 0.987970784194129, 'lr': 0.00014693900294965003, 'entropy': 0.017684647788959243}. Best is trial 45 with value: -3828.1748046875.[0m
[32m[I 2022-01-12 21:49:17,088][0m Trial 154 finished with value: -2293.787353515625 and parameters: {'r_scaling': 0.6017671937271892, 'unroll': 2, 'update_epoch': 14, 'discount': 0.9291217807491471, 'lr': 0.00013282801973629464, 'entropy': 0.02402811729035626}. Best is trial 45 with value: -3828.1748046875.[0m
[32m[I 2022-01-12 21:51:47,179][0m Trial 155 finished with value: -3369.607666015625 and parameters: {'r_scaling': 0.3950752091284038, 'unroll': 1, 'update_epoch': 13, 'discount': 0.9161583009730785, 'lr': 0.00017892785478613345, 'entropy': 0.013012800234646108}. Best is trial 45 with value: -3828.1748046875.[0m
[32m[I 2022-01-12 21:54:15,883][0m Trial 156 finished with value: -3206.905029296875 and parameters: {'r_scaling': 0.2080275194254872, 'unroll': 1, 'update_epoch': 13, 'discount': 0.9245209345711177, 'lr': 0.00018049791869933165, 'entropy': 0.011759222839699398}. Best is trial 45 with value: -3828.1748046875.[0m
[32m[I 2022-01-12 21:56:41,840][0m Trial 157 finished with value: -3496.197021484375 and parameters: {'r_scaling': 0.3807957334753228, 'unroll': 1, 'update_epoch': 15, 'discount': 0.9152569273012525, 'lr': 0.00015786937011886827, 'entropy': 0.013702356450734749}. Best is trial 45 with value: -3828.1748046875.[0m
[32m[I 2022-01-12 21:59:14,481][0m Trial 158 finished with value: -2317.265625 and parameters: {'r_scaling': 0.29847319818843343, 'unroll': 2, 'update_epoch': 15, 'discount': 0.9135393609177541, 'lr': 0.0001596545629192763, 'entropy': 0.009644539300068979}. Best is trial 45 with value: -3828.1748046875.[0m
[32m[I 2022-01-12 22:02:03,818][0m Trial 159 finished with value: -3541.4052734375 and parameters: {'r_scaling': 0.38905792618248, 'unroll': 1, 'update_epoch': 15, 'discount': 0.9161097529171304, 'lr': 0.00017191922721540698, 'entropy': 0.013137614818813977}. Best is trial 45 with value: -3828.1748046875.[0m
[32m[I 2022-01-12 22:04:53,397][0m Trial 160 finished with value: -3403.8955078125 and parameters: {'r_scaling': 0.47132239390913083, 'unroll': 1, 'update_epoch': 15, 'discount': 0.915956227932934, 'lr': 0.00019454993363396552, 'entropy': 0.014443641161541341}. Best is trial 45 with value: -3828.1748046875.[0m
[32m[I 2022-01-12 22:07:42,797][0m Trial 161 finished with value: -3536.28271484375 and parameters: {'r_scaling': 0.3825905931629109, 'unroll': 1, 'update_epoch': 15, 'discount': 0.9159068968286105, 'lr': 0.0001882262110785477, 'entropy': 0.015095991083903647}. Best is trial 45 with value: -3828.1748046875.[0m
[32m[I 2022-01-12 22:10:26,129][0m Trial 162 finished with value: -2735.955078125 and parameters: {'r_scaling': 0.35047332999349784, 'unroll': 1, 'update_epoch': 15, 'discount': 0.9095520474336358, 'lr': 0.0005919021601864718, 'entropy': 0.015379769157393001}. Best is trial 45 with value: -3828.1748046875.[0m
[32m[I 2022-01-12 22:13:06,665][0m Trial 163 finished with value: -3613.2919921875 and parameters: {'r_scaling': 0.4889170171044156, 'unroll': 1, 'update_epoch': 15, 'discount': 0.9202710872704453, 'lr': 0.0001974552467894122, 'entropy': 0.015296697537390568}. Best is trial 45 with value: -3828.1748046875.[0m
[32m[I 2022-01-12 22:15:08,374][0m Trial 164 finished with value: 94.62046813964844 and parameters: {'r_scaling': 0.4676638886824541, 'unroll': 11, 'update_epoch': 15, 'discount': 0.9125297418304904, 'lr': 0.0001965625187587654, 'entropy': 0.014634983993599993}. Best is trial 45 with value: -3828.1748046875.[0m
[32m[I 2022-01-12 22:17:30,529][0m Trial 165 finished with value: -2321.09130859375 and parameters: {'r_scaling': 0.4179803039851312, 'unroll': 2, 'update_epoch': 15, 'discount': 0.9041265371702462, 'lr': 0.00018797897358526554, 'entropy': 0.01128134331482947}. Best is trial 45 with value: -3828.1748046875.[0m
[32m[I 2022-01-12 22:19:55,890][0m Trial 166 finished with value: -3117.919677734375 and parameters: {'r_scaling': 0.2720119679803159, 'unroll': 1, 'update_epoch': 15, 'discount': 0.9154956867338973, 'lr': 0.0002073456923618685, 'entropy': 0.020334819339646176}. Best is trial 45 with value: -3828.1748046875.[0m
[32m[I 2022-01-12 22:22:12,118][0m Trial 167 finished with value: -2279.14453125 and parameters: {'r_scaling': 0.514377536556132, 'unroll': 2, 'update_epoch': 15, 'discount': 0.911726586768974, 'lr': 0.00016828793522616136, 'entropy': 0.015480402337433386}. Best is trial 45 with value: -3828.1748046875.[0m
[32m[I 2022-01-12 22:24:35,747][0m Trial 168 finished with value: -3554.175048828125 and parameters: {'r_scaling': 0.38941154063669303, 'unroll': 1, 'update_epoch': 15, 'discount': 0.9174768795786664, 'lr': 0.00015872830222078075, 'entropy': 0.008392625749405563}. Best is trial 45 with value: -3828.1748046875.[0m
[32m[I 2022-01-12 22:26:44,537][0m Trial 169 finished with value: -3467.415771484375 and parameters: {'r_scaling': 0.3535449173273151, 'unroll': 1, 'update_epoch': 15, 'discount': 0.917458423508424, 'lr': 0.00019030844818055873, 'entropy': 0.008181761631126654}. Best is trial 45 with value: -3828.1748046875.[0m
[32m[I 2022-01-12 22:29:17,356][0m Trial 170 finished with value: -3244.02392578125 and parameters: {'r_scaling': 0.2359386080466493, 'unroll': 1, 'update_epoch': 15, 'discount': 0.9074978511982701, 'lr': 0.00017292111767311903, 'entropy': 0.0070166128611119}. Best is trial 45 with value: -3828.1748046875.[0m
[32m[I 2022-01-12 22:31:40,558][0m Trial 171 finished with value: -3477.890380859375 and parameters: {'r_scaling': 0.37404181938406333, 'unroll': 1, 'update_epoch': 15, 'discount': 0.9170007792715813, 'lr': 0.0001936942954698644, 'entropy': 0.008075826013658737}. Best is trial 45 with value: -3828.1748046875.[0m
[32m[I 2022-01-12 22:34:04,856][0m Trial 172 finished with value: -3384.6787109375 and parameters: {'r_scaling': 0.3347822418631617, 'unroll': 1, 'update_epoch': 15, 'discount': 0.9177518296894129, 'lr': 0.00018453414250207801, 'entropy': 0.008457971969435032}. Best is trial 45 with value: -3828.1748046875.[0m
[32m[I 2022-01-12 22:36:26,826][0m Trial 173 finished with value: -3344.8291015625 and parameters: {'r_scaling': 0.37078832001726725, 'unroll': 1, 'update_epoch': 15, 'discount': 0.9198407594905207, 'lr': 0.00020318869172849594, 'entropy': 0.009875300954478625}. Best is trial 45 with value: -3828.1748046875.[0m
[32m[I 2022-01-12 22:38:32,525][0m Trial 174 finished with value: -3329.96826171875 and parameters: {'r_scaling': 0.3018203933783714, 'unroll': 1, 'update_epoch': 15, 'discount': 0.9169836362682683, 'lr': 0.00016483849101918071, 'entropy': 0.008073603731813846}. Best is trial 45 with value: -3828.1748046875.[0m
[32m[I 2022-01-12 22:40:55,828][0m Trial 175 finished with value: -3366.57080078125 and parameters: {'r_scaling': 0.4051632862518163, 'unroll': 1, 'update_epoch': 15, 'discount': 0.9200887844670106, 'lr': 0.00015994344323379367, 'entropy': 0.006279416087359161}. Best is trial 45 with value: -3828.1748046875.[0m
[32m[I 2022-01-12 22:43:10,253][0m Trial 176 finished with value: -2492.5126953125 and parameters: {'r_scaling': 0.353166248573505, 'unroll': 2, 'update_epoch': 15, 'discount': 0.9148747783233219, 'lr': 0.00021310795253134748, 'entropy': 0.010409954342923772}. Best is trial 45 with value: -3828.1748046875.[0m
[32m[I 2022-01-12 22:45:27,492][0m Trial 177 finished with value: -2861.5341796875 and parameters: {'r_scaling': 0.4634999848367293, 'unroll': 1, 'update_epoch': 7, 'discount': 0.9192201949717191, 'lr': 0.00014481834528906124, 'entropy': 0.008937443798078079}. Best is trial 45 with value: -3828.1748046875.[0m
[32m[I 2022-01-12 22:47:54,926][0m Trial 178 finished with value: -3467.107177734375 and parameters: {'r_scaling': 0.2670155660103238, 'unroll': 1, 'update_epoch': 15, 'discount': 0.9221512555916952, 'lr': 0.00017419218336850112, 'entropy': 0.011931712333138752}. Best is trial 45 with value: -3828.1748046875.[0m
[32m[I 2022-01-12 22:50:14,656][0m Trial 179 finished with value: 99.42924499511719 and parameters: {'r_scaling': 0.2597352016462305, 'unroll': 7, 'update_epoch': 15, 'discount': 0.9177976766506378, 'lr': 0.0001791414485858783, 'entropy': 0.011145724586584685}. Best is trial 45 with value: -3828.1748046875.[0m
[32m[I 2022-01-12 22:52:17,460][0m Trial 180 finished with value: 98.32781982421875 and parameters: {'r_scaling': 0.3161087733235028, 'unroll': 6, 'update_epoch': 15, 'discount': 0.9215513221485659, 'lr': 0.00019055864022521455, 'entropy': 0.007489000306835172}. Best is trial 45 with value: -3828.1748046875.[0m
[32m[I 2022-01-12 22:54:50,748][0m Trial 181 finished with value: -3397.601318359375 and parameters: {'r_scaling': 0.42309101103314334, 'unroll': 1, 'update_epoch': 15, 'discount': 0.9233468479531444, 'lr': 0.00016896301416740559, 'entropy': 0.012471152548391953}. Best is trial 45 with value: -3828.1748046875.[0m
[32m[I 2022-01-12 22:57:17,485][0m Trial 182 finished with value: -3503.8544921875 and parameters: {'r_scaling': 0.5214152260087683, 'unroll': 1, 'update_epoch': 15, 'discount': 0.9143672428871038, 'lr': 0.0001551912762811292, 'entropy': 0.012566164360934825}. Best is trial 45 with value: -3828.1748046875.[0m
[32m[I 2022-01-12 22:59:41,344][0m Trial 183 finished with value: -3195.66943359375 and parameters: {'r_scaling': 0.6513524917017207, 'unroll': 1, 'update_epoch': 15, 'discount': 0.9137985171442765, 'lr': 0.00015642254928844977, 'entropy': 0.0030591493896022373}. Best is trial 45 with value: -3828.1748046875.[0m
[32m[I 2022-01-12 23:01:42,792][0m Trial 184 finished with value: -1094.81884765625 and parameters: {'r_scaling': 0.41385759241676817, 'unroll': 1, 'update_epoch': 1, 'discount': 0.9103278959657669, 'lr': 0.00017564926239461732, 'entropy': 0.009399489360687059}. Best is trial 45 with value: -3828.1748046875.[0m
[32m[I 2022-01-12 23:03:46,610][0m Trial 185 finished with value: -2425.75732421875 and parameters: {'r_scaling': 0.5083287940889861, 'unroll': 2, 'update_epoch': 15, 'discount': 0.9213067117790421, 'lr': 0.000194801446046962, 'entropy': 0.012577680472942337}. Best is trial 45 with value: -3828.1748046875.[0m
[32m[I 2022-01-12 23:05:45,528][0m Trial 186 finished with value: -3364.033935546875 and parameters: {'r_scaling': 0.3612859698837865, 'unroll': 1, 'update_epoch': 15, 'discount': 0.9152579297249862, 'lr': 0.00013887376786409116, 'entropy': 0.010897830201387565}. Best is trial 45 with value: -3828.1748046875.[0m
[32m[I 2022-01-12 23:07:54,885][0m Trial 187 finished with value: -2284.151123046875 and parameters: {'r_scaling': 0.22663089619015372, 'unroll': 2, 'update_epoch': 15, 'discount': 0.9183420164817618, 'lr': 0.0008432013715298211, 'entropy': 0.013044905795545328}. Best is trial 45 with value: -3828.1748046875.[0m
[32m[I 2022-01-12 23:10:24,279][0m Trial 188 finished with value: -3384.318359375 and parameters: {'r_scaling': 0.6262228340342805, 'unroll': 1, 'update_epoch': 15, 'discount': 0.9118305895726402, 'lr': 0.0002273832563157505, 'entropy': 0.006089202524955261}. Best is trial 45 with value: -3828.1748046875.[0m
[32m[I 2022-01-12 23:12:58,942][0m Trial 189 finished with value: -2321.609130859375 and parameters: {'r_scaling': 0.06064587964251211, 'unroll': 1, 'update_epoch': 15, 'discount': 0.9168349986402149, 'lr': 0.00016323116479671779, 'entropy': 0.008123255582626276}. Best is trial 45 with value: -3828.1748046875.[0m
[32m[I 2022-01-12 23:15:20,746][0m Trial 190 finished with value: -2362.67822265625 and parameters: {'r_scaling': 0.11374084847727005, 'unroll': 1, 'update_epoch': 4, 'discount': 0.9246027679704687, 'lr': 0.00015418762616394108, 'entropy': 0.009822920087805068}. Best is trial 45 with value: -3828.1748046875.[0m
[32m[I 2022-01-12 23:18:03,845][0m Trial 191 finished with value: -3307.822998046875 and parameters: {'r_scaling': 0.5460614416067398, 'unroll': 1, 'update_epoch': 14, 'discount': 0.92659329759004, 'lr': 0.00014650794901623077, 'entropy': 0.01585008845563213}. Best is trial 45 with value: -3828.1748046875.[0m
[32m[I 2022-01-12 23:20:03,189][0m Trial 192 finished with value: -3472.802490234375 and parameters: {'r_scaling': 0.3013748742424585, 'unroll': 1, 'update_epoch': 14, 'discount': 0.9203740023358545, 'lr': 0.00013553318414829562, 'entropy': 0.01405134792266282}. Best is trial 45 with value: -3828.1748046875.[0m
[32m[I 2022-01-12 23:22:51,137][0m Trial 193 finished with value: -3078.900390625 and parameters: {'r_scaling': 0.28291516873544986, 'unroll': 1, 'update_epoch': 15, 'discount': 0.919567752076761, 'lr': 0.0001360142687963133, 'entropy': 0.013570647193707161}. Best is trial 45 with value: -3828.1748046875.[0m
[32m[I 2022-01-12 23:25:32,288][0m Trial 194 finished with value: -3445.972900390625 and parameters: {'r_scaling': 0.33332401450169313, 'unroll': 1, 'update_epoch': 14, 'discount': 0.9235893524034208, 'lr': 0.0001249428807463899, 'entropy': 0.01976591178709047}. Best is trial 45 with value: -3828.1748046875.[0m
[32m[I 2022-01-12 23:28:13,299][0m Trial 195 finished with value: -2676.7509765625 and parameters: {'r_scaling': 0.16666370497028143, 'unroll': 1, 'update_epoch': 14, 'discount': 0.9227199120836481, 'lr': 0.00012607511019282848, 'entropy': 0.01865854764485137}. Best is trial 45 with value: -3828.1748046875.[0m
[32m[I 2022-01-12 23:30:47,202][0m Trial 196 finished with value: -2663.912109375 and parameters: {'r_scaling': 0.34430076150997446, 'unroll': 1, 'update_epoch': 15, 'discount': 0.9209902457725362, 'lr': 0.0012201829877477005, 'entropy': 0.011613370933728488}. Best is trial 45 with value: -3828.1748046875.[0m
[32m[I 2022-01-12 23:33:02,593][0m Trial 197 finished with value: -1677.8857421875 and parameters: {'r_scaling': 0.28439507841298123, 'unroll': 2, 'update_epoch': 8, 'discount': 0.9152700857066182, 'lr': 0.00011331879833206175, 'entropy': 0.021553595035029266}. Best is trial 45 with value: -3828.1748046875.[0m
[32m[I 2022-01-12 23:35:08,421][0m Trial 198 finished with value: -2177.97802734375 and parameters: {'r_scaling': 0.40751997732867823, 'unroll': 2, 'update_epoch': 14, 'discount': 0.9178997236353806, 'lr': 0.00012083309886252133, 'entropy': 0.0015864040928319388}. Best is trial 45 with value: -3828.1748046875.[0m
[32m[I 2022-01-12 23:37:08,611][0m Trial 199 finished with value: -3152.501220703125 and parameters: {'r_scaling': 0.316819480682203, 'unroll': 1, 'update_epoch': 15, 'discount': 0.9239942930614432, 'lr': 0.00013299548524292696, 'entropy': 0.018103413989664606}. Best is trial 45 with value: -3828.1748046875.[0m
