[32m[I 2022-01-13 00:59:28,473][0m Trial 69 finished with value: 97.08787536621094 and parameters: {'r_scaling': 2.705555914916406, 'unroll': 2, 'update_epoch': 14, 'discount': 0.9618655526205724, 'lr': 0.00036082168429442374, 'entropy': 0.05387492898323131}. Best is trial 46 with value: -2064.738037109375.[0m
[32m[I 2022-01-13 01:02:07,242][0m Trial 70 finished with value: 99.64302062988281 and parameters: {'r_scaling': 1.3568932134715, 'unroll': 3, 'update_epoch': 10, 'discount': 0.9386064392006191, 'lr': 0.0006109731495826378, 'entropy': 0.006611985750422395}. Best is trial 46 with value: -2064.738037109375.[0m
[32m[I 2022-01-13 01:04:50,269][0m Trial 71 finished with value: -1960.6434326171875 and parameters: {'r_scaling': 0.5081360003455134, 'unroll': 1, 'update_epoch': 11, 'discount': 0.9516525582254372, 'lr': 0.0003223279611951366, 'entropy': 0.04785150857064768}. Best is trial 46 with value: -2064.738037109375.[0m
[32m[I 2022-01-13 01:07:19,445][0m Trial 72 finished with value: -1141.7904052734375 and parameters: {'r_scaling': 0.4346325237170469, 'unroll': 1, 'update_epoch': 11, 'discount': 0.9522462799083713, 'lr': 0.00044484083862475347, 'entropy': 0.09964630338942042}. Best is trial 46 with value: -2064.738037109375.[0m
[32m[I 2022-01-13 01:09:49,279][0m Trial 73 finished with value: -1920.9124755859375 and parameters: {'r_scaling': 0.5358985752999745, 'unroll': 1, 'update_epoch': 11, 'discount': 0.945950064638349, 'lr': 0.0003499503007478398, 'entropy': 0.04662627598323743}. Best is trial 46 with value: -2064.738037109375.[0m
[32m[I 2022-01-13 01:12:11,950][0m Trial 74 finished with value: 98.56697082519531 and parameters: {'r_scaling': 0.5769078482308009, 'unroll': 2, 'update_epoch': 12, 'discount': 0.9444660276862371, 'lr': 0.0002820232583069394, 'entropy': 0.04394077199278188}. Best is trial 46 with value: -2064.738037109375.[0m
[32m[I 2022-01-13 01:14:40,521][0m Trial 75 finished with value: -1978.50048828125 and parameters: {'r_scaling': 0.8716472625743249, 'unroll': 1, 'update_epoch': 10, 'discount': 0.9481841954283828, 'lr': 0.0003254343201740618, 'entropy': 0.06560425660029899}. Best is trial 46 with value: -2064.738037109375.[0m
[32m[I 2022-01-13 01:17:07,764][0m Trial 76 finished with value: -1929.43115234375 and parameters: {'r_scaling': 0.8918235958905479, 'unroll': 1, 'update_epoch': 11, 'discount': 0.9313208494690033, 'lr': 0.00031250151241501127, 'entropy': 0.07520335479637552}. Best is trial 46 with value: -2064.738037109375.[0m
[32m[I 2022-01-13 01:19:31,780][0m Trial 77 finished with value: 93.93721008300781 and parameters: {'r_scaling': 2.147494302305701, 'unroll': 3, 'update_epoch': 13, 'discount': 0.9324665969682044, 'lr': 0.0004032892023985563, 'entropy': 0.0703470079760096}. Best is trial 46 with value: -2064.738037109375.[0m
[32m[I 2022-01-13 01:22:05,122][0m Trial 78 finished with value: 101.96357727050781 and parameters: {'r_scaling': 0.8564750031530709, 'unroll': 2, 'update_epoch': 10, 'discount': 0.9370429464764469, 'lr': 0.0003171318847194142, 'entropy': 0.027786219750122396}. Best is trial 46 with value: -2064.738037109375.[0m
[32m[I 2022-01-13 01:24:34,350][0m Trial 79 finished with value: -2013.623291015625 and parameters: {'r_scaling': 1.301165882062559, 'unroll': 1, 'update_epoch': 12, 'discount': 0.9256542857103592, 'lr': 0.00031275268907639264, 'entropy': 0.06257825238893389}. Best is trial 46 with value: -2064.738037109375.[0m
[32m[I 2022-01-13 01:26:07,637][0m Trial 80 finished with value: 98.38298034667969 and parameters: {'r_scaling': 1.9467882784829524, 'unroll': 2, 'update_epoch': 12, 'discount': 0.9241209405571074, 'lr': 0.00025716362419197554, 'entropy': 0.06382001441763727}. Best is trial 46 with value: -2064.738037109375.[0m
[32m[I 2022-01-13 01:28:39,678][0m Trial 81 finished with value: -1866.00732421875 and parameters: {'r_scaling': 1.103081622613856, 'unroll': 1, 'update_epoch': 11, 'discount': 0.9318227880593523, 'lr': 0.0003133473495685405, 'entropy': 0.08832222249875571}. Best is trial 46 with value: -2064.738037109375.[0m
[32m[I 2022-01-13 01:30:25,372][0m Trial 82 finished with value: -2012.1922607421875 and parameters: {'r_scaling': 1.188405120382966, 'unroll': 1, 'update_epoch': 10, 'discount': 0.9414369969857006, 'lr': 0.0002266314465514323, 'entropy': 0.06127136221744388}. Best is trial 46 with value: -2064.738037109375.[0m
[32m[I 2022-01-13 01:32:48,890][0m Trial 83 finished with value: -2026.1591796875 and parameters: {'r_scaling': 1.1829758360314824, 'unroll': 1, 'update_epoch': 10, 'discount': 0.9524027782478359, 'lr': 0.000370670450371148, 'entropy': 0.0554284544684306}. Best is trial 46 with value: -2064.738037109375.[0m
[32m[I 2022-01-13 01:35:12,129][0m Trial 84 finished with value: 95.98985290527344 and parameters: {'r_scaling': 1.2669509572925595, 'unroll': 2, 'update_epoch': 10, 'discount': 0.9486116531411103, 'lr': 0.00022290324751202443, 'entropy': 0.050672620272703535}. Best is trial 46 with value: -2064.738037109375.[0m
[32m[I 2022-01-13 01:37:35,510][0m Trial 85 finished with value: -1709.2174072265625 and parameters: {'r_scaling': 2.2613652818296197, 'unroll': 1, 'update_epoch': 10, 'discount': 0.9414732364522063, 'lr': 0.00017279733324044975, 'entropy': 0.05777357630540113}. Best is trial 46 with value: -2064.738037109375.[0m
[32m[I 2022-01-13 01:40:01,473][0m Trial 86 finished with value: 99.6596908569336 and parameters: {'r_scaling': 3.2633271233016385, 'unroll': 3, 'update_epoch': 9, 'discount': 0.9527717879079439, 'lr': 0.0005611082813627335, 'entropy': 0.022895779619165203}. Best is trial 46 with value: -2064.738037109375.[0m
[32m[I 2022-01-13 01:42:25,141][0m Trial 87 finished with value: -1773.0936279296875 and parameters: {'r_scaling': 1.6007706524011898, 'unroll': 1, 'update_epoch': 10, 'discount': 0.942913537345828, 'lr': 0.00019529519568777795, 'entropy': 0.03814133523347891}. Best is trial 46 with value: -2064.738037109375.[0m
[32m[I 2022-01-13 01:44:48,766][0m Trial 88 finished with value: 96.01655578613281 and parameters: {'r_scaling': 0.6659485430355708, 'unroll': 2, 'update_epoch': 14, 'discount': 0.9267661706804448, 'lr': 0.000379694164485901, 'entropy': 0.030909939925818485}. Best is trial 46 with value: -2064.738037109375.[0m
[32m[I 2022-01-13 01:46:22,826][0m Trial 89 finished with value: 92.8177490234375 and parameters: {'r_scaling': 0.36826983453156253, 'unroll': 2, 'update_epoch': 8, 'discount': 0.9487446043372897, 'lr': 0.00024224830153818055, 'entropy': 0.04392938233237943}. Best is trial 46 with value: -2064.738037109375.[0m
[32m[I 2022-01-13 01:48:57,287][0m Trial 90 finished with value: -1901.395263671875 and parameters: {'r_scaling': 5.811349228062694, 'unroll': 1, 'update_epoch': 9, 'discount': 0.9176617115383335, 'lr': 0.00042773688313081155, 'entropy': 0.08641608750240772}. Best is trial 46 with value: -2064.738037109375.[0m
[32m[I 2022-01-13 01:50:50,383][0m Trial 91 finished with value: -2058.7685546875 and parameters: {'r_scaling': 0.7985260451687922, 'unroll': 1, 'update_epoch': 11, 'discount': 0.9567676876177625, 'lr': 0.00045537835382789823, 'entropy': 0.053919478238885654}. Best is trial 46 with value: -2064.738037109375.[0m
[32m[I 2022-01-13 01:53:24,898][0m Trial 92 finished with value: -1966.023681640625 and parameters: {'r_scaling': 1.2552587894457659, 'unroll': 1, 'update_epoch': 12, 'discount': 0.9542247326696238, 'lr': 0.00046732536209279036, 'entropy': 0.05974979785442753}. Best is trial 46 with value: -2064.738037109375.[0m
[32m[I 2022-01-13 01:55:11,330][0m Trial 93 finished with value: -1967.6689453125 and parameters: {'r_scaling': 1.0744698890858917, 'unroll': 1, 'update_epoch': 12, 'discount': 0.9535632743386496, 'lr': 0.0005309186225758795, 'entropy': 0.0600825943459721}. Best is trial 46 with value: -2064.738037109375.[0m
[32m[I 2022-01-13 01:57:32,788][0m Trial 94 finished with value: 99.69241333007812 and parameters: {'r_scaling': 0.9945809603352979, 'unroll': 2, 'update_epoch': 13, 'discount': 0.9449623723711776, 'lr': 0.0005468887308546217, 'entropy': 0.08167458494350008}. Best is trial 46 with value: -2064.738037109375.[0m
[32m[I 2022-01-13 01:59:55,397][0m Trial 95 finished with value: -766.1876831054688 and parameters: {'r_scaling': 1.8529355903235487, 'unroll': 1, 'update_epoch': 10, 'discount': 0.9614135091214328, 'lr': 0.0005270239879893085, 'entropy': 0.016191752425550494}. Best is trial 46 with value: -2064.738037109375.[0m
[32m[I 2022-01-13 02:02:14,372][0m Trial 96 finished with value: -2012.5067138671875 and parameters: {'r_scaling': 21.87262363082561, 'unroll': 1, 'update_epoch': 12, 'discount': 0.9552500512958122, 'lr': 0.0006346430242431629, 'entropy': 0.03994022453974348}. Best is trial 46 with value: -2064.738037109375.[0m
[32m[I 2022-01-13 02:04:34,939][0m Trial 97 finished with value: 97.0085220336914 and parameters: {'r_scaling': 17.11977613814472, 'unroll': 2, 'update_epoch': 12, 'discount': 0.9557981750031076, 'lr': 0.0006744622289237704, 'entropy': 0.038126701682214666}. Best is trial 46 with value: -2064.738037109375.[0m
[32m[I 2022-01-13 02:06:59,427][0m Trial 98 finished with value: -1513.836669921875 and parameters: {'r_scaling': 61.30044844335759, 'unroll': 1, 'update_epoch': 12, 'discount': 0.946531486369317, 'lr': 0.000596237875304751, 'entropy': 0.02294958354667729}. Best is trial 46 with value: -2064.738037109375.[0m
[32m[I 2022-01-13 02:09:24,061][0m Trial 99 finished with value: 98.79146575927734 and parameters: {'r_scaling': 10.56672005673917, 'unroll': 2, 'update_epoch': 10, 'discount': 0.9384374837480354, 'lr': 0.0006414274820004392, 'entropy': 0.0986420404847653}. Best is trial 46 with value: -2064.738037109375.[0m
[32m[I 2022-01-13 02:10:57,709][0m Trial 100 finished with value: 98.90153503417969 and parameters: {'r_scaling': 3.294728003231589, 'unroll': 6, 'update_epoch': 13, 'discount': 0.954055807153565, 'lr': 0.00047690474846025157, 'entropy': 0.03360990456908643}. Best is trial 46 with value: -2064.738037109375.[0m
[32m[I 2022-01-13 02:13:28,985][0m Trial 101 finished with value: -1373.749267578125 and parameters: {'r_scaling': 158.06403391363767, 'unroll': 1, 'update_epoch': 11, 'discount': 0.9489176219397654, 'lr': 0.00040154367916620464, 'entropy': 0.05448583280252745}. Best is trial 46 with value: -2064.738037109375.[0m
[32m[I 2022-01-13 02:15:54,163][0m Trial 102 finished with value: -1924.16162109375 and parameters: {'r_scaling': 0.709452843988175, 'unroll': 1, 'update_epoch': 11, 'discount': 0.956565370654979, 'lr': 0.0008262882537162602, 'entropy': 0.018793335635903047}. Best is trial 46 with value: -2064.738037109375.[0m
[32m[I 2022-01-13 02:18:23,462][0m Trial 103 finished with value: 101.94064331054688 and parameters: {'r_scaling': 26.348467486885507, 'unroll': 1, 'update_epoch': 9, 'discount': 0.9601408640890967, 'lr': 0.0007295414844828147, 'entropy': 0.027195668865573425}. Best is trial 46 with value: -2064.738037109375.[0m
[32m[I 2022-01-13 02:19:58,683][0m Trial 104 finished with value: 94.38433837890625 and parameters: {'r_scaling': 1.028471115549188, 'unroll': 2, 'update_epoch': 12, 'discount': 0.9503027575758085, 'lr': 0.000443908572250854, 'entropy': 0.04262548110088545}. Best is trial 46 with value: -2064.738037109375.[0m
[32m[I 2022-01-13 02:22:35,158][0m Trial 105 finished with value: -2037.98876953125 and parameters: {'r_scaling': 1.5430258966815427, 'unroll': 1, 'update_epoch': 11, 'discount': 0.9422295966669157, 'lr': 0.00027248157848126656, 'entropy': 0.013489647951695008}. Best is trial 46 with value: -2064.738037109375.[0m
[32m[I 2022-01-13 02:25:00,494][0m Trial 106 finished with value: -1950.2620849609375 and parameters: {'r_scaling': 1.4010823316739158, 'unroll': 1, 'update_epoch': 11, 'discount': 0.9427269544551287, 'lr': 0.0002323462533679248, 'entropy': 0.06165214445557142}. Best is trial 46 with value: -2064.738037109375.[0m
[32m[I 2022-01-13 02:27:28,833][0m Trial 107 finished with value: 98.77937316894531 and parameters: {'r_scaling': 1.17164909821939, 'unroll': 2, 'update_epoch': 13, 'discount': 0.9473002982715579, 'lr': 0.0002917902131948835, 'entropy': 0.012912105811264334}. Best is trial 46 with value: -2064.738037109375.[0m
[32m[I 2022-01-13 02:29:59,919][0m Trial 108 finished with value: 97.19010925292969 and parameters: {'r_scaling': 1.644386245028995, 'unroll': 3, 'update_epoch': 10, 'discount': 0.9340285815044915, 'lr': 0.0002630106856557401, 'entropy': 0.07431465941445804}. Best is trial 46 with value: -2064.738037109375.[0m
[32m[I 2022-01-13 02:31:55,769][0m Trial 109 finished with value: -2094.685302734375 and parameters: {'r_scaling': 0.5954332744887171, 'unroll': 1, 'update_epoch': 11, 'discount': 0.9577074704373891, 'lr': 0.00027746727863109567, 'entropy': 0.014060212187109197}. Best is trial 109 with value: -2094.685302734375.[0m
[32m[I 2022-01-13 02:34:26,756][0m Trial 110 finished with value: 95.61551666259766 and parameters: {'r_scaling': 0.44412541853724635, 'unroll': 2, 'update_epoch': 11, 'discount': 0.9647361691497964, 'lr': 0.00020320225452160533, 'entropy': 0.012080160719618703}. Best is trial 109 with value: -2094.685302734375.[0m
[32m[I 2022-01-13 02:36:59,193][0m Trial 111 finished with value: -2161.447265625 and parameters: {'r_scaling': 0.8050668911072878, 'unroll': 1, 'update_epoch': 12, 'discount': 0.958523149697909, 'lr': 0.0002722292116132126, 'entropy': 0.01440508636002221}. Best is trial 111 with value: -2161.447265625.[0m
[32m[I 2022-01-13 02:39:19,636][0m Trial 112 finished with value: -2022.095947265625 and parameters: {'r_scaling': 0.6048952703570468, 'unroll': 1, 'update_epoch': 12, 'discount': 0.9570655103371579, 'lr': 0.0002758238349976381, 'entropy': 0.013213871380729929}. Best is trial 111 with value: -2161.447265625.[0m
[32m[I 2022-01-13 02:41:51,052][0m Trial 113 finished with value: -2144.96533203125 and parameters: {'r_scaling': 0.7697948598981619, 'unroll': 1, 'update_epoch': 12, 'discount': 0.9589853608960934, 'lr': 0.000272691289014069, 'entropy': 0.008900680626572722}. Best is trial 111 with value: -2161.447265625.[0m
[32m[I 2022-01-13 02:44:17,446][0m Trial 114 finished with value: -2137.801025390625 and parameters: {'r_scaling': 0.7263214401334278, 'unroll': 1, 'update_epoch': 12, 'discount': 0.9578345309330195, 'lr': 0.0002481188037822098, 'entropy': 0.016711453803329477}. Best is trial 111 with value: -2161.447265625.[0m
[32m[I 2022-01-13 02:46:36,684][0m Trial 115 finished with value: -2098.47265625 and parameters: {'r_scaling': 0.7408223764040104, 'unroll': 1, 'update_epoch': 12, 'discount': 0.9576312063553175, 'lr': 0.00027317333905682584, 'entropy': 0.007852838780142559}. Best is trial 111 with value: -2161.447265625.[0m
[32m[I 2022-01-13 02:48:57,259][0m Trial 116 finished with value: 96.43617248535156 and parameters: {'r_scaling': 0.6357226410384883, 'unroll': 2, 'update_epoch': 13, 'discount': 0.9580748642180827, 'lr': 0.0002745027990899817, 'entropy': 0.008396777905675196}. Best is trial 111 with value: -2161.447265625.[0m
[32m[I 2022-01-13 02:51:25,053][0m Trial 117 finished with value: -2123.25341796875 and parameters: {'r_scaling': 0.794787390827222, 'unroll': 1, 'update_epoch': 12, 'discount': 0.9617807713787602, 'lr': 0.00027582995394933484, 'entropy': 0.012580850592574121}. Best is trial 111 with value: -2161.447265625.[0m
[32m[I 2022-01-13 02:53:50,420][0m Trial 118 finished with value: 98.86260986328125 and parameters: {'r_scaling': 0.7601551666479562, 'unroll': 2, 'update_epoch': 14, 'discount': 0.9612650189326047, 'lr': 0.00025059007311183063, 'entropy': 0.013617694887950218}. Best is trial 111 with value: -2161.447265625.[0m
[32m[I 2022-01-13 02:56:13,908][0m Trial 119 finished with value: -2092.23583984375 and parameters: {'r_scaling': 0.552566315518004, 'unroll': 1, 'update_epoch': 12, 'discount': 0.9667000107499703, 'lr': 0.0002710379177227584, 'entropy': 0.014588907367462633}. Best is trial 111 with value: -2161.447265625.[0m
[32m[I 2022-01-13 02:57:55,263][0m Trial 120 finished with value: 95.49986267089844 and parameters: {'r_scaling': 0.5420636878278977, 'unroll': 2, 'update_epoch': 13, 'discount': 0.9665477798393431, 'lr': 0.0002453302056287052, 'entropy': 0.00684686460120797}. Best is trial 111 with value: -2161.447265625.[0m
[32m[I 2022-01-13 03:00:15,669][0m Trial 121 finished with value: -2068.09912109375 and parameters: {'r_scaling': 0.5849404382595862, 'unroll': 1, 'update_epoch': 12, 'discount': 0.971341174449524, 'lr': 0.00027998431388265283, 'entropy': 0.018487926163394744}. Best is trial 111 with value: -2161.447265625.[0m
[32m[I 2022-01-13 03:02:02,853][0m Trial 122 finished with value: -2082.71142578125 and parameters: {'r_scaling': 0.47570537682595027, 'unroll': 1, 'update_epoch': 12, 'discount': 0.9678719001683528, 'lr': 0.0002635312789847467, 'entropy': 0.01536451149497562}. Best is trial 111 with value: -2161.447265625.[0m
[32m[I 2022-01-13 03:04:31,313][0m Trial 123 finished with value: 96.16554260253906 and parameters: {'r_scaling': 0.31410914115808464, 'unroll': 14, 'update_epoch': 12, 'discount': 0.9715181011807018, 'lr': 0.00021544409429841046, 'entropy': 0.018824974544768423}. Best is trial 111 with value: -2161.447265625.[0m
[32m[I 2022-01-13 03:06:21,310][0m Trial 124 finished with value: -2084.814453125 and parameters: {'r_scaling': 0.4094903704721794, 'unroll': 1, 'update_epoch': 11, 'discount': 0.9710957526970462, 'lr': 0.00029218090645559847, 'entropy': 0.015298183609192243}. Best is trial 111 with value: -2161.447265625.[0m
[32m[I 2022-01-13 03:08:08,174][0m Trial 125 finished with value: -2045.958251953125 and parameters: {'r_scaling': 0.36914857513883154, 'unroll': 1, 'update_epoch': 12, 'discount': 0.9745297856633041, 'lr': 0.000296260372881344, 'entropy': 0.016406365988757683}. Best is trial 111 with value: -2161.447265625.[0m
[32m[I 2022-01-13 03:09:59,471][0m Trial 126 finished with value: -2080.5966796875 and parameters: {'r_scaling': 0.3590341515096958, 'unroll': 1, 'update_epoch': 13, 'discount': 0.9718120610737138, 'lr': 0.00028687850961595313, 'entropy': 0.015965415971896706}. Best is trial 111 with value: -2161.447265625.[0m
[32m[I 2022-01-13 03:11:39,956][0m Trial 127 finished with value: 95.48133850097656 and parameters: {'r_scaling': 0.47421214454980926, 'unroll': 9, 'update_epoch': 13, 'discount': 0.9720900655724974, 'lr': 0.0002617532913486949, 'entropy': 0.015025989950827339}. Best is trial 111 with value: -2161.447265625.[0m
[32m[I 2022-01-13 03:13:16,587][0m Trial 128 finished with value: 94.91636657714844 and parameters: {'r_scaling': 0.4081674424002367, 'unroll': 2, 'update_epoch': 13, 'discount': 0.977165603591736, 'lr': 0.00023747671669832604, 'entropy': 0.01121573397477496}. Best is trial 111 with value: -2161.447265625.[0m
[32m[I 2022-01-13 03:15:56,798][0m Trial 129 finished with value: -2163.8564453125 and parameters: {'r_scaling': 0.28552256518945934, 'unroll': 1, 'update_epoch': 15, 'discount': 0.9699705295554071, 'lr': 0.00028761744478984416, 'entropy': 0.019385755488090906}. Best is trial 129 with value: -2163.8564453125.[0m
[32m[I 2022-01-13 03:18:28,237][0m Trial 130 finished with value: 95.56436157226562 and parameters: {'r_scaling': 0.4792875740259466, 'unroll': 2, 'update_epoch': 15, 'discount': 0.9692132822384261, 'lr': 0.00018274289741121831, 'entropy': 0.00883182816139116}. Best is trial 129 with value: -2163.8564453125.[0m
[32m[I 2022-01-13 03:20:24,619][0m Trial 131 finished with value: -2119.427734375 and parameters: {'r_scaling': 0.2876692435948098, 'unroll': 1, 'update_epoch': 14, 'discount': 0.9678630457108225, 'lr': 0.00028842920198445703, 'entropy': 0.01963465127286508}. Best is trial 129 with value: -2163.8564453125.[0m
[32m[I 2022-01-13 03:22:56,302][0m Trial 132 finished with value: 97.0180892944336 and parameters: {'r_scaling': 0.2657950516277941, 'unroll': 7, 'update_epoch': 14, 'discount': 0.9681324126002901, 'lr': 0.0002889834894194446, 'entropy': 0.02025309772931531}. Best is trial 129 with value: -2163.8564453125.[0m
[32m[I 2022-01-13 03:25:30,694][0m Trial 133 finished with value: -1934.08154296875 and parameters: {'r_scaling': 0.31580986466758165, 'unroll': 1, 'update_epoch': 15, 'discount': 0.9782421605469972, 'lr': 0.0002606417734080724, 'entropy': 0.024314168535540776}. Best is trial 129 with value: -2163.8564453125.[0m
[32m[I 2022-01-13 03:27:59,219][0m Trial 134 finished with value: -2266.1064453125 and parameters: {'r_scaling': 0.5798402685949905, 'unroll': 1, 'update_epoch': 15, 'discount': 0.9658705138361215, 'lr': 0.00030181208716932676, 'entropy': 0.01497283642158358}. Best is trial 134 with value: -2266.1064453125.[0m
[32m[I 2022-01-13 03:29:47,507][0m Trial 135 finished with value: -2145.144775390625 and parameters: {'r_scaling': 0.3596628172514814, 'unroll': 1, 'update_epoch': 14, 'discount': 0.9723081107503965, 'lr': 0.00030478630363619565, 'entropy': 0.015189345288477738}. Best is trial 134 with value: -2266.1064453125.[0m
[32m[I 2022-01-13 03:32:13,898][0m Trial 136 finished with value: -2167.2734375 and parameters: {'r_scaling': 0.2583004122448586, 'unroll': 1, 'update_epoch': 14, 'discount': 0.9657488167343181, 'lr': 0.00030900970414224143, 'entropy': 0.014795257922474386}. Best is trial 134 with value: -2266.1064453125.[0m
[32m[I 2022-01-13 03:34:42,626][0m Trial 137 finished with value: -2256.7607421875 and parameters: {'r_scaling': 0.2442717081251711, 'unroll': 1, 'update_epoch': 14, 'discount': 0.9638298805399166, 'lr': 0.0003051207870482983, 'entropy': 0.01484381796300598}. Best is trial 134 with value: -2266.1064453125.[0m
