[32m[I 2022-01-10 20:15:39,212][0m Trial 138 finished with value: -3507.972900390625 and parameters: {'r_scaling': 0.18892540126415375, 'unroll': 2, 'update_epoch': 15, 'discount': 0.955538495367068, 'lr': 0.00044745992616314605, 'entropy': 0.0007798832275508634}. Best is trial 107 with value: -5450.35546875.[0m
[32m[I 2022-01-10 20:18:15,449][0m Trial 139 finished with value: -5579.39599609375 and parameters: {'r_scaling': 0.14514768657108348, 'unroll': 3, 'update_epoch': 15, 'discount': 0.9416302038209099, 'lr': 0.0004235709061305231, 'entropy': 0.00040079961788040734}. Best is trial 139 with value: -5579.39599609375.[0m
[32m[I 2022-01-10 20:20:41,920][0m Trial 140 finished with value: -2657.578857421875 and parameters: {'r_scaling': 4.048345997425101, 'unroll': 4, 'update_epoch': 15, 'discount': 0.9420832098078242, 'lr': 0.0003588606330098966, 'entropy': 0.000560245217170483}. Best is trial 139 with value: -5579.39599609375.[0m
[32m[I 2022-01-10 20:23:32,608][0m Trial 141 finished with value: -5370.99609375 and parameters: {'r_scaling': 0.1381856265163668, 'unroll': 3, 'update_epoch': 15, 'discount': 0.9536480866910039, 'lr': 0.0004231815173866241, 'entropy': 0.00039669501215666795}. Best is trial 139 with value: -5579.39599609375.[0m
[32m[I 2022-01-10 20:25:50,220][0m Trial 142 finished with value: 101.63941955566406 and parameters: {'r_scaling': 0.14409299778513338, 'unroll': 9, 'update_epoch': 15, 'discount': 0.9543458664134837, 'lr': 0.000419751903088543, 'entropy': 0.00046412659034424195}. Best is trial 139 with value: -5579.39599609375.[0m
[32m[I 2022-01-10 20:28:33,663][0m Trial 143 finished with value: -5176.26708984375 and parameters: {'r_scaling': 0.10147468039975625, 'unroll': 3, 'update_epoch': 15, 'discount': 0.9535113962292227, 'lr': 0.0004749090819688942, 'entropy': 0.00040333999524240044}. Best is trial 139 with value: -5579.39599609375.[0m
[32m[I 2022-01-10 20:31:33,941][0m Trial 144 finished with value: -5376.6513671875 and parameters: {'r_scaling': 0.17187736496351663, 'unroll': 3, 'update_epoch': 15, 'discount': 0.9453398566612704, 'lr': 0.0003895648787206077, 'entropy': 0.0009346015636910989}. Best is trial 139 with value: -5579.39599609375.[0m
[32m[I 2022-01-10 20:34:08,827][0m Trial 145 finished with value: -3058.227294921875 and parameters: {'r_scaling': 0.16507330359105332, 'unroll': 4, 'update_epoch': 15, 'discount': 0.9499357308779713, 'lr': 0.00032073739319864685, 'entropy': 0.0011329877667563936}. Best is trial 139 with value: -5579.39599609375.[0m
[32m[I 2022-01-10 20:36:59,574][0m Trial 146 finished with value: -4049.1103515625 and parameters: {'r_scaling': 0.2841754254220762, 'unroll': 2, 'update_epoch': 15, 'discount': 0.9452468801264793, 'lr': 0.00037116079760993995, 'entropy': 0.0009607947846521696}. Best is trial 139 with value: -5579.39599609375.[0m
[32m[I 2022-01-10 20:39:42,045][0m Trial 147 finished with value: -5234.71533203125 and parameters: {'r_scaling': 0.14183169998859466, 'unroll': 3, 'update_epoch': 15, 'discount': 0.9407390857426883, 'lr': 0.00039044199802847464, 'entropy': 0.0008818867007177895}. Best is trial 139 with value: -5579.39599609375.[0m
[32m[I 2022-01-10 20:42:40,661][0m Trial 148 finished with value: -4578.953125 and parameters: {'r_scaling': 0.17942654021692, 'unroll': 2, 'update_epoch': 15, 'discount': 0.9396626614970246, 'lr': 0.00038635424292674073, 'entropy': 0.0008351672941575689}. Best is trial 139 with value: -5579.39599609375.[0m
[32m[I 2022-01-10 20:45:38,015][0m Trial 149 finished with value: -3697.18310546875 and parameters: {'r_scaling': 35.38836267859078, 'unroll': 3, 'update_epoch': 15, 'discount': 0.9442857025489889, 'lr': 0.0004556351958835079, 'entropy': 0.0005296079130019238}. Best is trial 139 with value: -5579.39599609375.[0m
[32m[I 2022-01-10 20:48:18,590][0m Trial 150 finished with value: -3313.5927734375 and parameters: {'r_scaling': 0.14694043924409694, 'unroll': 4, 'update_epoch': 15, 'discount': 0.9362030461743029, 'lr': 0.00041601388137850356, 'entropy': 0.000636844238127384}. Best is trial 139 with value: -5579.39599609375.[0m
[32m[I 2022-01-10 20:51:06,619][0m Trial 151 finished with value: -4914.5224609375 and parameters: {'r_scaling': 0.11147861393800064, 'unroll': 3, 'update_epoch': 14, 'discount': 0.9421000525099492, 'lr': 0.0003535312728632591, 'entropy': 0.0009135429127253734}. Best is trial 139 with value: -5579.39599609375.[0m
[32m[I 2022-01-10 20:53:47,567][0m Trial 152 finished with value: -5099.6259765625 and parameters: {'r_scaling': 0.09397181299534689, 'unroll': 3, 'update_epoch': 15, 'discount': 0.9398419621083948, 'lr': 0.00039709957338354067, 'entropy': 0.0011846238613390492}. Best is trial 139 with value: -5579.39599609375.[0m
[32m[I 2022-01-10 20:56:33,793][0m Trial 153 finished with value: -4744.3134765625 and parameters: {'r_scaling': 0.1335334217315022, 'unroll': 3, 'update_epoch': 14, 'discount': 0.9474960043346935, 'lr': 0.00033380265072635525, 'entropy': 0.0007306204079400978}. Best is trial 139 with value: -5579.39599609375.[0m
[32m[I 2022-01-10 20:59:16,071][0m Trial 154 finished with value: -5105.70849609375 and parameters: {'r_scaling': 0.20094716128260307, 'unroll': 2, 'update_epoch': 15, 'discount': 0.9516332950593656, 'lr': 0.0003003743799481678, 'entropy': 0.0004382668503410905}. Best is trial 139 with value: -5579.39599609375.[0m
[32m[I 2022-01-10 21:01:51,963][0m Trial 155 finished with value: -5090.287109375 and parameters: {'r_scaling': 0.16229814539466314, 'unroll': 3, 'update_epoch': 14, 'discount': 0.9566888753741365, 'lr': 0.00042849413279620407, 'entropy': 0.0003587133125329315}. Best is trial 139 with value: -5579.39599609375.[0m
[32m[I 2022-01-10 21:04:24,672][0m Trial 156 finished with value: -3324.942626953125 and parameters: {'r_scaling': 0.33803928395433125, 'unroll': 3, 'update_epoch': 15, 'discount': 0.9430298722176772, 'lr': 0.00037407011587110503, 'entropy': 0.0006043430946162862}. Best is trial 139 with value: -5579.39599609375.[0m
[32m[I 2022-01-10 21:06:40,468][0m Trial 157 finished with value: 100.44869995117188 and parameters: {'r_scaling': 0.2506872332734295, 'unroll': 4, 'update_epoch': 14, 'discount': 0.9496868292342268, 'lr': 0.0019463504357711857, 'entropy': 0.0005190603522535489}. Best is trial 139 with value: -5579.39599609375.[0m
[32m[I 2022-01-10 21:09:09,378][0m Trial 158 finished with value: -5178.30224609375 and parameters: {'r_scaling': 0.1321560697133444, 'unroll': 3, 'update_epoch': 15, 'discount': 0.9525159264620937, 'lr': 0.0005086716528528362, 'entropy': 0.0010206103439736474}. Best is trial 139 with value: -5579.39599609375.[0m
[32m[I 2022-01-10 21:11:33,652][0m Trial 159 finished with value: -4253.04638671875 and parameters: {'r_scaling': 0.07921982778056527, 'unroll': 2, 'update_epoch': 14, 'discount': 0.9462960353070828, 'lr': 0.00046916881800829153, 'entropy': 0.0007756444310700667}. Best is trial 139 with value: -5579.39599609375.[0m
[32m[I 2022-01-10 21:13:39,637][0m Trial 160 finished with value: -3171.94189453125 and parameters: {'r_scaling': 0.11412392360147595, 'unroll': 4, 'update_epoch': 14, 'discount': 0.9559793680744416, 'lr': 0.00043806527759067567, 'entropy': 0.0003911424334359463}. Best is trial 139 with value: -5579.39599609375.[0m
[32m[I 2022-01-10 21:15:46,696][0m Trial 161 finished with value: -5321.6416015625 and parameters: {'r_scaling': 0.18678434845191588, 'unroll': 3, 'update_epoch': 15, 'discount': 0.959328752456061, 'lr': 0.00040526099949923805, 'entropy': 0.000309363114404262}. Best is trial 139 with value: -5579.39599609375.[0m
[32m[I 2022-01-10 21:18:17,310][0m Trial 162 finished with value: -5302.2333984375 and parameters: {'r_scaling': 0.19779286807864158, 'unroll': 3, 'update_epoch': 15, 'discount': 0.9592311997657478, 'lr': 0.0004043133558371925, 'entropy': 0.0003240118736211292}. Best is trial 139 with value: -5579.39599609375.[0m
[32m[I 2022-01-10 21:20:39,066][0m Trial 163 finished with value: -5380.607421875 and parameters: {'r_scaling': 0.20257704785943484, 'unroll': 3, 'update_epoch': 15, 'discount': 0.9599474064105823, 'lr': 0.00045556458330071366, 'entropy': 0.0003065648314823342}. Best is trial 139 with value: -5579.39599609375.[0m
[32m[I 2022-01-10 21:23:08,267][0m Trial 164 finished with value: -5397.5615234375 and parameters: {'r_scaling': 0.19825330155104293, 'unroll': 3, 'update_epoch': 15, 'discount': 0.9598147852782081, 'lr': 0.00045907252430617523, 'entropy': 0.00031459679826166136}. Best is trial 139 with value: -5579.39599609375.[0m
[32m[I 2022-01-10 21:25:38,276][0m Trial 165 finished with value: -5165.00244140625 and parameters: {'r_scaling': 0.19208260834681615, 'unroll': 3, 'update_epoch': 15, 'discount': 0.9581411039769867, 'lr': 0.00045700593905998946, 'entropy': 0.00035529728244747765}. Best is trial 139 with value: -5579.39599609375.[0m
[32m[I 2022-01-10 21:28:09,307][0m Trial 166 finished with value: -4279.7880859375 and parameters: {'r_scaling': 0.24291456211901524, 'unroll': 2, 'update_epoch': 15, 'discount': 0.9617858792160375, 'lr': 0.0004107337373296093, 'entropy': 0.00030400678711420726}. Best is trial 139 with value: -5579.39599609375.[0m
[32m[I 2022-01-10 21:30:19,220][0m Trial 167 finished with value: -3141.03271484375 and parameters: {'r_scaling': 0.17413600995176703, 'unroll': 4, 'update_epoch': 15, 'discount': 0.9598756495763324, 'lr': 0.00048061757987526453, 'entropy': 0.0003096360660593779}. Best is trial 139 with value: -5579.39599609375.[0m
[32m[I 2022-01-10 21:32:43,568][0m Trial 168 finished with value: -5271.73095703125 and parameters: {'r_scaling': 0.30805000879354905, 'unroll': 3, 'update_epoch': 15, 'discount': 0.9580900524427695, 'lr': 0.00042959307821012824, 'entropy': 0.00022933461420835823}. Best is trial 139 with value: -5579.39599609375.[0m
[32m[I 2022-01-10 21:35:16,451][0m Trial 169 finished with value: -3435.841064453125 and parameters: {'r_scaling': 0.2997667492680713, 'unroll': 2, 'update_epoch': 15, 'discount': 0.9541592091114438, 'lr': 0.0004360084781723811, 'entropy': 0.00021411356741732248}. Best is trial 139 with value: -5579.39599609375.[0m
[32m[I 2022-01-10 21:37:44,316][0m Trial 170 finished with value: -5386.3720703125 and parameters: {'r_scaling': 0.21390833437243903, 'unroll': 3, 'update_epoch': 15, 'discount': 0.9622240663252329, 'lr': 0.00047824627094892176, 'entropy': 0.0002401169122533305}. Best is trial 139 with value: -5579.39599609375.[0m
[32m[I 2022-01-10 21:40:22,430][0m Trial 171 finished with value: -4872.8681640625 and parameters: {'r_scaling': 0.22701602414661168, 'unroll': 3, 'update_epoch': 15, 'discount': 0.9624544920505453, 'lr': 0.0004878825210873793, 'entropy': 0.00023001890666903363}. Best is trial 139 with value: -5579.39599609375.[0m
[32m[I 2022-01-10 21:42:29,671][0m Trial 172 finished with value: -2939.82275390625 and parameters: {'r_scaling': 0.19994954868053538, 'unroll': 3, 'update_epoch': 15, 'discount': 0.9570051314683102, 'lr': 0.00045617386305959096, 'entropy': 0.00032681318208161196}. Best is trial 139 with value: -5579.39599609375.[0m
[32m[I 2022-01-10 21:44:21,740][0m Trial 173 finished with value: 98.56753540039062 and parameters: {'r_scaling': 0.2843577657999991, 'unroll': 10, 'update_epoch': 15, 'discount': 0.9596587880633937, 'lr': 0.0005435340541602337, 'entropy': 0.00019691513931161745}. Best is trial 139 with value: -5579.39599609375.[0m
[32m[I 2022-01-10 21:47:04,439][0m Trial 174 finished with value: -5381.2900390625 and parameters: {'r_scaling': 0.15693643147527447, 'unroll': 3, 'update_epoch': 15, 'discount': 0.9562543722826566, 'lr': 0.0004127520617692413, 'entropy': 0.00023496076941325868}. Best is trial 139 with value: -5579.39599609375.[0m
[32m[I 2022-01-10 21:49:49,085][0m Trial 175 finished with value: -3124.60546875 and parameters: {'r_scaling': 0.15660539136894186, 'unroll': 7, 'update_epoch': 14, 'discount': 0.9554002533747843, 'lr': 0.0004048773968983658, 'entropy': 0.00025683887605805516}. Best is trial 139 with value: -5579.39599609375.[0m
[32m[I 2022-01-10 21:52:21,573][0m Trial 176 finished with value: -3481.94287109375 and parameters: {'r_scaling': 0.21021948624227924, 'unroll': 4, 'update_epoch': 15, 'discount': 0.9616582050753012, 'lr': 0.0005051454352643565, 'entropy': 0.00015296249950494238}. Best is trial 139 with value: -5579.39599609375.[0m
[32m[I 2022-01-10 21:54:51,139][0m Trial 177 finished with value: -4772.1650390625 and parameters: {'r_scaling': 0.12530882711684466, 'unroll': 3, 'update_epoch': 8, 'discount': 0.9632074495274425, 'lr': 0.00045758549386486127, 'entropy': 0.00028972887251745076}. Best is trial 139 with value: -5579.39599609375.[0m
[32m[I 2022-01-10 21:57:29,521][0m Trial 178 finished with value: -5101.60400390625 and parameters: {'r_scaling': 0.16856747932150143, 'unroll': 3, 'update_epoch': 15, 'discount': 0.953758047481568, 'lr': 0.00041586281959138984, 'entropy': 0.0003629391134808721}. Best is trial 139 with value: -5579.39599609375.[0m
[32m[I 2022-01-10 22:00:11,243][0m Trial 179 finished with value: -5182.22412109375 and parameters: {'r_scaling': 2.3361700416422853, 'unroll': 2, 'update_epoch': 14, 'discount': 0.9568729785845403, 'lr': 0.0003742253415751196, 'entropy': 0.0004750943130335983}. Best is trial 139 with value: -5579.39599609375.[0m
[32m[I 2022-01-10 22:02:46,253][0m Trial 180 finished with value: -4264.16064453125 and parameters: {'r_scaling': 0.2253376410963203, 'unroll': 3, 'update_epoch': 14, 'discount': 0.9600264638784901, 'lr': 0.0004819222216414806, 'entropy': 0.0003171044273824725}. Best is trial 139 with value: -5579.39599609375.[0m
[32m[I 2022-01-10 22:05:30,270][0m Trial 181 finished with value: -5341.392578125 and parameters: {'r_scaling': 0.26682810750129915, 'unroll': 3, 'update_epoch': 15, 'discount': 0.9581761498701359, 'lr': 0.0004339146986264767, 'entropy': 0.00024312329649976423}. Best is trial 139 with value: -5579.39599609375.[0m
[32m[I 2022-01-10 22:08:02,362][0m Trial 182 finished with value: -5184.1875 and parameters: {'r_scaling': 0.25727438512531986, 'unroll': 3, 'update_epoch': 15, 'discount': 0.9582376964905734, 'lr': 0.0004390797803026877, 'entropy': 0.00025587320310041387}. Best is trial 139 with value: -5579.39599609375.[0m
[32m[I 2022-01-10 22:10:35,095][0m Trial 183 finished with value: -5286.73193359375 and parameters: {'r_scaling': 0.14724740729626598, 'unroll': 3, 'update_epoch': 15, 'discount': 0.9561565547692523, 'lr': 0.0003950948696902003, 'entropy': 0.0001781265991534667}. Best is trial 139 with value: -5579.39599609375.[0m
[32m[I 2022-01-10 22:13:11,271][0m Trial 184 finished with value: -4546.6884765625 and parameters: {'r_scaling': 0.19092433099961584, 'unroll': 2, 'update_epoch': 15, 'discount': 0.9546133928797449, 'lr': 0.00039663707043124095, 'entropy': 0.00018795796230216855}. Best is trial 139 with value: -5579.39599609375.[0m
[32m[I 2022-01-10 22:15:30,500][0m Trial 185 finished with value: -3287.662841796875 and parameters: {'r_scaling': 0.1503511641779968, 'unroll': 4, 'update_epoch': 15, 'discount': 0.9507777771672172, 'lr': 0.0003790415159356182, 'entropy': 0.000126343562149508}. Best is trial 139 with value: -5579.39599609375.[0m
[32m[I 2022-01-10 22:17:26,720][0m Trial 186 finished with value: 98.34747314453125 and parameters: {'r_scaling': 0.17144432922997369, 'unroll': 11, 'update_epoch': 15, 'discount': 0.9554772017153271, 'lr': 0.00041112157721410336, 'entropy': 0.00016815298098641883}. Best is trial 139 with value: -5579.39599609375.[0m
[32m[I 2022-01-10 22:19:51,585][0m Trial 187 finished with value: -5590.0498046875 and parameters: {'r_scaling': 0.24929620535080937, 'unroll': 3, 'update_epoch': 15, 'discount': 0.9598325706157995, 'lr': 0.00044742481278110076, 'entropy': 0.000244946286464613}. Best is trial 187 with value: -5590.0498046875.[0m
[32m[I 2022-01-10 22:22:14,886][0m Trial 188 finished with value: -5066.48095703125 and parameters: {'r_scaling': 1.4819173144959206, 'unroll': 3, 'update_epoch': 15, 'discount': 0.9637873968215183, 'lr': 0.0004542440810654294, 'entropy': 0.00021513290863247562}. Best is trial 187 with value: -5590.0498046875.[0m
[32m[I 2022-01-10 22:24:34,195][0m Trial 189 finished with value: -5152.4140625 and parameters: {'r_scaling': 0.25078377683642356, 'unroll': 3, 'update_epoch': 14, 'discount': 0.9606094396548268, 'lr': 0.00043245475226556443, 'entropy': 0.00028075603140005184}. Best is trial 187 with value: -5590.0498046875.[0m
[32m[I 2022-01-10 22:27:17,074][0m Trial 190 finished with value: -3479.467529296875 and parameters: {'r_scaling': 0.21054420766094314, 'unroll': 2, 'update_epoch': 15, 'discount': 0.952951744461397, 'lr': 0.0005169756902103699, 'entropy': 0.00024580605163032284}. Best is trial 187 with value: -5590.0498046875.[0m
[32m[I 2022-01-10 22:29:43,442][0m Trial 191 finished with value: -5241.88134765625 and parameters: {'r_scaling': 0.14081035598217448, 'unroll': 3, 'update_epoch': 15, 'discount': 0.95619043385953, 'lr': 0.0004019611021704565, 'entropy': 0.00021089871528541686}. Best is trial 187 with value: -5590.0498046875.[0m
[32m[I 2022-01-10 22:31:51,194][0m Trial 192 finished with value: -5328.91552734375 and parameters: {'r_scaling': 0.26246576275426414, 'unroll': 3, 'update_epoch': 15, 'discount': 0.9595656014921806, 'lr': 0.00046660663726312974, 'entropy': 0.0003210108348982658}. Best is trial 187 with value: -5590.0498046875.[0m
[32m[I 2022-01-10 22:34:16,956][0m Trial 193 finished with value: -5246.0361328125 and parameters: {'r_scaling': 0.3260413579500924, 'unroll': 3, 'update_epoch': 15, 'discount': 0.9613050423533324, 'lr': 0.0004804251025406312, 'entropy': 0.0003341132446416709}. Best is trial 187 with value: -5590.0498046875.[0m
[32m[I 2022-01-10 22:36:39,913][0m Trial 194 finished with value: -5340.07421875 and parameters: {'r_scaling': 0.4175458342804892, 'unroll': 3, 'update_epoch': 15, 'discount': 0.9588942213606994, 'lr': 0.0004663813351908855, 'entropy': 0.00040723219937039464}. Best is trial 187 with value: -5590.0498046875.[0m
[32m[I 2022-01-10 22:38:40,169][0m Trial 195 finished with value: -2343.572998046875 and parameters: {'r_scaling': 0.259904857097132, 'unroll': 4, 'update_epoch': 4, 'discount': 0.9643945326578716, 'lr': 0.0005305707517227555, 'entropy': 0.00038786763004625775}. Best is trial 187 with value: -5590.0498046875.[0m
[32m[I 2022-01-10 22:41:04,078][0m Trial 196 finished with value: -3978.751953125 and parameters: {'r_scaling': 0.5388919674847259, 'unroll': 3, 'update_epoch': 14, 'discount': 0.9483076553708487, 'lr': 0.000453192265298403, 'entropy': 0.0002919386067029514}. Best is trial 187 with value: -5590.0498046875.[0m
[32m[I 2022-01-10 22:43:32,549][0m Trial 197 finished with value: -4551.9775390625 and parameters: {'r_scaling': 0.4080095809038071, 'unroll': 2, 'update_epoch': 15, 'discount': 0.9590212827552438, 'lr': 0.00047523852399385255, 'entropy': 0.0003928145561074406}. Best is trial 187 with value: -5590.0498046875.[0m
[32m[I 2022-01-10 22:45:59,737][0m Trial 198 finished with value: -5427.21728515625 and parameters: {'r_scaling': 0.28670165236829775, 'unroll': 3, 'update_epoch': 15, 'discount': 0.9619848227303861, 'lr': 0.00042991796472605093, 'entropy': 0.0002559906939916125}. Best is trial 187 with value: -5590.0498046875.[0m
[32m[I 2022-01-10 22:48:13,563][0m Trial 199 finished with value: -3258.641357421875 and parameters: {'r_scaling': 0.34579404808890774, 'unroll': 4, 'update_epoch': 15, 'discount': 0.9628114439240854, 'lr': 0.0004289794612305918, 'entropy': 0.00026606906643086847}. Best is trial 187 with value: -5590.0498046875.[0m
