[32m[I 2022-01-13 03:36:18,088][0m Trial 138 finished with value: 97.78265380859375 and parameters: {'r_scaling': 0.2624417903399106, 'unroll': 2, 'update_epoch': 14, 'discount': 0.963809871954653, 'lr': 0.00030762423535687623, 'entropy': 0.009074383962344662}. Best is trial 134 with value: -2266.1064453125.[0m
[32m[I 2022-01-13 03:38:42,228][0m Trial 139 finished with value: -2216.0107421875 and parameters: {'r_scaling': 0.1884958016771029, 'unroll': 1, 'update_epoch': 15, 'discount': 0.9646839827398572, 'lr': 0.0003334712430134328, 'entropy': 0.011700319244653428}. Best is trial 134 with value: -2266.1064453125.[0m
[32m[I 2022-01-13 03:41:06,565][0m Trial 140 finished with value: -2331.33544921875 and parameters: {'r_scaling': 0.2310190037938505, 'unroll': 1, 'update_epoch': 15, 'discount': 0.9652479215031473, 'lr': 0.000331610859573403, 'entropy': 0.01120977053495917}. Best is trial 140 with value: -2331.33544921875.[0m
[32m[I 2022-01-13 03:43:25,733][0m Trial 141 finished with value: -2187.2412109375 and parameters: {'r_scaling': 0.17584871336365315, 'unroll': 1, 'update_epoch': 15, 'discount': 0.9656474754820554, 'lr': 0.00033512351049994245, 'entropy': 0.011614821197553755}. Best is trial 140 with value: -2331.33544921875.[0m
[32m[I 2022-01-13 03:45:18,301][0m Trial 142 finished with value: -2254.1962890625 and parameters: {'r_scaling': 0.20625086573201729, 'unroll': 1, 'update_epoch': 15, 'discount': 0.9647226343784728, 'lr': 0.00033223590891940573, 'entropy': 0.011581893516608557}. Best is trial 140 with value: -2331.33544921875.[0m
[32m[I 2022-01-13 03:47:08,734][0m Trial 143 finished with value: -2188.834228515625 and parameters: {'r_scaling': 0.1761568345835938, 'unroll': 1, 'update_epoch': 15, 'discount': 0.9649185878917298, 'lr': 0.0003271413096053658, 'entropy': 0.007581539785340264}. Best is trial 140 with value: -2331.33544921875.[0m
[32m[I 2022-01-13 03:49:18,955][0m Trial 144 finished with value: -2113.25390625 and parameters: {'r_scaling': 0.17135981689435242, 'unroll': 1, 'update_epoch': 15, 'discount': 0.9646003577437529, 'lr': 0.0003316192862815458, 'entropy': 0.011472047486456168}. Best is trial 140 with value: -2331.33544921875.[0m
[32m[I 2022-01-13 03:51:29,632][0m Trial 145 finished with value: 96.67788696289062 and parameters: {'r_scaling': 0.14945061104131996, 'unroll': 2, 'update_epoch': 15, 'discount': 0.9625869582102968, 'lr': 0.0003522969371626245, 'entropy': 0.00979567736705843}. Best is trial 140 with value: -2331.33544921875.[0m
[32m[I 2022-01-13 03:53:47,717][0m Trial 146 finished with value: -2299.50146484375 and parameters: {'r_scaling': 0.2390346014901766, 'unroll': 1, 'update_epoch': 15, 'discount': 0.9652903742944727, 'lr': 0.00033677339655957306, 'entropy': 0.01160590600932749}. Best is trial 140 with value: -2331.33544921875.[0m
[32m[I 2022-01-13 03:55:29,902][0m Trial 147 finished with value: 102.19972229003906 and parameters: {'r_scaling': 0.2351594553511999, 'unroll': 2, 'update_epoch': 15, 'discount': 0.9652713514834574, 'lr': 0.0003304972264568828, 'entropy': 0.006104677824153547}. Best is trial 140 with value: -2331.33544921875.[0m
[32m[I 2022-01-13 03:58:02,265][0m Trial 148 finished with value: -2309.7685546875 and parameters: {'r_scaling': 0.1935363193098586, 'unroll': 1, 'update_epoch': 15, 'discount': 0.9611645049938097, 'lr': 0.00030819706723882645, 'entropy': 0.012011661840850629}. Best is trial 140 with value: -2331.33544921875.[0m
[32m[I 2022-01-13 03:59:51,082][0m Trial 149 finished with value: -2156.231689453125 and parameters: {'r_scaling': 0.19708402975203182, 'unroll': 1, 'update_epoch': 15, 'discount': 0.960380791806681, 'lr': 0.0003552784251410974, 'entropy': 0.01107148811518103}. Best is trial 140 with value: -2331.33544921875.[0m
[32m[I 2022-01-13 04:02:26,213][0m Trial 150 finished with value: 98.9618911743164 and parameters: {'r_scaling': 0.1929730034748262, 'unroll': 12, 'update_epoch': 15, 'discount': 0.9634247960013976, 'lr': 0.0003513301582355506, 'entropy': 0.011476913038093296}. Best is trial 140 with value: -2331.33544921875.[0m
[32m[I 2022-01-13 04:05:24,199][0m Trial 151 finished with value: -2246.58837890625 and parameters: {'r_scaling': 0.21749532104475305, 'unroll': 1, 'update_epoch': 15, 'discount': 0.9602002936586395, 'lr': 0.00036775855820903844, 'entropy': 0.007279509405630574}. Best is trial 140 with value: -2331.33544921875.[0m
[32m[I 2022-01-13 04:08:21,903][0m Trial 152 finished with value: -2315.3037109375 and parameters: {'r_scaling': 0.22583666043045122, 'unroll': 1, 'update_epoch': 15, 'discount': 0.9608574402897502, 'lr': 0.00036136866230996315, 'entropy': 0.00712587306171565}. Best is trial 140 with value: -2331.33544921875.[0m
[32m[I 2022-01-13 04:10:10,005][0m Trial 153 finished with value: -2282.06005859375 and parameters: {'r_scaling': 0.2253405445190455, 'unroll': 1, 'update_epoch': 15, 'discount': 0.9602641696586335, 'lr': 0.00037686872016215017, 'entropy': 0.0074305670126455095}. Best is trial 140 with value: -2331.33544921875.[0m
[32m[I 2022-01-13 04:12:00,539][0m Trial 154 finished with value: -2244.012939453125 and parameters: {'r_scaling': 0.22488544769255342, 'unroll': 1, 'update_epoch': 15, 'discount': 0.9602206826397425, 'lr': 0.0003944636188987557, 'entropy': 0.005395294812942158}. Best is trial 140 with value: -2331.33544921875.[0m
[32m[I 2022-01-13 04:13:33,934][0m Trial 155 finished with value: 99.49274444580078 and parameters: {'r_scaling': 0.13933715583471074, 'unroll': 2, 'update_epoch': 15, 'discount': 0.9644783744742744, 'lr': 0.0003975978833974279, 'entropy': 0.007258396067818885}. Best is trial 140 with value: -2331.33544921875.[0m
[32m[I 2022-01-13 04:15:21,663][0m Trial 156 finished with value: -2358.99267578125 and parameters: {'r_scaling': 0.22885758412957177, 'unroll': 1, 'update_epoch': 15, 'discount': 0.9695930229684823, 'lr': 0.0003719364499068795, 'entropy': 0.005289626478327655}. Best is trial 156 with value: -2358.99267578125.[0m
[32m[I 2022-01-13 04:17:54,091][0m Trial 157 finished with value: 95.26713562011719 and parameters: {'r_scaling': 0.2375030572882867, 'unroll': 2, 'update_epoch': 15, 'discount': 0.9694064887801743, 'lr': 0.00037554342160603485, 'entropy': 0.007235847118172304}. Best is trial 156 with value: -2358.99267578125.[0m
[32m[I 2022-01-13 04:20:24,049][0m Trial 158 finished with value: -2225.458984375 and parameters: {'r_scaling': 0.08806395731648113, 'unroll': 1, 'update_epoch': 15, 'discount': 0.9664619401206151, 'lr': 0.0003336121876309677, 'entropy': 0.004661141869497357}. Best is trial 156 with value: -2358.99267578125.[0m
[32m[I 2022-01-13 04:22:50,889][0m Trial 159 finished with value: -2118.040283203125 and parameters: {'r_scaling': 0.09135171327778807, 'unroll': 1, 'update_epoch': 15, 'discount': 0.9661655497642452, 'lr': 0.0003708791947998404, 'entropy': 0.0046723377543519806}. Best is trial 156 with value: -2358.99267578125.[0m
[32m[I 2022-01-13 04:24:25,923][0m Trial 160 finished with value: 97.17324829101562 and parameters: {'r_scaling': 0.17333482571628317, 'unroll': 2, 'update_epoch': 15, 'discount': 0.9629807658669112, 'lr': 0.00033351906348689294, 'entropy': 0.005351991601016727}. Best is trial 156 with value: -2358.99267578125.[0m
[32m[I 2022-01-13 04:26:12,598][0m Trial 161 finished with value: -2316.428955078125 and parameters: {'r_scaling': 0.11515428940957095, 'unroll': 1, 'update_epoch': 15, 'discount': 0.965365583685141, 'lr': 0.00032253189565109813, 'entropy': 0.005771455769794386}. Best is trial 156 with value: -2358.99267578125.[0m
[32m[I 2022-01-13 04:27:59,308][0m Trial 162 finished with value: -2159.5390625 and parameters: {'r_scaling': 0.11463240535150175, 'unroll': 1, 'update_epoch': 14, 'discount': 0.9659225439903318, 'lr': 0.00038492359713656883, 'entropy': 0.005924850991575119}. Best is trial 156 with value: -2358.99267578125.[0m
[32m[I 2022-01-13 04:30:21,996][0m Trial 163 finished with value: -2200.2529296875 and parameters: {'r_scaling': 0.15632001612231572, 'unroll': 1, 'update_epoch': 15, 'discount': 0.9622678081164162, 'lr': 0.0003214502943397541, 'entropy': 0.007896502994624218}. Best is trial 156 with value: -2358.99267578125.[0m
[32m[I 2022-01-13 04:32:37,888][0m Trial 164 finished with value: -2203.644287109375 and parameters: {'r_scaling': 0.09474060159025112, 'unroll': 1, 'update_epoch': 15, 'discount': 0.960668908744967, 'lr': 0.0003360048647070071, 'entropy': 0.004561616923593664}. Best is trial 156 with value: -2358.99267578125.[0m
[32m[I 2022-01-13 04:35:03,873][0m Trial 165 finished with value: -2069.12939453125 and parameters: {'r_scaling': 0.09209904219228368, 'unroll': 1, 'update_epoch': 15, 'discount': 0.9613602210814542, 'lr': 0.00041097293077926736, 'entropy': 0.0041240416891117505}. Best is trial 156 with value: -2358.99267578125.[0m
[32m[I 2022-01-13 04:37:18,530][0m Trial 166 finished with value: 93.29750061035156 and parameters: {'r_scaling': 0.06281196026909952, 'unroll': 2, 'update_epoch': 15, 'discount': 0.9602798665203192, 'lr': 0.0003613536258972568, 'entropy': 0.004972849386151585}. Best is trial 156 with value: -2358.99267578125.[0m
[32m[I 2022-01-13 04:39:47,037][0m Trial 167 finished with value: -2243.3828125 and parameters: {'r_scaling': 0.1289324228470733, 'unroll': 1, 'update_epoch': 15, 'discount': 0.9626934105226641, 'lr': 0.0003231357495423912, 'entropy': 0.00601579821402918}. Best is trial 156 with value: -2358.99267578125.[0m
[32m[I 2022-01-13 04:41:54,742][0m Trial 168 finished with value: -2242.130859375 and parameters: {'r_scaling': 0.12812027070484086, 'unroll': 1, 'update_epoch': 15, 'discount': 0.9628042218335231, 'lr': 0.0003873688149684994, 'entropy': 0.0031924747992238514}. Best is trial 156 with value: -2358.99267578125.[0m
[32m[I 2022-01-13 04:44:00,389][0m Trial 169 finished with value: -1985.48974609375 and parameters: {'r_scaling': 0.12756176135633723, 'unroll': 1, 'update_epoch': 14, 'discount': 0.968058882479359, 'lr': 0.00038547230136328414, 'entropy': 0.0033083506627508905}. Best is trial 156 with value: -2358.99267578125.[0m
[32m[I 2022-01-13 04:45:35,884][0m Trial 170 finished with value: 95.59735107421875 and parameters: {'r_scaling': 0.10274298658947402, 'unroll': 2, 'update_epoch': 15, 'discount': 0.9629620477877675, 'lr': 0.00035319459658120846, 'entropy': 0.004026665576922237}. Best is trial 156 with value: -2358.99267578125.[0m
[32m[I 2022-01-13 04:47:50,693][0m Trial 171 finished with value: -2167.537109375 and parameters: {'r_scaling': 0.1482976874517448, 'unroll': 1, 'update_epoch': 15, 'discount': 0.9618944473034928, 'lr': 0.0003179523271278218, 'entropy': 0.0052285163149494015}. Best is trial 156 with value: -2358.99267578125.[0m
[32m[I 2022-01-13 04:50:00,423][0m Trial 172 finished with value: -2093.8232421875 and parameters: {'r_scaling': 0.08457437988507849, 'unroll': 1, 'update_epoch': 15, 'discount': 0.9603935531247756, 'lr': 0.00034434893283338147, 'entropy': 0.006568883339260446}. Best is trial 156 with value: -2358.99267578125.[0m
[32m[I 2022-01-13 04:51:50,827][0m Trial 173 finished with value: -2195.57666015625 and parameters: {'r_scaling': 0.11880910145676794, 'unroll': 1, 'update_epoch': 15, 'discount': 0.9635212025142601, 'lr': 0.0003680520017810326, 'entropy': 0.0027727373577304706}. Best is trial 156 with value: -2358.99267578125.[0m
[32m[I 2022-01-13 04:54:18,496][0m Trial 174 finished with value: -2261.502685546875 and parameters: {'r_scaling': 0.21279679958607875, 'unroll': 1, 'update_epoch': 14, 'discount': 0.9599413072275624, 'lr': 0.0004109257042142004, 'entropy': 0.005690792514010697}. Best is trial 156 with value: -2358.99267578125.[0m
[32m[I 2022-01-13 04:56:06,260][0m Trial 175 finished with value: -2288.257568359375 and parameters: {'r_scaling': 0.21537364155196856, 'unroll': 1, 'update_epoch': 14, 'discount': 0.9599101304902429, 'lr': 0.0004060936693693744, 'entropy': 0.005766887234644454}. Best is trial 156 with value: -2358.99267578125.[0m
[32m[I 2022-01-13 04:58:31,353][0m Trial 176 finished with value: -1980.36767578125 and parameters: {'r_scaling': 0.13518389446661117, 'unroll': 1, 'update_epoch': 14, 'discount': 0.9672911657233921, 'lr': 0.0003928515702263351, 'entropy': 0.005988037381706447}. Best is trial 156 with value: -2358.99267578125.[0m
[32m[I 2022-01-13 05:01:15,680][0m Trial 177 finished with value: -2319.821044921875 and parameters: {'r_scaling': 0.24148721356414043, 'unroll': 1, 'update_epoch': 14, 'discount': 0.9599392410113935, 'lr': 0.0004217161225980835, 'entropy': 0.0058085093598072585}. Best is trial 156 with value: -2358.99267578125.[0m
[32m[I 2022-01-13 05:03:32,945][0m Trial 178 finished with value: 97.64926147460938 and parameters: {'r_scaling': 0.22551516312972156, 'unroll': 2, 'update_epoch': 14, 'discount': 0.959342361826564, 'lr': 0.00042073992344718834, 'entropy': 0.005432954370331608}. Best is trial 156 with value: -2358.99267578125.[0m
[32m[I 2022-01-13 05:05:20,486][0m Trial 179 finished with value: -2226.72021484375 and parameters: {'r_scaling': 0.2187826836972615, 'unroll': 1, 'update_epoch': 14, 'discount': 0.9593229351868482, 'lr': 0.00041439936731755243, 'entropy': 0.006397529688505439}. Best is trial 156 with value: -2358.99267578125.[0m
[32m[I 2022-01-13 05:07:40,936][0m Trial 180 finished with value: -2150.3779296875 and parameters: {'r_scaling': 0.22494764468967038, 'unroll': 1, 'update_epoch': 14, 'discount': 0.9600557653086581, 'lr': 0.0004315979865895546, 'entropy': 0.006138860814590102}. Best is trial 156 with value: -2358.99267578125.[0m
[32m[I 2022-01-13 05:10:10,812][0m Trial 181 finished with value: -2138.41552734375 and parameters: {'r_scaling': 0.2167992616643274, 'unroll': 1, 'update_epoch': 14, 'discount': 0.9630133843865553, 'lr': 0.00041302125526705957, 'entropy': 0.0034816285416257465}. Best is trial 156 with value: -2358.99267578125.[0m
[32m[I 2022-01-13 05:12:35,365][0m Trial 182 finished with value: -1752.88818359375 and parameters: {'r_scaling': 0.19905714173884767, 'unroll': 1, 'update_epoch': 14, 'discount': 0.9588897072916372, 'lr': 0.00039451427357059467, 'entropy': 0.004200489146499977}. Best is trial 156 with value: -2358.99267578125.[0m
[32m[I 2022-01-13 05:15:12,125][0m Trial 183 finished with value: -2241.293701171875 and parameters: {'r_scaling': 0.29399988403083605, 'unroll': 1, 'update_epoch': 14, 'discount': 0.9611723889608249, 'lr': 0.0003706141547116737, 'entropy': 0.005437176574696417}. Best is trial 156 with value: -2358.99267578125.[0m
[32m[I 2022-01-13 05:17:38,743][0m Trial 184 finished with value: -2344.334716796875 and parameters: {'r_scaling': 0.318741421787959, 'unroll': 1, 'update_epoch': 14, 'discount': 0.9612331280331838, 'lr': 0.0003645500593121059, 'entropy': 0.006865152658944693}. Best is trial 156 with value: -2358.99267578125.[0m
[32m[I 2022-01-13 05:20:09,440][0m Trial 185 finished with value: -2257.132568359375 and parameters: {'r_scaling': 0.30342758526517477, 'unroll': 1, 'update_epoch': 14, 'discount': 0.961421511434522, 'lr': 0.00037034473296339375, 'entropy': 0.008272875943396742}. Best is trial 156 with value: -2358.99267578125.[0m
[32m[I 2022-01-13 05:22:20,764][0m Trial 186 finished with value: 99.15876007080078 and parameters: {'r_scaling': 0.2602638870329835, 'unroll': 2, 'update_epoch': 14, 'discount': 0.9557445550563343, 'lr': 0.00036955386163307495, 'entropy': 0.00898391910948679}. Best is trial 156 with value: -2358.99267578125.[0m
[32m[I 2022-01-13 05:25:13,698][0m Trial 187 finished with value: -2282.262939453125 and parameters: {'r_scaling': 0.3306175246580922, 'unroll': 1, 'update_epoch': 15, 'discount': 0.9636837759110967, 'lr': 0.0003910325244929115, 'entropy': 0.00763661235976714}. Best is trial 156 with value: -2358.99267578125.[0m
[32m[I 2022-01-13 05:27:05,610][0m Trial 188 finished with value: -2227.61572265625 and parameters: {'r_scaling': 0.32408642081712125, 'unroll': 1, 'update_epoch': 15, 'discount': 0.9688912138640234, 'lr': 0.0003551575802407504, 'entropy': 0.008045472986648993}. Best is trial 156 with value: -2358.99267578125.[0m
[32m[I 2022-01-13 05:29:31,473][0m Trial 189 finished with value: -2069.9814453125 and parameters: {'r_scaling': 0.2509489588261344, 'unroll': 1, 'update_epoch': 14, 'discount': 0.9641660043255695, 'lr': 0.00046993500335118553, 'entropy': 0.009605052250401383}. Best is trial 156 with value: -2358.99267578125.[0m
[32m[I 2022-01-13 05:31:34,426][0m Trial 190 finished with value: 98.37571716308594 and parameters: {'r_scaling': 0.32556531364746805, 'unroll': 2, 'update_epoch': 15, 'discount': 0.9617034280170645, 'lr': 0.0003100344177204134, 'entropy': 0.0073652820513468945}. Best is trial 156 with value: -2358.99267578125.[0m
[32m[I 2022-01-13 05:33:42,338][0m Trial 191 finished with value: -2237.140625 and parameters: {'r_scaling': 0.15658152790049765, 'unroll': 1, 'update_epoch': 15, 'discount': 0.9627444001880431, 'lr': 0.00039084461108214214, 'entropy': 0.006607716751455521}. Best is trial 156 with value: -2358.99267578125.[0m
[32m[I 2022-01-13 05:36:05,977][0m Trial 192 finished with value: -2208.578369140625 and parameters: {'r_scaling': 0.19680618466713248, 'unroll': 1, 'update_epoch': 15, 'discount': 0.9641930665169512, 'lr': 0.00043215389266697913, 'entropy': 0.008216006929517575}. Best is trial 156 with value: -2358.99267578125.[0m
[32m[I 2022-01-13 05:38:28,920][0m Trial 193 finished with value: -2306.420166015625 and parameters: {'r_scaling': 0.28048426371066704, 'unroll': 1, 'update_epoch': 15, 'discount': 0.9580578421336269, 'lr': 0.0003779888402073441, 'entropy': 0.001972037950407467}. Best is trial 156 with value: -2358.99267578125.[0m
[32m[I 2022-01-13 05:40:55,370][0m Trial 194 finished with value: -2350.71923828125 and parameters: {'r_scaling': 0.2667147786752464, 'unroll': 1, 'update_epoch': 14, 'discount': 0.9575268348814205, 'lr': 0.00036963524953069406, 'entropy': 0.007091379152660143}. Best is trial 156 with value: -2358.99267578125.[0m
[32m[I 2022-01-13 05:42:31,671][0m Trial 195 finished with value: 96.64946746826172 and parameters: {'r_scaling': 0.2913699597983647, 'unroll': 5, 'update_epoch': 14, 'discount': 0.9573253327314712, 'lr': 0.000408558575896371, 'entropy': 0.0020034293965394533}. Best is trial 156 with value: -2358.99267578125.[0m
[32m[I 2022-01-13 05:45:05,848][0m Trial 196 finished with value: -2301.6181640625 and parameters: {'r_scaling': 0.2431763594078473, 'unroll': 1, 'update_epoch': 14, 'discount': 0.9554631066281578, 'lr': 0.00036137613948691844, 'entropy': 0.0013275522527242329}. Best is trial 156 with value: -2358.99267578125.[0m
[32m[I 2022-01-13 05:47:31,057][0m Trial 197 finished with value: 98.548583984375 and parameters: {'r_scaling': 0.25268105449716405, 'unroll': 2, 'update_epoch': 14, 'discount': 0.9547047546943751, 'lr': 0.00035836030682763465, 'entropy': 0.009318815978474542}. Best is trial 156 with value: -2358.99267578125.[0m
[32m[I 2022-01-13 05:49:53,417][0m Trial 198 finished with value: -2246.87255859375 and parameters: {'r_scaling': 0.3467088319269323, 'unroll': 1, 'update_epoch': 14, 'discount': 0.9562949677012618, 'lr': 0.0003694849405823213, 'entropy': 0.001440643674124237}. Best is trial 156 with value: -2358.99267578125.[0m
[32m[I 2022-01-13 05:52:10,543][0m Trial 199 finished with value: -2240.35693359375 and parameters: {'r_scaling': 0.3453991090169826, 'unroll': 1, 'update_epoch': 14, 'discount': 0.9568148481776511, 'lr': 0.00034681590713354286, 'entropy': 0.001206973815078263}. Best is trial 156 with value: -2358.99267578125.[0m
