[32m[I 2022-01-10 17:38:31,789][0m Trial 69 finished with value: -3399.927490234375 and parameters: {'r_scaling': 0.20072204688031595, 'unroll': 1, 'update_epoch': 14, 'discount': 0.9614514452575916, 'lr': 0.0004117035823337048, 'entropy': 0.000997823663292386}. Best is trial 65 with value: -5305.048828125.[0m
[32m[I 2022-01-10 17:40:54,302][0m Trial 70 finished with value: -4379.8662109375 and parameters: {'r_scaling': 0.0846462336630786, 'unroll': 2, 'update_epoch': 14, 'discount': 0.9616543711054851, 'lr': 0.00010147627806587493, 'entropy': 0.0014107777676661338}. Best is trial 65 with value: -5305.048828125.[0m
[32m[I 2022-01-10 17:43:04,665][0m Trial 71 finished with value: -4761.52490234375 and parameters: {'r_scaling': 0.0954230773205333, 'unroll': 3, 'update_epoch': 15, 'discount': 0.9531313278316207, 'lr': 0.00020295851871201596, 'entropy': 0.0010646720328872463}. Best is trial 65 with value: -5305.048828125.[0m
[32m[I 2022-01-10 17:45:27,972][0m Trial 72 finished with value: -5030.693359375 and parameters: {'r_scaling': 0.06152001119891448, 'unroll': 2, 'update_epoch': 15, 'discount': 0.9547895765015217, 'lr': 0.0002707692693297685, 'entropy': 0.0007616049808876393}. Best is trial 65 with value: -5305.048828125.[0m
[32m[I 2022-01-10 17:47:51,364][0m Trial 73 finished with value: -5016.58984375 and parameters: {'r_scaling': 0.05723031162440096, 'unroll': 2, 'update_epoch': 15, 'discount': 0.9549009368018087, 'lr': 0.000270783659490146, 'entropy': 0.0010755171462731256}. Best is trial 65 with value: -5305.048828125.[0m
[32m[I 2022-01-10 17:50:16,442][0m Trial 74 finished with value: -4425.1552734375 and parameters: {'r_scaling': 0.06357622226483428, 'unroll': 2, 'update_epoch': 15, 'discount': 0.9559177067079722, 'lr': 0.0002695292119220351, 'entropy': 0.0024483958401958837}. Best is trial 65 with value: -5305.048828125.[0m
[32m[I 2022-01-10 17:52:57,123][0m Trial 75 finished with value: -4672.9365234375 and parameters: {'r_scaling': 0.13405913784706486, 'unroll': 1, 'update_epoch': 15, 'discount': 0.963045563169466, 'lr': 0.00023552567853724407, 'entropy': 0.0007838630622276776}. Best is trial 65 with value: -5305.048828125.[0m
[32m[I 2022-01-10 17:55:18,448][0m Trial 76 finished with value: -5073.36376953125 and parameters: {'r_scaling': 0.05976481520146462, 'unroll': 2, 'update_epoch': 14, 'discount': 0.9590524379402697, 'lr': 0.00033902820697415364, 'entropy': 0.0012969538791382303}. Best is trial 65 with value: -5305.048828125.[0m
[32m[I 2022-01-10 17:57:32,273][0m Trial 77 finished with value: -5158.92041015625 and parameters: {'r_scaling': 0.056199343638652116, 'unroll': 2, 'update_epoch': 14, 'discount': 0.9588967178029149, 'lr': 0.0003381352952074032, 'entropy': 0.0014350294937944712}. Best is trial 65 with value: -5305.048828125.[0m
[32m[I 2022-01-10 17:59:53,692][0m Trial 78 finished with value: -4165.4482421875 and parameters: {'r_scaling': 0.05585923372998264, 'unroll': 1, 'update_epoch': 14, 'discount': 0.9705867376836022, 'lr': 0.0003345127962615254, 'entropy': 0.003421231335726429}. Best is trial 65 with value: -5305.048828125.[0m
[32m[I 2022-01-10 18:01:24,337][0m Trial 79 finished with value: 96.21229553222656 and parameters: {'r_scaling': 0.07116216352803902, 'unroll': 10, 'update_epoch': 14, 'discount': 0.9674861211793577, 'lr': 0.00036067639734787947, 'entropy': 0.001880539039450879}. Best is trial 65 with value: -5305.048828125.[0m
[32m[I 2022-01-10 18:03:32,080][0m Trial 80 finished with value: -4507.16552734375 and parameters: {'r_scaling': 0.06589855697770634, 'unroll': 2, 'update_epoch': 14, 'discount': 0.9505803887688504, 'lr': 0.00027996524935371917, 'entropy': 0.001397409085088057}. Best is trial 65 with value: -5305.048828125.[0m
[32m[I 2022-01-10 18:06:03,501][0m Trial 81 finished with value: -4245.72998046875 and parameters: {'r_scaling': 5.986513281477877, 'unroll': 2, 'update_epoch': 15, 'discount': 0.958718815323242, 'lr': 0.0002538731330925556, 'entropy': 0.0008947730666003121}. Best is trial 65 with value: -5305.048828125.[0m
[32m[I 2022-01-10 18:08:37,048][0m Trial 82 finished with value: -4809.21484375 and parameters: {'r_scaling': 0.07670165856607931, 'unroll': 1, 'update_epoch': 15, 'discount': 0.9601686254279554, 'lr': 0.0003221040557460054, 'entropy': 0.00047659807031378936}. Best is trial 65 with value: -5305.048828125.[0m
[32m[I 2022-01-10 18:11:09,047][0m Trial 83 finished with value: -4842.4853515625 and parameters: {'r_scaling': 0.09591388542154808, 'unroll': 2, 'update_epoch': 15, 'discount': 0.9645749430357287, 'lr': 0.0002838189659000143, 'entropy': 0.0050262527952168205}. Best is trial 65 with value: -5305.048828125.[0m
[32m[I 2022-01-10 18:13:09,766][0m Trial 84 finished with value: 97.02981567382812 and parameters: {'r_scaling': 0.05718036918367885, 'unroll': 13, 'update_epoch': 14, 'discount': 0.9547051106113473, 'lr': 0.0003828126027306256, 'entropy': 0.0013028636594976971}. Best is trial 65 with value: -5305.048828125.[0m
[32m[I 2022-01-10 18:15:39,199][0m Trial 85 finished with value: -5268.16650390625 and parameters: {'r_scaling': 0.18139733208081507, 'unroll': 3, 'update_epoch': 15, 'discount': 0.9582529310776885, 'lr': 0.00035274666323784667, 'entropy': 0.0006118407661607235}. Best is trial 65 with value: -5305.048828125.[0m
[32m[I 2022-01-10 18:17:33,083][0m Trial 86 finished with value: -2691.853515625 and parameters: {'r_scaling': 0.05840714196838117, 'unroll': 4, 'update_epoch': 14, 'discount': 0.9522065276405867, 'lr': 0.0003428621008551967, 'entropy': 0.0006181423458178322}. Best is trial 65 with value: -5305.048828125.[0m
[32m[I 2022-01-10 18:19:54,659][0m Trial 87 finished with value: -5357.4013671875 and parameters: {'r_scaling': 0.12964124538367022, 'unroll': 3, 'update_epoch': 13, 'discount': 0.9571073063711575, 'lr': 0.00047821511016878175, 'entropy': 0.0016664005533538154}. Best is trial 87 with value: -5357.4013671875.[0m
[32m[I 2022-01-10 18:22:03,783][0m Trial 88 finished with value: -5281.572265625 and parameters: {'r_scaling': 0.12495006993465368, 'unroll': 3, 'update_epoch': 13, 'discount': 0.9577819238548584, 'lr': 0.0004922326202743772, 'entropy': 0.0005320606646220659}. Best is trial 87 with value: -5357.4013671875.[0m
[32m[I 2022-01-10 18:24:24,006][0m Trial 89 finished with value: -5120.9091796875 and parameters: {'r_scaling': 0.12515724897731892, 'unroll': 3, 'update_epoch': 13, 'discount': 0.9584320035336993, 'lr': 0.0004895766004649561, 'entropy': 0.0003427373565985678}. Best is trial 87 with value: -5357.4013671875.[0m
[32m[I 2022-01-10 18:26:22,870][0m Trial 90 finished with value: -2275.981201171875 and parameters: {'r_scaling': 0.17951965697457684, 'unroll': 5, 'update_epoch': 3, 'discount': 0.9590092561770449, 'lr': 0.0006034097626305344, 'entropy': 0.00032486503815374506}. Best is trial 87 with value: -5357.4013671875.[0m
[32m[I 2022-01-10 18:28:43,308][0m Trial 91 finished with value: -5402.9326171875 and parameters: {'r_scaling': 0.1297975877586851, 'unroll': 3, 'update_epoch': 13, 'discount': 0.9580833777549901, 'lr': 0.000491163318087078, 'entropy': 0.0005127121406993457}. Best is trial 91 with value: -5402.9326171875.[0m
[32m[I 2022-01-10 18:30:52,241][0m Trial 92 finished with value: -3262.00146484375 and parameters: {'r_scaling': 0.14355324748797685, 'unroll': 4, 'update_epoch': 13, 'discount': 0.9584573894705288, 'lr': 0.0004875703704393689, 'entropy': 0.000375029670787796}. Best is trial 91 with value: -5402.9326171875.[0m
[32m[I 2022-01-10 18:33:09,773][0m Trial 93 finished with value: -5221.916015625 and parameters: {'r_scaling': 0.12314101451311825, 'unroll': 3, 'update_epoch': 13, 'discount': 0.9651656004937433, 'lr': 0.0006049929029457379, 'entropy': 0.00026532131682086403}. Best is trial 91 with value: -5402.9326171875.[0m
[32m[I 2022-01-10 18:35:27,269][0m Trial 94 finished with value: -5087.89794921875 and parameters: {'r_scaling': 0.2148101260118865, 'unroll': 3, 'update_epoch': 13, 'discount': 0.9705367873925772, 'lr': 0.0007236800632002308, 'entropy': 0.00023743041405398783}. Best is trial 91 with value: -5402.9326171875.[0m
[32m[I 2022-01-10 18:37:42,803][0m Trial 95 finished with value: -3376.1640625 and parameters: {'r_scaling': 0.2320887873920283, 'unroll': 5, 'update_epoch': 13, 'discount': 0.9718692183649694, 'lr': 0.0007552589281027698, 'entropy': 0.00021763965377759114}. Best is trial 91 with value: -5402.9326171875.[0m
[32m[I 2022-01-10 18:39:46,515][0m Trial 96 finished with value: -5180.5205078125 and parameters: {'r_scaling': 0.38815834019960094, 'unroll': 3, 'update_epoch': 13, 'discount': 0.9655253554469563, 'lr': 0.0006014375626807698, 'entropy': 0.0002788915015521718}. Best is trial 91 with value: -5402.9326171875.[0m
[32m[I 2022-01-10 18:41:48,555][0m Trial 97 finished with value: -4482.478515625 and parameters: {'r_scaling': 0.3755793555031818, 'unroll': 3, 'update_epoch': 13, 'discount': 0.9648757149437587, 'lr': 0.0006027939419772529, 'entropy': 0.00019155997827146218}. Best is trial 91 with value: -5402.9326171875.[0m
[32m[I 2022-01-10 18:43:53,071][0m Trial 98 finished with value: -3268.509765625 and parameters: {'r_scaling': 0.12815794994618357, 'unroll': 4, 'update_epoch': 12, 'discount': 0.9671726276948862, 'lr': 0.0006195805483500542, 'entropy': 0.0004958412950789896}. Best is trial 91 with value: -5402.9326171875.[0m
[32m[I 2022-01-10 18:45:44,818][0m Trial 99 finished with value: -3887.477294921875 and parameters: {'r_scaling': 0.16650008524736357, 'unroll': 3, 'update_epoch': 6, 'discount': 0.976088487106877, 'lr': 0.0005247200512538535, 'entropy': 0.00040974819819728945}. Best is trial 91 with value: -5402.9326171875.[0m
[32m[I 2022-01-10 18:47:36,078][0m Trial 100 finished with value: -3873.011962890625 and parameters: {'r_scaling': 0.1801372881249953, 'unroll': 4, 'update_epoch': 13, 'discount': 0.9630030161633332, 'lr': 0.0004775225755085511, 'entropy': 0.0003137203810206457}. Best is trial 91 with value: -5402.9326171875.[0m
[32m[I 2022-01-10 18:49:52,228][0m Trial 101 finished with value: -5034.400390625 and parameters: {'r_scaling': 0.26522463619718967, 'unroll': 3, 'update_epoch': 13, 'discount': 0.975898605629212, 'lr': 0.0007207517359650608, 'entropy': 0.0002734857498733135}. Best is trial 91 with value: -5402.9326171875.[0m
[32m[I 2022-01-10 18:52:18,178][0m Trial 102 finished with value: 97.64231872558594 and parameters: {'r_scaling': 0.12237675541693124, 'unroll': 3, 'update_epoch': 14, 'discount': 0.9699408757995255, 'lr': 0.0008428303334976651, 'entropy': 0.00024110282340942396}. Best is trial 91 with value: -5402.9326171875.[0m
[32m[I 2022-01-10 18:54:37,755][0m Trial 103 finished with value: -5211.2783203125 and parameters: {'r_scaling': 0.22183945283284806, 'unroll': 3, 'update_epoch': 13, 'discount': 0.9734372474637621, 'lr': 0.0005729113100133452, 'entropy': 0.0002716603540420685}. Best is trial 91 with value: -5402.9326171875.[0m
[32m[I 2022-01-10 18:56:54,414][0m Trial 104 finished with value: -5076.27099609375 and parameters: {'r_scaling': 0.40866938211965964, 'unroll': 3, 'update_epoch': 13, 'discount': 0.9820105522638782, 'lr': 0.00044213904573690014, 'entropy': 0.0004003803900844625}. Best is trial 91 with value: -5402.9326171875.[0m
[32m[I 2022-01-10 18:59:01,827][0m Trial 105 finished with value: -3337.778564453125 and parameters: {'r_scaling': 0.136344066563425, 'unroll': 4, 'update_epoch': 14, 'discount': 0.9838282727794979, 'lr': 0.0005694066290419437, 'entropy': 0.0002990801640784657}. Best is trial 91 with value: -5402.9326171875.[0m
[32m[I 2022-01-10 19:01:06,813][0m Trial 106 finished with value: -2748.522705078125 and parameters: {'r_scaling': 0.6037007127039867, 'unroll': 4, 'update_epoch': 12, 'discount': 0.957370417132048, 'lr': 0.0005723591060226166, 'entropy': 0.0001675247519720156}. Best is trial 91 with value: -5402.9326171875.[0m
[32m[I 2022-01-10 19:03:23,760][0m Trial 107 finished with value: -5450.35546875 and parameters: {'r_scaling': 0.25390811947371256, 'unroll': 3, 'update_epoch': 13, 'discount': 0.9733615932266048, 'lr': 0.0004624591152862615, 'entropy': 0.00026372832954939214}. Best is trial 107 with value: -5450.35546875.[0m
[32m[I 2022-01-10 19:05:35,160][0m Trial 108 finished with value: -3720.432373046875 and parameters: {'r_scaling': 0.26151642816755305, 'unroll': 5, 'update_epoch': 14, 'discount': 0.9739676490268249, 'lr': 0.0006707789788128009, 'entropy': 0.00026183823942005813}. Best is trial 107 with value: -5450.35546875.[0m
[32m[I 2022-01-10 19:07:44,630][0m Trial 109 finished with value: -5000.0302734375 and parameters: {'r_scaling': 1.8928358997947996, 'unroll': 3, 'update_epoch': 13, 'discount': 0.9785062573196577, 'lr': 0.0004566629652408234, 'entropy': 0.0005382488258575511}. Best is trial 107 with value: -5450.35546875.[0m
[32m[I 2022-01-10 19:10:02,920][0m Trial 110 finished with value: -4547.5205078125 and parameters: {'r_scaling': 0.1667619002169436, 'unroll': 3, 'update_epoch': 12, 'discount': 0.966272436598893, 'lr': 0.0005278491893851094, 'entropy': 0.00010374671624680064}. Best is trial 107 with value: -5450.35546875.[0m
[32m[I 2022-01-10 19:12:04,870][0m Trial 111 finished with value: -5068.45556640625 and parameters: {'r_scaling': 0.19783318297800428, 'unroll': 3, 'update_epoch': 13, 'discount': 0.9607670744286329, 'lr': 0.0006465307608239084, 'entropy': 0.00019013294002678387}. Best is trial 107 with value: -5450.35546875.[0m
[32m[I 2022-01-10 19:14:12,788][0m Trial 112 finished with value: -3358.27001953125 and parameters: {'r_scaling': 0.10733058846471323, 'unroll': 4, 'update_epoch': 13, 'discount': 0.9521992677712172, 'lr': 0.0005007917594018361, 'entropy': 0.0006752374926967879}. Best is trial 107 with value: -5450.35546875.[0m
[32m[I 2022-01-10 19:16:33,282][0m Trial 113 finished with value: -4495.46728515625 and parameters: {'r_scaling': 2.9520105514142996, 'unroll': 3, 'update_epoch': 14, 'discount': 0.9632344021655895, 'lr': 0.00043593788402721017, 'entropy': 0.00013380058721881307}. Best is trial 107 with value: -5450.35546875.[0m
[32m[I 2022-01-10 19:18:48,724][0m Trial 114 finished with value: -5044.767578125 and parameters: {'r_scaling': 0.0780087017387947, 'unroll': 3, 'update_epoch': 12, 'discount': 0.973368650359847, 'lr': 0.0004077679917624962, 'entropy': 0.0003612010630906454}. Best is trial 107 with value: -5450.35546875.[0m
[32m[I 2022-01-10 19:20:42,962][0m Trial 115 finished with value: 96.56906127929688 and parameters: {'r_scaling': 0.15184212135721645, 'unroll': 15, 'update_epoch': 13, 'discount': 0.9683167655295842, 'lr': 0.0004705102491732215, 'entropy': 0.0004463765631390156}. Best is trial 107 with value: -5450.35546875.[0m
[32m[I 2022-01-10 19:22:54,451][0m Trial 116 finished with value: -3232.660400390625 and parameters: {'r_scaling': 0.12359024363097067, 'unroll': 4, 'update_epoch': 14, 'discount': 0.9569522372574146, 'lr': 0.0005605089702924285, 'entropy': 0.0005820201902410816}. Best is trial 107 with value: -5450.35546875.[0m
[32m[I 2022-01-10 19:25:25,335][0m Trial 117 finished with value: -5377.6435546875 and parameters: {'r_scaling': 0.35256102819934454, 'unroll': 3, 'update_epoch': 13, 'discount': 0.9620150024865379, 'lr': 0.00042847583402173963, 'entropy': 0.00028999752339965327}. Best is trial 107 with value: -5450.35546875.[0m
[32m[I 2022-01-10 19:27:34,587][0m Trial 118 finished with value: -2831.310791015625 and parameters: {'r_scaling': 0.32850319945402356, 'unroll': 4, 'update_epoch': 12, 'discount': 0.9654774638112457, 'lr': 0.00038944213430418414, 'entropy': 0.00022098975023002136}. Best is trial 107 with value: -5450.35546875.[0m
[32m[I 2022-01-10 19:29:59,833][0m Trial 119 finished with value: -4865.99072265625 and parameters: {'r_scaling': 0.7702189520444918, 'unroll': 3, 'update_epoch': 14, 'discount': 0.948288513566276, 'lr': 0.0004278347449973322, 'entropy': 0.0002886903206013924}. Best is trial 107 with value: -5450.35546875.[0m
[32m[I 2022-01-10 19:32:25,981][0m Trial 120 finished with value: -2955.316162109375 and parameters: {'r_scaling': 0.4509465434013711, 'unroll': 2, 'update_epoch': 13, 'discount': 0.9856917672219142, 'lr': 0.0005390544774920415, 'entropy': 0.0004858675169035764}. Best is trial 107 with value: -5450.35546875.[0m
[32m[I 2022-01-10 19:34:46,124][0m Trial 121 finished with value: -5008.310546875 and parameters: {'r_scaling': 0.2566858412651868, 'unroll': 3, 'update_epoch': 13, 'discount': 0.9611840540579645, 'lr': 0.00048768582972875127, 'entropy': 0.00017976404884759273}. Best is trial 107 with value: -5450.35546875.[0m
[32m[I 2022-01-10 19:36:45,059][0m Trial 122 finished with value: 98.53965759277344 and parameters: {'r_scaling': 0.08478420967828901, 'unroll': 8, 'update_epoch': 14, 'discount': 0.9631729036593067, 'lr': 0.0005873194785102351, 'entropy': 0.00038861221088840015}. Best is trial 107 with value: -5450.35546875.[0m
[32m[I 2022-01-10 19:38:47,566][0m Trial 123 finished with value: -3945.502685546875 and parameters: {'r_scaling': 0.10570081385735362, 'unroll': 3, 'update_epoch': 12, 'discount': 0.9027173329089165, 'lr': 0.00045760843703859767, 'entropy': 0.0003260942234304337}. Best is trial 107 with value: -5450.35546875.[0m
[32m[I 2022-01-10 19:41:27,169][0m Trial 124 finished with value: -3306.908203125 and parameters: {'r_scaling': 0.2156847519571285, 'unroll': 4, 'update_epoch': 13, 'discount': 0.957161059832575, 'lr': 0.00035953033411430756, 'entropy': 0.0002499208133163982}. Best is trial 107 with value: -5450.35546875.[0m
[32m[I 2022-01-10 19:44:28,872][0m Trial 125 finished with value: -5238.107421875 and parameters: {'r_scaling': 0.37037939972949124, 'unroll': 3, 'update_epoch': 13, 'discount': 0.9600116360460319, 'lr': 0.0005163968623683894, 'entropy': 0.00042278612982079927}. Best is trial 107 with value: -5450.35546875.[0m
[32m[I 2022-01-10 19:46:49,401][0m Trial 126 finished with value: -4568.47509765625 and parameters: {'r_scaling': 0.3533825781787386, 'unroll': 2, 'update_epoch': 14, 'discount': 0.9523810718819246, 'lr': 0.0006420760928632385, 'entropy': 0.001701390016620336}. Best is trial 107 with value: -5450.35546875.[0m
[32m[I 2022-01-10 19:48:58,235][0m Trial 127 finished with value: -2860.635009765625 and parameters: {'r_scaling': 0.5966227256286263, 'unroll': 2, 'update_epoch': 13, 'discount': 0.9601720548683971, 'lr': 0.0005249079705321396, 'entropy': 0.0008523532788732293}. Best is trial 107 with value: -5450.35546875.[0m
[32m[I 2022-01-10 19:51:04,153][0m Trial 128 finished with value: -5411.478515625 and parameters: {'r_scaling': 0.1820825926406142, 'unroll': 3, 'update_epoch': 14, 'discount': 0.9550220328964164, 'lr': 0.00039405350031192357, 'entropy': 0.0006781571885560973}. Best is trial 107 with value: -5450.35546875.[0m
[32m[I 2022-01-10 19:53:51,081][0m Trial 129 finished with value: -4971.8720703125 and parameters: {'r_scaling': 0.28265582795955785, 'unroll': 3, 'update_epoch': 12, 'discount': 0.9546051478511303, 'lr': 0.0003904760041339171, 'entropy': 0.0006638581049487145}. Best is trial 107 with value: -5450.35546875.[0m
[32m[I 2022-01-10 19:55:46,875][0m Trial 130 finished with value: -2287.37744140625 and parameters: {'r_scaling': 110.77855257703325, 'unroll': 5, 'update_epoch': 14, 'discount': 0.9685006750804186, 'lr': 0.00041254309277982443, 'entropy': 0.00044100864094140683}. Best is trial 107 with value: -5450.35546875.[0m
[32m[I 2022-01-10 19:58:24,226][0m Trial 131 finished with value: -5381.341796875 and parameters: {'r_scaling': 0.18554725322524107, 'unroll': 3, 'update_epoch': 14, 'discount': 0.9507724198432043, 'lr': 0.0003130357180023589, 'entropy': 0.000539228718453825}. Best is trial 107 with value: -5450.35546875.[0m
[32m[I 2022-01-10 20:01:01,877][0m Trial 132 finished with value: -5169.50537109375 and parameters: {'r_scaling': 0.18575630104315552, 'unroll': 3, 'update_epoch': 13, 'discount': 0.9498730586271691, 'lr': 0.0003068280945180592, 'entropy': 0.0005611282978539786}. Best is trial 107 with value: -5450.35546875.[0m
[32m[I 2022-01-10 20:02:55,791][0m Trial 133 finished with value: -2110.749755859375 and parameters: {'r_scaling': 9.54467279553727, 'unroll': 4, 'update_epoch': 14, 'discount': 0.9513525353088226, 'lr': 0.0003651492282586732, 'entropy': 0.0005029517557091424}. Best is trial 107 with value: -5450.35546875.[0m
[32m[I 2022-01-10 20:05:44,338][0m Trial 134 finished with value: -5338.0263671875 and parameters: {'r_scaling': 0.220556353720228, 'unroll': 3, 'update_epoch': 15, 'discount': 0.9456801687987398, 'lr': 0.0004388323449009846, 'entropy': 0.0006770389468207073}. Best is trial 107 with value: -5450.35546875.[0m
[32m[I 2022-01-10 20:07:46,404][0m Trial 135 finished with value: -2979.370361328125 and parameters: {'r_scaling': 0.22859444897272793, 'unroll': 4, 'update_epoch': 14, 'discount': 0.9466559027518212, 'lr': 0.0004361688993496279, 'entropy': 0.0007529030950957153}. Best is trial 107 with value: -5450.35546875.[0m
[32m[I 2022-01-10 20:10:27,296][0m Trial 136 finished with value: -5201.70361328125 and parameters: {'r_scaling': 0.15814582654349288, 'unroll': 3, 'update_epoch': 15, 'discount': 0.945122488860996, 'lr': 0.0005031894857684845, 'entropy': 0.0006838073950545397}. Best is trial 107 with value: -5450.35546875.[0m
[32m[I 2022-01-10 20:13:04,019][0m Trial 137 finished with value: -5002.5537109375 and parameters: {'r_scaling': 0.22749831741788273, 'unroll': 3, 'update_epoch': 15, 'discount': 0.9487220911222564, 'lr': 0.0003954971958807594, 'entropy': 0.0006171228720452056}. Best is trial 107 with value: -5450.35546875.[0m
