[32m[I 2021-12-10 18:27:05,098][0m Trial 69 finished with value: -5289.2998046875 and parameters: {'r_scaling': 2.0334121616971936, 'unroll': 6, 'update_epoch': 11, 'discount': 0.9163422930951525, 'lr': 0.0003520755788903349, 'entropy': 0.0005971609710960113}. Best is trial 51 with value: -6502.11083984375.[0m
[32m[I 2021-12-10 18:28:57,562][0m Trial 70 finished with value: -3830.946044921875 and parameters: {'r_scaling': 37.1395080326137, 'unroll': 5, 'update_epoch': 7, 'discount': 0.9730800832304553, 'lr': 0.0002096278288701349, 'entropy': 0.0027592279670055593}. Best is trial 51 with value: -6502.11083984375.[0m
[32m[I 2021-12-10 18:31:03,454][0m Trial 71 finished with value: -5972.3642578125 and parameters: {'r_scaling': 0.13570749539850152, 'unroll': 4, 'update_epoch': 13, 'discount': 0.9924793796250374, 'lr': 0.0003174697996085483, 'entropy': 0.013786887814423528}. Best is trial 51 with value: -6502.11083984375.[0m
[32m[I 2021-12-10 18:33:03,693][0m Trial 72 finished with value: -5761.35107421875 and parameters: {'r_scaling': 4.834430773452515, 'unroll': 5, 'update_epoch': 12, 'discount': 0.9882006634166318, 'lr': 0.00029144518727814355, 'entropy': 0.0032959179950546934}. Best is trial 51 with value: -6502.11083984375.[0m
[32m[I 2021-12-10 18:35:38,376][0m Trial 73 finished with value: -5625.39697265625 and parameters: {'r_scaling': 9.492019474429021, 'unroll': 3, 'update_epoch': 14, 'discount': 0.9856187992983046, 'lr': 0.00027274132362320827, 'entropy': 0.00411472448123545}. Best is trial 51 with value: -6502.11083984375.[0m
[32m[I 2021-12-10 18:37:32,782][0m Trial 74 finished with value: -5708.115234375 and parameters: {'r_scaling': 0.8202719924096431, 'unroll': 4, 'update_epoch': 13, 'discount': 0.9788651985543525, 'lr': 0.00040250952706617695, 'entropy': 0.0017474871910415019}. Best is trial 51 with value: -6502.11083984375.[0m
[32m[I 2021-12-10 18:39:02,783][0m Trial 75 finished with value: -1009.3292846679688 and parameters: {'r_scaling': 7.088376081916577, 'unroll': 5, 'update_epoch': 1, 'discount': 0.9902627322872247, 'lr': 0.0003225219104398542, 'entropy': 0.004702499056862591}. Best is trial 51 with value: -6502.11083984375.[0m
[32m[I 2021-12-10 18:41:06,806][0m Trial 76 finished with value: -4830.20556640625 and parameters: {'r_scaling': 14.850594833665511, 'unroll': 6, 'update_epoch': 14, 'discount': 0.9829158128875775, 'lr': 0.00022417419734238083, 'entropy': 0.0011071321988944363}. Best is trial 51 with value: -6502.11083984375.[0m
[32m[I 2021-12-10 18:42:37,363][0m Trial 77 finished with value: -3685.322021484375 and parameters: {'r_scaling': 0.45738654686073493, 'unroll': 4, 'update_epoch': 2, 'discount': 0.9639799115934838, 'lr': 0.0005216109772503391, 'entropy': 0.002206266563396371}. Best is trial 51 with value: -6502.11083984375.[0m
[32m[I 2021-12-10 18:44:15,326][0m Trial 78 finished with value: -2279.132568359375 and parameters: {'r_scaling': 0.16950691789534958, 'unroll': 12, 'update_epoch': 6, 'discount': 0.9709477220076678, 'lr': 0.00019173291889775637, 'entropy': 0.006133631727794122}. Best is trial 51 with value: -6502.11083984375.[0m
[32m[I 2021-12-10 18:46:28,307][0m Trial 79 finished with value: -5468.12255859375 and parameters: {'r_scaling': 2.836559680308613, 'unroll': 7, 'update_epoch': 13, 'discount': 0.9854091371501071, 'lr': 0.0002547670466499552, 'entropy': 0.0009110160300464808}. Best is trial 51 with value: -6502.11083984375.[0m
[32m[I 2021-12-10 18:49:01,612][0m Trial 80 finished with value: -4787.34912109375 and parameters: {'r_scaling': 12.07003670389894, 'unroll': 2, 'update_epoch': 15, 'discount': 0.9787506359426115, 'lr': 0.0004327519103397901, 'entropy': 0.0013069653601250647}. Best is trial 51 with value: -6502.11083984375.[0m
[32m[I 2021-12-10 18:51:18,830][0m Trial 81 finished with value: -6354.857421875 and parameters: {'r_scaling': 6.940033284016007, 'unroll': 5, 'update_epoch': 14, 'discount': 0.9258038407979002, 'lr': 0.00025548506547670523, 'entropy': 0.0019485823837689464}. Best is trial 51 with value: -6502.11083984375.[0m
[32m[I 2021-12-10 18:53:35,737][0m Trial 82 finished with value: -6636.6416015625 and parameters: {'r_scaling': 5.5824208616951445, 'unroll': 5, 'update_epoch': 14, 'discount': 0.9231778937210855, 'lr': 0.0002904533563367608, 'entropy': 0.0019959489617217135}. Best is trial 82 with value: -6636.6416015625.[0m
[32m[I 2021-12-10 18:55:53,779][0m Trial 83 finished with value: -6247.28271484375 and parameters: {'r_scaling': 5.394833895123587, 'unroll': 5, 'update_epoch': 14, 'discount': 0.9253261074314754, 'lr': 0.0002485795280461369, 'entropy': 0.001623119917057108}. Best is trial 82 with value: -6636.6416015625.[0m
[32m[I 2021-12-10 18:58:03,009][0m Trial 84 finished with value: -4149.1484375 and parameters: {'r_scaling': 3.9521398194067054, 'unroll': 6, 'update_epoch': 14, 'discount': 0.924367264638474, 'lr': 0.00015810370738582127, 'entropy': 0.0017844483967280375}. Best is trial 82 with value: -6636.6416015625.[0m
[32m[I 2021-12-10 19:00:23,166][0m Trial 85 finished with value: -6489.0498046875 and parameters: {'r_scaling': 5.972247226841183, 'unroll': 5, 'update_epoch': 15, 'discount': 0.9294299984162779, 'lr': 0.0002486743790408087, 'entropy': 0.0020566440304393913}. Best is trial 82 with value: -6636.6416015625.[0m
[32m[I 2021-12-10 19:02:43,487][0m Trial 86 finished with value: -6372.65087890625 and parameters: {'r_scaling': 6.094115804477324, 'unroll': 5, 'update_epoch': 15, 'discount': 0.9292979106602032, 'lr': 0.0002490148918130244, 'entropy': 0.0025659568404662048}. Best is trial 82 with value: -6636.6416015625.[0m
[32m[I 2021-12-10 19:04:51,557][0m Trial 87 finished with value: -4705.29052734375 and parameters: {'r_scaling': 5.915333690653735, 'unroll': 6, 'update_epoch': 15, 'discount': 0.9293814547517557, 'lr': 0.0002493320464236034, 'entropy': 0.002171116010857821}. Best is trial 82 with value: -6636.6416015625.[0m
[32m[I 2021-12-10 19:07:11,366][0m Trial 88 finished with value: -6166.3955078125 and parameters: {'r_scaling': 7.815665290622972, 'unroll': 5, 'update_epoch': 15, 'discount': 0.9162894192103326, 'lr': 0.00021405067381659966, 'entropy': 0.0027634372117501774}. Best is trial 82 with value: -6636.6416015625.[0m
[32m[I 2021-12-10 19:09:18,473][0m Trial 89 finished with value: -3803.904541015625 and parameters: {'r_scaling': 2.0892554649933914, 'unroll': 6, 'update_epoch': 15, 'discount': 0.9225823441296764, 'lr': 0.00013690374902708156, 'entropy': 0.0025211564906184366}. Best is trial 82 with value: -6636.6416015625.[0m
[32m[I 2021-12-10 19:11:29,293][0m Trial 90 finished with value: -4660.2919921875 and parameters: {'r_scaling': 3.3037121009520933, 'unroll': 7, 'update_epoch': 14, 'discount': 0.926705793943914, 'lr': 0.00017668504101095363, 'entropy': 0.0031390725515988687}. Best is trial 82 with value: -6636.6416015625.[0m
[32m[I 2021-12-10 19:13:53,580][0m Trial 91 finished with value: -6215.52099609375 and parameters: {'r_scaling': 6.570478295652771, 'unroll': 5, 'update_epoch': 15, 'discount': 0.9333032226000325, 'lr': 0.00022466754673993204, 'entropy': 0.00204329191407423}. Best is trial 82 with value: -6636.6416015625.[0m
[32m[I 2021-12-10 19:16:10,425][0m Trial 92 finished with value: -6516.1630859375 and parameters: {'r_scaling': 4.2994539569804635, 'unroll': 5, 'update_epoch': 14, 'discount': 0.9312144174997453, 'lr': 0.0002463146180959157, 'entropy': 0.0013620653771820306}. Best is trial 82 with value: -6636.6416015625.[0m
[32m[I 2021-12-10 19:18:17,842][0m Trial 93 finished with value: -6078.85888671875 and parameters: {'r_scaling': 5.137575385291878, 'unroll': 4, 'update_epoch': 14, 'discount': 0.9291010239381426, 'lr': 0.00024834420550305723, 'entropy': 0.0014704334765266705}. Best is trial 82 with value: -6636.6416015625.[0m
[32m[I 2021-12-10 19:20:36,746][0m Trial 94 finished with value: -6491.4208984375 and parameters: {'r_scaling': 9.334650824737839, 'unroll': 5, 'update_epoch': 15, 'discount': 0.9375511358596913, 'lr': 0.0002650045020976256, 'entropy': 0.0012141315473763528}. Best is trial 82 with value: -6636.6416015625.[0m
[32m[I 2021-12-10 19:22:57,953][0m Trial 95 finished with value: -6196.7998046875 and parameters: {'r_scaling': 4.438446715205512, 'unroll': 5, 'update_epoch': 15, 'discount': 0.9427685917722736, 'lr': 0.0002977037361786533, 'entropy': 0.0010355234594389554}. Best is trial 82 with value: -6636.6416015625.[0m
[32m[I 2021-12-10 19:25:05,504][0m Trial 96 finished with value: -5525.73583984375 and parameters: {'r_scaling': 10.169865080357493, 'unroll': 6, 'update_epoch': 15, 'discount': 0.9370447889770799, 'lr': 0.0002707533824583049, 'entropy': 0.0012359600093331813}. Best is trial 82 with value: -6636.6416015625.[0m
[32m[I 2021-12-10 19:27:16,739][0m Trial 97 finished with value: -5979.95458984375 and parameters: {'r_scaling': 3.9311754407413426, 'unroll': 4, 'update_epoch': 15, 'discount': 0.9323872217622363, 'lr': 0.00019345472686429255, 'entropy': 0.0035233656512796397}. Best is trial 82 with value: -6636.6416015625.[0m
[32m[I 2021-12-10 19:29:52,614][0m Trial 98 finished with value: -5079.17822265625 and parameters: {'r_scaling': 8.346550992773928, 'unroll': 3, 'update_epoch': 14, 'discount': 0.9304388054478819, 'lr': 0.00022292341954844092, 'entropy': 0.0023480257733920463}. Best is trial 82 with value: -6636.6416015625.[0m
[32m[I 2021-12-10 19:32:12,456][0m Trial 99 finished with value: 105.42195129394531 and parameters: {'r_scaling': 2.7144975076405724, 'unroll': 5, 'update_epoch': 15, 'discount': 0.921117051525883, 'lr': 0.001986266169703703, 'entropy': 0.0006736868271311577}. Best is trial 82 with value: -6636.6416015625.[0m
