[32m[I 2022-01-12 15:46:46,020][0m A new study created in memory with name: no-name-8c2433a9-aeed-4600-84d8-a98cb9b474dd[0m
[32m[I 2022-01-12 15:48:32,243][0m Trial 0 finished with value: 97.58322143554688 and parameters: {'r_scaling': 75.97549413944839, 'unroll': 5, 'update_epoch': 13, 'discount': 0.9593613810379825, 'lr': 0.0006751269922613721, 'entropy': 0.004439308836435828}. Best is trial 0 with value: 97.58322143554688.[0m
[32m[I 2022-01-12 15:50:15,817][0m Trial 1 finished with value: 94.51649475097656 and parameters: {'r_scaling': 0.06796638151535932, 'unroll': 5, 'update_epoch': 14, 'discount': 0.9672317591724742, 'lr': 0.0010747429133863336, 'entropy': 0.03042427956447899}. Best is trial 1 with value: 94.51649475097656.[0m
[32m[I 2022-01-12 15:52:12,016][0m Trial 2 finished with value: 97.9650650024414 and parameters: {'r_scaling': 26.35682345225327, 'unroll': 2, 'update_epoch': 10, 'discount': 0.9065075194932467, 'lr': 0.0015537355360629613, 'entropy': 0.00020655125163520694}. Best is trial 1 with value: 94.51649475097656.[0m
[32m[I 2022-01-12 15:54:05,434][0m Trial 3 finished with value: 94.42094421386719 and parameters: {'r_scaling': 98.76882531265554, 'unroll': 15, 'update_epoch': 4, 'discount': 0.972786547341729, 'lr': 0.0013951888078229907, 'entropy': 0.007371525155383054}. Best is trial 3 with value: 94.42094421386719.[0m
[32m[I 2022-01-12 15:56:12,548][0m Trial 4 finished with value: -2202.932861328125 and parameters: {'r_scaling': 17.538155806459756, 'unroll': 1, 'update_epoch': 8, 'discount': 0.901602383322076, 'lr': 0.0003427473966264365, 'entropy': 0.0010499444763905914}. Best is trial 4 with value: -2202.932861328125.[0m
[32m[I 2022-01-12 15:58:21,528][0m Trial 5 finished with value: 101.62996673583984 and parameters: {'r_scaling': 7.360262293810004, 'unroll': 12, 'update_epoch': 13, 'discount': 0.9855037635739672, 'lr': 0.0013509933842066636, 'entropy': 0.06486059147168237}. Best is trial 4 with value: -2202.932861328125.[0m
[32m[I 2022-01-12 16:00:36,078][0m Trial 6 finished with value: 93.83877563476562 and parameters: {'r_scaling': 120.81011095715246, 'unroll': 5, 'update_epoch': 14, 'discount': 0.9916102256495958, 'lr': 0.0001994155827539268, 'entropy': 0.01625463509596538}. Best is trial 4 with value: -2202.932861328125.[0m
[32m[I 2022-01-12 16:02:51,518][0m Trial 7 finished with value: 106.91976928710938 and parameters: {'r_scaling': 3.8364900505370265, 'unroll': 2, 'update_epoch': 1, 'discount': 0.9396956296252672, 'lr': 0.0014815192628891702, 'entropy': 0.00027523613486394856}. Best is trial 4 with value: -2202.932861328125.[0m
[32m[I 2022-01-12 16:04:56,805][0m Trial 8 finished with value: -933.13720703125 and parameters: {'r_scaling': 11.114642188790603, 'unroll': 2, 'update_epoch': 3, 'discount': 0.9737334675543353, 'lr': 0.0002719410587543662, 'entropy': 0.06224384716746356}. Best is trial 4 with value: -2202.932861328125.[0m
[32m[I 2022-01-12 16:07:08,761][0m Trial 9 finished with value: 99.09196472167969 and parameters: {'r_scaling': 2.367734313554153, 'unroll': 6, 'update_epoch': 3, 'discount': 0.9333453586634379, 'lr': 0.0015685482691489732, 'entropy': 0.005778556506739111}. Best is trial 4 with value: -2202.932861328125.[0m
[32m[I 2022-01-12 16:09:26,154][0m Trial 10 finished with value: 98.83859252929688 and parameters: {'r_scaling': 0.8710634828701777, 'unroll': 10, 'update_epoch': 8, 'discount': 0.9001979468293372, 'lr': 0.00012141624559092867, 'entropy': 0.0008737573234259893}. Best is trial 4 with value: -2202.932861328125.[0m
[32m[I 2022-01-12 16:11:55,544][0m Trial 11 finished with value: -2341.54345703125 and parameters: {'r_scaling': 16.714009987789304, 'unroll': 1, 'update_epoch': 7, 'discount': 0.9214876314413676, 'lr': 0.0003026520750396634, 'entropy': 0.0008872612124178349}. Best is trial 11 with value: -2341.54345703125.[0m
[32m[I 2022-01-12 16:13:49,130][0m Trial 12 finished with value: -2171.8486328125 and parameters: {'r_scaling': 24.555119799226002, 'unroll': 1, 'update_epoch': 7, 'discount': 0.9204358127711553, 'lr': 0.0004056142749524104, 'entropy': 0.0008244699840810518}. Best is trial 11 with value: -2341.54345703125.[0m
[32m[I 2022-01-12 16:16:03,835][0m Trial 13 finished with value: 98.71427917480469 and parameters: {'r_scaling': 0.7456391384522644, 'unroll': 8, 'update_epoch': 10, 'discount': 0.9175592906982241, 'lr': 0.0004609194131802673, 'entropy': 0.0013505940172782772}. Best is trial 11 with value: -2341.54345703125.[0m
[32m[I 2022-01-12 16:18:28,890][0m Trial 14 finished with value: -1667.4986572265625 and parameters: {'r_scaling': 26.31414083769111, 'unroll': 3, 'update_epoch': 6, 'discount': 0.9199379684892646, 'lr': 0.0002052000309430038, 'entropy': 0.00010766975557261226}. Best is trial 11 with value: -2341.54345703125.[0m
[32m[I 2022-01-12 16:20:53,391][0m Trial 15 finished with value: 99.66185760498047 and parameters: {'r_scaling': 1.3964260421708974, 'unroll': 8, 'update_epoch': 10, 'discount': 0.9088718842593523, 'lr': 0.0003699777496236645, 'entropy': 0.0016117043364904592}. Best is trial 11 with value: -2341.54345703125.[0m
[32m[I 2022-01-12 16:22:24,871][0m Trial 16 finished with value: 96.74858093261719 and parameters: {'r_scaling': 9.251834865199756, 'unroll': 4, 'update_epoch': 5, 'discount': 0.9318686918159803, 'lr': 0.0007129917704190843, 'entropy': 0.00044127752399980146}. Best is trial 11 with value: -2341.54345703125.[0m
[32m[I 2022-01-12 16:24:54,797][0m Trial 17 finished with value: -2971.6318359375 and parameters: {'r_scaling': 0.20528053621066186, 'unroll': 1, 'update_epoch': 9, 'discount': 0.9535326747502886, 'lr': 0.00010340889819121668, 'entropy': 0.002744004188374666}. Best is trial 17 with value: -2971.6318359375.[0m
[32m[I 2022-01-12 16:26:28,720][0m Trial 18 finished with value: 101.70549011230469 and parameters: {'r_scaling': 0.1843474495557859, 'unroll': 7, 'update_epoch': 11, 'discount': 0.9509934916481088, 'lr': 0.00011701860865052309, 'entropy': 0.0025760151133587153}. Best is trial 17 with value: -2971.6318359375.[0m
[32m[I 2022-01-12 16:28:08,050][0m Trial 19 finished with value: 97.76222229003906 and parameters: {'r_scaling': 0.28185964014101883, 'unroll': 10, 'update_epoch': 8, 'discount': 0.9495595423093729, 'lr': 0.00015054747967505546, 'entropy': 0.010048877404778249}. Best is trial 17 with value: -2971.6318359375.[0m
[32m[I 2022-01-12 16:30:05,262][0m Trial 20 finished with value: -2098.468017578125 and parameters: {'r_scaling': 0.060266607820436524, 'unroll': 3, 'update_epoch': 12, 'discount': 0.9412340267563108, 'lr': 0.0001005512402886992, 'entropy': 0.0025250565431526604}. Best is trial 17 with value: -2971.6318359375.[0m
[32m[I 2022-01-12 16:32:34,903][0m Trial 21 finished with value: -2001.7222900390625 and parameters: {'r_scaling': 48.93655041809012, 'unroll': 1, 'update_epoch': 9, 'discount': 0.9290053878348135, 'lr': 0.00028611914679782367, 'entropy': 0.0005702202567935485}. Best is trial 17 with value: -2971.6318359375.[0m
[32m[I 2022-01-12 16:35:09,098][0m Trial 22 finished with value: -1631.346435546875 and parameters: {'r_scaling': 4.989693303803035, 'unroll': 1, 'update_epoch': 7, 'discount': 0.9150077357091156, 'lr': 0.0006658019928196293, 'entropy': 0.0027871134875188017}. Best is trial 17 with value: -2971.6318359375.[0m
[32m[I 2022-01-12 16:37:36,052][0m Trial 23 finished with value: -1731.2633056640625 and parameters: {'r_scaling': 18.382545595100524, 'unroll': 3, 'update_epoch': 6, 'discount': 0.9571575440511534, 'lr': 0.00018763323280327748, 'entropy': 0.0013003857479370405}. Best is trial 17 with value: -2971.6318359375.[0m
[32m[I 2022-01-12 16:39:35,338][0m Trial 24 finished with value: -2230.00634765625 and parameters: {'r_scaling': 2.188170847514343, 'unroll': 1, 'update_epoch': 8, 'discount': 0.9001353847584471, 'lr': 0.0002806731466148314, 'entropy': 0.0004923741323893672}. Best is trial 17 with value: -2971.6318359375.[0m
[32m[I 2022-01-12 16:41:52,008][0m Trial 25 finished with value: 97.49607849121094 and parameters: {'r_scaling': 0.3247877653585302, 'unroll': 4, 'update_epoch': 9, 'discount': 0.9276038697218215, 'lr': 0.0005375075908316719, 'entropy': 0.00037876514630579217}. Best is trial 17 with value: -2971.6318359375.[0m
[32m[I 2022-01-12 16:44:22,098][0m Trial 26 finished with value: 97.59294128417969 and parameters: {'r_scaling': 0.13267282348788267, 'unroll': 15, 'update_epoch': 6, 'discount': 0.9104547440244448, 'lr': 0.00025390020001078077, 'entropy': 0.00014912767878266846}. Best is trial 17 with value: -2971.6318359375.[0m
[32m[I 2022-01-12 16:46:53,991][0m Trial 27 finished with value: -2255.587890625 and parameters: {'r_scaling': 1.902717883776731, 'unroll': 3, 'update_epoch': 11, 'discount': 0.9425844083837728, 'lr': 0.00014864601910207314, 'entropy': 0.0005649564734109675}. Best is trial 17 with value: -2971.6318359375.[0m
[32m[I 2022-01-12 16:49:20,039][0m Trial 28 finished with value: 96.588134765625 and parameters: {'r_scaling': 0.5321184274560521, 'unroll': 4, 'update_epoch': 11, 'discount': 0.9426819841650429, 'lr': 0.0001475453263635916, 'entropy': 0.0018503806423463241}. Best is trial 17 with value: -2971.6318359375.[0m
[32m[I 2022-01-12 16:51:46,713][0m Trial 29 finished with value: 94.01314544677734 and parameters: {'r_scaling': 52.007466937678565, 'unroll': 6, 'update_epoch': 12, 'discount': 0.9578424682062531, 'lr': 0.00014615455958726906, 'entropy': 0.004297303243485894}. Best is trial 17 with value: -2971.6318359375.[0m
[32m[I 2022-01-12 16:53:47,664][0m Trial 30 finished with value: -2276.72998046875 and parameters: {'r_scaling': 0.0937815617936863, 'unroll': 3, 'update_epoch': 15, 'discount': 0.9663550435816585, 'lr': 0.00017553941310025276, 'entropy': 0.0007107117966067069}. Best is trial 17 with value: -2971.6318359375.[0m
[32m[I 2022-01-12 16:55:46,375][0m Trial 31 finished with value: -2416.954833984375 and parameters: {'r_scaling': 0.11609508923259255, 'unroll': 3, 'update_epoch': 15, 'discount': 0.9648285207360175, 'lr': 0.00017014856942661495, 'entropy': 0.0006305586526964526}. Best is trial 17 with value: -2971.6318359375.[0m
[32m[I 2022-01-12 16:57:41,349][0m Trial 32 finished with value: -2502.72607421875 and parameters: {'r_scaling': 0.09460900724807024, 'unroll': 2, 'update_epoch': 15, 'discount': 0.9729102809402221, 'lr': 0.00010124497471668827, 'entropy': 0.0006974108722803192}. Best is trial 17 with value: -2971.6318359375.[0m
[32m[I 2022-01-12 16:59:39,000][0m Trial 33 finished with value: -2453.137939453125 and parameters: {'r_scaling': 0.10689862795400513, 'unroll': 2, 'update_epoch': 15, 'discount': 0.9653990149149424, 'lr': 0.0001033829508725283, 'entropy': 0.0002576479856800739}. Best is trial 17 with value: -2971.6318359375.[0m
[32m[I 2022-01-12 17:02:00,192][0m Trial 34 finished with value: -2518.30126953125 and parameters: {'r_scaling': 0.11351038757238315, 'unroll': 2, 'update_epoch': 15, 'discount': 0.9789366067170526, 'lr': 0.00010681145150263123, 'entropy': 0.00025098956616073084}. Best is trial 17 with value: -2971.6318359375.[0m
[32m[I 2022-01-12 17:04:23,231][0m Trial 35 finished with value: 96.81797790527344 and parameters: {'r_scaling': 0.051616357804039795, 'unroll': 5, 'update_epoch': 14, 'discount': 0.9765455291240329, 'lr': 0.00011301895418131058, 'entropy': 0.00023660002590579265}. Best is trial 17 with value: -2971.6318359375.[0m
[32m[I 2022-01-12 17:06:45,248][0m Trial 36 finished with value: -2402.76904296875 and parameters: {'r_scaling': 0.21564141007163473, 'unroll': 2, 'update_epoch': 13, 'discount': 0.980413813083754, 'lr': 0.00010534140027928008, 'entropy': 0.00016546010875157928}. Best is trial 17 with value: -2971.6318359375.[0m
[32m[I 2022-01-12 17:09:09,263][0m Trial 37 finished with value: -2030.395751953125 and parameters: {'r_scaling': 0.4403283168835191, 'unroll': 2, 'update_epoch': 14, 'discount': 0.9873007812956658, 'lr': 0.00012986686068938044, 'entropy': 0.00030864115227356053}. Best is trial 17 with value: -2971.6318359375.[0m
[32m[I 2022-01-12 17:11:33,561][0m Trial 38 finished with value: 98.88262939453125 and parameters: {'r_scaling': 0.09614757902551258, 'unroll': 4, 'update_epoch': 15, 'discount': 0.9681681616932156, 'lr': 0.00023400289812879177, 'entropy': 0.00011004339973936958}. Best is trial 17 with value: -2971.6318359375.[0m
[32m[I 2022-01-12 17:14:07,632][0m Trial 39 finished with value: 97.46951293945312 and parameters: {'r_scaling': 0.20589640408034485, 'unroll': 13, 'update_epoch': 14, 'discount': 0.9947909594830566, 'lr': 0.00013302899851297094, 'entropy': 0.00020214236466685643}. Best is trial 17 with value: -2971.6318359375.[0m
[32m[I 2022-01-12 17:16:39,674][0m Trial 40 finished with value: -1530.873779296875 and parameters: {'r_scaling': 0.08130692980197933, 'unroll': 2, 'update_epoch': 13, 'discount': 0.9614769426061588, 'lr': 0.00010069067381119106, 'entropy': 0.021677399693518815}. Best is trial 17 with value: -2971.6318359375.[0m
[32m[I 2022-01-12 17:18:46,620][0m Trial 41 finished with value: -2473.9228515625 and parameters: {'r_scaling': 0.14081990309852052, 'unroll': 2, 'update_epoch': 15, 'discount': 0.9639120045277129, 'lr': 0.00015949140993386034, 'entropy': 0.0003443772919475755}. Best is trial 17 with value: -2971.6318359375.[0m
[32m[I 2022-01-12 17:21:17,448][0m Trial 42 finished with value: -2613.248779296875 and parameters: {'r_scaling': 0.1731848046858589, 'unroll': 2, 'update_epoch': 15, 'discount': 0.9796577846952148, 'lr': 0.00012305842018318414, 'entropy': 0.0002611320529441025}. Best is trial 17 with value: -2971.6318359375.[0m
[32m[I 2022-01-12 17:22:56,294][0m Trial 43 finished with value: 96.63555908203125 and parameters: {'r_scaling': 0.15194691066254432, 'unroll': 5, 'update_epoch': 12, 'discount': 0.9782140709635203, 'lr': 0.00012882776433970145, 'entropy': 0.00015769982458191804}. Best is trial 17 with value: -2971.6318359375.[0m
[32m[I 2022-01-12 17:25:32,634][0m Trial 44 finished with value: -2375.037353515625 and parameters: {'r_scaling': 0.2965426919879187, 'unroll': 2, 'update_epoch': 14, 'discount': 0.9837628900800506, 'lr': 0.000168726964146731, 'entropy': 0.0003409639184418315}. Best is trial 17 with value: -2971.6318359375.[0m
[32m[I 2022-01-12 17:28:10,562][0m Trial 45 finished with value: -3828.1748046875 and parameters: {'r_scaling': 0.06650637165309856, 'unroll': 1, 'update_epoch': 13, 'discount': 0.9717237592451693, 'lr': 0.0001232581042918646, 'entropy': 0.003905971922018139}. Best is trial 45 with value: -3828.1748046875.[0m
[32m[I 2022-01-12 17:30:45,183][0m Trial 46 finished with value: -3002.575927734375 and parameters: {'r_scaling': 0.0707640614453254, 'unroll': 1, 'update_epoch': 13, 'discount': 0.9713759126935216, 'lr': 0.00020531438144113, 'entropy': 0.015082655073671807}. Best is trial 45 with value: -3828.1748046875.[0m
[32m[I 2022-01-12 17:32:54,201][0m Trial 47 finished with value: -3328.714111328125 and parameters: {'r_scaling': 0.07228697822402627, 'unroll': 1, 'update_epoch': 13, 'discount': 0.969689812427732, 'lr': 0.00022071178368966452, 'entropy': 0.007663032267121418}. Best is trial 45 with value: -3828.1748046875.[0m
[32m[I 2022-01-12 17:35:22,965][0m Trial 48 finished with value: -2711.528564453125 and parameters: {'r_scaling': 0.06245173118707411, 'unroll': 1, 'update_epoch': 13, 'discount': 0.9700428896033295, 'lr': 0.00024015549707617084, 'entropy': 0.010156215240474798}. Best is trial 45 with value: -3828.1748046875.[0m
[32m[I 2022-01-12 17:37:48,292][0m Trial 49 finished with value: -3713.309814453125 and parameters: {'r_scaling': 0.06866909251476114, 'unroll': 1, 'update_epoch': 13, 'discount': 0.9548388119878211, 'lr': 0.00021768822222405045, 'entropy': 0.010000999516861073}. Best is trial 45 with value: -3828.1748046875.[0m
[32m[I 2022-01-12 17:39:50,436][0m Trial 50 finished with value: -192.01504516601562 and parameters: {'r_scaling': 0.06713011770309248, 'unroll': 1, 'update_epoch': 12, 'discount': 0.9524161436922279, 'lr': 0.00021867392101217507, 'entropy': 0.044069212075161956}. Best is trial 45 with value: -3828.1748046875.[0m
[32m[I 2022-01-12 17:42:12,817][0m Trial 51 finished with value: -3145.7412109375 and parameters: {'r_scaling': 0.05720012784931593, 'unroll': 1, 'update_epoch': 13, 'discount': 0.9703149357876579, 'lr': 0.0002378064316998991, 'entropy': 0.010770216178816159}. Best is trial 45 with value: -3828.1748046875.[0m
[32m[I 2022-01-12 17:44:32,056][0m Trial 52 finished with value: -3019.163330078125 and parameters: {'r_scaling': 0.07095050835904125, 'unroll': 1, 'update_epoch': 13, 'discount': 0.9535022669728798, 'lr': 0.00032182309383249543, 'entropy': 0.007349381814506436}. Best is trial 45 with value: -3828.1748046875.[0m
[32m[I 2022-01-12 17:46:51,691][0m Trial 53 finished with value: -1430.8292236328125 and parameters: {'r_scaling': 0.0564946445499593, 'unroll': 1, 'update_epoch': 13, 'discount': 0.9464999101544508, 'lr': 0.000326068762101169, 'entropy': 0.014135426781674473}. Best is trial 45 with value: -3828.1748046875.[0m
[32m[I 2022-01-12 17:49:16,788][0m Trial 54 finished with value: -3043.4990234375 and parameters: {'r_scaling': 0.07886125918137517, 'unroll': 1, 'update_epoch': 12, 'discount': 0.9605737361576724, 'lr': 0.00036855703332653683, 'entropy': 0.006622404906800627}. Best is trial 45 with value: -3828.1748046875.[0m
[32m[I 2022-01-12 17:51:25,050][0m Trial 55 finished with value: 96.20307922363281 and parameters: {'r_scaling': 0.05303543297263404, 'unroll': 9, 'update_epoch': 12, 'discount': 0.9554005911220504, 'lr': 0.001987483840803363, 'entropy': 0.0056883592860585835}. Best is trial 45 with value: -3828.1748046875.[0m
[32m[I 2022-01-12 17:53:57,067][0m Trial 56 finished with value: -2816.98291015625 and parameters: {'r_scaling': 0.07454446634626274, 'unroll': 1, 'update_epoch': 11, 'discount': 0.9606389248919033, 'lr': 0.0003949854445757208, 'entropy': 0.007742986650868644}. Best is trial 45 with value: -3828.1748046875.[0m
[32m[I 2022-01-12 17:56:24,602][0m Trial 57 finished with value: -2488.24658203125 and parameters: {'r_scaling': 0.4412680280358655, 'unroll': 3, 'update_epoch': 14, 'discount': 0.9485512770910058, 'lr': 0.000336787269039332, 'entropy': 0.004110012125658568}. Best is trial 45 with value: -3828.1748046875.[0m
[32m[I 2022-01-12 17:58:46,317][0m Trial 58 finished with value: 95.41800689697266 and parameters: {'r_scaling': 0.05023920123474894, 'unroll': 13, 'update_epoch': 12, 'discount': 0.974770754342116, 'lr': 0.0004473081251933037, 'entropy': 0.022395337549023665}. Best is trial 45 with value: -3828.1748046875.[0m
[32m[I 2022-01-12 18:01:18,088][0m Trial 59 finished with value: -2704.015869140625 and parameters: {'r_scaling': 0.2449660926645855, 'unroll': 3, 'update_epoch': 10, 'discount': 0.9552366252217209, 'lr': 0.0005114638895384958, 'entropy': 0.009663410107571345}. Best is trial 45 with value: -3828.1748046875.[0m
[32m[I 2022-01-12 18:03:20,364][0m Trial 60 finished with value: -3136.802490234375 and parameters: {'r_scaling': 1.0704657610010822, 'unroll': 1, 'update_epoch': 13, 'discount': 0.9615722048779028, 'lr': 0.0002616723867062834, 'entropy': 0.006966601459431642}. Best is trial 45 with value: -3828.1748046875.[0m
[32m[I 2022-01-12 18:05:54,849][0m Trial 61 finished with value: -3231.173095703125 and parameters: {'r_scaling': 1.248010886777509, 'unroll': 1, 'update_epoch': 13, 'discount': 0.9617898583059559, 'lr': 0.0002621779294982241, 'entropy': 0.005589107604595681}. Best is trial 45 with value: -3828.1748046875.[0m
[32m[I 2022-01-12 18:08:32,811][0m Trial 62 finished with value: -3159.908447265625 and parameters: {'r_scaling': 0.8302137982363773, 'unroll': 1, 'update_epoch': 14, 'discount': 0.9618691729117133, 'lr': 0.0002730260695302128, 'entropy': 0.005722097712490688}. Best is trial 45 with value: -3828.1748046875.[0m
[32m[I 2022-01-12 18:11:07,781][0m Trial 63 finished with value: -3209.984375 and parameters: {'r_scaling': 1.213501257274983, 'unroll': 1, 'update_epoch': 14, 'discount': 0.9633871280615599, 'lr': 0.0002570511346261641, 'entropy': 0.012301588933351065}. Best is trial 45 with value: -3828.1748046875.[0m
[32m[I 2022-01-12 18:13:24,175][0m Trial 64 finished with value: -2081.7060546875 and parameters: {'r_scaling': 3.3042326418740493, 'unroll': 2, 'update_epoch': 14, 'discount': 0.9693464579341224, 'lr': 0.00019021225058360613, 'entropy': 0.003469470847763177}. Best is trial 45 with value: -3828.1748046875.[0m
[32m[I 2022-01-12 18:15:37,721][0m Trial 65 finished with value: 94.17391967773438 and parameters: {'r_scaling': 1.4983267962127742, 'unroll': 4, 'update_epoch': 14, 'discount': 0.9579954932990014, 'lr': 0.0002968977379235724, 'entropy': 0.005184724375007663}. Best is trial 45 with value: -3828.1748046875.[0m
[32m[I 2022-01-12 18:17:59,740][0m Trial 66 finished with value: -2471.656005859375 and parameters: {'r_scaling': 0.7572882062343415, 'unroll': 2, 'update_epoch': 13, 'discount': 0.9637814276547673, 'lr': 0.00022695388310742636, 'entropy': 0.010853565195926168}. Best is trial 45 with value: -3828.1748046875.[0m
[32m[I 2022-01-12 18:19:58,805][0m Trial 67 finished with value: -393.4072265625 and parameters: {'r_scaling': 181.68594364874767, 'unroll': 1, 'update_epoch': 2, 'discount': 0.9743345475891042, 'lr': 0.0002559508556280232, 'entropy': 0.020950996126100047}. Best is trial 45 with value: -3828.1748046875.[0m
[32m[I 2022-01-12 18:21:59,208][0m Trial 68 finished with value: -1910.69287109375 and parameters: {'r_scaling': 4.610677688567836, 'unroll': 3, 'update_epoch': 14, 'discount': 0.9694741857823039, 'lr': 0.00020967324176832266, 'entropy': 0.012834302101235144}. Best is trial 45 with value: -3828.1748046875.[0m
