[32m[I 2022-01-12 18:24:21,257][0m Trial 69 finished with value: 97.1601333618164 and parameters: {'r_scaling': 1.1603872145519152, 'unroll': 11, 'update_epoch': 11, 'discount': 0.9826725055274057, 'lr': 0.0008622283544311711, 'entropy': 0.00205658442430824}. Best is trial 45 with value: -3828.1748046875.[0m
[32m[I 2022-01-12 18:26:48,091][0m Trial 70 finished with value: 97.7446517944336 and parameters: {'r_scaling': 2.7152203090921807, 'unroll': 6, 'update_epoch': 12, 'discount': 0.9672552168077417, 'lr': 0.0001839465259569118, 'entropy': 0.008458011770746192}. Best is trial 45 with value: -3828.1748046875.[0m
[32m[I 2022-01-12 18:29:34,442][0m Trial 71 finished with value: -3164.533935546875 and parameters: {'r_scaling': 0.9994811645462415, 'unroll': 1, 'update_epoch': 13, 'discount': 0.9626121579280076, 'lr': 0.0002651805419127897, 'entropy': 0.003597024288283951}. Best is trial 45 with value: -3828.1748046875.[0m
[32m[I 2022-01-12 18:31:48,865][0m Trial 72 finished with value: -2893.87744140625 and parameters: {'r_scaling': 0.6291203142876844, 'unroll': 1, 'update_epoch': 14, 'discount': 0.9636989493250765, 'lr': 0.0002784306399286095, 'entropy': 0.0034773576022572223}. Best is trial 45 with value: -3828.1748046875.[0m
[32m[I 2022-01-12 18:33:50,038][0m Trial 73 finished with value: -2489.693115234375 and parameters: {'r_scaling': 0.9839317299662064, 'unroll': 2, 'update_epoch': 13, 'discount': 0.9724848408464914, 'lr': 0.00030068034174981123, 'entropy': 0.0051648429486376175}. Best is trial 45 with value: -3828.1748046875.[0m
[32m[I 2022-01-12 18:35:55,454][0m Trial 74 finished with value: -3297.390625 and parameters: {'r_scaling': 1.6881215227262614, 'unroll': 1, 'update_epoch': 13, 'discount': 0.9556356491283762, 'lr': 0.0002468365453291625, 'entropy': 0.031605361486831705}. Best is trial 45 with value: -3828.1748046875.[0m
[32m[I 2022-01-12 18:37:56,690][0m Trial 75 finished with value: -2447.0673828125 and parameters: {'r_scaling': 1.672266672737083, 'unroll': 3, 'update_epoch': 10, 'discount': 0.956591303597258, 'lr': 0.00036638138626769983, 'entropy': 0.0817563594211962}. Best is trial 45 with value: -3828.1748046875.[0m
[32m[I 2022-01-12 18:40:17,524][0m Trial 76 finished with value: -2324.052734375 and parameters: {'r_scaling': 1.2777161812490387, 'unroll': 2, 'update_epoch': 11, 'discount': 0.9497335707430031, 'lr': 0.00025460760864416947, 'entropy': 0.018207869233539255}. Best is trial 45 with value: -3828.1748046875.[0m
[32m[I 2022-01-12 18:42:51,551][0m Trial 77 finished with value: -2937.182861328125 and parameters: {'r_scaling': 5.985246301132292, 'unroll': 1, 'update_epoch': 14, 'discount': 0.9377610377403592, 'lr': 0.0001963592052733592, 'entropy': 0.03198461202167291}. Best is trial 45 with value: -3828.1748046875.[0m
[32m[I 2022-01-12 18:45:09,865][0m Trial 78 finished with value: -2129.52294921875 and parameters: {'r_scaling': 2.1526258817043633, 'unroll': 2, 'update_epoch': 13, 'discount': 0.9589436526004635, 'lr': 0.00022201288169837143, 'entropy': 0.00423832350418831}. Best is trial 45 with value: -3828.1748046875.[0m
[32m[I 2022-01-12 18:47:10,394][0m Trial 79 finished with value: -3355.89990234375 and parameters: {'r_scaling': 0.7740112790095448, 'unroll': 1, 'update_epoch': 12, 'discount': 0.9450879355525637, 'lr': 0.0002789611071320534, 'entropy': 0.028111192244889185}. Best is trial 45 with value: -3828.1748046875.[0m
[32m[I 2022-01-12 18:49:25,875][0m Trial 80 finished with value: -2672.12353515625 and parameters: {'r_scaling': 0.6070044492340361, 'unroll': 2, 'update_epoch': 12, 'discount': 0.9461280558908859, 'lr': 0.0004130932748186199, 'entropy': 0.029755382845232894}. Best is trial 45 with value: -3828.1748046875.[0m
[32m[I 2022-01-12 18:51:48,699][0m Trial 81 finished with value: -2617.55029296875 and parameters: {'r_scaling': 0.434243770402658, 'unroll': 1, 'update_epoch': 14, 'discount': 0.9363463891425833, 'lr': 0.000274958297202777, 'entropy': 0.0540881975463409}. Best is trial 45 with value: -3828.1748046875.[0m
[32m[I 2022-01-12 18:54:19,214][0m Trial 82 finished with value: -3176.672607421875 and parameters: {'r_scaling': 0.8567380494113626, 'unroll': 1, 'update_epoch': 12, 'discount': 0.9525706491763434, 'lr': 0.00031926100865410417, 'entropy': 0.02949610641470347}. Best is trial 45 with value: -3828.1748046875.[0m
[32m[I 2022-01-12 18:56:31,358][0m Trial 83 finished with value: -2596.9609375 and parameters: {'r_scaling': 1.5527319425541135, 'unroll': 2, 'update_epoch': 12, 'discount': 0.9458226662724053, 'lr': 0.00032346398101085666, 'entropy': 0.02871007531057486}. Best is trial 45 with value: -3828.1748046875.[0m
[32m[I 2022-01-12 18:58:50,885][0m Trial 84 finished with value: -3310.454833984375 and parameters: {'r_scaling': 3.515737044412371, 'unroll': 1, 'update_epoch': 11, 'discount': 0.9532262336365428, 'lr': 0.00024215868703166904, 'entropy': 0.046748151831081095}. Best is trial 45 with value: -3828.1748046875.[0m
[32m[I 2022-01-12 19:01:07,988][0m Trial 85 finished with value: -2892.78369140625 and parameters: {'r_scaling': 10.212901020852827, 'unroll': 1, 'update_epoch': 11, 'discount': 0.9509551481850443, 'lr': 0.0002432900120669404, 'entropy': 0.03793175924614653}. Best is trial 45 with value: -3828.1748046875.[0m
[32m[I 2022-01-12 19:03:22,360][0m Trial 86 finished with value: -2397.648193359375 and parameters: {'r_scaling': 2.6535540181714694, 'unroll': 3, 'update_epoch': 12, 'discount': 0.9439278562292472, 'lr': 0.0003091833534005295, 'entropy': 0.09813527066608745}. Best is trial 45 with value: -3828.1748046875.[0m
[32m[I 2022-01-12 19:05:35,015][0m Trial 87 finished with value: -1925.046142578125 and parameters: {'r_scaling': 7.964101432947272, 'unroll': 2, 'update_epoch': 11, 'discount': 0.9536350767171728, 'lr': 0.00020711673691459038, 'entropy': 0.06316184164320937}. Best is trial 45 with value: -3828.1748046875.[0m
[32m[I 2022-01-12 19:08:04,919][0m Trial 88 finished with value: -2565.88330078125 and parameters: {'r_scaling': 0.36124648109355995, 'unroll': 1, 'update_epoch': 13, 'discount': 0.9396101528607431, 'lr': 0.00017674746574626777, 'entropy': 0.05131206405255582}. Best is trial 45 with value: -3828.1748046875.[0m
[32m[I 2022-01-12 19:10:11,692][0m Trial 89 finished with value: 91.58222961425781 and parameters: {'r_scaling': 3.5062214669316427, 'unroll': 7, 'update_epoch': 12, 'discount': 0.9666283002880283, 'lr': 0.0002211447049509148, 'entropy': 0.03711922651982705}. Best is trial 45 with value: -3828.1748046875.[0m
[32m[I 2022-01-12 19:12:27,698][0m Trial 90 finished with value: -1990.979736328125 and parameters: {'r_scaling': 2.133119930065762, 'unroll': 2, 'update_epoch': 9, 'discount': 0.9513506936841499, 'lr': 0.00016149525844734257, 'entropy': 0.025610469712520276}. Best is trial 45 with value: -3828.1748046875.[0m
[32m[I 2022-01-12 19:14:55,878][0m Trial 91 finished with value: -3156.97021484375 and parameters: {'r_scaling': 0.9830305931816232, 'unroll': 1, 'update_epoch': 13, 'discount': 0.9552817655863911, 'lr': 0.00028879281903797656, 'entropy': 0.013471765469133055}. Best is trial 45 with value: -3828.1748046875.[0m
[32m[I 2022-01-12 19:16:58,330][0m Trial 92 finished with value: -3333.437255859375 and parameters: {'r_scaling': 0.7248418210045104, 'unroll': 1, 'update_epoch': 13, 'discount': 0.9594806583243483, 'lr': 0.0003475797133528841, 'entropy': 0.017150917369276913}. Best is trial 45 with value: -3828.1748046875.[0m
[32m[I 2022-01-12 19:19:23,857][0m Trial 93 finished with value: -3097.603515625 and parameters: {'r_scaling': 0.6403561162136877, 'unroll': 1, 'update_epoch': 12, 'discount': 0.9481280083694738, 'lr': 0.0003704344174582639, 'entropy': 0.019659499782273465}. Best is trial 45 with value: -3828.1748046875.[0m
[32m[I 2022-01-12 19:21:55,598][0m Trial 94 finished with value: -2984.73828125 and parameters: {'r_scaling': 1.8094873056616858, 'unroll': 1, 'update_epoch': 13, 'discount': 0.9582294231017738, 'lr': 0.0003574268455989028, 'entropy': 0.016883898195262665}. Best is trial 45 with value: -3828.1748046875.[0m
[32m[I 2022-01-12 19:24:10,773][0m Trial 95 finished with value: -2234.964111328125 and parameters: {'r_scaling': 1.230014319343181, 'unroll': 2, 'update_epoch': 13, 'discount': 0.9537859454037568, 'lr': 0.0002428868110039843, 'entropy': 0.03856672781664008}. Best is trial 45 with value: -3828.1748046875.[0m
[32m[I 2022-01-12 19:26:32,171][0m Trial 96 finished with value: -2865.455322265625 and parameters: {'r_scaling': 4.572310943838755, 'unroll': 1, 'update_epoch': 11, 'discount': 0.9597387275101713, 'lr': 0.00031126650575197517, 'entropy': 0.025249467995177566}. Best is trial 45 with value: -3828.1748046875.[0m
[32m[I 2022-01-12 19:28:23,511][0m Trial 97 finished with value: -1588.49609375 and parameters: {'r_scaling': 13.521188351677047, 'unroll': 2, 'update_epoch': 5, 'discount': 0.9659951343140104, 'lr': 0.0002905145904552753, 'entropy': 0.01250476540305445}. Best is trial 45 with value: -3828.1748046875.[0m
[32m[I 2022-01-12 19:30:41,217][0m Trial 98 finished with value: -2437.176513671875 and parameters: {'r_scaling': 0.5229723687139268, 'unroll': 1, 'update_epoch': 12, 'discount': 0.9767376007392039, 'lr': 0.0004935353714960274, 'entropy': 0.008433227904208078}. Best is trial 45 with value: -3828.1748046875.[0m
[32m[I 2022-01-12 19:32:57,403][0m Trial 99 finished with value: -2382.089111328125 and parameters: {'r_scaling': 2.6009467170025813, 'unroll': 3, 'update_epoch': 14, 'discount': 0.9568592246249771, 'lr': 0.0004183497119314636, 'entropy': 0.04683327484936557}. Best is trial 45 with value: -3828.1748046875.[0m
[32m[I 2022-01-12 19:35:03,009][0m Trial 100 finished with value: -3427.56640625 and parameters: {'r_scaling': 0.7614598531617497, 'unroll': 1, 'update_epoch': 15, 'discount': 0.9432041211740811, 'lr': 0.00013972828338535876, 'entropy': 0.03336055769915748}. Best is trial 45 with value: -3828.1748046875.[0m
[32m[I 2022-01-12 19:37:32,608][0m Trial 101 finished with value: -3111.2099609375 and parameters: {'r_scaling': 0.846554086825588, 'unroll': 1, 'update_epoch': 15, 'discount': 0.9449144386921398, 'lr': 0.00011178523701295049, 'entropy': 0.03356864200181719}. Best is trial 45 with value: -3828.1748046875.[0m
[32m[I 2022-01-12 19:39:53,941][0m Trial 102 finished with value: -3089.99560546875 and parameters: {'r_scaling': 1.4279706474600367, 'unroll': 1, 'update_epoch': 15, 'discount': 0.9428306294237433, 'lr': 0.00013606198265451192, 'entropy': 0.015840991136394023}. Best is trial 45 with value: -3828.1748046875.[0m
[32m[I 2022-01-12 19:42:05,974][0m Trial 103 finished with value: -2367.198486328125 and parameters: {'r_scaling': 1.8899555245669344, 'unroll': 2, 'update_epoch': 14, 'discount': 0.9477640695823512, 'lr': 0.0003468583005244691, 'entropy': 0.025417451631631737}. Best is trial 45 with value: -3828.1748046875.[0m
[32m[I 2022-01-12 19:44:10,028][0m Trial 104 finished with value: -3278.740234375 and parameters: {'r_scaling': 0.6903096303998614, 'unroll': 1, 'update_epoch': 13, 'discount': 0.9404441387094222, 'lr': 0.00014392632982219777, 'entropy': 0.011307130505857865}. Best is trial 45 with value: -3828.1748046875.[0m
[32m[I 2022-01-12 19:46:21,722][0m Trial 105 finished with value: -2209.399169921875 and parameters: {'r_scaling': 0.3566495794578133, 'unroll': 2, 'update_epoch': 13, 'discount': 0.9405654254469544, 'lr': 0.0001410860460724936, 'entropy': 0.011992764792779052}. Best is trial 45 with value: -3828.1748046875.[0m
[32m[I 2022-01-12 19:48:42,320][0m Trial 106 finished with value: -3203.12939453125 and parameters: {'r_scaling': 0.7165484531246586, 'unroll': 1, 'update_epoch': 15, 'discount': 0.9335144943639777, 'lr': 0.00011693022820411096, 'entropy': 0.009274832830032106}. Best is trial 45 with value: -3828.1748046875.[0m
[32m[I 2022-01-12 19:51:03,078][0m Trial 107 finished with value: -3191.4794921875 and parameters: {'r_scaling': 0.12631014781259178, 'unroll': 1, 'update_epoch': 13, 'discount': 0.949504013355537, 'lr': 0.0001615914150941465, 'entropy': 0.004860118109937776}. Best is trial 45 with value: -3828.1748046875.[0m
[32m[I 2022-01-12 19:53:21,827][0m Trial 108 finished with value: -2409.889404296875 and parameters: {'r_scaling': 0.09876346672896671, 'unroll': 2, 'update_epoch': 14, 'discount': 0.9387830933222429, 'lr': 0.00019712566478843487, 'entropy': 0.006733623488066017}. Best is trial 45 with value: -3828.1748046875.[0m
[32m[I 2022-01-12 19:55:43,931][0m Trial 109 finished with value: -3385.65771484375 and parameters: {'r_scaling': 0.557984563732058, 'unroll': 1, 'update_epoch': 14, 'discount': 0.9353904961787989, 'lr': 0.00012396039711993573, 'entropy': 0.017207686604120205}. Best is trial 45 with value: -3828.1748046875.[0m
[32m[I 2022-01-12 19:57:39,459][0m Trial 110 finished with value: -2245.577392578125 and parameters: {'r_scaling': 0.46976580003120627, 'unroll': 2, 'update_epoch': 15, 'discount': 0.936478394935057, 'lr': 0.00012417250430003639, 'entropy': 0.017427239730424204}. Best is trial 45 with value: -3828.1748046875.[0m
[32m[I 2022-01-12 20:00:12,962][0m Trial 111 finished with value: -3337.57275390625 and parameters: {'r_scaling': 1.2278468802893927, 'unroll': 1, 'update_epoch': 14, 'discount': 0.927925231205098, 'lr': 0.0001546478043172585, 'entropy': 0.014658573605006067}. Best is trial 45 with value: -3828.1748046875.[0m
[32m[I 2022-01-12 20:02:39,917][0m Trial 112 finished with value: -3413.09130859375 and parameters: {'r_scaling': 0.5588970017200501, 'unroll': 1, 'update_epoch': 14, 'discount': 0.9267921558757528, 'lr': 0.00014789790805672432, 'entropy': 0.015059342454667576}. Best is trial 45 with value: -3828.1748046875.[0m
[32m[I 2022-01-12 20:05:04,254][0m Trial 113 finished with value: -3494.3388671875 and parameters: {'r_scaling': 0.5231704180962186, 'unroll': 1, 'update_epoch': 14, 'discount': 0.927442483601379, 'lr': 0.00014866618411192226, 'entropy': 0.022227789573657692}. Best is trial 45 with value: -3828.1748046875.[0m
[32m[I 2022-01-12 20:07:28,889][0m Trial 114 finished with value: -3284.061279296875 and parameters: {'r_scaling': 0.27179662747194444, 'unroll': 1, 'update_epoch': 15, 'discount': 0.9234732470757023, 'lr': 0.00015395441416917306, 'entropy': 0.020736829297583543}. Best is trial 45 with value: -3828.1748046875.[0m
[32m[I 2022-01-12 20:09:42,115][0m Trial 115 finished with value: -2156.98193359375 and parameters: {'r_scaling': 0.5579986859892224, 'unroll': 2, 'update_epoch': 14, 'discount': 0.9267712334151952, 'lr': 0.00013535080360891044, 'entropy': 0.015340906809734874}. Best is trial 45 with value: -3828.1748046875.[0m
[32m[I 2022-01-12 20:12:15,783][0m Trial 116 finished with value: -2372.67822265625 and parameters: {'r_scaling': 0.15818959897873422, 'unroll': 1, 'update_epoch': 14, 'discount': 0.9298507093543926, 'lr': 0.00017343351163250334, 'entropy': 0.024679985729650612}. Best is trial 45 with value: -3828.1748046875.[0m
[32m[I 2022-01-12 20:14:37,480][0m Trial 117 finished with value: -3443.130126953125 and parameters: {'r_scaling': 0.4866231274446107, 'unroll': 1, 'update_epoch': 14, 'discount': 0.9251291392642333, 'lr': 0.00012628731219943353, 'entropy': 0.01871015793904606}. Best is trial 45 with value: -3828.1748046875.[0m
[32m[I 2022-01-12 20:16:51,021][0m Trial 118 finished with value: -2204.021484375 and parameters: {'r_scaling': 0.38710353363344335, 'unroll': 2, 'update_epoch': 15, 'discount': 0.9174990002046196, 'lr': 0.00012215846471229255, 'entropy': 0.014666281067568697}. Best is trial 45 with value: -3828.1748046875.[0m
[32m[I 2022-01-12 20:19:06,983][0m Trial 119 finished with value: -2237.02734375 and parameters: {'r_scaling': 0.5125016134811984, 'unroll': 3, 'update_epoch': 14, 'discount': 0.9243912122173736, 'lr': 0.00011228328861041762, 'entropy': 0.022757829858454454}. Best is trial 45 with value: -3828.1748046875.[0m
[32m[I 2022-01-12 20:21:36,113][0m Trial 120 finished with value: -3252.408203125 and parameters: {'r_scaling': 0.24177791626851336, 'unroll': 1, 'update_epoch': 15, 'discount': 0.9341243988087088, 'lr': 0.00013061214584797224, 'entropy': 0.019008931517139598}. Best is trial 45 with value: -3828.1748046875.[0m
[32m[I 2022-01-12 20:23:42,465][0m Trial 121 finished with value: -3361.221923828125 and parameters: {'r_scaling': 0.7164185648114021, 'unroll': 1, 'update_epoch': 14, 'discount': 0.9307555631512862, 'lr': 0.0001507218891967856, 'entropy': 0.017312920495048623}. Best is trial 45 with value: -3828.1748046875.[0m
[32m[I 2022-01-12 20:26:04,054][0m Trial 122 finished with value: -3337.875 and parameters: {'r_scaling': 0.5670767450535436, 'unroll': 1, 'update_epoch': 14, 'discount': 0.9306688105769471, 'lr': 0.00015392035543786625, 'entropy': 0.017231780234108797}. Best is trial 45 with value: -3828.1748046875.[0m
[32m[I 2022-01-12 20:28:15,156][0m Trial 123 finished with value: -2127.831298828125 and parameters: {'r_scaling': 0.31300046293839756, 'unroll': 2, 'update_epoch': 14, 'discount': 0.9313271130506777, 'lr': 0.00015316230402627088, 'entropy': 0.01439633616961562}. Best is trial 45 with value: -3828.1748046875.[0m
[32m[I 2022-01-12 20:30:28,792][0m Trial 124 finished with value: -3518.12841796875 and parameters: {'r_scaling': 0.415682732978354, 'unroll': 1, 'update_epoch': 14, 'discount': 0.9272940655127653, 'lr': 0.00013915005745637667, 'entropy': 0.017684475239031643}. Best is trial 45 with value: -3828.1748046875.[0m
[32m[I 2022-01-12 20:32:53,128][0m Trial 125 finished with value: -3435.794189453125 and parameters: {'r_scaling': 0.4428239810657622, 'unroll': 1, 'update_epoch': 14, 'discount': 0.9268375076492767, 'lr': 0.00013875469877673355, 'entropy': 0.016771863160490914}. Best is trial 45 with value: -3828.1748046875.[0m
[32m[I 2022-01-12 20:35:10,625][0m Trial 126 finished with value: -2216.819580078125 and parameters: {'r_scaling': 0.4354102407758593, 'unroll': 2, 'update_epoch': 14, 'discount': 0.9270562337953662, 'lr': 0.00014302018320638452, 'entropy': 0.018822588042806586}. Best is trial 45 with value: -3828.1748046875.[0m
[32m[I 2022-01-12 20:37:23,341][0m Trial 127 finished with value: 94.26095581054688 and parameters: {'r_scaling': 0.5965579588666108, 'unroll': 9, 'update_epoch': 15, 'discount': 0.924244791802874, 'lr': 0.0001266702431797149, 'entropy': 0.02145141349900059}. Best is trial 45 with value: -3828.1748046875.[0m
[32m[I 2022-01-12 20:40:03,526][0m Trial 128 finished with value: -3230.35888671875 and parameters: {'r_scaling': 0.37243204720219875, 'unroll': 1, 'update_epoch': 14, 'discount': 0.922043341201339, 'lr': 0.00016274897784029766, 'entropy': 0.027221649657507688}. Best is trial 45 with value: -3828.1748046875.[0m
[32m[I 2022-01-12 20:42:26,235][0m Trial 129 finished with value: 97.97978210449219 and parameters: {'r_scaling': 0.9140791112191605, 'unroll': 14, 'update_epoch': 15, 'discount': 0.9295244691937545, 'lr': 0.0001505361361063696, 'entropy': 0.01604738514870932}. Best is trial 45 with value: -3828.1748046875.[0m
[32m[I 2022-01-12 20:45:34,003][0m Trial 130 finished with value: -3368.63818359375 and parameters: {'r_scaling': 0.1889803531317591, 'unroll': 1, 'update_epoch': 14, 'discount': 0.9316555228448415, 'lr': 0.00013689508606845837, 'entropy': 0.01331428292606081}. Best is trial 45 with value: -3828.1748046875.[0m
[32m[I 2022-01-12 20:47:41,592][0m Trial 131 finished with value: -3529.761474609375 and parameters: {'r_scaling': 0.498832384506695, 'unroll': 1, 'update_epoch': 14, 'discount': 0.9316581683100341, 'lr': 0.0001389460421002586, 'entropy': 0.013836980753249913}. Best is trial 45 with value: -3828.1748046875.[0m
[32m[I 2022-01-12 20:49:47,287][0m Trial 132 finished with value: -3208.103515625 and parameters: {'r_scaling': 0.4611804755258992, 'unroll': 1, 'update_epoch': 14, 'discount': 0.9316347711331391, 'lr': 0.00013697399906032774, 'entropy': 0.010384183348086651}. Best is trial 45 with value: -3828.1748046875.[0m
[32m[I 2022-01-12 20:51:52,322][0m Trial 133 finished with value: -2121.14208984375 and parameters: {'r_scaling': 0.27875747257257394, 'unroll': 2, 'update_epoch': 15, 'discount': 0.9353266630671193, 'lr': 0.00011671550619950105, 'entropy': 0.02277305282539725}. Best is trial 45 with value: -3828.1748046875.[0m
[32m[I 2022-01-12 20:54:40,910][0m Trial 134 finished with value: -3238.4296875 and parameters: {'r_scaling': 0.1892945326028304, 'unroll': 1, 'update_epoch': 14, 'discount': 0.9257294002027516, 'lr': 0.00013067636646237185, 'entropy': 0.0011211576139001016}. Best is trial 45 with value: -3828.1748046875.[0m
[32m[I 2022-01-12 20:56:45,394][0m Trial 135 finished with value: -3149.263916015625 and parameters: {'r_scaling': 0.5790210302895386, 'unroll': 1, 'update_epoch': 14, 'discount': 0.9185249878876726, 'lr': 0.00010992778395339731, 'entropy': 0.013462309988182363}. Best is trial 45 with value: -3828.1748046875.[0m
[32m[I 2022-01-12 20:59:33,163][0m Trial 136 finished with value: -2345.4462890625 and parameters: {'r_scaling': 0.32890362858488054, 'unroll': 2, 'update_epoch': 15, 'discount': 0.930454043993704, 'lr': 0.00017981507720701996, 'entropy': 0.018763591618449274}. Best is trial 45 with value: -3828.1748046875.[0m
[32m[I 2022-01-12 21:02:40,814][0m Trial 137 finished with value: -3326.33984375 and parameters: {'r_scaling': 0.39035696340908993, 'unroll': 1, 'update_epoch': 14, 'discount': 0.9327316836649533, 'lr': 0.0001221024589724529, 'entropy': 0.012050066452223273}. Best is trial 45 with value: -3828.1748046875.[0m
