[32m[I 2022-01-10 15:03:43,020][0m A new study created in memory with name: no-name-d2a106ff-37ba-4e51-adc1-44a3457c6ad1[0m
[32m[I 2022-01-10 15:05:48,065][0m Trial 0 finished with value: -2122.198974609375 and parameters: {'r_scaling': 8.980560208404524, 'unroll': 5, 'update_epoch': 14, 'discount': 0.9278191962326999, 'lr': 0.0009721230014636144, 'entropy': 0.006334378255721679}. Best is trial 0 with value: -2122.198974609375.[0m
[32m[I 2022-01-10 15:07:30,965][0m Trial 1 finished with value: 99.66404724121094 and parameters: {'r_scaling': 0.050024753884352804, 'unroll': 12, 'update_epoch': 4, 'discount': 0.9480044161350696, 'lr': 0.00023323638583382667, 'entropy': 0.0020503324765242196}. Best is trial 0 with value: -2122.198974609375.[0m
[32m[I 2022-01-10 15:09:15,007][0m Trial 2 finished with value: 98.85700988769531 and parameters: {'r_scaling': 1.7369783909948888, 'unroll': 10, 'update_epoch': 7, 'discount': 0.9538411142588669, 'lr': 0.00015235935235521038, 'entropy': 0.0005275590034283441}. Best is trial 0 with value: -2122.198974609375.[0m
[32m[I 2022-01-10 15:11:26,302][0m Trial 3 finished with value: 106.10108947753906 and parameters: {'r_scaling': 7.0081937683551185, 'unroll': 2, 'update_epoch': 12, 'discount': 0.9898790744568144, 'lr': 0.0015951986630005526, 'entropy': 0.00043837265543558756}. Best is trial 0 with value: -2122.198974609375.[0m
[32m[I 2022-01-10 15:13:26,523][0m Trial 4 finished with value: -990.60595703125 and parameters: {'r_scaling': 0.064274145979093, 'unroll': 1, 'update_epoch': 2, 'discount': 0.9739062000959487, 'lr': 0.0006985118049283173, 'entropy': 0.00023839967306477726}. Best is trial 0 with value: -2122.198974609375.[0m
[32m[I 2022-01-10 15:15:32,908][0m Trial 5 finished with value: -1981.7987060546875 and parameters: {'r_scaling': 5.3754933136871665, 'unroll': 4, 'update_epoch': 10, 'discount': 0.9500421645890904, 'lr': 0.00025185578085210926, 'entropy': 0.0002761870630049275}. Best is trial 0 with value: -2122.198974609375.[0m
[32m[I 2022-01-10 15:17:54,544][0m Trial 6 finished with value: -3500.7392578125 and parameters: {'r_scaling': 17.720388336370885, 'unroll': 3, 'update_epoch': 14, 'discount': 0.9493385444566694, 'lr': 0.00027391863912143904, 'entropy': 0.004084949938528114}. Best is trial 6 with value: -3500.7392578125.[0m
[32m[I 2022-01-10 15:20:17,026][0m Trial 7 finished with value: -1921.4912109375 and parameters: {'r_scaling': 49.12693954866152, 'unroll': 2, 'update_epoch': 13, 'discount': 0.9689914154887801, 'lr': 0.00010598567952400122, 'entropy': 0.00011342868458327456}. Best is trial 6 with value: -3500.7392578125.[0m
[32m[I 2022-01-10 15:22:39,698][0m Trial 8 finished with value: -2428.94287109375 and parameters: {'r_scaling': 1.9882894446661918, 'unroll': 2, 'update_epoch': 14, 'discount': 0.991845368649835, 'lr': 0.00046299769670426084, 'entropy': 0.0006406745357325293}. Best is trial 6 with value: -3500.7392578125.[0m
[32m[I 2022-01-10 15:24:48,493][0m Trial 9 finished with value: -3193.555419921875 and parameters: {'r_scaling': 0.4169417566558195, 'unroll': 4, 'update_epoch': 15, 'discount': 0.9637798017665357, 'lr': 0.00040003439980484544, 'entropy': 0.006314631311729472}. Best is trial 6 with value: -3500.7392578125.[0m
[32m[I 2022-01-10 15:26:57,802][0m Trial 10 finished with value: -2069.003173828125 and parameters: {'r_scaling': 198.23758597609057, 'unroll': 7, 'update_epoch': 7, 'discount': 0.9025050669805704, 'lr': 0.0002731313051193114, 'entropy': 0.0574356127918866}. Best is trial 6 with value: -3500.7392578125.[0m
[32m[I 2022-01-10 15:28:54,777][0m Trial 11 finished with value: 96.54109191894531 and parameters: {'r_scaling': 0.48842536379593726, 'unroll': 15, 'update_epoch': 15, 'discount': 0.9268207545271518, 'lr': 0.0004449289946951022, 'entropy': 0.011028145893402647}. Best is trial 6 with value: -3500.7392578125.[0m
[32m[I 2022-01-10 15:30:49,630][0m Trial 12 finished with value: -2600.552001953125 and parameters: {'r_scaling': 0.24796982791365382, 'unroll': 6, 'update_epoch': 10, 'discount': 0.9300587007999174, 'lr': 0.0005026567659955031, 'entropy': 0.022138468027641488}. Best is trial 6 with value: -3500.7392578125.[0m
[32m[I 2022-01-10 15:32:53,201][0m Trial 13 finished with value: 98.556884765625 and parameters: {'r_scaling': 38.84529227625151, 'unroll': 9, 'update_epoch': 11, 'discount': 0.9656492676844879, 'lr': 0.00034451632078868284, 'entropy': 0.0027231624480512848}. Best is trial 6 with value: -3500.7392578125.[0m
[32m[I 2022-01-10 15:35:09,372][0m Trial 14 finished with value: -2312.635498046875 and parameters: {'r_scaling': 0.3228589276211663, 'unroll': 4, 'update_epoch': 15, 'discount': 0.9340593979408811, 'lr': 0.00018287244054339836, 'entropy': 0.001814618807701545}. Best is trial 6 with value: -3500.7392578125.[0m
[32m[I 2022-01-10 15:37:00,372][0m Trial 15 finished with value: -2478.5830078125 and parameters: {'r_scaling': 19.67776307195664, 'unroll': 4, 'update_epoch': 8, 'discount': 0.911076874005324, 'lr': 0.0006671277524913224, 'entropy': 0.006439743512725901}. Best is trial 6 with value: -3500.7392578125.[0m
[32m[I 2022-01-10 15:39:26,811][0m Trial 16 finished with value: -3716.873291015625 and parameters: {'r_scaling': 0.9526558275794206, 'unroll': 7, 'update_epoch': 12, 'discount': 0.9793433470198949, 'lr': 0.001033272001142861, 'entropy': 0.02738859241751966}. Best is trial 16 with value: -3716.873291015625.[0m
[32m[I 2022-01-10 15:41:36,629][0m Trial 17 finished with value: 97.76634979248047 and parameters: {'r_scaling': 1.495702953513396, 'unroll': 8, 'update_epoch': 12, 'discount': 0.9804890346591632, 'lr': 0.0017238436293441235, 'entropy': 0.05638408161935234}. Best is trial 16 with value: -3716.873291015625.[0m
[32m[I 2022-01-10 15:43:52,443][0m Trial 18 finished with value: 96.25923156738281 and parameters: {'r_scaling': 170.82537505623972, 'unroll': 11, 'update_epoch': 10, 'discount': 0.9402554781658422, 'lr': 0.0010391838994247185, 'entropy': 0.025057477662189888}. Best is trial 16 with value: -3716.873291015625.[0m
[32m[I 2022-01-10 15:46:19,615][0m Trial 19 finished with value: 106.08946990966797 and parameters: {'r_scaling': 18.809301447671263, 'unroll': 7, 'update_epoch': 9, 'discount': 0.9590494758652335, 'lr': 0.0012440417399582026, 'entropy': 0.021093507137624565}. Best is trial 16 with value: -3716.873291015625.[0m
[32m[I 2022-01-10 15:47:57,008][0m Trial 20 finished with value: 99.13690185546875 and parameters: {'r_scaling': 0.9644708055617536, 'unroll': 14, 'update_epoch': 13, 'discount': 0.9803593759532505, 'lr': 0.0006677624615028446, 'entropy': 0.0012612866777329133}. Best is trial 16 with value: -3716.873291015625.[0m
[32m[I 2022-01-10 15:49:57,973][0m Trial 21 finished with value: -3215.813232421875 and parameters: {'r_scaling': 0.15903103569778373, 'unroll': 5, 'update_epoch': 15, 'discount': 0.9611313455738312, 'lr': 0.0003455682129947461, 'entropy': 0.005675329821134224}. Best is trial 16 with value: -3716.873291015625.[0m
[32m[I 2022-01-10 15:52:00,611][0m Trial 22 finished with value: -3423.149658203125 and parameters: {'r_scaling': 0.16610201381045298, 'unroll': 6, 'update_epoch': 13, 'discount': 0.9763379352024116, 'lr': 0.0003175942454549916, 'entropy': 0.011201503204311453}. Best is trial 16 with value: -3716.873291015625.[0m
[32m[I 2022-01-10 15:53:30,017][0m Trial 23 finished with value: 100.90660095214844 and parameters: {'r_scaling': 0.11399718437060195, 'unroll': 8, 'update_epoch': 12, 'discount': 0.9807293511202724, 'lr': 0.00017402659676078058, 'entropy': 0.09395059253057979}. Best is trial 16 with value: -3716.873291015625.[0m
[32m[I 2022-01-10 15:55:32,275][0m Trial 24 finished with value: -2804.540283203125 and parameters: {'r_scaling': 3.9634399986265856, 'unroll': 6, 'update_epoch': 13, 'discount': 0.9737623709034653, 'lr': 0.000300993382486593, 'entropy': 0.011661735447249374}. Best is trial 16 with value: -3716.873291015625.[0m
[32m[I 2022-01-10 15:57:23,985][0m Trial 25 finished with value: -2507.1884765625 and parameters: {'r_scaling': 0.8272635300904367, 'unroll': 3, 'update_epoch': 5, 'discount': 0.9178279080066782, 'lr': 0.00011978633281873868, 'entropy': 0.01441504374671583}. Best is trial 16 with value: -3716.873291015625.[0m
[32m[I 2022-01-10 15:59:48,752][0m Trial 26 finished with value: -1730.8087158203125 and parameters: {'r_scaling': 0.13900414364763986, 'unroll': 6, 'update_epoch': 11, 'discount': 0.9411351429069047, 'lr': 0.00021962405114319682, 'entropy': 0.043806179476719734}. Best is trial 16 with value: -3716.873291015625.[0m
[32m[I 2022-01-10 16:01:56,566][0m Trial 27 finished with value: 99.76683044433594 and parameters: {'r_scaling': 0.6502169048128128, 'unroll': 9, 'update_epoch': 14, 'discount': 0.9887068780558878, 'lr': 0.0005585539436462375, 'entropy': 0.003729664905878494}. Best is trial 16 with value: -3716.873291015625.[0m
[32m[I 2022-01-10 16:04:45,453][0m Trial 28 finished with value: -2126.03515625 and parameters: {'r_scaling': 2.691984849512311, 'unroll': 1, 'update_epoch': 11, 'discount': 0.972001154860077, 'lr': 0.0009512236137378437, 'entropy': 0.033576476345864685}. Best is trial 16 with value: -3716.873291015625.[0m
[32m[I 2022-01-10 16:07:04,001][0m Trial 29 finished with value: -1952.07958984375 and parameters: {'r_scaling': 12.230118348532413, 'unroll': 5, 'update_epoch': 13, 'discount': 0.9579936581252346, 'lr': 0.0008058822642983734, 'entropy': 0.004067129440558423}. Best is trial 16 with value: -3716.873291015625.[0m
[32m[I 2022-01-10 16:09:28,852][0m Trial 30 finished with value: 107.98959350585938 and parameters: {'r_scaling': 62.675675699032034, 'unroll': 7, 'update_epoch': 14, 'discount': 0.9942363319580183, 'lr': 0.0013864518295143736, 'entropy': 0.008994234861495119}. Best is trial 16 with value: -3716.873291015625.[0m
[32m[I 2022-01-10 16:11:46,956][0m Trial 31 finished with value: -3220.76416015625 and parameters: {'r_scaling': 0.1962134770171122, 'unroll': 5, 'update_epoch': 15, 'discount': 0.9597292111700415, 'lr': 0.00034017764536496735, 'entropy': 0.005984057683370829}. Best is trial 16 with value: -3716.873291015625.[0m
[32m[I 2022-01-10 16:13:55,341][0m Trial 32 finished with value: -5227.3486328125 and parameters: {'r_scaling': 0.07785834225138609, 'unroll': 3, 'update_epoch': 14, 'discount': 0.9526765071523424, 'lr': 0.00035546792018557145, 'entropy': 0.0013762092022418227}. Best is trial 32 with value: -5227.3486328125.[0m
[32m[I 2022-01-10 16:15:57,932][0m Trial 33 finished with value: -4104.595703125 and parameters: {'r_scaling': 0.06560775045675638, 'unroll': 3, 'update_epoch': 12, 'discount': 0.9435231733158234, 'lr': 0.00021339447086498104, 'entropy': 0.0010772102138968229}. Best is trial 32 with value: -5227.3486328125.[0m
[32m[I 2022-01-10 16:18:12,972][0m Trial 34 finished with value: -4674.62646484375 and parameters: {'r_scaling': 0.10110101960723258, 'unroll': 3, 'update_epoch': 12, 'discount': 0.9481097589018059, 'lr': 0.00021297528457190086, 'entropy': 0.0010239262351741866}. Best is trial 32 with value: -5227.3486328125.[0m
[32m[I 2022-01-10 16:20:26,384][0m Trial 35 finished with value: -3069.25634765625 and parameters: {'r_scaling': 0.06099427703762942, 'unroll': 3, 'update_epoch': 9, 'discount': 0.943908210456179, 'lr': 0.00013530726706616344, 'entropy': 0.0008455940200885121}. Best is trial 32 with value: -5227.3486328125.[0m
[32m[I 2022-01-10 16:22:57,635][0m Trial 36 finished with value: -3653.341064453125 and parameters: {'r_scaling': 0.08413016844102911, 'unroll': 1, 'update_epoch': 12, 'discount': 0.9532866362258051, 'lr': 0.000197291886727165, 'entropy': 0.0012325638379039293}. Best is trial 32 with value: -5227.3486328125.[0m
[32m[I 2022-01-10 16:24:55,964][0m Trial 37 finished with value: 94.21794128417969 and parameters: {'r_scaling': 0.05010968341659451, 'unroll': 12, 'update_epoch': 5, 'discount': 0.9348126127082366, 'lr': 0.0001455834553394691, 'entropy': 0.0002794161153317755}. Best is trial 32 with value: -5227.3486328125.[0m
[32m[I 2022-01-10 16:26:57,171][0m Trial 38 finished with value: -1626.468994140625 and parameters: {'r_scaling': 0.09403029033674096, 'unroll': 3, 'update_epoch': 1, 'discount': 0.9215791290699582, 'lr': 0.0002119256927480264, 'entropy': 0.0021866310878360224}. Best is trial 32 with value: -5227.3486328125.[0m
[32m[I 2022-01-10 16:29:20,422][0m Trial 39 finished with value: -4796.98681640625 and parameters: {'r_scaling': 0.08830154452899962, 'unroll': 2, 'update_epoch': 11, 'discount': 0.9468970776468847, 'lr': 0.00024015261256719758, 'entropy': 0.0011559738378028156}. Best is trial 32 with value: -5227.3486328125.[0m
[32m[I 2022-01-10 16:31:42,035][0m Trial 40 finished with value: -3741.980224609375 and parameters: {'r_scaling': 0.07778954094031304, 'unroll': 2, 'update_epoch': 9, 'discount': 0.946533423908245, 'lr': 0.00023853441157088647, 'entropy': 0.0008766405209699288}. Best is trial 32 with value: -5227.3486328125.[0m
[32m[I 2022-01-10 16:34:01,091][0m Trial 41 finished with value: -4013.3515625 and parameters: {'r_scaling': 0.07640459922410958, 'unroll': 2, 'update_epoch': 9, 'discount': 0.9473136238823351, 'lr': 0.0002394270941538437, 'entropy': 0.0004390664140745307}. Best is trial 32 with value: -5227.3486328125.[0m
[32m[I 2022-01-10 16:36:20,214][0m Trial 42 finished with value: -3983.03515625 and parameters: {'r_scaling': 0.23096725572129798, 'unroll': 2, 'update_epoch': 10, 'discount': 0.9532083171318946, 'lr': 0.00016891737085132782, 'entropy': 0.0004566018009207573}. Best is trial 32 with value: -5227.3486328125.[0m
[32m[I 2022-01-10 16:38:43,965][0m Trial 43 finished with value: -4892.57421875 and parameters: {'r_scaling': 0.10459846150348193, 'unroll': 2, 'update_epoch': 11, 'discount': 0.9379372268680772, 'lr': 0.00026538882898465363, 'entropy': 0.0014458336791442366}. Best is trial 32 with value: -5227.3486328125.[0m
[32m[I 2022-01-10 16:41:16,023][0m Trial 44 finished with value: -3562.645263671875 and parameters: {'r_scaling': 0.11730328669612108, 'unroll': 1, 'update_epoch': 11, 'discount': 0.9376831436201956, 'lr': 0.00028892102871671714, 'entropy': 0.001658590389693406}. Best is trial 32 with value: -5227.3486328125.[0m
[32m[I 2022-01-10 16:43:33,610][0m Trial 45 finished with value: -4677.6279296875 and parameters: {'r_scaling': 0.2930973940626085, 'unroll': 3, 'update_epoch': 12, 'discount': 0.9434417189431903, 'lr': 0.00041183546468739576, 'entropy': 0.0007124810562522371}. Best is trial 32 with value: -5227.3486328125.[0m
[32m[I 2022-01-10 16:45:41,877][0m Trial 46 finished with value: -2952.6279296875 and parameters: {'r_scaling': 0.3647217466394951, 'unroll': 4, 'update_epoch': 11, 'discount': 0.9509507886666763, 'lr': 0.0004079567912431287, 'entropy': 0.0006346084269640576}. Best is trial 32 with value: -5227.3486328125.[0m
[32m[I 2022-01-10 16:47:49,725][0m Trial 47 finished with value: -4040.63134765625 and parameters: {'r_scaling': 0.24568896960962966, 'unroll': 2, 'update_epoch': 13, 'discount': 0.9287997012699876, 'lr': 0.00038047831796230954, 'entropy': 0.00020568162203479695}. Best is trial 32 with value: -5227.3486328125.[0m
[32m[I 2022-01-10 16:50:11,427][0m Trial 48 finished with value: -2846.107177734375 and parameters: {'r_scaling': 0.5243717428357559, 'unroll': 1, 'update_epoch': 7, 'discount': 0.9331295622154804, 'lr': 0.000544539180144096, 'entropy': 0.002517620894390543}. Best is trial 32 with value: -5227.3486328125.[0m
[32m[I 2022-01-10 16:52:12,853][0m Trial 49 finished with value: -2407.440673828125 and parameters: {'r_scaling': 0.30622604497872324, 'unroll': 4, 'update_epoch': 8, 'discount': 0.9387484551267088, 'lr': 0.00027808547259991457, 'entropy': 0.000692426115665253}. Best is trial 32 with value: -5227.3486328125.[0m
[32m[I 2022-01-10 16:54:34,476][0m Trial 50 finished with value: -3962.58837890625 and parameters: {'r_scaling': 0.11177387464954654, 'unroll': 3, 'update_epoch': 14, 'discount': 0.9224213941049764, 'lr': 0.00046167123448960024, 'entropy': 0.0016561900882860962}. Best is trial 32 with value: -5227.3486328125.[0m
[32m[I 2022-01-10 16:56:49,670][0m Trial 51 finished with value: -4304.68701171875 and parameters: {'r_scaling': 0.05076411050788223, 'unroll': 3, 'update_epoch': 12, 'discount': 0.9439884664051427, 'lr': 0.0002663301397605051, 'entropy': 0.0012012568011317123}. Best is trial 32 with value: -5227.3486328125.[0m
[32m[I 2022-01-10 16:58:54,358][0m Trial 52 finished with value: -4922.3486328125 and parameters: {'r_scaling': 0.05756203774298681, 'unroll': 2, 'update_epoch': 12, 'discount': 0.9559232917128365, 'lr': 0.00025720067674386, 'entropy': 0.0009674945414447275}. Best is trial 32 with value: -5227.3486328125.[0m
[32m[I 2022-01-10 17:00:56,866][0m Trial 53 finished with value: -3968.7978515625 and parameters: {'r_scaling': 0.15099584460994184, 'unroll': 2, 'update_epoch': 11, 'discount': 0.9543550586577597, 'lr': 0.0002551455283458316, 'entropy': 0.00035480505779184523}. Best is trial 32 with value: -5227.3486328125.[0m
[32m[I 2022-01-10 17:03:11,067][0m Trial 54 finished with value: -3615.987548828125 and parameters: {'r_scaling': 0.08857477652777695, 'unroll': 1, 'update_epoch': 10, 'discount': 0.9490611893004932, 'lr': 0.0003725265974067782, 'entropy': 0.000764324208411802}. Best is trial 32 with value: -5227.3486328125.[0m
[32m[I 2022-01-10 17:05:16,033][0m Trial 55 finished with value: -2206.02099609375 and parameters: {'r_scaling': 0.20149125044320254, 'unroll': 4, 'update_epoch': 10, 'discount': 0.9686278612028232, 'lr': 0.00018925471213689744, 'entropy': 0.0005460478936995908}. Best is trial 32 with value: -5227.3486328125.[0m
[32m[I 2022-01-10 17:07:36,950][0m Trial 56 finished with value: -4219.92236328125 and parameters: {'r_scaling': 0.11490081047186426, 'unroll': 2, 'update_epoch': 13, 'discount': 0.9569063437404017, 'lr': 0.0003254450761016482, 'entropy': 0.0030517111809205103}. Best is trial 32 with value: -5227.3486328125.[0m
[32m[I 2022-01-10 17:09:48,225][0m Trial 57 finished with value: -3182.9091796875 and parameters: {'r_scaling': 0.06435447146962799, 'unroll': 5, 'update_epoch': 14, 'discount': 0.9644518038675952, 'lr': 0.00042915446587324873, 'entropy': 0.0015777223801819802}. Best is trial 32 with value: -5227.3486328125.[0m
[32m[I 2022-01-10 17:11:58,616][0m Trial 58 finished with value: -2475.94140625 and parameters: {'r_scaling': 0.16007712513523673, 'unroll': 4, 'update_epoch': 12, 'discount': 0.9507338625549966, 'lr': 0.00016094426238315884, 'entropy': 0.0009067543128167119}. Best is trial 32 with value: -5227.3486328125.[0m
[32m[I 2022-01-10 17:14:16,709][0m Trial 59 finished with value: -4329.96875 and parameters: {'r_scaling': 0.3016623734072798, 'unroll': 3, 'update_epoch': 12, 'discount': 0.9369085471217998, 'lr': 0.00030300849319507556, 'entropy': 0.0001589063063975534}. Best is trial 32 with value: -5227.3486328125.[0m
[32m[I 2022-01-10 17:16:20,348][0m Trial 60 finished with value: -3996.64697265625 and parameters: {'r_scaling': 0.11500672393095657, 'unroll': 2, 'update_epoch': 11, 'discount': 0.9318100297945328, 'lr': 0.0003623363316262835, 'entropy': 0.0020101415240482987}. Best is trial 32 with value: -5227.3486328125.[0m
[32m[I 2022-01-10 17:18:39,071][0m Trial 61 finished with value: -4541.8173828125 and parameters: {'r_scaling': 0.3109834286329496, 'unroll': 3, 'update_epoch': 13, 'discount': 0.9376729682730998, 'lr': 0.00029718747646990804, 'entropy': 0.00015133222381428916}. Best is trial 32 with value: -5227.3486328125.[0m
[32m[I 2022-01-10 17:21:00,896][0m Trial 62 finished with value: -4467.64111328125 and parameters: {'r_scaling': 1.2199782529012853, 'unroll': 3, 'update_epoch': 13, 'discount': 0.9416356642920528, 'lr': 0.00025015315170243564, 'entropy': 0.000125114602561601}. Best is trial 32 with value: -5227.3486328125.[0m
[32m[I 2022-01-10 17:23:42,288][0m Trial 63 finished with value: -3333.41357421875 and parameters: {'r_scaling': 0.49155104513185033, 'unroll': 1, 'update_epoch': 14, 'discount': 0.9461156503569974, 'lr': 0.00022377406250284108, 'entropy': 0.00034413407417988994}. Best is trial 32 with value: -5227.3486328125.[0m
[32m[I 2022-01-10 17:25:48,387][0m Trial 64 finished with value: -2505.154296875 and parameters: {'r_scaling': 0.050190828023325564, 'unroll': 4, 'update_epoch': 13, 'discount': 0.9254032401972804, 'lr': 0.00031207677457957913, 'entropy': 0.0014112554794395108}. Best is trial 32 with value: -5227.3486328125.[0m
[32m[I 2022-01-10 17:28:16,960][0m Trial 65 finished with value: -5305.048828125 and parameters: {'r_scaling': 0.0952236914198717, 'unroll': 2, 'update_epoch': 14, 'discount': 0.955424405133196, 'lr': 0.000281314378291889, 'entropy': 0.0009453905238817891}. Best is trial 65 with value: -5305.048828125.[0m
[32m[I 2022-01-10 17:30:48,956][0m Trial 66 finished with value: -4891.994140625 and parameters: {'r_scaling': 0.09693989220368578, 'unroll': 2, 'update_epoch': 15, 'discount': 0.9618850736739807, 'lr': 0.00019437325923716517, 'entropy': 0.001027829134512487}. Best is trial 65 with value: -5305.048828125.[0m
[32m[I 2022-01-10 17:33:11,978][0m Trial 67 finished with value: -3471.3642578125 and parameters: {'r_scaling': 0.07046181823073977, 'unroll': 2, 'update_epoch': 15, 'discount': 0.9665249869220792, 'lr': 0.000509908038036217, 'entropy': 0.0005827808104190755}. Best is trial 65 with value: -5305.048828125.[0m
[32m[I 2022-01-10 17:35:53,371][0m Trial 68 finished with value: -3659.1689453125 and parameters: {'r_scaling': 0.1442164853721466, 'unroll': 1, 'update_epoch': 15, 'discount': 0.9563645348468521, 'lr': 0.00018648637639558799, 'entropy': 0.0021470332852510936}. Best is trial 65 with value: -5305.048828125.[0m
