[32m[I 2022-01-23 04:20:09,923][0m Trial 137 finished with value: -416.1826171875 and parameters: {'r_scaling': 0.6487021221510076, 'unroll': 1, 'update_epoch': 5, 'discount': 0.9539603609377911, 'lr': 0.00017103599561797092, 'entropy': 0.023789542382882407}. Best is trial 73 with value: -956.888427734375.[0m
[32m[I 2022-01-23 04:23:13,856][0m Trial 138 finished with value: -296.1717224121094 and parameters: {'r_scaling': 0.5135953183597304, 'unroll': 1, 'update_epoch': 5, 'discount': 0.95913612543801, 'lr': 0.00019906414648825714, 'entropy': 0.023840485635373387}. Best is trial 73 with value: -956.888427734375.[0m
[32m[I 2022-01-23 04:27:06,836][0m Trial 139 finished with value: -705.0020751953125 and parameters: {'r_scaling': 0.5326614533749507, 'unroll': 1, 'update_epoch': 5, 'discount': 0.96104444195853, 'lr': 0.00020286093426956044, 'entropy': 0.024430602700588538}. Best is trial 73 with value: -956.888427734375.[0m
[32m[I 2022-01-23 04:30:31,945][0m Trial 140 finished with value: 99.75543212890625 and parameters: {'r_scaling': 0.9267451361106808, 'unroll': 2, 'update_epoch': 4, 'discount': 0.9600912582424563, 'lr': 0.00017387834040002455, 'entropy': 0.03720228750403605}. Best is trial 73 with value: -956.888427734375.[0m
[32m[I 2022-01-23 04:34:06,233][0m Trial 141 finished with value: -888.6387329101562 and parameters: {'r_scaling': 0.678927118151751, 'unroll': 1, 'update_epoch': 5, 'discount': 0.9590495183169672, 'lr': 0.0002394313117076716, 'entropy': 0.02421203609551902}. Best is trial 73 with value: -956.888427734375.[0m
[32m[I 2022-01-23 04:37:44,324][0m Trial 142 finished with value: -32.58164596557617 and parameters: {'r_scaling': 1.6032778090286421, 'unroll': 1, 'update_epoch': 5, 'discount': 0.9669735945812158, 'lr': 0.00018393101478127836, 'entropy': 0.030994860507039618}. Best is trial 73 with value: -956.888427734375.[0m
[32m[I 2022-01-23 04:41:19,385][0m Trial 143 finished with value: -1488.1436767578125 and parameters: {'r_scaling': 0.6722216859337841, 'unroll': 1, 'update_epoch': 4, 'discount': 0.9548752270688581, 'lr': 0.00025946157809483025, 'entropy': 0.019131734642847464}. Best is trial 143 with value: -1488.1436767578125.[0m
[32m[I 2022-01-23 04:45:00,446][0m Trial 144 finished with value: -480.4356689453125 and parameters: {'r_scaling': 1.0490612581724021, 'unroll': 1, 'update_epoch': 4, 'discount': 0.9622109337766255, 'lr': 0.00024213228484154658, 'entropy': 0.02051250001631317}. Best is trial 143 with value: -1488.1436767578125.[0m
[32m[I 2022-01-23 04:48:24,251][0m Trial 145 finished with value: 106.73944854736328 and parameters: {'r_scaling': 1.2025675765751025, 'unroll': 7, 'update_epoch': 4, 'discount': 0.9628655745217691, 'lr': 0.00026416394126881955, 'entropy': 0.0004890916913372405}. Best is trial 143 with value: -1488.1436767578125.[0m
[32m[I 2022-01-23 04:51:54,014][0m Trial 146 finished with value: -862.9400024414062 and parameters: {'r_scaling': 0.6872402788381813, 'unroll': 1, 'update_epoch': 4, 'discount': 0.9616433193411965, 'lr': 0.00024578408442308704, 'entropy': 0.021423419293885918}. Best is trial 143 with value: -1488.1436767578125.[0m
[32m[I 2022-01-23 04:55:28,896][0m Trial 147 finished with value: -1009.2626953125 and parameters: {'r_scaling': 0.7107904473932452, 'unroll': 1, 'update_epoch': 4, 'discount': 0.9544229235666126, 'lr': 0.0002859124829423791, 'entropy': 0.023844510695134394}. Best is trial 143 with value: -1488.1436767578125.[0m
[32m[I 2022-01-23 04:58:24,378][0m Trial 148 finished with value: 99.95977020263672 and parameters: {'r_scaling': 0.7401087219262088, 'unroll': 2, 'update_epoch': 4, 'discount': 0.9649098536143926, 'lr': 0.00029360871824791985, 'entropy': 0.020038401192460493}. Best is trial 143 with value: -1488.1436767578125.[0m
[32m[I 2022-01-23 05:01:48,612][0m Trial 149 finished with value: 57.836299896240234 and parameters: {'r_scaling': 1.0828660664523164, 'unroll': 1, 'update_epoch': 3, 'discount': 0.9556458625957829, 'lr': 0.00024183657825220444, 'entropy': 0.03203877019835597}. Best is trial 143 with value: -1488.1436767578125.[0m
[32m[I 2022-01-23 05:04:52,867][0m Trial 150 finished with value: -419.607421875 and parameters: {'r_scaling': 0.6223478003503765, 'unroll': 1, 'update_epoch': 3, 'discount': 0.9605912788450609, 'lr': 0.00025085448954120093, 'entropy': 0.020383271613471816}. Best is trial 143 with value: -1488.1436767578125.[0m
[32m[I 2022-01-23 05:08:04,361][0m Trial 151 finished with value: -457.0419006347656 and parameters: {'r_scaling': 0.666003410427929, 'unroll': 1, 'update_epoch': 3, 'discount': 0.9579310326157077, 'lr': 0.0002520309716798635, 'entropy': 0.020385809636564476}. Best is trial 143 with value: -1488.1436767578125.[0m
[32m[I 2022-01-23 05:11:57,220][0m Trial 152 finished with value: -582.8958740234375 and parameters: {'r_scaling': 0.6769145781605346, 'unroll': 1, 'update_epoch': 3, 'discount': 0.9599418879645604, 'lr': 0.00028072713968015935, 'entropy': 0.019999520796185898}. Best is trial 143 with value: -1488.1436767578125.[0m
[32m[I 2022-01-23 05:15:01,752][0m Trial 153 finished with value: -513.7332763671875 and parameters: {'r_scaling': 0.6579030313018607, 'unroll': 1, 'update_epoch': 3, 'discount': 0.9606144373650316, 'lr': 0.0002812121208049012, 'entropy': 0.021280972977621944}. Best is trial 143 with value: -1488.1436767578125.[0m
[32m[I 2022-01-23 05:19:03,331][0m Trial 154 finished with value: 105.73689270019531 and parameters: {'r_scaling': 0.6667252286499991, 'unroll': 2, 'update_epoch': 2, 'discount': 0.9605039751691976, 'lr': 0.0002886178365733988, 'entropy': 0.02089490746802998}. Best is trial 143 with value: -1488.1436767578125.[0m
[32m[I 2022-01-23 05:22:49,740][0m Trial 155 finished with value: -451.72235107421875 and parameters: {'r_scaling': 0.8941939872330349, 'unroll': 1, 'update_epoch': 3, 'discount': 0.9624030631717962, 'lr': 0.0002513106498943237, 'entropy': 0.025348411652042106}. Best is trial 143 with value: -1488.1436767578125.[0m
[32m[I 2022-01-23 05:26:35,499][0m Trial 156 finished with value: -408.93072509765625 and parameters: {'r_scaling': 0.9610358167599604, 'unroll': 1, 'update_epoch': 3, 'discount': 0.9579673343046029, 'lr': 0.00024908593754061986, 'entropy': 0.02805581846099479}. Best is trial 143 with value: -1488.1436767578125.[0m
[32m[I 2022-01-23 05:30:22,937][0m Trial 157 finished with value: -448.5149841308594 and parameters: {'r_scaling': 0.8369275734358099, 'unroll': 1, 'update_epoch': 2, 'discount': 0.9694946764411456, 'lr': 0.00030042475986491934, 'entropy': 0.02436735072351456}. Best is trial 143 with value: -1488.1436767578125.[0m
[32m[I 2022-01-23 05:34:17,957][0m Trial 158 finished with value: 102.79937744140625 and parameters: {'r_scaling': 0.7924171035950557, 'unroll': 2, 'update_epoch': 2, 'discount': 0.9675996719335535, 'lr': 0.0003338492763530717, 'entropy': 0.024862546915386256}. Best is trial 143 with value: -1488.1436767578125.[0m
[32m[I 2022-01-23 05:38:29,311][0m Trial 159 finished with value: 102.02224731445312 and parameters: {'r_scaling': 2.155580750635097, 'unroll': 10, 'update_epoch': 3, 'discount': 0.9716883791479023, 'lr': 0.00027634311421554053, 'entropy': 0.023036068696618298}. Best is trial 143 with value: -1488.1436767578125.[0m
[32m[I 2022-01-23 05:42:57,558][0m Trial 160 finished with value: 113.37760162353516 and parameters: {'r_scaling': 1.4095335725725147, 'unroll': 2, 'update_epoch': 2, 'discount': 0.9615904338486018, 'lr': 0.0003143006038803326, 'entropy': 0.019976980086124314}. Best is trial 143 with value: -1488.1436767578125.[0m
[32m[I 2022-01-23 05:47:04,010][0m Trial 161 finished with value: -1244.62890625 and parameters: {'r_scaling': 0.6508815847645636, 'unroll': 1, 'update_epoch': 4, 'discount': 0.9547509710054553, 'lr': 0.00025637047880959116, 'entropy': 0.0290964425994794}. Best is trial 143 with value: -1488.1436767578125.[0m
[32m[I 2022-01-23 05:50:55,070][0m Trial 162 finished with value: -825.9998779296875 and parameters: {'r_scaling': 0.6869296474722594, 'unroll': 1, 'update_epoch': 4, 'discount': 0.9651830031175606, 'lr': 0.0002573201231744095, 'entropy': 0.02979100738858806}. Best is trial 143 with value: -1488.1436767578125.[0m
[32m[I 2022-01-23 05:54:45,794][0m Trial 163 finished with value: -990.195068359375 and parameters: {'r_scaling': 0.8788631432844544, 'unroll': 1, 'update_epoch': 4, 'discount': 0.9654596508223892, 'lr': 0.00025046936270878734, 'entropy': 0.028640265895022683}. Best is trial 143 with value: -1488.1436767578125.[0m
[32m[I 2022-01-23 05:58:27,407][0m Trial 164 finished with value: -460.6759338378906 and parameters: {'r_scaling': 1.0462859590268894, 'unroll': 1, 'update_epoch': 4, 'discount': 0.9703115943796817, 'lr': 0.00021945402746316483, 'entropy': 0.04346359176775161}. Best is trial 143 with value: -1488.1436767578125.[0m
[32m[I 2022-01-23 06:02:21,257][0m Trial 165 finished with value: -186.802734375 and parameters: {'r_scaling': 1.0531771613529368, 'unroll': 1, 'update_epoch': 4, 'discount': 0.9641974368345109, 'lr': 0.000223102530855817, 'entropy': 0.04479087824244119}. Best is trial 143 with value: -1488.1436767578125.[0m
[32m[I 2022-01-23 06:06:08,803][0m Trial 166 finished with value: -636.3817749023438 and parameters: {'r_scaling': 1.7169954362079407, 'unroll': 1, 'update_epoch': 4, 'discount': 0.9660738101085061, 'lr': 0.00026294379067447063, 'entropy': 0.03925781249875789}. Best is trial 143 with value: -1488.1436767578125.[0m
[32m[I 2022-01-23 06:09:56,370][0m Trial 167 finished with value: -312.4803771972656 and parameters: {'r_scaling': 1.8149386252462385, 'unroll': 1, 'update_epoch': 4, 'discount': 0.9568770238829459, 'lr': 0.00023176007945955465, 'entropy': 0.04294134948323626}. Best is trial 143 with value: -1488.1436767578125.[0m
[32m[I 2022-01-23 06:13:45,789][0m Trial 168 finished with value: 102.97445678710938 and parameters: {'r_scaling': 2.6399606884261866, 'unroll': 2, 'update_epoch': 4, 'discount': 0.9672873298377884, 'lr': 0.0002761208424741289, 'entropy': 0.03652487819473037}. Best is trial 143 with value: -1488.1436767578125.[0m
[32m[I 2022-01-23 06:17:41,211][0m Trial 169 finished with value: -1218.333740234375 and parameters: {'r_scaling': 0.7534197869999594, 'unroll': 1, 'update_epoch': 4, 'discount': 0.9659168010183932, 'lr': 0.00026163219516567066, 'entropy': 0.02971024464099156}. Best is trial 143 with value: -1488.1436767578125.[0m
[32m[I 2022-01-23 06:21:36,098][0m Trial 170 finished with value: 93.48318481445312 and parameters: {'r_scaling': 1.3713633727022256, 'unroll': 2, 'update_epoch': 4, 'discount': 0.9717734799777328, 'lr': 0.00026993968957366284, 'entropy': 0.0577462307921513}. Best is trial 143 with value: -1488.1436767578125.[0m
[32m[I 2022-01-23 06:25:28,525][0m Trial 171 finished with value: -1030.9451904296875 and parameters: {'r_scaling': 0.7476009347804365, 'unroll': 1, 'update_epoch': 4, 'discount': 0.9641251928157838, 'lr': 0.00025982205759972815, 'entropy': 0.02946285447726314}. Best is trial 143 with value: -1488.1436767578125.[0m
[32m[I 2022-01-23 06:28:46,437][0m Trial 172 finished with value: -178.43795776367188 and parameters: {'r_scaling': 0.7474438831307031, 'unroll': 1, 'update_epoch': 4, 'discount': 0.965206137510548, 'lr': 0.00021693927047760953, 'entropy': 0.029706937650143952}. Best is trial 143 with value: -1488.1436767578125.[0m
[32m[I 2022-01-23 06:32:42,374][0m Trial 173 finished with value: -976.379638671875 and parameters: {'r_scaling': 1.0717968216554759, 'unroll': 1, 'update_epoch': 4, 'discount': 0.9704486180373345, 'lr': 0.0003128991217961391, 'entropy': 0.03913893599311432}. Best is trial 143 with value: -1488.1436767578125.[0m
[32m[I 2022-01-23 06:36:30,373][0m Trial 174 finished with value: -552.9762573242188 and parameters: {'r_scaling': 0.9001163947076651, 'unroll': 1, 'update_epoch': 4, 'discount': 0.9650451326649739, 'lr': 0.0003150787480892953, 'entropy': 0.03825145186025413}. Best is trial 143 with value: -1488.1436767578125.[0m
[32m[I 2022-01-23 06:40:18,518][0m Trial 175 finished with value: -682.57275390625 and parameters: {'r_scaling': 0.8949864627173925, 'unroll': 1, 'update_epoch': 4, 'discount': 0.9659827523326512, 'lr': 0.0003106974694789723, 'entropy': 0.03470180560561668}. Best is trial 143 with value: -1488.1436767578125.[0m
[32m[I 2022-01-23 06:44:06,431][0m Trial 176 finished with value: 121.17546844482422 and parameters: {'r_scaling': 0.8229598545767822, 'unroll': 1, 'update_epoch': 4, 'discount': 0.9756959063298865, 'lr': 0.00033930753070899347, 'entropy': 0.03814204330095101}. Best is trial 143 with value: -1488.1436767578125.[0m
[32m[I 2022-01-23 06:47:54,014][0m Trial 177 finished with value: -665.2667236328125 and parameters: {'r_scaling': 1.2461826358264638, 'unroll': 1, 'update_epoch': 5, 'discount': 0.9653681519070221, 'lr': 0.00030700872347282586, 'entropy': 0.029110740202505935}. Best is trial 143 with value: -1488.1436767578125.[0m
[32m[I 2022-01-23 06:50:49,604][0m Trial 178 finished with value: 93.27073669433594 and parameters: {'r_scaling': 1.230081265866339, 'unroll': 8, 'update_epoch': 5, 'discount': 0.9662581072894252, 'lr': 0.00031364206061928573, 'entropy': 0.030156621065724566}. Best is trial 143 with value: -1488.1436767578125.[0m
[32m[I 2022-01-23 06:53:52,247][0m Trial 179 finished with value: -118.98800659179688 and parameters: {'r_scaling': 1.5870772381100995, 'unroll': 1, 'update_epoch': 4, 'discount': 0.9642005705018191, 'lr': 0.00036545684628419095, 'entropy': 0.049077871949696324}. Best is trial 143 with value: -1488.1436767578125.[0m
[32m[I 2022-01-23 06:57:38,330][0m Trial 180 finished with value: -615.79443359375 and parameters: {'r_scaling': 0.7162220211195836, 'unroll': 1, 'update_epoch': 3, 'discount': 0.9691824016360661, 'lr': 0.00031012900879377183, 'entropy': 0.0339173478333047}. Best is trial 143 with value: -1488.1436767578125.[0m
[32m[I 2022-01-23 07:01:21,658][0m Trial 181 finished with value: -578.044677734375 and parameters: {'r_scaling': 0.7164082141150208, 'unroll': 1, 'update_epoch': 3, 'discount': 0.9684706542619234, 'lr': 0.0003166261201897721, 'entropy': 0.03401753724255447}. Best is trial 143 with value: -1488.1436767578125.[0m
[32m[I 2022-01-23 07:05:22,132][0m Trial 182 finished with value: -795.8193359375 and parameters: {'r_scaling': 0.9453047127418995, 'unroll': 1, 'update_epoch': 4, 'discount': 0.9686156117324596, 'lr': 0.0002620587370475581, 'entropy': 0.033903000905522944}. Best is trial 143 with value: -1488.1436767578125.[0m
[32m[I 2022-01-23 07:08:27,176][0m Trial 183 finished with value: -321.7857360839844 and parameters: {'r_scaling': 0.704186496956942, 'unroll': 1, 'update_epoch': 5, 'discount': 0.9742075771800978, 'lr': 0.0002652753655379751, 'entropy': 0.03141773597372353}. Best is trial 143 with value: -1488.1436767578125.[0m
[32m[I 2022-01-23 07:12:09,910][0m Trial 184 finished with value: -467.34222412109375 and parameters: {'r_scaling': 0.9648597447573013, 'unroll': 1, 'update_epoch': 4, 'discount': 0.969120766416837, 'lr': 0.00029695796258155286, 'entropy': 0.03275405842830879}. Best is trial 143 with value: -1488.1436767578125.[0m
[32m[I 2022-01-23 07:15:06,419][0m Trial 185 finished with value: 101.50991821289062 and parameters: {'r_scaling': 0.7568892295429044, 'unroll': 2, 'update_epoch': 3, 'discount': 0.9713540257945975, 'lr': 0.00038686274922740556, 'entropy': 0.028547171218940202}. Best is trial 143 with value: -1488.1436767578125.[0m
[32m[I 2022-01-23 07:18:58,651][0m Trial 186 finished with value: 123.77490997314453 and parameters: {'r_scaling': 1.1295709663939095, 'unroll': 1, 'update_epoch': 3, 'discount': 0.9680854634563582, 'lr': 0.0004549214908848752, 'entropy': 0.03598937690814693}. Best is trial 143 with value: -1488.1436767578125.[0m
[32m[I 2022-01-23 07:21:54,242][0m Trial 187 finished with value: 106.58995056152344 and parameters: {'r_scaling': 0.5867875982960283, 'unroll': 2, 'update_epoch': 4, 'discount': 0.9632464618887066, 'lr': 0.0002629006016781699, 'entropy': 0.06763834993413337}. Best is trial 143 with value: -1488.1436767578125.[0m
[32m[I 2022-01-23 07:25:53,468][0m Trial 188 finished with value: 120.61709594726562 and parameters: {'r_scaling': 0.873468219097288, 'unroll': 1, 'update_epoch': 5, 'discount': 0.9658316165968743, 'lr': 0.00031090818955729004, 'entropy': 0.040877435460471595}. Best is trial 143 with value: -1488.1436767578125.[0m
[32m[I 2022-01-23 07:29:43,817][0m Trial 189 finished with value: -674.4267578125 and parameters: {'r_scaling': 1.3050929370132396, 'unroll': 1, 'update_epoch': 4, 'discount': 0.9690218438822409, 'lr': 0.00028965311590341616, 'entropy': 0.05048073326535422}. Best is trial 143 with value: -1488.1436767578125.[0m
[32m[I 2022-01-23 07:33:26,559][0m Trial 190 finished with value: -618.20361328125 and parameters: {'r_scaling': 1.8033556884288018, 'unroll': 1, 'update_epoch': 4, 'discount': 0.9736948824727278, 'lr': 0.00028533237965015106, 'entropy': 0.051230621842669896}. Best is trial 143 with value: -1488.1436767578125.[0m
[32m[I 2022-01-23 07:37:13,896][0m Trial 191 finished with value: -1008.051513671875 and parameters: {'r_scaling': 1.8239007458113927, 'unroll': 1, 'update_epoch': 4, 'discount': 0.97452252315654, 'lr': 0.00028420209626073896, 'entropy': 0.05006728044798455}. Best is trial 143 with value: -1488.1436767578125.[0m
[32m[I 2022-01-23 07:40:22,615][0m Trial 192 finished with value: -408.49163818359375 and parameters: {'r_scaling': 1.8320273685489055, 'unroll': 1, 'update_epoch': 4, 'discount': 0.9769895796100324, 'lr': 0.00023509902896532963, 'entropy': 0.05012776003825685}. Best is trial 143 with value: -1488.1436767578125.[0m
[32m[I 2022-01-23 07:44:26,407][0m Trial 193 finished with value: -793.116455078125 and parameters: {'r_scaling': 2.224939946370836, 'unroll': 1, 'update_epoch': 5, 'discount': 0.9704996727000377, 'lr': 0.00034037771080530833, 'entropy': 0.055173165200975025}. Best is trial 143 with value: -1488.1436767578125.[0m
[32m[I 2022-01-23 07:48:20,520][0m Trial 194 finished with value: -427.36431884765625 and parameters: {'r_scaling': 3.637949249969197, 'unroll': 1, 'update_epoch': 5, 'discount': 0.9732122538621943, 'lr': 0.0003477785458378305, 'entropy': 0.05247497356304464}. Best is trial 143 with value: -1488.1436767578125.[0m
[32m[I 2022-01-23 07:52:17,521][0m Trial 195 finished with value: -758.8489379882812 and parameters: {'r_scaling': 2.67283660426499, 'unroll': 1, 'update_epoch': 4, 'discount': 0.9739276175855429, 'lr': 0.0002640776104018003, 'entropy': 0.08376551374522961}. Best is trial 143 with value: -1488.1436767578125.[0m
[32m[I 2022-01-23 07:56:08,104][0m Trial 196 finished with value: 105.53871154785156 and parameters: {'r_scaling': 2.2234225418963294, 'unroll': 2, 'update_epoch': 4, 'discount': 0.9668332702757012, 'lr': 0.0002581362866281391, 'entropy': 0.06999821577590423}. Best is trial 143 with value: -1488.1436767578125.[0m
[32m[I 2022-01-23 08:00:20,010][0m Trial 197 finished with value: -470.9950866699219 and parameters: {'r_scaling': 2.878368621753087, 'unroll': 1, 'update_epoch': 5, 'discount': 0.9795740521418348, 'lr': 0.0002658467274469308, 'entropy': 0.08902826387008216}. Best is trial 143 with value: -1488.1436767578125.[0m
[32m[I 2022-01-23 08:04:11,290][0m Trial 198 finished with value: -126.12825775146484 and parameters: {'r_scaling': 2.461009181055834, 'unroll': 1, 'update_epoch': 4, 'discount': 0.983689325690712, 'lr': 0.00023719813146203935, 'entropy': 0.08299120696674973}. Best is trial 143 with value: -1488.1436767578125.[0m
[32m[I 2022-01-23 08:07:59,527][0m Trial 199 finished with value: -161.1644287109375 and parameters: {'r_scaling': 3.4360672111291675, 'unroll': 1, 'update_epoch': 5, 'discount': 0.9708206915841859, 'lr': 0.0002857209803151041, 'entropy': 0.059526020525576796}. Best is trial 143 with value: -1488.1436767578125.[0m
