[32m[I 2022-01-10 20:00:41,765][0m Trial 70 finished with value: 108.5671157836914 and parameters: {'r_scaling': 1.3970860652538941, 'unroll': 9, 'update_epoch': 13, 'discount': 0.9847863151992804, 'lr': 0.00021569414076727216, 'entropy': 0.05161626363437175}. Best is trial 52 with value: -7166.9111328125.[0m
[32m[I 2022-01-10 20:05:20,494][0m Trial 71 finished with value: -6934.6494140625 and parameters: {'r_scaling': 0.45009951448023067, 'unroll': 1, 'update_epoch': 13, 'discount': 0.9827117215289849, 'lr': 0.00025816299288462574, 'entropy': 0.04525505090905978}. Best is trial 52 with value: -7166.9111328125.[0m
[32m[I 2022-01-10 20:09:25,097][0m Trial 72 finished with value: -5617.3408203125 and parameters: {'r_scaling': 0.8766783867565466, 'unroll': 1, 'update_epoch': 12, 'discount': 0.9812125749515236, 'lr': 0.0002503171110434858, 'entropy': 0.06580246030754355}. Best is trial 52 with value: -7166.9111328125.[0m
[32m[I 2022-01-10 20:14:14,157][0m Trial 73 finished with value: -6972.91943359375 and parameters: {'r_scaling': 0.6110765690789364, 'unroll': 1, 'update_epoch': 13, 'discount': 0.9870000277904644, 'lr': 0.00018028035385077792, 'entropy': 0.03005977232343431}. Best is trial 52 with value: -7166.9111328125.[0m
[32m[I 2022-01-10 20:18:04,261][0m Trial 74 finished with value: -4911.69873046875 and parameters: {'r_scaling': 0.3239232281101327, 'unroll': 3, 'update_epoch': 13, 'discount': 0.9920493301886252, 'lr': 0.00014405991945152532, 'entropy': 0.02818883251016494}. Best is trial 52 with value: -7166.9111328125.[0m
[32m[I 2022-01-10 20:22:37,535][0m Trial 75 finished with value: -7085.97607421875 and parameters: {'r_scaling': 0.6413129591348369, 'unroll': 2, 'update_epoch': 13, 'discount': 0.9871669586746851, 'lr': 0.00017797093820072428, 'entropy': 0.04337162227504234}. Best is trial 52 with value: -7166.9111328125.[0m
[32m[I 2022-01-10 20:27:09,095][0m Trial 76 finished with value: -6204.783203125 and parameters: {'r_scaling': 0.2558743464495985, 'unroll': 2, 'update_epoch': 13, 'discount': 0.9881712092047333, 'lr': 0.000172978005259523, 'entropy': 0.04377691654773638}. Best is trial 52 with value: -7166.9111328125.[0m
[32m[I 2022-01-10 20:31:46,930][0m Trial 77 finished with value: -5824.2998046875 and parameters: {'r_scaling': 0.6440762976726807, 'unroll': 2, 'update_epoch': 14, 'discount': 0.9856574555587437, 'lr': 0.00014994411123498327, 'entropy': 0.05157090624129839}. Best is trial 52 with value: -7166.9111328125.[0m
[32m[I 2022-01-10 20:36:10,353][0m Trial 78 finished with value: -4109.830078125 and parameters: {'r_scaling': 29.10741436816861, 'unroll': 3, 'update_epoch': 12, 'discount': 0.9900498621639066, 'lr': 0.00018512649050016593, 'entropy': 0.02335273165640983}. Best is trial 52 with value: -7166.9111328125.[0m
[32m[I 2022-01-10 20:40:53,726][0m Trial 79 finished with value: -2381.43017578125 and parameters: {'r_scaling': 0.11035407956045079, 'unroll': 1, 'update_epoch': 14, 'discount': 0.9944545738576174, 'lr': 0.00013075659125959203, 'entropy': 0.07655762191078291}. Best is trial 52 with value: -7166.9111328125.[0m
[32m[I 2022-01-10 20:45:39,300][0m Trial 80 finished with value: -1407.975341796875 and parameters: {'r_scaling': 0.2298954194612075, 'unroll': 1, 'update_epoch': 15, 'discount': 0.9300399974295168, 'lr': 0.00019122254486246348, 'entropy': 0.08791606046342496}. Best is trial 52 with value: -7166.9111328125.[0m
[32m[I 2022-01-10 20:50:12,289][0m Trial 81 finished with value: -5113.509765625 and parameters: {'r_scaling': 0.36642789050665675, 'unroll': 2, 'update_epoch': 13, 'discount': 0.9773384532950283, 'lr': 0.00021721372242616293, 'entropy': 0.030051131849456642}. Best is trial 52 with value: -7166.9111328125.[0m
[32m[I 2022-01-10 20:54:56,570][0m Trial 82 finished with value: -5088.5078125 and parameters: {'r_scaling': 0.9507948453092537, 'unroll': 1, 'update_epoch': 13, 'discount': 0.9718794513151146, 'lr': 0.00020399765039295207, 'entropy': 0.01690626807856748}. Best is trial 52 with value: -7166.9111328125.[0m
[32m[I 2022-01-10 20:59:33,411][0m Trial 83 finished with value: -4905.98095703125 and parameters: {'r_scaling': 0.6319657102005158, 'unroll': 1, 'update_epoch': 12, 'discount': 0.9791979840184806, 'lr': 0.000247633457900686, 'entropy': 0.038578598546533054}. Best is trial 52 with value: -7166.9111328125.[0m
[32m[I 2022-01-10 21:04:13,297][0m Trial 84 finished with value: -6740.1962890625 and parameters: {'r_scaling': 0.4081914042987874, 'unroll': 2, 'update_epoch': 14, 'discount': 0.9828335642679579, 'lr': 0.00010064435504722877, 'entropy': 0.044061987859343954}. Best is trial 52 with value: -7166.9111328125.[0m
[32m[I 2022-01-10 21:08:54,178][0m Trial 85 finished with value: -7603.50634765625 and parameters: {'r_scaling': 1.3433780657314704, 'unroll': 1, 'update_epoch': 13, 'discount': 0.9864612243420173, 'lr': 0.0001534381121827555, 'entropy': 0.05336112305574437}. Best is trial 85 with value: -7603.50634765625.[0m
[32m[I 2022-01-10 21:13:36,725][0m Trial 86 finished with value: -7326.54296875 and parameters: {'r_scaling': 0.6079202247061972, 'unroll': 1, 'update_epoch': 12, 'discount': 0.9867362442866855, 'lr': 0.00015441882045851558, 'entropy': 0.05004353060731178}. Best is trial 85 with value: -7603.50634765625.[0m
[32m[I 2022-01-10 21:18:04,742][0m Trial 87 finished with value: -4787.57470703125 and parameters: {'r_scaling': 1.2423825391265126, 'unroll': 3, 'update_epoch': 12, 'discount': 0.987294558274141, 'lr': 0.00012211896987399364, 'entropy': 0.014161958432077165}. Best is trial 85 with value: -7603.50634765625.[0m
[32m[I 2022-01-10 21:22:32,545][0m Trial 88 finished with value: -5080.1533203125 and parameters: {'r_scaling': 0.7437694372521702, 'unroll': 2, 'update_epoch': 11, 'discount': 0.9915535963950958, 'lr': 0.00014672776357892923, 'entropy': 0.051626339626317824}. Best is trial 85 with value: -7603.50634765625.[0m
[32m[I 2022-01-10 21:27:01,515][0m Trial 89 finished with value: -7027.138671875 and parameters: {'r_scaling': 0.5735061572749957, 'unroll': 2, 'update_epoch': 13, 'discount': 0.984248363218278, 'lr': 0.00011052502738443732, 'entropy': 0.06391235440777755}. Best is trial 85 with value: -7603.50634765625.[0m
[32m[I 2022-01-10 21:31:39,852][0m Trial 90 finished with value: -6390.43603515625 and parameters: {'r_scaling': 1.025394456733795, 'unroll': 2, 'update_epoch': 13, 'discount': 0.9847132483440559, 'lr': 0.00015249750841538136, 'entropy': 0.08479295242098193}. Best is trial 85 with value: -7603.50634765625.[0m
[32m[I 2022-01-10 21:36:14,465][0m Trial 91 finished with value: -6915.96630859375 and parameters: {'r_scaling': 0.5624723568987636, 'unroll': 1, 'update_epoch': 12, 'discount': 0.9889577516180295, 'lr': 0.00011160088114359804, 'entropy': 0.06531696008058206}. Best is trial 85 with value: -7603.50634765625.[0m
[32m[I 2022-01-10 21:40:26,698][0m Trial 92 finished with value: -5813.2275390625 and parameters: {'r_scaling': 0.5872249408013114, 'unroll': 1, 'update_epoch': 14, 'discount': 0.9897204035364007, 'lr': 0.00013506904462864708, 'entropy': 0.06456696070035277}. Best is trial 85 with value: -7603.50634765625.[0m
[32m[I 2022-01-10 21:44:26,301][0m Trial 93 finished with value: -7322.85986328125 and parameters: {'r_scaling': 0.4209833634143805, 'unroll': 2, 'update_epoch': 13, 'discount': 0.986849028499036, 'lr': 0.00011366141702366076, 'entropy': 0.05757473064174035}. Best is trial 85 with value: -7603.50634765625.[0m
[32m[I 2022-01-10 21:49:01,821][0m Trial 94 finished with value: -6867.3369140625 and parameters: {'r_scaling': 0.4413711241447049, 'unroll': 2, 'update_epoch': 14, 'discount': 0.9862808631812241, 'lr': 0.00011382202797897974, 'entropy': 0.054822654656516215}. Best is trial 85 with value: -7603.50634765625.[0m
[32m[I 2022-01-10 21:53:24,959][0m Trial 95 finished with value: -4495.46044921875 and parameters: {'r_scaling': 0.8492852947951686, 'unroll': 2, 'update_epoch': 13, 'discount': 0.9929326893466017, 'lr': 0.00015964005011179515, 'entropy': 0.0317557536290409}. Best is trial 85 with value: -7603.50634765625.[0m
[32m[I 2022-01-10 21:57:55,928][0m Trial 96 finished with value: -4792.4326171875 and parameters: {'r_scaling': 0.7051919495313905, 'unroll': 3, 'update_epoch': 13, 'discount': 0.9852699534432688, 'lr': 0.0001253617776689846, 'entropy': 0.07454409128535068}. Best is trial 85 with value: -7603.50634765625.[0m
[32m[I 2022-01-10 22:03:00,587][0m Trial 97 finished with value: -7090.8349609375 and parameters: {'r_scaling': 0.4587208711935617, 'unroll': 1, 'update_epoch': 15, 'discount': 0.9831366073349526, 'lr': 0.00017291764881797252, 'entropy': 0.04013131492717877}. Best is trial 85 with value: -7603.50634765625.[0m
[32m[I 2022-01-10 22:07:02,968][0m Trial 98 finished with value: -2914.2763671875 and parameters: {'r_scaling': 0.16342515934009857, 'unroll': 2, 'update_epoch': 15, 'discount': 0.9797582960086006, 'lr': 0.00017589185931597543, 'entropy': 0.097972203237027}. Best is trial 85 with value: -7603.50634765625.[0m
[32m[I 2022-01-10 22:11:31,157][0m Trial 99 finished with value: -4293.228515625 and parameters: {'r_scaling': 1.3942674124668561, 'unroll': 3, 'update_epoch': 15, 'discount': 0.9934643153904812, 'lr': 0.00010885332306053213, 'entropy': 0.022482100937482815}. Best is trial 85 with value: -7603.50634765625.[0m
[32m[I 2022-01-10 22:15:10,182][0m Trial 100 finished with value: 99.05585479736328 and parameters: {'r_scaling': 0.36332021510228, 'unroll': 12, 'update_epoch': 14, 'discount': 0.9766622006472956, 'lr': 0.0001676115005400755, 'entropy': 0.03890652227729796}. Best is trial 85 with value: -7603.50634765625.[0m
[32m[I 2022-01-10 22:19:44,182][0m Trial 101 finished with value: -7255.19287109375 and parameters: {'r_scaling': 0.47195220388133186, 'unroll': 1, 'update_epoch': 13, 'discount': 0.9835891438457938, 'lr': 0.0001373934929713574, 'entropy': 0.057898401520545255}. Best is trial 85 with value: -7603.50634765625.[0m
[32m[I 2022-01-10 22:24:18,560][0m Trial 102 finished with value: -7336.56103515625 and parameters: {'r_scaling': 0.27224860968292713, 'unroll': 1, 'update_epoch': 12, 'discount': 0.9837173803259238, 'lr': 0.00013683675261749235, 'entropy': 0.05848833106796679}. Best is trial 85 with value: -7603.50634765625.[0m
[32m[I 2022-01-10 22:28:46,293][0m Trial 103 finished with value: -6893.013671875 and parameters: {'r_scaling': 0.2787962054196572, 'unroll': 1, 'update_epoch': 11, 'discount': 0.9837338518697545, 'lr': 0.00013954352397815118, 'entropy': 0.05999937268988632}. Best is trial 85 with value: -7603.50634765625.[0m
[32m[I 2022-01-10 22:32:37,247][0m Trial 104 finished with value: -6934.966796875 and parameters: {'r_scaling': 0.7436055024154761, 'unroll': 2, 'update_epoch': 12, 'discount': 0.9871676083273556, 'lr': 0.00010550669288163816, 'entropy': 0.08374808041867374}. Best is trial 85 with value: -7603.50634765625.[0m
[32m[I 2022-01-10 22:37:35,847][0m Trial 105 finished with value: -7300.501953125 and parameters: {'r_scaling': 0.4939267914479693, 'unroll': 1, 'update_epoch': 12, 'discount': 0.9895572378286155, 'lr': 0.0001359323851911012, 'entropy': 0.07106078506453545}. Best is trial 85 with value: -7603.50634765625.[0m
[32m[I 2022-01-10 22:42:17,285][0m Trial 106 finished with value: -6889.1611328125 and parameters: {'r_scaling': 0.4512721220073639, 'unroll': 1, 'update_epoch': 11, 'discount': 0.9901186711710986, 'lr': 0.00013262277339517642, 'entropy': 0.07422734311401784}. Best is trial 85 with value: -7603.50634765625.[0m
[32m[I 2022-01-10 22:46:47,474][0m Trial 107 finished with value: -4067.67626953125 and parameters: {'r_scaling': 0.4823496908429269, 'unroll': 2, 'update_epoch': 12, 'discount': 0.940040346282168, 'lr': 0.00011816311913837096, 'entropy': 0.06703842215447504}. Best is trial 85 with value: -7603.50634765625.[0m
[32m[I 2022-01-10 22:51:19,480][0m Trial 108 finished with value: -6373.7646484375 and parameters: {'r_scaling': 0.3533988924423679, 'unroll': 1, 'update_epoch': 10, 'discount': 0.9798278903463175, 'lr': 0.00012522095465745953, 'entropy': 0.05698244510772193}. Best is trial 85 with value: -7603.50634765625.[0m
[32m[I 2022-01-10 22:55:53,070][0m Trial 109 finished with value: -3231.21630859375 and parameters: {'r_scaling': 0.20999337658287148, 'unroll': 7, 'update_epoch': 12, 'discount': 0.9831259094584092, 'lr': 0.00014251161677916055, 'entropy': 0.09047071014208156}. Best is trial 85 with value: -7603.50634765625.[0m
[32m[I 2022-01-10 23:00:32,894][0m Trial 110 finished with value: -6146.45458984375 and parameters: {'r_scaling': 0.40167780389922186, 'unroll': 1, 'update_epoch': 11, 'discount': 0.9920226372059253, 'lr': 0.00010012367570553084, 'entropy': 0.04799184114061397}. Best is trial 85 with value: -7603.50634765625.[0m
[32m[I 2022-01-10 23:05:24,356][0m Trial 111 finished with value: -7673.74658203125 and parameters: {'r_scaling': 0.6296983325968672, 'unroll': 1, 'update_epoch': 14, 'discount': 0.9866220262138757, 'lr': 0.0001569085057023167, 'entropy': 0.036634384976088126}. Best is trial 111 with value: -7673.74658203125.[0m
[32m[I 2022-01-10 23:10:16,991][0m Trial 112 finished with value: -7156.1728515625 and parameters: {'r_scaling': 0.5187548813091566, 'unroll': 1, 'update_epoch': 14, 'discount': 0.985054402190892, 'lr': 0.0001578557025927954, 'entropy': 0.03891356969835329}. Best is trial 111 with value: -7673.74658203125.[0m
[32m[I 2022-01-10 23:15:22,133][0m Trial 113 finished with value: -7119.5654296875 and parameters: {'r_scaling': 0.24163634661134517, 'unroll': 1, 'update_epoch': 15, 'discount': 0.98903731429277, 'lr': 0.00016155552950640196, 'entropy': 0.036837721967872314}. Best is trial 111 with value: -7673.74658203125.[0m
[32m[I 2022-01-10 23:20:15,017][0m Trial 114 finished with value: -6507.1259765625 and parameters: {'r_scaling': 0.2561439374769561, 'unroll': 1, 'update_epoch': 15, 'discount': 0.9949029095712023, 'lr': 0.00015293231679514818, 'entropy': 0.034979346475038885}. Best is trial 111 with value: -7673.74658203125.[0m
[32m[I 2022-01-10 23:25:07,877][0m Trial 115 finished with value: -6926.287109375 and parameters: {'r_scaling': 0.2334151582651242, 'unroll': 1, 'update_epoch': 15, 'discount': 0.9899704704367986, 'lr': 0.00019440237276099843, 'entropy': 0.038265192343021455}. Best is trial 111 with value: -7673.74658203125.[0m
[32m[I 2022-01-10 23:30:04,615][0m Trial 116 finished with value: -6927.7822265625 and parameters: {'r_scaling': 0.4941233141412204, 'unroll': 1, 'update_epoch': 15, 'discount': 0.9805301876507667, 'lr': 0.0001602975473834241, 'entropy': 0.02662945274816071}. Best is trial 111 with value: -7673.74658203125.[0m
[32m[I 2022-01-10 23:34:54,551][0m Trial 117 finished with value: -796.2081298828125 and parameters: {'r_scaling': 0.16666056802802623, 'unroll': 1, 'update_epoch': 14, 'discount': 0.9815564172212806, 'lr': 0.0019230809047489073, 'entropy': 0.0523817555891089}. Best is trial 111 with value: -7673.74658203125.[0m
[32m[I 2022-01-10 23:39:42,758][0m Trial 118 finished with value: -789.3671875 and parameters: {'r_scaling': 0.1250124379292391, 'unroll': 1, 'update_epoch': 14, 'discount': 0.9890054769903999, 'lr': 0.00013682475031397587, 'entropy': 0.07953488277098167}. Best is trial 111 with value: -7673.74658203125.[0m
[32m[I 2022-01-10 23:44:37,005][0m Trial 119 finished with value: -6304.10009765625 and parameters: {'r_scaling': 0.3178881623042231, 'unroll': 1, 'update_epoch': 14, 'discount': 0.9859347234165323, 'lr': 0.00017044343275917335, 'entropy': 0.007018271849948257}. Best is trial 111 with value: -7673.74658203125.[0m
[32m[I 2022-01-10 23:49:15,977][0m Trial 120 finished with value: -4463.7646484375 and parameters: {'r_scaling': 2.2705352580981057, 'unroll': 2, 'update_epoch': 15, 'discount': 0.9912372833064973, 'lr': 0.00014557675851536113, 'entropy': 0.0007146525640319667}. Best is trial 111 with value: -7673.74658203125.[0m
[32m[I 2022-01-10 23:54:08,632][0m Trial 121 finished with value: -6573.05224609375 and parameters: {'r_scaling': 0.8899702447029645, 'unroll': 1, 'update_epoch': 14, 'discount': 0.9873779996449173, 'lr': 0.00018334982743000325, 'entropy': 0.04194393914859393}. Best is trial 111 with value: -7673.74658203125.[0m
[32m[I 2022-01-10 23:58:57,101][0m Trial 122 finished with value: -5299.068359375 and parameters: {'r_scaling': 0.6818626710578324, 'unroll': 2, 'update_epoch': 14, 'discount': 0.9842474038402058, 'lr': 0.00016223627688362338, 'entropy': 0.04879494353225378}. Best is trial 111 with value: -7673.74658203125.[0m
[32m[I 2022-01-11 00:02:49,702][0m Trial 123 finished with value: 100.75312042236328 and parameters: {'r_scaling': 0.4103646088332232, 'unroll': 11, 'update_epoch': 15, 'discount': 0.986068019455934, 'lr': 0.00013125032055910882, 'entropy': 0.05695125615969973}. Best is trial 111 with value: -7673.74658203125.[0m
[32m[I 2022-01-11 00:07:29,385][0m Trial 124 finished with value: -7362.5556640625 and parameters: {'r_scaling': 1.0959796482258872, 'unroll': 1, 'update_epoch': 12, 'discount': 0.9822427112788269, 'lr': 0.000155052983104039, 'entropy': 0.03510802530797599}. Best is trial 111 with value: -7673.74658203125.[0m
[32m[I 2022-01-11 00:12:28,271][0m Trial 125 finished with value: -5402.2939453125 and parameters: {'r_scaling': 1.1204051443665168, 'unroll': 1, 'update_epoch': 12, 'discount': 0.9782828175917151, 'lr': 0.00011927151262291489, 'entropy': 0.0016482413811322405}. Best is trial 111 with value: -7673.74658203125.[0m
[32m[I 2022-01-11 00:17:13,455][0m Trial 126 finished with value: -6842.427734375 and parameters: {'r_scaling': 0.8019992725230248, 'unroll': 1, 'update_epoch': 11, 'discount': 0.9824790103257892, 'lr': 0.00015316696831652504, 'entropy': 0.033912137068391586}. Best is trial 111 with value: -7673.74658203125.[0m
[32m[I 2022-01-11 00:22:01,494][0m Trial 127 finished with value: -4576.6142578125 and parameters: {'r_scaling': 0.530940487791608, 'unroll': 1, 'update_epoch': 12, 'discount': 0.9795077115895826, 'lr': 0.0001271703583888258, 'entropy': 0.03745099323997914}. Best is trial 111 with value: -7673.74658203125.[0m
[32m[I 2022-01-11 00:26:10,414][0m Trial 128 finished with value: -5562.255859375 and parameters: {'r_scaling': 0.31395413403215827, 'unroll': 1, 'update_epoch': 13, 'discount': 0.951684519949795, 'lr': 0.0001398834914712447, 'entropy': 0.02612647197548252}. Best is trial 111 with value: -7673.74658203125.[0m
[32m[I 2022-01-11 00:30:01,812][0m Trial 129 finished with value: -5470.021484375 and parameters: {'r_scaling': 3.6615353352105755, 'unroll': 2, 'update_epoch': 12, 'discount': 0.9732640774428196, 'lr': 0.0001629295486849542, 'entropy': 0.06795244728356793}. Best is trial 111 with value: -7673.74658203125.[0m
[32m[I 2022-01-11 00:34:13,255][0m Trial 130 finished with value: -2475.2841796875 and parameters: {'r_scaling': 1.0625967210853522, 'unroll': 1, 'update_epoch': 13, 'discount': 0.9195864770585446, 'lr': 0.00019685091815043794, 'entropy': 0.04771498849223311}. Best is trial 111 with value: -7673.74658203125.[0m
[32m[I 2022-01-11 00:38:59,271][0m Trial 131 finished with value: -5195.58740234375 and parameters: {'r_scaling': 0.6342531815648101, 'unroll': 2, 'update_epoch': 13, 'discount': 0.9885733732675835, 'lr': 0.00017773189877640054, 'entropy': 0.0420827914535069}. Best is trial 111 with value: -7673.74658203125.[0m
[32m[I 2022-01-11 00:43:45,474][0m Trial 132 finished with value: -4299.66650390625 and parameters: {'r_scaling': 0.48203667656144233, 'unroll': 1, 'update_epoch': 2, 'discount': 0.9844674960771432, 'lr': 0.00014830258919796665, 'entropy': 0.05632637083893535}. Best is trial 111 with value: -7673.74658203125.[0m
[32m[I 2022-01-11 00:47:36,494][0m Trial 133 finished with value: -4998.53857421875 and parameters: {'r_scaling': 0.38287694533001587, 'unroll': 2, 'update_epoch': 14, 'discount': 0.9923530682372579, 'lr': 0.00016946375730977946, 'entropy': 0.020156529511961976}. Best is trial 111 with value: -7673.74658203125.[0m
[32m[I 2022-01-11 00:51:25,899][0m Trial 134 finished with value: -5313.82373046875 and parameters: {'r_scaling': 0.7515965405599663, 'unroll': 2, 'update_epoch': 10, 'discount': 0.9819961774302494, 'lr': 0.00015586678038884385, 'entropy': 0.03147727359869906}. Best is trial 111 with value: -7673.74658203125.[0m
[32m[I 2022-01-11 00:56:36,783][0m Trial 135 finished with value: -7491.9296875 and parameters: {'r_scaling': 0.2846589597234028, 'unroll': 1, 'update_epoch': 13, 'discount': 0.9868816544504028, 'lr': 0.00021153922962074178, 'entropy': 0.04687463015632657}. Best is trial 111 with value: -7673.74658203125.[0m
[32m[I 2022-01-11 01:01:42,452][0m Trial 136 finished with value: -969.238525390625 and parameters: {'r_scaling': 0.27289285914281247, 'unroll': 1, 'update_epoch': 12, 'discount': 0.9903782939895008, 'lr': 0.00013462371713942722, 'entropy': 0.07186502650854666}. Best is trial 111 with value: -7673.74658203125.[0m
[32m[I 2022-01-11 01:06:53,106][0m Trial 137 finished with value: -5876.6591796875 and parameters: {'r_scaling': 0.32679701869367495, 'unroll': 1, 'update_epoch': 13, 'discount': 0.9761653708457977, 'lr': 0.00018638350656882918, 'entropy': 0.05867609070815986}. Best is trial 111 with value: -7673.74658203125.[0m
[32m[I 2022-01-11 01:12:02,593][0m Trial 138 finished with value: -3197.44677734375 and parameters: {'r_scaling': 0.43533887291543916, 'unroll': 1, 'update_epoch': 14, 'discount': 0.9850351797572612, 'lr': 0.0002237504877153419, 'entropy': 0.04793136509167047}. Best is trial 111 with value: -7673.74658203125.[0m
