[32m[I 2022-01-20 16:56:08,638][0m Trial 69 finished with value: -582.3408203125 and parameters: {'r_scaling': 0.10778085471022412, 'unroll': 3, 'update_epoch': 10, 'discount': 0.9163175162538082, 'lr': 0.00040091558502762775, 'entropy': 0.000816025136688771}. Best is trial 34 with value: -2182.529296875.[0m
[32m[I 2022-01-20 16:59:30,230][0m Trial 70 finished with value: 103.93931579589844 and parameters: {'r_scaling': 2.974019934238339, 'unroll': 6, 'update_epoch': 7, 'discount': 0.9123670104770193, 'lr': 0.0010933601341035714, 'entropy': 0.0005471750640870619}. Best is trial 34 with value: -2182.529296875.[0m
[32m[I 2022-01-20 17:03:04,257][0m Trial 71 finished with value: -1236.93017578125 and parameters: {'r_scaling': 0.19187155842342957, 'unroll': 3, 'update_epoch': 13, 'discount': 0.920316676865218, 'lr': 0.00015255034945711607, 'entropy': 0.0029998870455521217}. Best is trial 34 with value: -2182.529296875.[0m
[32m[I 2022-01-20 17:06:18,060][0m Trial 72 finished with value: 111.87831115722656 and parameters: {'r_scaling': 0.2586538170480752, 'unroll': 4, 'update_epoch': 14, 'discount': 0.9074672828070944, 'lr': 0.0019104033603227675, 'entropy': 0.002544981504345849}. Best is trial 34 with value: -2182.529296875.[0m
[32m[I 2022-01-20 17:09:52,868][0m Trial 73 finished with value: -1612.881591796875 and parameters: {'r_scaling': 0.37667557038476146, 'unroll': 3, 'update_epoch': 12, 'discount': 0.9205471201004639, 'lr': 0.00016461955522575336, 'entropy': 0.005419306029576841}. Best is trial 34 with value: -2182.529296875.[0m
[32m[I 2022-01-20 17:13:08,561][0m Trial 74 finished with value: 117.96784973144531 and parameters: {'r_scaling': 0.37148199704633134, 'unroll': 5, 'update_epoch': 11, 'discount': 0.9057998341593907, 'lr': 0.00016967809183747538, 'entropy': 0.00562619461993568}. Best is trial 34 with value: -2182.529296875.[0m
[32m[I 2022-01-20 17:16:47,807][0m Trial 75 finished with value: -714.5180053710938 and parameters: {'r_scaling': 0.4986083614339873, 'unroll': 2, 'update_epoch': 13, 'discount': 0.9101634137800398, 'lr': 0.0001319865722458942, 'entropy': 0.009936620356829884}. Best is trial 34 with value: -2182.529296875.[0m
[32m[I 2022-01-20 17:20:34,540][0m Trial 76 finished with value: -928.0894775390625 and parameters: {'r_scaling': 0.7325920706715481, 'unroll': 1, 'update_epoch': 12, 'discount': 0.9291425995304937, 'lr': 0.00010919750850773407, 'entropy': 0.00017170381476654294}. Best is trial 34 with value: -2182.529296875.[0m
[32m[I 2022-01-20 17:24:09,524][0m Trial 77 finished with value: -1464.8681640625 and parameters: {'r_scaling': 0.1460786372573108, 'unroll': 3, 'update_epoch': 11, 'discount': 0.937742016508124, 'lr': 0.00024167299180502492, 'entropy': 0.016106454886642314}. Best is trial 34 with value: -2182.529296875.[0m
[32m[I 2022-01-20 17:27:26,596][0m Trial 78 finished with value: 112.00491333007812 and parameters: {'r_scaling': 0.05023507476847997, 'unroll': 4, 'update_epoch': 11, 'discount': 0.9465489219900293, 'lr': 0.00023609399119680835, 'entropy': 0.017041507394954837}. Best is trial 34 with value: -2182.529296875.[0m
[32m[I 2022-01-20 17:30:56,807][0m Trial 79 finished with value: -1120.840087890625 and parameters: {'r_scaling': 0.0669154527219905, 'unroll': 3, 'update_epoch': 12, 'discount': 0.9343010083284415, 'lr': 0.00019280095086341686, 'entropy': 0.014835072612895076}. Best is trial 34 with value: -2182.529296875.[0m
[32m[I 2022-01-20 17:34:13,909][0m Trial 80 finished with value: 105.93925476074219 and parameters: {'r_scaling': 0.1423394386544039, 'unroll': 8, 'update_epoch': 10, 'discount': 0.936943762699248, 'lr': 0.0003087591819795356, 'entropy': 0.007230732932332428}. Best is trial 34 with value: -2182.529296875.[0m
[32m[I 2022-01-20 17:37:18,457][0m Trial 81 finished with value: -2127.603515625 and parameters: {'r_scaling': 0.3111421264555532, 'unroll': 3, 'update_epoch': 12, 'discount': 0.9025648671488111, 'lr': 0.0002471780804317839, 'entropy': 0.003754587809164492}. Best is trial 34 with value: -2182.529296875.[0m
[32m[I 2022-01-20 17:41:01,378][0m Trial 82 finished with value: 136.690673828125 and parameters: {'r_scaling': 0.295395575662802, 'unroll': 2, 'update_epoch': 12, 'discount': 0.9379168558626539, 'lr': 0.0002503591035145779, 'entropy': 0.0036334200242439073}. Best is trial 34 with value: -2182.529296875.[0m
[32m[I 2022-01-20 17:44:18,826][0m Trial 83 finished with value: 108.80950927734375 and parameters: {'r_scaling': 0.15816460421537432, 'unroll': 4, 'update_epoch': 11, 'discount': 0.9246150926100265, 'lr': 0.0002836522452487961, 'entropy': 0.004885067922447409}. Best is trial 34 with value: -2182.529296875.[0m
[32m[I 2022-01-20 17:47:53,053][0m Trial 84 finished with value: 134.7595672607422 and parameters: {'r_scaling': 0.21442192330310864, 'unroll': 2, 'update_epoch': 12, 'discount': 0.9030522428358753, 'lr': 0.00021529967172295435, 'entropy': 0.02007528987174564}. Best is trial 34 with value: -2182.529296875.[0m
[32m[I 2022-01-20 17:51:28,769][0m Trial 85 finished with value: -1951.018310546875 and parameters: {'r_scaling': 0.32783690306095487, 'unroll': 3, 'update_epoch': 11, 'discount': 0.9214249480954404, 'lr': 0.00023846013543971905, 'entropy': 0.004017912887929862}. Best is trial 34 with value: -2182.529296875.[0m
[32m[I 2022-01-20 17:55:12,806][0m Trial 86 finished with value: 137.25433349609375 and parameters: {'r_scaling': 0.3709648675333111, 'unroll': 1, 'update_epoch': 13, 'discount': 0.9218225510203057, 'lr': 0.0006393693875968246, 'entropy': 0.004047281625189092}. Best is trial 34 with value: -2182.529296875.[0m
[32m[I 2022-01-20 17:58:28,674][0m Trial 87 finished with value: 111.9284896850586 and parameters: {'r_scaling': 0.1101913637513386, 'unroll': 4, 'update_epoch': 13, 'discount': 0.9161830768574395, 'lr': 0.000191116146244193, 'entropy': 0.0064863594587938255}. Best is trial 34 with value: -2182.529296875.[0m
[32m[I 2022-01-20 18:01:22,210][0m Trial 88 finished with value: 115.39974212646484 and parameters: {'r_scaling': 0.4521688856361633, 'unroll': 5, 'update_epoch': 12, 'discount': 0.9060720248885422, 'lr': 0.00017567240020431688, 'entropy': 0.0018210735020065959}. Best is trial 34 with value: -2182.529296875.[0m
[32m[I 2022-01-20 18:04:52,145][0m Trial 89 finished with value: -1503.254150390625 and parameters: {'r_scaling': 0.08142813421890543, 'unroll': 3, 'update_epoch': 14, 'discount': 0.9130282654890695, 'lr': 0.00027327692237534145, 'entropy': 0.0025116850205602814}. Best is trial 34 with value: -2182.529296875.[0m
[32m[I 2022-01-20 18:07:57,369][0m Trial 90 finished with value: 39.71051788330078 and parameters: {'r_scaling': 0.07901126184350593, 'unroll': 2, 'update_epoch': 14, 'discount': 0.9183582274134384, 'lr': 0.00031505627744908706, 'entropy': 0.004946435524556863}. Best is trial 34 with value: -2182.529296875.[0m
[32m[I 2022-01-20 18:11:38,164][0m Trial 91 finished with value: -1960.614990234375 and parameters: {'r_scaling': 0.28175560667277877, 'unroll': 3, 'update_epoch': 13, 'discount': 0.9130272174625221, 'lr': 0.00035457131780782056, 'entropy': 0.002489313458032806}. Best is trial 34 with value: -2182.529296875.[0m
[32m[I 2022-01-20 18:15:15,340][0m Trial 92 finished with value: -967.7520751953125 and parameters: {'r_scaling': 0.3155859133255587, 'unroll': 3, 'update_epoch': 13, 'discount': 0.9142676386543145, 'lr': 0.00037006691604799506, 'entropy': 0.0025966781752642058}. Best is trial 34 with value: -2182.529296875.[0m
[32m[I 2022-01-20 18:18:33,873][0m Trial 93 finished with value: 115.232421875 and parameters: {'r_scaling': 0.24417625074963925, 'unroll': 4, 'update_epoch': 14, 'discount': 0.9129877923452955, 'lr': 0.00026904192544657086, 'entropy': 0.0033398121375137297}. Best is trial 34 with value: -2182.529296875.[0m
[32m[I 2022-01-20 18:22:11,919][0m Trial 94 finished with value: -1429.1585693359375 and parameters: {'r_scaling': 0.08312709856494996, 'unroll': 3, 'update_epoch': 13, 'discount': 0.9201953362222638, 'lr': 0.00034414172948566774, 'entropy': 0.002449232916999517}. Best is trial 34 with value: -2182.529296875.[0m
[32m[I 2022-01-20 18:25:47,361][0m Trial 95 finished with value: 137.5039520263672 and parameters: {'r_scaling': 1.1107958305811236, 'unroll': 2, 'update_epoch': 12, 'discount': 0.9175047002406658, 'lr': 0.0002960172947412869, 'entropy': 0.0011085306361254888}. Best is trial 34 with value: -2182.529296875.[0m
[32m[I 2022-01-20 18:29:24,972][0m Trial 96 finished with value: -1062.263671875 and parameters: {'r_scaling': 0.36042348123317963, 'unroll': 3, 'update_epoch': 13, 'discount': 0.9084841696228833, 'lr': 0.00021082079920519407, 'entropy': 0.001813364629285654}. Best is trial 34 with value: -2182.529296875.[0m
[32m[I 2022-01-20 18:32:42,602][0m Trial 97 finished with value: 109.88188171386719 and parameters: {'r_scaling': 0.05940931616603869, 'unroll': 4, 'update_epoch': 12, 'discount': 0.911441021922559, 'lr': 0.00025507051159287975, 'entropy': 0.0063451654814716}. Best is trial 34 with value: -2182.529296875.[0m
[32m[I 2022-01-20 18:36:14,024][0m Trial 98 finished with value: 140.41436767578125 and parameters: {'r_scaling': 0.18682241267381364, 'unroll': 2, 'update_epoch': 14, 'discount': 0.92526853698601, 'lr': 0.00037660144612378923, 'entropy': 0.0013432086931743365}. Best is trial 34 with value: -2182.529296875.[0m
[32m[I 2022-01-20 18:40:00,030][0m Trial 99 finished with value: -968.8037719726562 and parameters: {'r_scaling': 0.5258412164070811, 'unroll': 1, 'update_epoch': 15, 'discount': 0.9019254129508426, 'lr': 0.00016594368892305935, 'entropy': 0.010116553267546863}. Best is trial 34 with value: -2182.529296875.[0m
[32m[I 2022-01-20 18:43:36,718][0m Trial 100 finished with value: -1235.508056640625 and parameters: {'r_scaling': 0.12103501587407049, 'unroll': 3, 'update_epoch': 10, 'discount': 0.9151498339914813, 'lr': 0.00045753996206723076, 'entropy': 0.0029388620855972615}. Best is trial 34 with value: -2182.529296875.[0m
[32m[I 2022-01-20 18:47:18,123][0m Trial 101 finished with value: -1310.68505859375 and parameters: {'r_scaling': 0.26409404343237075, 'unroll': 3, 'update_epoch': 4, 'discount': 0.9056227447077296, 'lr': 0.00022344071637214676, 'entropy': 0.0034846519986060595}. Best is trial 34 with value: -2182.529296875.[0m
[32m[I 2022-01-20 18:50:37,249][0m Trial 102 finished with value: 114.98049926757812 and parameters: {'r_scaling': 0.09872236884855982, 'unroll': 4, 'update_epoch': 8, 'discount': 0.9089609773800872, 'lr': 0.00023802288008912636, 'entropy': 0.003934885452312681}. Best is trial 34 with value: -2182.529296875.[0m
[32m[I 2022-01-20 18:53:34,900][0m Trial 103 finished with value: 144.1501922607422 and parameters: {'r_scaling': 0.42759545581042185, 'unroll': 2, 'update_epoch': 12, 'discount': 0.9039366528375115, 'lr': 0.0002727343772006901, 'entropy': 0.004608630075436716}. Best is trial 34 with value: -2182.529296875.[0m
[32m[I 2022-01-20 18:57:11,634][0m Trial 104 finished with value: -1835.25537109375 and parameters: {'r_scaling': 0.3087182193767523, 'unroll': 3, 'update_epoch': 13, 'discount': 0.9125553011538733, 'lr': 0.00018095492455105078, 'entropy': 0.002037551111786102}. Best is trial 34 with value: -2182.529296875.[0m
[32m[I 2022-01-20 19:00:44,323][0m Trial 105 finished with value: -1699.0865478515625 and parameters: {'r_scaling': 0.30696509631058866, 'unroll': 3, 'update_epoch': 13, 'discount': 0.9127464826904774, 'lr': 0.0001493045928387928, 'entropy': 0.001361324767175023}. Best is trial 34 with value: -2182.529296875.[0m
[32m[I 2022-01-20 19:03:59,897][0m Trial 106 finished with value: 112.4951400756836 and parameters: {'r_scaling': 0.6495649897565863, 'unroll': 5, 'update_epoch': 13, 'discount': 0.9216622632930026, 'lr': 0.00011833808950564894, 'entropy': 0.0013751940138464129}. Best is trial 34 with value: -2182.529296875.[0m
[32m[I 2022-01-20 19:07:13,106][0m Trial 107 finished with value: 113.63494110107422 and parameters: {'r_scaling': 0.28435358604563665, 'unroll': 4, 'update_epoch': 11, 'discount': 0.928479714725821, 'lr': 0.0001397854087041639, 'entropy': 0.002144426715084845}. Best is trial 34 with value: -2182.529296875.[0m
[32m[I 2022-01-20 19:10:11,541][0m Trial 108 finished with value: -1254.0537109375 and parameters: {'r_scaling': 7.260607504467559, 'unroll': 3, 'update_epoch': 13, 'discount': 0.9116507265099756, 'lr': 0.0001858527747974472, 'entropy': 0.0019741678818796394}. Best is trial 34 with value: -2182.529296875.[0m
[32m[I 2022-01-20 19:13:58,750][0m Trial 109 finished with value: 148.96029663085938 and parameters: {'r_scaling': 0.20734687740162128, 'unroll': 2, 'update_epoch': 9, 'discount': 0.916927710570964, 'lr': 0.00014888713474101888, 'entropy': 0.001038734200283757}. Best is trial 34 with value: -2182.529296875.[0m
[32m[I 2022-01-20 19:17:40,583][0m Trial 110 finished with value: -441.8536682128906 and parameters: {'r_scaling': 1.5620963959967482, 'unroll': 1, 'update_epoch': 12, 'discount': 0.9070776705700693, 'lr': 0.00015363752847478805, 'entropy': 0.0007908601216461097}. Best is trial 34 with value: -2182.529296875.[0m
[32m[I 2022-01-20 19:21:20,149][0m Trial 111 finished with value: -1493.1131591796875 and parameters: {'r_scaling': 0.3257369348206822, 'unroll': 3, 'update_epoch': 14, 'discount': 0.9136006819880719, 'lr': 0.00019904391374242584, 'entropy': 0.001539699826631711}. Best is trial 34 with value: -2182.529296875.[0m
[32m[I 2022-01-20 19:24:58,611][0m Trial 112 finished with value: -1250.1767578125 and parameters: {'r_scaling': 0.802433516593152, 'unroll': 3, 'update_epoch': 14, 'discount': 0.9133462517245717, 'lr': 0.00017130388120771428, 'entropy': 0.0024194183964629055}. Best is trial 34 with value: -2182.529296875.[0m
[32m[I 2022-01-20 19:28:34,112][0m Trial 113 finished with value: -1745.2567138671875 and parameters: {'r_scaling': 0.44044140923845965, 'unroll': 3, 'update_epoch': 13, 'discount': 0.9104916770549888, 'lr': 0.00018117471482533633, 'entropy': 0.0017538629743553762}. Best is trial 34 with value: -2182.529296875.[0m
[32m[I 2022-01-20 19:31:25,096][0m Trial 114 finished with value: 116.69206237792969 and parameters: {'r_scaling': 0.457525445502438, 'unroll': 4, 'update_epoch': 13, 'discount': 0.9016282163367118, 'lr': 0.0001609065074061278, 'entropy': 0.0030409960981647595}. Best is trial 34 with value: -2182.529296875.[0m
[32m[I 2022-01-20 19:34:55,640][0m Trial 115 finished with value: 143.05006408691406 and parameters: {'r_scaling': 0.5231795095651655, 'unroll': 2, 'update_epoch': 12, 'discount': 0.9099190529737452, 'lr': 0.0016784070719321636, 'entropy': 0.001726652935359333}. Best is trial 34 with value: -2182.529296875.[0m
[32m[I 2022-01-20 19:38:31,343][0m Trial 116 finished with value: -2054.712890625 and parameters: {'r_scaling': 48.303514882246496, 'unroll': 3, 'update_epoch': 13, 'discount': 0.9637786915101314, 'lr': 0.00018144601228658384, 'entropy': 0.0013408893868289437}. Best is trial 34 with value: -2182.529296875.[0m
[32m[I 2022-01-20 19:41:33,429][0m Trial 117 finished with value: 112.95970153808594 and parameters: {'r_scaling': 50.927057549939406, 'unroll': 4, 'update_epoch': 13, 'discount': 0.9190558929029142, 'lr': 0.00013222706190003564, 'entropy': 0.0013403687345821438}. Best is trial 34 with value: -2182.529296875.[0m
[32m[I 2022-01-20 19:45:07,278][0m Trial 118 finished with value: -448.1374206542969 and parameters: {'r_scaling': 103.8969089290876, 'unroll': 2, 'update_epoch': 13, 'discount': 0.9858139003393492, 'lr': 0.00017771859659056015, 'entropy': 0.0009473318380815996}. Best is trial 34 with value: -2182.529296875.[0m
[32m[I 2022-01-20 19:48:44,572][0m Trial 119 finished with value: -1819.1748046875 and parameters: {'r_scaling': 17.976252047274652, 'unroll': 3, 'update_epoch': 12, 'discount': 0.9691196395787494, 'lr': 0.0001451272535442578, 'entropy': 0.005414799921586992}. Best is trial 34 with value: -2182.529296875.[0m
[32m[I 2022-01-20 19:52:22,419][0m Trial 120 finished with value: -1585.069091796875 and parameters: {'r_scaling': 14.903757458629121, 'unroll': 3, 'update_epoch': 11, 'discount': 0.9655857749303394, 'lr': 0.0001448718006885866, 'entropy': 0.00761988221730875}. Best is trial 34 with value: -2182.529296875.[0m
[32m[I 2022-01-20 19:55:56,601][0m Trial 121 finished with value: -1842.462890625 and parameters: {'r_scaling': 14.325934602255568, 'unroll': 3, 'update_epoch': 12, 'discount': 0.9515468129519812, 'lr': 0.00016098887901147042, 'entropy': 0.0012011062497719607}. Best is trial 34 with value: -2182.529296875.[0m
[32m[I 2022-01-20 19:59:34,386][0m Trial 122 finished with value: -1950.780029296875 and parameters: {'r_scaling': 26.950616265800342, 'unroll': 3, 'update_epoch': 12, 'discount': 0.970046188373584, 'lr': 0.00015424203865968742, 'entropy': 0.0012262659351015622}. Best is trial 34 with value: -2182.529296875.[0m
[32m[I 2022-01-20 20:03:07,799][0m Trial 123 finished with value: -2286.29296875 and parameters: {'r_scaling': 25.186341847570468, 'unroll': 3, 'update_epoch': 11, 'discount': 0.9735281336097884, 'lr': 0.00012163731036580742, 'entropy': 0.0009923967007960748}. Best is trial 123 with value: -2286.29296875.[0m
[32m[I 2022-01-20 20:06:24,056][0m Trial 124 finished with value: 113.04804229736328 and parameters: {'r_scaling': 24.986715422721325, 'unroll': 4, 'update_epoch': 11, 'discount': 0.9711558005410825, 'lr': 0.00015687615560264301, 'entropy': 0.000956522700220007}. Best is trial 123 with value: -2286.29296875.[0m
[32m[I 2022-01-20 20:09:53,680][0m Trial 125 finished with value: -2036.15087890625 and parameters: {'r_scaling': 38.7652960055413, 'unroll': 3, 'update_epoch': 12, 'discount': 0.9621256467068169, 'lr': 0.00014067709053919853, 'entropy': 0.0012201529854247379}. Best is trial 123 with value: -2286.29296875.[0m
[32m[I 2022-01-20 20:13:37,596][0m Trial 126 finished with value: -2281.92529296875 and parameters: {'r_scaling': 32.61255694734298, 'unroll': 3, 'update_epoch': 12, 'discount': 0.9632903197342781, 'lr': 0.00011951517132841239, 'entropy': 0.0011799026300414411}. Best is trial 123 with value: -2286.29296875.[0m
[32m[I 2022-01-20 20:16:54,005][0m Trial 127 finished with value: 108.98773193359375 and parameters: {'r_scaling': 30.392298445055612, 'unroll': 4, 'update_epoch': 11, 'discount': 0.9633630334911736, 'lr': 0.0001115576473986678, 'entropy': 0.0006448084344130052}. Best is trial 123 with value: -2286.29296875.[0m
[32m[I 2022-01-20 20:20:25,552][0m Trial 128 finished with value: -262.04583740234375 and parameters: {'r_scaling': 37.4357035871697, 'unroll': 2, 'update_epoch': 12, 'discount': 0.9683026639959982, 'lr': 0.00013598905754187138, 'entropy': 0.001165800205470647}. Best is trial 123 with value: -2286.29296875.[0m
[32m[I 2022-01-20 20:23:23,688][0m Trial 129 finished with value: -2335.34619140625 and parameters: {'r_scaling': 62.420972089811094, 'unroll': 3, 'update_epoch': 11, 'discount': 0.9606880709900576, 'lr': 0.0001204546386138517, 'entropy': 0.001032364261506496}. Best is trial 129 with value: -2335.34619140625.[0m
[32m[I 2022-01-20 20:27:01,997][0m Trial 130 finished with value: -85.6490707397461 and parameters: {'r_scaling': 42.68573980480369, 'unroll': 2, 'update_epoch': 10, 'discount': 0.9605242085895284, 'lr': 0.0001214089457445553, 'entropy': 0.001038660423553057}. Best is trial 129 with value: -2335.34619140625.[0m
[32m[I 2022-01-20 20:30:38,632][0m Trial 131 finished with value: -2170.3505859375 and parameters: {'r_scaling': 59.4842101345696, 'unroll': 3, 'update_epoch': 11, 'discount': 0.9777249545959963, 'lr': 0.00012766005402906102, 'entropy': 0.0008752587887676501}. Best is trial 129 with value: -2335.34619140625.[0m
[32m[I 2022-01-20 20:34:10,023][0m Trial 132 finished with value: -1989.441650390625 and parameters: {'r_scaling': 65.57297253248612, 'unroll': 3, 'update_epoch': 11, 'discount': 0.9820147768149362, 'lr': 0.00010417959286913546, 'entropy': 0.0008541309738984373}. Best is trial 129 with value: -2335.34619140625.[0m
[32m[I 2022-01-20 20:37:47,784][0m Trial 133 finished with value: -2016.3460693359375 and parameters: {'r_scaling': 79.33658270010562, 'unroll': 3, 'update_epoch': 11, 'discount': 0.9813440023894281, 'lr': 0.00010500426654159451, 'entropy': 0.0008743987267418979}. Best is trial 129 with value: -2335.34619140625.[0m
[32m[I 2022-01-20 20:40:39,448][0m Trial 134 finished with value: 111.18343353271484 and parameters: {'r_scaling': 74.36984494540617, 'unroll': 4, 'update_epoch': 10, 'discount': 0.976680574129777, 'lr': 0.00010474583326484943, 'entropy': 0.0005500596280636742}. Best is trial 129 with value: -2335.34619140625.[0m
[32m[I 2022-01-20 20:43:37,778][0m Trial 135 finished with value: -1782.6640625 and parameters: {'r_scaling': 69.50884609492637, 'unroll': 3, 'update_epoch': 11, 'discount': 0.9803949640020232, 'lr': 0.00010284937436996267, 'entropy': 0.0008307679488977726}. Best is trial 129 with value: -2335.34619140625.[0m
[32m[I 2022-01-20 20:47:25,943][0m Trial 136 finished with value: -1816.1064453125 and parameters: {'r_scaling': 104.75177251168256, 'unroll': 3, 'update_epoch': 11, 'discount': 0.9787222719632263, 'lr': 0.00011557211847975186, 'entropy': 0.000688364685302205}. Best is trial 129 with value: -2335.34619140625.[0m
[32m[I 2022-01-20 20:50:16,180][0m Trial 137 finished with value: 110.81840515136719 and parameters: {'r_scaling': 58.90847296702509, 'unroll': 10, 'update_epoch': 11, 'discount': 0.9815018658564121, 'lr': 0.00012769342458416653, 'entropy': 0.0008981340407802198}. Best is trial 129 with value: -2335.34619140625.[0m
