[32m[I 2022-01-19 16:05:20,940][0m A new study created in memory with name: no-name-cbbb04a1-4085-4cc6-ac9e-e4f2c1de6061[0m
[32m[I 2022-01-19 16:08:42,339][0m Trial 0 finished with value: -336.735595703125 and parameters: {'r_scaling': 0.10030700616857746, 'unroll': 7, 'update_epoch': 12, 'discount': 0.966161906980526, 'lr': 0.0006563019861599124, 'entropy': 0.0008903691222347194}. Best is trial 0 with value: -336.735595703125.[0m
[32m[I 2022-01-19 16:12:24,523][0m Trial 1 finished with value: 73.52629089355469 and parameters: {'r_scaling': 0.5176840398081743, 'unroll': 1, 'update_epoch': 11, 'discount': 0.9841618368281709, 'lr': 0.001870338819442579, 'entropy': 0.001390675222300374}. Best is trial 0 with value: -336.735595703125.[0m
[32m[I 2022-01-19 16:15:55,611][0m Trial 2 finished with value: -1828.238525390625 and parameters: {'r_scaling': 1.5970424533871217, 'unroll': 1, 'update_epoch': 15, 'discount': 0.9074349544561965, 'lr': 0.00016183097046803686, 'entropy': 0.000727016109407061}. Best is trial 2 with value: -1828.238525390625.[0m
[32m[I 2022-01-19 16:19:17,501][0m Trial 3 finished with value: 100.91082763671875 and parameters: {'r_scaling': 0.8424724034055551, 'unroll': 13, 'update_epoch': 13, 'discount': 0.9928079850097538, 'lr': 0.00045449749896013416, 'entropy': 0.0014036866113363903}. Best is trial 2 with value: -1828.238525390625.[0m
[32m[I 2022-01-19 16:22:54,244][0m Trial 4 finished with value: -1574.1405029296875 and parameters: {'r_scaling': 143.18113790498126, 'unroll': 2, 'update_epoch': 4, 'discount': 0.9636971359935127, 'lr': 0.00010861317507184808, 'entropy': 0.00015778975695809747}. Best is trial 2 with value: -1828.238525390625.[0m
[32m[I 2022-01-19 16:26:38,114][0m Trial 5 finished with value: -687.281005859375 and parameters: {'r_scaling': 17.766378453925167, 'unroll': 3, 'update_epoch': 7, 'discount': 0.9460959309644758, 'lr': 0.001873143355990348, 'entropy': 0.0008561312360132437}. Best is trial 2 with value: -1828.238525390625.[0m
[32m[I 2022-01-19 16:30:00,974][0m Trial 6 finished with value: 103.9902572631836 and parameters: {'r_scaling': 31.460614768579287, 'unroll': 15, 'update_epoch': 1, 'discount': 0.9583799619661167, 'lr': 0.0005320221847697393, 'entropy': 0.0012958550401522624}. Best is trial 2 with value: -1828.238525390625.[0m
[32m[I 2022-01-19 16:33:37,823][0m Trial 7 finished with value: -1611.219970703125 and parameters: {'r_scaling': 28.807478961511617, 'unroll': 5, 'update_epoch': 10, 'discount': 0.9912858708219632, 'lr': 0.00012126082700702531, 'entropy': 0.032193310589194994}. Best is trial 2 with value: -1828.238525390625.[0m
[32m[I 2022-01-19 16:36:40,989][0m Trial 8 finished with value: -1166.267333984375 and parameters: {'r_scaling': 1.9047825100005114, 'unroll': 6, 'update_epoch': 11, 'discount': 0.9123171827927454, 'lr': 0.0006685246263286696, 'entropy': 0.010997267353891973}. Best is trial 2 with value: -1828.238525390625.[0m
[32m[I 2022-01-19 16:39:58,855][0m Trial 9 finished with value: 28.278226852416992 and parameters: {'r_scaling': 0.07007678608776327, 'unroll': 2, 'update_epoch': 11, 'discount': 0.9271734044733252, 'lr': 0.0003710059700761702, 'entropy': 0.019407461992494806}. Best is trial 2 with value: -1828.238525390625.[0m
[32m[I 2022-01-19 16:43:22,972][0m Trial 10 finished with value: 101.6924819946289 and parameters: {'r_scaling': 6.429282954477636, 'unroll': 11, 'update_epoch': 15, 'discount': 0.9088519844724425, 'lr': 0.00020750791510537673, 'entropy': 0.00015012613506609854}. Best is trial 2 with value: -1828.238525390625.[0m
[32m[I 2022-01-19 16:46:55,535][0m Trial 11 finished with value: -1379.89599609375 and parameters: {'r_scaling': 164.4902152137695, 'unroll': 4, 'update_epoch': 8, 'discount': 0.9322092767584796, 'lr': 0.00010188741331055731, 'entropy': 0.08177886730904124}. Best is trial 2 with value: -1828.238525390625.[0m
[32m[I 2022-01-19 16:50:01,845][0m Trial 12 finished with value: -1542.674072265625 and parameters: {'r_scaling': 7.28712130015836, 'unroll': 5, 'update_epoch': 15, 'discount': 0.927198863141698, 'lr': 0.00018539302832380655, 'entropy': 0.010061329345264774}. Best is trial 2 with value: -1828.238525390625.[0m
[32m[I 2022-01-19 16:53:21,267][0m Trial 13 finished with value: 103.39073944091797 and parameters: {'r_scaling': 40.53867102025527, 'unroll': 10, 'update_epoch': 5, 'discount': 0.9018277413694472, 'lr': 0.00019047814483737376, 'entropy': 0.07499378954143081}. Best is trial 2 with value: -1828.238525390625.[0m
[32m[I 2022-01-19 16:56:35,789][0m Trial 14 finished with value: 99.8671646118164 and parameters: {'r_scaling': 0.35530408960419085, 'unroll': 9, 'update_epoch': 9, 'discount': 0.981576169293627, 'lr': 0.00028362037052763884, 'entropy': 0.004540298026553876}. Best is trial 2 with value: -1828.238525390625.[0m
[32m[I 2022-01-19 17:00:11,358][0m Trial 15 finished with value: -2514.96484375 and parameters: {'r_scaling': 2.958331623787274, 'unroll': 4, 'update_epoch': 14, 'discount': 0.9424824891974228, 'lr': 0.0001422479572252937, 'entropy': 0.00039046832906351785}. Best is trial 15 with value: -2514.96484375.[0m
[32m[I 2022-01-19 17:04:20,079][0m Trial 16 finished with value: -585.4500122070312 and parameters: {'r_scaling': 2.1722655934792945, 'unroll': 1, 'update_epoch': 14, 'discount': 0.9421340779996252, 'lr': 0.0010593027645251498, 'entropy': 0.0003437709190244433}. Best is trial 15 with value: -2514.96484375.[0m
[32m[I 2022-01-19 17:07:59,878][0m Trial 17 finished with value: -2252.041259765625 and parameters: {'r_scaling': 5.471903168459306, 'unroll': 4, 'update_epoch': 13, 'discount': 0.9186566320956249, 'lr': 0.0002783844708996476, 'entropy': 0.000387102162799974}. Best is trial 15 with value: -2514.96484375.[0m
[32m[I 2022-01-19 17:11:41,648][0m Trial 18 finished with value: -2051.3466796875 and parameters: {'r_scaling': 6.300687593109, 'unroll': 7, 'update_epoch': 13, 'discount': 0.9216477500187014, 'lr': 0.0002781578560472617, 'entropy': 0.0003405710049563811}. Best is trial 15 with value: -2514.96484375.[0m
[32m[I 2022-01-19 17:15:29,591][0m Trial 19 finished with value: -2326.38916015625 and parameters: {'r_scaling': 0.2272866155745853, 'unroll': 4, 'update_epoch': 13, 'discount': 0.937792917770316, 'lr': 0.00024151826658895016, 'entropy': 0.0002807366962316008}. Best is trial 15 with value: -2514.96484375.[0m
[32m[I 2022-01-19 17:18:49,035][0m Trial 20 finished with value: 99.443359375 and parameters: {'r_scaling': 0.19220809923577092, 'unroll': 8, 'update_epoch': 6, 'discount': 0.9375207597730586, 'lr': 0.00014274480146064504, 'entropy': 0.003410721841518442}. Best is trial 15 with value: -2514.96484375.[0m
[32m[I 2022-01-19 17:22:28,706][0m Trial 21 finished with value: -2074.5732421875 and parameters: {'r_scaling': 0.9942119556088906, 'unroll': 4, 'update_epoch': 13, 'discount': 0.954155373259046, 'lr': 0.00026983040956427186, 'entropy': 0.00031710386321009916}. Best is trial 15 with value: -2514.96484375.[0m
[32m[I 2022-01-19 17:26:16,539][0m Trial 22 finished with value: -1921.7578125 and parameters: {'r_scaling': 4.337023464520587, 'unroll': 4, 'update_epoch': 13, 'discount': 0.9519495898845635, 'lr': 0.00023691442266888485, 'entropy': 0.00010880145677420021}. Best is trial 15 with value: -2514.96484375.[0m
[32m[I 2022-01-19 17:29:56,216][0m Trial 23 finished with value: -1620.48876953125 and parameters: {'r_scaling': 14.242072998470116, 'unroll': 6, 'update_epoch': 10, 'discount': 0.9194697002528426, 'lr': 0.0003813736701240899, 'entropy': 0.0004888329195511741}. Best is trial 15 with value: -2514.96484375.[0m
[32m[I 2022-01-19 17:33:10,986][0m Trial 24 finished with value: -2889.2060546875 and parameters: {'r_scaling': 0.2187161052300919, 'unroll': 3, 'update_epoch': 14, 'discount': 0.9354837398981222, 'lr': 0.00014297165438125094, 'entropy': 0.00022120216979698882}. Best is trial 24 with value: -2889.2060546875.[0m
[32m[I 2022-01-19 17:36:59,054][0m Trial 25 finished with value: -2497.925537109375 and parameters: {'r_scaling': 0.18325473062769285, 'unroll': 3, 'update_epoch': 14, 'discount': 0.9382479111647898, 'lr': 0.0001439601550938153, 'entropy': 0.0001836971495723621}. Best is trial 24 with value: -2889.2060546875.[0m
[32m[I 2022-01-19 17:40:52,062][0m Trial 26 finished with value: 9.77291488647461 and parameters: {'r_scaling': 0.05281080019511139, 'unroll': 2, 'update_epoch': 15, 'discount': 0.9486488298778498, 'lr': 0.00014070233984828724, 'entropy': 0.00021594112958023612}. Best is trial 24 with value: -2889.2060546875.[0m
[32m[I 2022-01-19 17:44:39,274][0m Trial 27 finished with value: -1869.216064453125 and parameters: {'r_scaling': 0.13050182154706674, 'unroll': 3, 'update_epoch': 14, 'discount': 0.933201557221447, 'lr': 0.000127517291671857, 'entropy': 0.00010223380951974931}. Best is trial 24 with value: -2889.2060546875.[0m
[32m[I 2022-01-19 17:48:15,958][0m Trial 28 finished with value: -1515.8837890625 and parameters: {'r_scaling': 0.3950917731066313, 'unroll': 6, 'update_epoch': 2, 'discount': 0.9424812294168695, 'lr': 0.00016144287407764016, 'entropy': 0.00016925688287699114}. Best is trial 24 with value: -2889.2060546875.[0m
[32m[I 2022-01-19 17:52:02,673][0m Trial 29 finished with value: -394.46075439453125 and parameters: {'r_scaling': 0.1380757772217616, 'unroll': 7, 'update_epoch': 12, 'discount': 0.9650137715846697, 'lr': 0.0008235379604083734, 'entropy': 0.0006283410357121162}. Best is trial 24 with value: -2889.2060546875.[0m
[32m[I 2022-01-19 17:55:49,299][0m Trial 30 finished with value: -2624.41796875 and parameters: {'r_scaling': 0.7833764090263029, 'unroll': 3, 'update_epoch': 12, 'discount': 0.9583914471774031, 'lr': 0.00016392003568537551, 'entropy': 0.0025610704675930163}. Best is trial 24 with value: -2889.2060546875.[0m
[32m[I 2022-01-19 17:59:07,011][0m Trial 31 finished with value: -2609.5869140625 and parameters: {'r_scaling': 0.9125208943915502, 'unroll': 3, 'update_epoch': 14, 'discount': 0.9683477545703121, 'lr': 0.00016198693904683314, 'entropy': 0.002142579378503692}. Best is trial 24 with value: -2889.2060546875.[0m
[32m[I 2022-01-19 18:02:56,046][0m Trial 32 finished with value: -3556.81201171875 and parameters: {'r_scaling': 0.7475952737937522, 'unroll': 2, 'update_epoch': 12, 'discount': 0.9758821726460396, 'lr': 0.00016748682872968004, 'entropy': 0.0018296286695374169}. Best is trial 32 with value: -3556.81201171875.[0m
[32m[I 2022-01-19 18:06:58,345][0m Trial 33 finished with value: -1046.7850341796875 and parameters: {'r_scaling': 0.7749070393687344, 'unroll': 1, 'update_epoch': 12, 'discount': 0.9701727877821045, 'lr': 0.00017272360790633167, 'entropy': 0.002200810491971605}. Best is trial 32 with value: -3556.81201171875.[0m
[32m[I 2022-01-19 18:10:47,346][0m Trial 34 finished with value: -548.6826171875 and parameters: {'r_scaling': 0.5010604316459752, 'unroll': 2, 'update_epoch': 12, 'discount': 0.9751661317120651, 'lr': 0.00021776268176289972, 'entropy': 0.006304493500609975}. Best is trial 32 with value: -3556.81201171875.[0m
[32m[I 2022-01-19 18:14:44,645][0m Trial 35 finished with value: -377.4176330566406 and parameters: {'r_scaling': 1.2060562333453122, 'unroll': 1, 'update_epoch': 10, 'discount': 0.9801809772081533, 'lr': 0.00032971034815423253, 'entropy': 0.001838731109838068}. Best is trial 32 with value: -3556.81201171875.[0m
[32m[I 2022-01-19 18:18:31,231][0m Trial 36 finished with value: 113.2030029296875 and parameters: {'r_scaling': 0.7055271313533157, 'unroll': 3, 'update_epoch': 11, 'discount': 0.9721548443345757, 'lr': 0.0014050048797769636, 'entropy': 0.002753820946289536}. Best is trial 32 with value: -3556.81201171875.[0m
[32m[I 2022-01-19 18:22:10,748][0m Trial 37 finished with value: -2003.8067626953125 and parameters: {'r_scaling': 0.3287511922225434, 'unroll': 5, 'update_epoch': 9, 'discount': 0.9593217737181546, 'lr': 0.00011790474085113089, 'entropy': 0.0011635296327769328}. Best is trial 32 with value: -3556.81201171875.[0m
[32m[I 2022-01-19 18:26:01,902][0m Trial 38 finished with value: -978.0499877929688 and parameters: {'r_scaling': 1.3730533538287297, 'unroll': 2, 'update_epoch': 15, 'discount': 0.9865620795839021, 'lr': 0.00016112660843497565, 'entropy': 0.005253475064903101}. Best is trial 32 with value: -3556.81201171875.[0m
[32m[I 2022-01-19 18:29:18,476][0m Trial 39 finished with value: -2568.80078125 and parameters: {'r_scaling': 0.5819474834702774, 'unroll': 3, 'update_epoch': 11, 'discount': 0.9598572579893299, 'lr': 0.00010722068284884021, 'entropy': 0.0009816977356779096}. Best is trial 32 with value: -3556.81201171875.[0m
[32m[I 2022-01-19 18:32:37,777][0m Trial 40 finished with value: 105.66963195800781 and parameters: {'r_scaling': 0.08574444469819727, 'unroll': 12, 'update_epoch': 14, 'discount': 0.9763946900719069, 'lr': 0.00018214135153122286, 'entropy': 0.001855167521655573}. Best is trial 32 with value: -3556.81201171875.[0m
[32m[I 2022-01-19 18:36:20,619][0m Trial 41 finished with value: -3075.71240234375 and parameters: {'r_scaling': 0.6055523716125971, 'unroll': 3, 'update_epoch': 11, 'discount': 0.9586960763375078, 'lr': 0.0001009982730800063, 'entropy': 0.0010553626345733162}. Best is trial 32 with value: -3556.81201171875.[0m
[32m[I 2022-01-19 18:39:45,429][0m Trial 42 finished with value: -669.046142578125 and parameters: {'r_scaling': 0.3171423301585193, 'unroll': 1, 'update_epoch': 12, 'discount': 0.967190387391537, 'lr': 0.00012268073692957206, 'entropy': 0.0007455405834278448}. Best is trial 32 with value: -3556.81201171875.[0m
[32m[I 2022-01-19 18:43:29,686][0m Trial 43 finished with value: -1129.256591796875 and parameters: {'r_scaling': 2.177454259531966, 'unroll': 2, 'update_epoch': 12, 'discount': 0.9542460859987681, 'lr': 0.00010869845265522427, 'entropy': 0.0028607860686086545}. Best is trial 32 with value: -3556.81201171875.[0m
[32m[I 2022-01-19 18:46:48,875][0m Trial 44 finished with value: 99.78128051757812 and parameters: {'r_scaling': 1.0691152546301559, 'unroll': 15, 'update_epoch': 9, 'discount': 0.9619299361303679, 'lr': 0.00010031404389214318, 'entropy': 0.0016560369408972562}. Best is trial 32 with value: -3556.81201171875.[0m
[32m[I 2022-01-19 18:50:24,910][0m Trial 45 finished with value: -2281.9990234375 and parameters: {'r_scaling': 0.535711364598962, 'unroll': 5, 'update_epoch': 10, 'discount': 0.9681808720306359, 'lr': 0.0002148216290301582, 'entropy': 0.008248341231299059}. Best is trial 32 with value: -3556.81201171875.[0m
[32m[I 2022-01-19 18:54:12,838][0m Trial 46 finished with value: -661.9390869140625 and parameters: {'r_scaling': 0.2540639673901387, 'unroll': 3, 'update_epoch': 11, 'discount': 0.9939652616383172, 'lr': 0.00015499149498575748, 'entropy': 0.003857301771696115}. Best is trial 32 with value: -3556.81201171875.[0m
[32m[I 2022-01-19 18:57:39,012][0m Trial 47 finished with value: 105.47933959960938 and parameters: {'r_scaling': 3.0707687417132536, 'unroll': 14, 'update_epoch': 8, 'discount': 0.9862407150447349, 'lr': 0.00012664959740637144, 'entropy': 0.0013200652605927115}. Best is trial 32 with value: -3556.81201171875.[0m
[32m[I 2022-01-19 19:01:14,424][0m Trial 48 finished with value: -2478.144287109375 and parameters: {'r_scaling': 1.6153988550008767, 'unroll': 5, 'update_epoch': 14, 'discount': 0.9760567500911811, 'lr': 0.00019644628328916754, 'entropy': 0.002356882194644451}. Best is trial 32 with value: -3556.81201171875.[0m
[32m[I 2022-01-19 19:04:26,442][0m Trial 49 finished with value: -93.22474670410156 and parameters: {'r_scaling': 0.7907478891721865, 'unroll': 2, 'update_epoch': 13, 'discount': 0.9494098848138371, 'lr': 0.0005703181992354795, 'entropy': 0.016095218548678167}. Best is trial 32 with value: -3556.81201171875.[0m
[32m[I 2022-01-19 19:08:13,463][0m Trial 50 finished with value: -1709.00927734375 and parameters: {'r_scaling': 104.77751765322644, 'unroll': 6, 'update_epoch': 15, 'discount': 0.9566817227794818, 'lr': 0.00045731019494661196, 'entropy': 0.0005396886953940494}. Best is trial 32 with value: -3556.81201171875.[0m
[32m[I 2022-01-19 19:12:00,113][0m Trial 51 finished with value: -3001.19091796875 and parameters: {'r_scaling': 0.5031595476465871, 'unroll': 3, 'update_epoch': 11, 'discount': 0.9617729188797229, 'lr': 0.0001126671590537381, 'entropy': 0.000940383721199014}. Best is trial 32 with value: -3556.81201171875.[0m
[32m[I 2022-01-19 19:15:43,531][0m Trial 52 finished with value: -2873.32666015625 and parameters: {'r_scaling': 0.4840445339993199, 'unroll': 3, 'update_epoch': 10, 'discount': 0.9644383457757839, 'lr': 0.00011524992456512706, 'entropy': 0.0008144169364347877}. Best is trial 32 with value: -3556.81201171875.[0m
[32m[I 2022-01-19 19:19:32,501][0m Trial 53 finished with value: -1757.0908203125 and parameters: {'r_scaling': 0.43344013546891763, 'unroll': 2, 'update_epoch': 10, 'discount': 0.9625312015828315, 'lr': 0.00011457523673785479, 'entropy': 0.0008766236800403444}. Best is trial 32 with value: -3556.81201171875.[0m
[32m[I 2022-01-19 19:23:15,970][0m Trial 54 finished with value: -2421.868408203125 and parameters: {'r_scaling': 0.1371841217845892, 'unroll': 4, 'update_epoch': 9, 'discount': 0.9464554481955697, 'lr': 0.00010005729656930233, 'entropy': 0.0010207289930695565}. Best is trial 32 with value: -3556.81201171875.[0m
[32m[I 2022-01-19 19:27:10,110][0m Trial 55 finished with value: -1799.644775390625 and parameters: {'r_scaling': 0.28526007784428825, 'unroll': 1, 'update_epoch': 7, 'discount': 0.9565175608200157, 'lr': 0.00013541072185599835, 'entropy': 0.0015706276179766}. Best is trial 32 with value: -3556.81201171875.[0m
[32m[I 2022-01-19 19:30:19,560][0m Trial 56 finished with value: -2624.1357421875 and parameters: {'r_scaling': 0.6456550050293792, 'unroll': 4, 'update_epoch': 11, 'discount': 0.9721397595072879, 'lr': 0.00012097337472136292, 'entropy': 0.0006831692626139477}. Best is trial 32 with value: -3556.81201171875.[0m
[32m[I 2022-01-19 19:34:08,785][0m Trial 57 finished with value: -2505.78515625 and parameters: {'r_scaling': 0.17352952392905321, 'unroll': 3, 'update_epoch': 12, 'discount': 0.9648264049791635, 'lr': 0.00013317496852966178, 'entropy': 0.0004891761455572294}. Best is trial 32 with value: -3556.81201171875.[0m
[32m[I 2022-01-19 19:37:54,448][0m Trial 58 finished with value: -1708.7410888671875 and parameters: {'r_scaling': 0.44803331143495795, 'unroll': 5, 'update_epoch': 10, 'discount': 0.9507495485659164, 'lr': 0.00015039687703682225, 'entropy': 0.00025800263963452185}. Best is trial 32 with value: -3556.81201171875.[0m
[32m[I 2022-01-19 19:41:45,775][0m Trial 59 finished with value: -1172.810791015625 and parameters: {'r_scaling': 2.0732910468332677, 'unroll': 2, 'update_epoch': 11, 'discount': 0.9267364828561245, 'lr': 0.00011008239304600896, 'entropy': 0.0012273375766752915}. Best is trial 32 with value: -3556.81201171875.[0m
[32m[I 2022-01-19 19:45:09,618][0m Trial 60 finished with value: 102.544921875 and parameters: {'r_scaling': 0.261224380211785, 'unroll': 8, 'update_epoch': 8, 'discount': 0.9453359070771225, 'lr': 0.00017534246787055547, 'entropy': 0.0007979675051339208}. Best is trial 32 with value: -3556.81201171875.[0m
[32m[I 2022-01-19 19:48:48,870][0m Trial 61 finished with value: -2639.279296875 and parameters: {'r_scaling': 0.6657818850207627, 'unroll': 4, 'update_epoch': 11, 'discount': 0.9717255899725518, 'lr': 0.00012142502995433228, 'entropy': 0.0006519024740831378}. Best is trial 32 with value: -3556.81201171875.[0m
[32m[I 2022-01-19 19:52:27,758][0m Trial 62 finished with value: -2210.2861328125 and parameters: {'r_scaling': 0.3915782477028941, 'unroll': 3, 'update_epoch': 10, 'discount': 0.97999695540957, 'lr': 0.00012778609476680794, 'entropy': 0.00044429507787390127}. Best is trial 32 with value: -3556.81201171875.[0m
[32m[I 2022-01-19 19:55:42,276][0m Trial 63 finished with value: -2492.80712890625 and parameters: {'r_scaling': 1.1296050057475244, 'unroll': 4, 'update_epoch': 12, 'discount': 0.9613027454189956, 'lr': 0.00011496770491213772, 'entropy': 0.0006387702930807696}. Best is trial 32 with value: -3556.81201171875.[0m
[32m[I 2022-01-19 19:59:25,557][0m Trial 64 finished with value: -2534.59814453125 and parameters: {'r_scaling': 0.6344532061427504, 'unroll': 3, 'update_epoch': 11, 'discount': 0.97273781927447, 'lr': 0.0001444586702430916, 'entropy': 0.0009946139917859026}. Best is trial 32 with value: -3556.81201171875.[0m
[32m[I 2022-01-19 20:03:12,855][0m Trial 65 finished with value: -620.4495849609375 and parameters: {'r_scaling': 1.4794624390759443, 'unroll': 2, 'update_epoch': 9, 'discount': 0.9658314535365126, 'lr': 0.00016994374507171392, 'entropy': 0.003730036288438508}. Best is trial 32 with value: -3556.81201171875.[0m
[32m[I 2022-01-19 20:07:14,337][0m Trial 66 finished with value: 58.546714782714844 and parameters: {'r_scaling': 0.20889546087074976, 'unroll': 1, 'update_epoch': 13, 'discount': 0.9564081809589927, 'lr': 0.00020089477031135883, 'entropy': 0.0002394334985829212}. Best is trial 32 with value: -3556.81201171875.[0m
[32m[I 2022-01-19 20:10:58,538][0m Trial 67 finished with value: -791.67431640625 and parameters: {'r_scaling': 0.10141066261048753, 'unroll': 3, 'update_epoch': 11, 'discount': 0.9898023497076086, 'lr': 0.00013387920935195634, 'entropy': 0.0001374551958675986}. Best is trial 32 with value: -3556.81201171875.[0m
[32m[I 2022-01-19 20:14:28,830][0m Trial 68 finished with value: 101.0904541015625 and parameters: {'r_scaling': 0.8582714754606154, 'unroll': 9, 'update_epoch': 13, 'discount': 0.9530200485066793, 'lr': 0.0002339863207483125, 'entropy': 0.001307143052809135}. Best is trial 32 with value: -3556.81201171875.[0m
