[32m[I 2022-01-20 13:13:15,040][0m A new study created in memory with name: no-name-45c89335-f7e7-488e-84a5-5fd8526ca3cf[0m
[32m[I 2022-01-20 13:16:42,876][0m Trial 0 finished with value: 104.75370788574219 and parameters: {'r_scaling': 3.0837794123521185, 'unroll': 3, 'update_epoch': 8, 'discount': 0.9857643285061989, 'lr': 0.0002016902553923577, 'entropy': 0.0032362880044393473}. Best is trial 0 with value: 104.75370788574219.[0m
[32m[I 2022-01-20 13:20:07,191][0m Trial 1 finished with value: 95.04766082763672 and parameters: {'r_scaling': 1.2705640237927178, 'unroll': 5, 'update_epoch': 12, 'discount': 0.9927246891835227, 'lr': 0.0006289507117380087, 'entropy': 0.0009219529290289424}. Best is trial 1 with value: 95.04766082763672.[0m
[32m[I 2022-01-20 13:23:07,060][0m Trial 2 finished with value: 106.07228088378906 and parameters: {'r_scaling': 5.076316712796476, 'unroll': 11, 'update_epoch': 3, 'discount': 0.9752886891544127, 'lr': 0.00015467891177692065, 'entropy': 0.01925479151002059}. Best is trial 1 with value: 95.04766082763672.[0m
[32m[I 2022-01-20 13:26:34,692][0m Trial 3 finished with value: 99.33120727539062 and parameters: {'r_scaling': 54.14332335374624, 'unroll': 6, 'update_epoch': 6, 'discount': 0.9115490969323096, 'lr': 0.00015756186879867546, 'entropy': 0.013428364876334796}. Best is trial 1 with value: 95.04766082763672.[0m
[32m[I 2022-01-20 13:30:04,301][0m Trial 4 finished with value: 92.10224914550781 and parameters: {'r_scaling': 0.6905721961508644, 'unroll': 7, 'update_epoch': 10, 'discount': 0.9135028324067105, 'lr': 0.0001178775804516974, 'entropy': 0.07267316020150567}. Best is trial 4 with value: 92.10224914550781.[0m
[32m[I 2022-01-20 13:33:31,332][0m Trial 5 finished with value: 103.53936767578125 and parameters: {'r_scaling': 66.17029171167721, 'unroll': 7, 'update_epoch': 3, 'discount': 0.9454078025530277, 'lr': 0.0018587620243145139, 'entropy': 0.013909559265374643}. Best is trial 4 with value: 92.10224914550781.[0m
[32m[I 2022-01-20 13:36:30,490][0m Trial 6 finished with value: 99.02964782714844 and parameters: {'r_scaling': 0.3496753218801003, 'unroll': 11, 'update_epoch': 6, 'discount': 0.9586233127795046, 'lr': 0.0007382544465800026, 'entropy': 0.04464660350518623}. Best is trial 4 with value: 92.10224914550781.[0m
[32m[I 2022-01-20 13:39:31,407][0m Trial 7 finished with value: 104.8178482055664 and parameters: {'r_scaling': 8.53874723569798, 'unroll': 5, 'update_epoch': 7, 'discount': 0.9484416216024373, 'lr': 0.00018610220939427682, 'entropy': 0.0012571447784217986}. Best is trial 4 with value: 92.10224914550781.[0m
[32m[I 2022-01-20 13:42:58,167][0m Trial 8 finished with value: 96.7606201171875 and parameters: {'r_scaling': 1.562046354244004, 'unroll': 8, 'update_epoch': 7, 'discount': 0.9245678049028758, 'lr': 0.0006435392521699953, 'entropy': 0.0027242515985492956}. Best is trial 4 with value: 92.10224914550781.[0m
[32m[I 2022-01-20 13:46:30,882][0m Trial 9 finished with value: 103.22381591796875 and parameters: {'r_scaling': 1.2812033033492394, 'unroll': 10, 'update_epoch': 12, 'discount': 0.9500516532007168, 'lr': 0.0003440148876574797, 'entropy': 0.000800388027769138}. Best is trial 4 with value: 92.10224914550781.[0m
[32m[I 2022-01-20 13:49:59,959][0m Trial 10 finished with value: 102.10552978515625 and parameters: {'r_scaling': 0.07440438433236601, 'unroll': 15, 'update_epoch': 15, 'discount': 0.9016048158810596, 'lr': 0.00010094509312181013, 'entropy': 0.00016969334577940988}. Best is trial 4 with value: 92.10224914550781.[0m
[32m[I 2022-01-20 13:53:30,326][0m Trial 11 finished with value: 99.40058898925781 and parameters: {'r_scaling': 0.2839906684049965, 'unroll': 2, 'update_epoch': 11, 'discount': 0.9314149194071298, 'lr': 0.0012984440893109082, 'entropy': 0.09701647507780023}. Best is trial 4 with value: 92.10224914550781.[0m
[32m[I 2022-01-20 13:56:59,854][0m Trial 12 finished with value: 104.38671875 and parameters: {'r_scaling': 0.5757598544339928, 'unroll': 4, 'update_epoch': 11, 'discount': 0.9712826461492333, 'lr': 0.00037437120732580276, 'entropy': 0.0003420026149362511}. Best is trial 4 with value: 92.10224914550781.[0m
[32m[I 2022-01-20 14:00:40,579][0m Trial 13 finished with value: 116.2806396484375 and parameters: {'r_scaling': 0.06294496361143341, 'unroll': 1, 'update_epoch': 14, 'discount': 0.9934594393956077, 'lr': 0.00064772814245446, 'entropy': 0.0031378510883192665}. Best is trial 4 with value: 92.10224914550781.[0m
[32m[I 2022-01-20 14:04:11,831][0m Trial 14 finished with value: 90.15319061279297 and parameters: {'r_scaling': 22.61950999688383, 'unroll': 9, 'update_epoch': 10, 'discount': 0.9301662774989499, 'lr': 0.0010211678602575684, 'entropy': 0.0006726620117431754}. Best is trial 14 with value: 90.15319061279297.[0m
[32m[I 2022-01-20 14:07:40,858][0m Trial 15 finished with value: 102.54268646240234 and parameters: {'r_scaling': 19.883423188600784, 'unroll': 14, 'update_epoch': 9, 'discount': 0.9237160545997983, 'lr': 0.001181550074598278, 'entropy': 0.00011658080104380552}. Best is trial 14 with value: 90.15319061279297.[0m
[32m[I 2022-01-20 14:11:07,994][0m Trial 16 finished with value: 109.71855926513672 and parameters: {'r_scaling': 168.40526060639706, 'unroll': 9, 'update_epoch': 10, 'discount': 0.9110640071629522, 'lr': 0.0002679251284735443, 'entropy': 0.000400434682384636}. Best is trial 14 with value: 90.15319061279297.[0m
[32m[I 2022-01-20 14:14:33,453][0m Trial 17 finished with value: 98.38394927978516 and parameters: {'r_scaling': 14.954386585109592, 'unroll': 13, 'update_epoch': 13, 'discount': 0.934939388450945, 'lr': 0.00010335067667847766, 'entropy': 0.009062723074743635}. Best is trial 14 with value: 90.15319061279297.[0m
[32m[I 2022-01-20 14:18:02,490][0m Trial 18 finished with value: 105.09466552734375 and parameters: {'r_scaling': 30.999011919474864, 'unroll': 8, 'update_epoch': 9, 'discount': 0.9162690554585514, 'lr': 0.0010106635125356346, 'entropy': 0.005442724875903048}. Best is trial 14 with value: 90.15319061279297.[0m
[32m[I 2022-01-20 14:21:32,402][0m Trial 19 finished with value: 102.41285705566406 and parameters: {'r_scaling': 0.16533518931949961, 'unroll': 11, 'update_epoch': 5, 'discount': 0.900503714613726, 'lr': 0.0004489914120786958, 'entropy': 0.03325471529693396}. Best is trial 14 with value: 90.15319061279297.[0m
[32m[I 2022-01-20 14:24:33,321][0m Trial 20 finished with value: 101.88887023925781 and parameters: {'r_scaling': 190.95940519910164, 'unroll': 7, 'update_epoch': 10, 'discount': 0.9336378441185753, 'lr': 0.0017965766450823324, 'entropy': 0.09804033973244344}. Best is trial 14 with value: 90.15319061279297.[0m
[32m[I 2022-01-20 14:27:34,647][0m Trial 21 finished with value: 95.56392669677734 and parameters: {'r_scaling': 1.0743563993031477, 'unroll': 5, 'update_epoch': 12, 'discount': 0.9626701463511231, 'lr': 0.0008490021444680035, 'entropy': 0.0010330069420269445}. Best is trial 14 with value: 90.15319061279297.[0m
[32m[I 2022-01-20 14:31:03,074][0m Trial 22 finished with value: 102.53994750976562 and parameters: {'r_scaling': 3.1502841620501827, 'unroll': 6, 'update_epoch': 13, 'discount': 0.9403120245787626, 'lr': 0.0005841065666668872, 'entropy': 0.0004020682137538212}. Best is trial 14 with value: 90.15319061279297.[0m
[32m[I 2022-01-20 14:34:30,888][0m Trial 23 finished with value: 103.71620178222656 and parameters: {'r_scaling': 0.6139654549631011, 'unroll': 9, 'update_epoch': 10, 'discount': 0.9256257966601285, 'lr': 0.00046652502572720327, 'entropy': 0.0015449978546513872}. Best is trial 14 with value: 90.15319061279297.[0m
[32m[I 2022-01-20 14:38:01,846][0m Trial 24 finished with value: 90.20637512207031 and parameters: {'r_scaling': 8.120792405286478, 'unroll': 4, 'update_epoch': 1, 'discount': 0.9182597376641658, 'lr': 0.0009152856444543789, 'entropy': 0.000536005141490404}. Best is trial 14 with value: 90.15319061279297.[0m
[32m[I 2022-01-20 14:41:30,255][0m Trial 25 finished with value: 98.06159973144531 and parameters: {'r_scaling': 7.945945086470811, 'unroll': 3, 'update_epoch': 2, 'discount': 0.9181328959550764, 'lr': 0.0015102063685982978, 'entropy': 0.0002891190601225847}. Best is trial 14 with value: 90.15319061279297.[0m
[32m[I 2022-01-20 14:44:29,362][0m Trial 26 finished with value: 100.0545654296875 and parameters: {'r_scaling': 12.461501810524158, 'unroll': 7, 'update_epoch': 4, 'discount': 0.9079857203508893, 'lr': 0.001000716042592486, 'entropy': 0.0006188218402894867}. Best is trial 14 with value: 90.15319061279297.[0m
[32m[I 2022-01-20 14:48:00,262][0m Trial 27 finished with value: 105.13189697265625 and parameters: {'r_scaling': 34.46741492698336, 'unroll': 12, 'update_epoch': 1, 'discount': 0.9182041228126144, 'lr': 0.0008687215924625788, 'entropy': 0.0017343182471684703}. Best is trial 14 with value: 90.15319061279297.[0m
[32m[I 2022-01-20 14:51:02,592][0m Trial 28 finished with value: 97.30974578857422 and parameters: {'r_scaling': 3.9614736425159487, 'unroll': 9, 'update_epoch': 8, 'discount': 0.9281428375360987, 'lr': 0.00029666342020350525, 'entropy': 0.0002078973740649012}. Best is trial 14 with value: 90.15319061279297.[0m
[32m[I 2022-01-20 14:54:22,704][0m Trial 29 finished with value: 107.83540344238281 and parameters: {'r_scaling': 80.97014895330997, 'unroll': 2, 'update_epoch': 9, 'discount': 0.9068158102939338, 'lr': 0.001428686378259674, 'entropy': 0.0005993795840665444}. Best is trial 14 with value: 90.15319061279297.[0m
[32m[I 2022-01-20 14:57:54,312][0m Trial 30 finished with value: 105.88136291503906 and parameters: {'r_scaling': 5.856145125422527, 'unroll': 4, 'update_epoch': 7, 'discount': 0.9187681612816865, 'lr': 0.0002420090524869933, 'entropy': 0.005599737440720136}. Best is trial 14 with value: 90.15319061279297.[0m
[32m[I 2022-01-20 15:01:22,488][0m Trial 31 finished with value: 96.55435180664062 and parameters: {'r_scaling': 2.108363394413056, 'unroll': 5, 'update_epoch': 11, 'discount': 0.982289204948413, 'lr': 0.0005892604656391989, 'entropy': 0.0022112970611123084}. Best is trial 14 with value: 90.15319061279297.[0m
[32m[I 2022-01-20 15:04:53,125][0m Trial 32 finished with value: 95.88362121582031 and parameters: {'r_scaling': 2.084996764609784, 'unroll': 6, 'update_epoch': 12, 'discount': 0.9379778599905567, 'lr': 0.0005118001355026375, 'entropy': 0.0006737280626515807}. Best is trial 14 with value: 90.15319061279297.[0m
[32m[I 2022-01-20 15:08:23,054][0m Trial 33 finished with value: 112.14132690429688 and parameters: {'r_scaling': 0.7248107846426393, 'unroll': 4, 'update_epoch': 13, 'discount': 0.9921176558801403, 'lr': 0.0008022216767838111, 'entropy': 0.00569571054729244}. Best is trial 14 with value: 90.15319061279297.[0m
[32m[I 2022-01-20 15:11:50,223][0m Trial 34 finished with value: 102.3006820678711 and parameters: {'r_scaling': 0.21457657233012997, 'unroll': 3, 'update_epoch': 9, 'discount': 0.9425923257525188, 'lr': 0.0010250080417950106, 'entropy': 0.0008308105558660819}. Best is trial 14 with value: 90.15319061279297.[0m
[32m[I 2022-01-20 15:15:18,660][0m Trial 35 finished with value: 100.08660125732422 and parameters: {'r_scaling': 5.4332690018892515, 'unroll': 6, 'update_epoch': 11, 'discount': 0.9534259897312294, 'lr': 0.00013537642956390283, 'entropy': 0.0005064314725535424}. Best is trial 14 with value: 90.15319061279297.[0m
[32m[I 2022-01-20 15:18:15,927][0m Trial 36 finished with value: 103.04237365722656 and parameters: {'r_scaling': 25.070404359182707, 'unroll': 7, 'update_epoch': 8, 'discount': 0.9699175609473448, 'lr': 0.0007136838722801633, 'entropy': 0.00022687896541402785}. Best is trial 14 with value: 90.15319061279297.[0m
[32m[I 2022-01-20 15:21:41,728][0m Trial 37 finished with value: 98.36322021484375 and parameters: {'r_scaling': 10.123351726497386, 'unroll': 10, 'update_epoch': 15, 'discount': 0.9135101117066111, 'lr': 0.00020346619995078777, 'entropy': 0.0012131521227986366}. Best is trial 14 with value: 90.15319061279297.[0m
[32m[I 2022-01-20 15:25:15,630][0m Trial 38 finished with value: 98.28334045410156 and parameters: {'r_scaling': 0.39994471015318833, 'unroll': 5, 'update_epoch': 6, 'discount': 0.9211214686848763, 'lr': 0.0003627878748777992, 'entropy': 0.038708866063086274}. Best is trial 14 with value: 90.15319061279297.[0m
[32m[I 2022-01-20 15:28:43,169][0m Trial 39 finished with value: 101.00859069824219 and parameters: {'r_scaling': 2.290443058973425, 'unroll': 3, 'update_epoch': 3, 'discount': 0.9837772091446026, 'lr': 0.000529217654058468, 'entropy': 0.019262362307270083}. Best is trial 14 with value: 90.15319061279297.[0m
[32m[I 2022-01-20 15:32:10,330][0m Trial 40 finished with value: 96.1243896484375 and parameters: {'r_scaling': 1.156028629504526, 'unroll': 10, 'update_epoch': 14, 'discount': 0.9295137759021529, 'lr': 0.0011203899615407102, 'entropy': 0.00010614836786766318}. Best is trial 14 with value: 90.15319061279297.[0m
[32m[I 2022-01-20 15:35:41,022][0m Trial 41 finished with value: 103.81324005126953 and parameters: {'r_scaling': 1.1591515005571544, 'unroll': 5, 'update_epoch': 12, 'discount': 0.9602143649888795, 'lr': 0.0008361343906176888, 'entropy': 0.0009637058499214305}. Best is trial 14 with value: 90.15319061279297.[0m
[32m[I 2022-01-20 15:39:07,982][0m Trial 42 finished with value: 93.76548767089844 and parameters: {'r_scaling': 0.8994930329720957, 'unroll': 8, 'update_epoch': 10, 'discount': 0.977043226598866, 'lr': 0.0009193380737231331, 'entropy': 0.001123679873552111}. Best is trial 14 with value: 90.15319061279297.[0m
[32m[I 2022-01-20 15:42:33,374][0m Trial 43 finished with value: 103.17929077148438 and parameters: {'r_scaling': 0.12912365079960883, 'unroll': 8, 'update_epoch': 10, 'discount': 0.9777319559547586, 'lr': 0.0007062128448815697, 'entropy': 0.0019423768905715126}. Best is trial 14 with value: 90.15319061279297.[0m
[32m[I 2022-01-20 15:46:05,057][0m Trial 44 finished with value: 99.28925323486328 and parameters: {'r_scaling': 0.7365123112589298, 'unroll': 7, 'update_epoch': 11, 'discount': 0.9870932272835127, 'lr': 0.0009326924139593943, 'entropy': 0.003700247775233691}. Best is trial 14 with value: 90.15319061279297.[0m
[32m[I 2022-01-20 15:49:28,612][0m Trial 45 finished with value: 101.98057556152344 and parameters: {'r_scaling': 0.4192012114838468, 'unroll': 8, 'update_epoch': 7, 'discount': 0.9879761272981483, 'lr': 0.0012872943622972623, 'entropy': 0.001336192644408997}. Best is trial 14 with value: 90.15319061279297.[0m
[32m[I 2022-01-20 15:52:53,455][0m Trial 46 finished with value: 91.00859832763672 and parameters: {'r_scaling': 48.673525447282415, 'unroll': 9, 'update_epoch': 10, 'discount': 0.9782365935417852, 'lr': 0.0007549893176280789, 'entropy': 0.0023587581365183594}. Best is trial 14 with value: 90.15319061279297.[0m
[32m[I 2022-01-20 15:55:54,907][0m Trial 47 finished with value: 105.50360107421875 and parameters: {'r_scaling': 50.70410549924588, 'unroll': 10, 'update_epoch': 8, 'discount': 0.9654941520127699, 'lr': 0.0016861198715535657, 'entropy': 0.0037575083057986083}. Best is trial 14 with value: 90.15319061279297.[0m
[32m[I 2022-01-20 15:58:55,980][0m Trial 48 finished with value: 93.92088317871094 and parameters: {'r_scaling': 98.36553802254474, 'unroll': 9, 'update_epoch': 10, 'discount': 0.9761522293310605, 'lr': 0.001144455481905728, 'entropy': 0.002728015452978236}. Best is trial 14 with value: 90.15319061279297.[0m
[32m[I 2022-01-20 16:02:31,042][0m Trial 49 finished with value: 94.699951171875 and parameters: {'r_scaling': 46.75707226210934, 'unroll': 12, 'update_epoch': 9, 'discount': 0.9053149745419443, 'lr': 0.000745201680219986, 'entropy': 0.05437385269571176}. Best is trial 14 with value: 90.15319061279297.[0m
[32m[I 2022-01-20 16:06:06,516][0m Trial 50 finished with value: 101.45989990234375 and parameters: {'r_scaling': 15.358532995621168, 'unroll': 8, 'update_epoch': 5, 'discount': 0.9545473316498916, 'lr': 0.00012325967858418002, 'entropy': 0.01467663312904279}. Best is trial 14 with value: 90.15319061279297.[0m
[32m[I 2022-01-20 16:09:44,789][0m Trial 51 finished with value: 106.33853149414062 and parameters: {'r_scaling': 80.68546355382837, 'unroll': 9, 'update_epoch': 10, 'discount': 0.9783787350260171, 'lr': 0.0011519343348698273, 'entropy': 0.0025516552752586066}. Best is trial 14 with value: 90.15319061279297.[0m
[32m[I 2022-01-20 16:13:20,113][0m Trial 52 finished with value: 100.04295349121094 and parameters: {'r_scaling': 105.27965516832482, 'unroll': 9, 'update_epoch': 10, 'discount': 0.9700219672395961, 'lr': 0.001452677187971804, 'entropy': 0.00757882968227474}. Best is trial 14 with value: 90.15319061279297.[0m
[32m[I 2022-01-20 16:16:58,043][0m Trial 53 finished with value: 94.69137573242188 and parameters: {'r_scaling': 20.431010630755342, 'unroll': 11, 'update_epoch': 9, 'discount': 0.9747264856355963, 'lr': 0.0019733467037062187, 'entropy': 0.0004827088969228235}. Best is trial 14 with value: 90.15319061279297.[0m
[32m[I 2022-01-20 16:20:00,875][0m Trial 54 finished with value: 106.86123657226562 and parameters: {'r_scaling': 104.90727790113847, 'unroll': 9, 'update_epoch': 11, 'discount': 0.9119468161391991, 'lr': 0.0012780337565940548, 'entropy': 0.0029159867735342295}. Best is trial 14 with value: 90.15319061279297.[0m
[32m[I 2022-01-20 16:23:39,176][0m Trial 55 finished with value: 98.67526245117188 and parameters: {'r_scaling': 37.4153987557152, 'unroll': 10, 'update_epoch': 8, 'discount': 0.9812723144376713, 'lr': 0.0009441964680240729, 'entropy': 0.0011927586637298245}. Best is trial 14 with value: 90.15319061279297.[0m
[32m[I 2022-01-20 16:27:13,188][0m Trial 56 finished with value: 102.06297302246094 and parameters: {'r_scaling': 131.72439485723856, 'unroll': 8, 'update_epoch': 10, 'discount': 0.9661213182618524, 'lr': 0.0010878479232236107, 'entropy': 0.0016319306965277443}. Best is trial 14 with value: 90.15319061279297.[0m
[32m[I 2022-01-20 16:30:48,593][0m Trial 57 finished with value: 98.95709228515625 and parameters: {'r_scaling': 63.95596906517556, 'unroll': 11, 'update_epoch': 9, 'discount': 0.9744159845468998, 'lr': 0.0016366879055809652, 'entropy': 0.00427740574833915}. Best is trial 14 with value: 90.15319061279297.[0m
[32m[I 2022-01-20 16:34:22,099][0m Trial 58 finished with value: 105.75186157226562 and parameters: {'r_scaling': 22.93509639045276, 'unroll': 7, 'update_epoch': 11, 'discount': 0.9219484076535039, 'lr': 0.0006580853655342234, 'entropy': 0.008656144436972114}. Best is trial 14 with value: 90.15319061279297.[0m
[32m[I 2022-01-20 16:38:00,286][0m Trial 59 finished with value: 98.87335968017578 and parameters: {'r_scaling': 7.508451750902627, 'unroll': 8, 'update_epoch': 1, 'discount': 0.9151163447162369, 'lr': 0.0008876664195498658, 'entropy': 0.0003042709546430674}. Best is trial 14 with value: 90.15319061279297.[0m
[32m[I 2022-01-20 16:41:33,842][0m Trial 60 finished with value: 107.23114013671875 and parameters: {'r_scaling': 12.14420221393853, 'unroll': 12, 'update_epoch': 7, 'discount': 0.9487893996417165, 'lr': 0.0007822918830914129, 'entropy': 0.002390913364170115}. Best is trial 14 with value: 90.15319061279297.[0m
[32m[I 2022-01-20 16:45:11,049][0m Trial 61 finished with value: 106.65050506591797 and parameters: {'r_scaling': 18.030242554583552, 'unroll': 11, 'update_epoch': 9, 'discount': 0.9736695743196486, 'lr': 0.0012579224739273584, 'entropy': 0.0005668733696704772}. Best is trial 14 with value: 90.15319061279297.[0m
[32m[I 2022-01-20 16:48:18,967][0m Trial 62 finished with value: 97.7381591796875 and parameters: {'r_scaling': 30.081397334824008, 'unroll': 10, 'update_epoch': 10, 'discount': 0.9787369143231699, 'lr': 0.0017852464928588704, 'entropy': 0.00047282768863364766}. Best is trial 14 with value: 90.15319061279297.[0m
[32m[I 2022-01-20 16:52:11,881][0m Trial 63 finished with value: -599.3427734375 and parameters: {'r_scaling': 36.313509532103375, 'unroll': 1, 'update_epoch': 9, 'discount': 0.9662847119111969, 'lr': 0.0015625714030172103, 'entropy': 0.0007711521897838759}. Best is trial 63 with value: -599.3427734375.[0m
[32m[I 2022-01-20 16:56:14,998][0m Trial 64 finished with value: -1231.5863037109375 and parameters: {'r_scaling': 41.42423492238448, 'unroll': 1, 'update_epoch': 12, 'discount': 0.9267971228475879, 'lr': 0.0014178033718621127, 'entropy': 0.0008550082394965263}. Best is trial 64 with value: -1231.5863037109375.[0m
[32m[I 2022-01-20 17:00:15,256][0m Trial 65 finished with value: -651.3792724609375 and parameters: {'r_scaling': 40.37556541034123, 'unroll': 1, 'update_epoch': 12, 'discount': 0.9262739067479752, 'lr': 0.001422811179472908, 'entropy': 0.0009230346871472047}. Best is trial 64 with value: -1231.5863037109375.[0m
[32m[I 2022-01-20 17:04:12,842][0m Trial 66 finished with value: -291.7850341796875 and parameters: {'r_scaling': 41.969554055376186, 'unroll': 1, 'update_epoch': 14, 'discount': 0.9271241556337898, 'lr': 0.0015714412806952906, 'entropy': 0.0007466295965131904}. Best is trial 64 with value: -1231.5863037109375.[0m
[32m[I 2022-01-20 17:08:11,598][0m Trial 67 finished with value: -11.023148536682129 and parameters: {'r_scaling': 42.90835873219041, 'unroll': 1, 'update_epoch': 14, 'discount': 0.9267563433915854, 'lr': 0.0015804570079356159, 'entropy': 0.0008004377284463591}. Best is trial 64 with value: -1231.5863037109375.[0m
[32m[I 2022-01-20 17:11:41,572][0m Trial 68 finished with value: 113.26029968261719 and parameters: {'r_scaling': 37.713302837491426, 'unroll': 1, 'update_epoch': 14, 'discount': 0.9338982275689427, 'lr': 0.0015786281900866696, 'entropy': 0.0007609400006631866}. Best is trial 64 with value: -1231.5863037109375.[0m
