[32m[I 2022-01-20 13:05:55,240][0m A new study created in memory with name: no-name-589e274f-44b1-4448-b04b-5d3252929cc8[0m
[32m[I 2022-01-20 13:09:12,192][0m Trial 0 finished with value: 108.5496826171875 and parameters: {'r_scaling': 0.4960022306740836, 'unroll': 12, 'update_epoch': 9, 'discount': 0.9498034275744184, 'lr': 0.0008955763805267104, 'entropy': 0.022383081146420902}. Best is trial 0 with value: 108.5496826171875.[0m
[32m[I 2022-01-20 13:12:22,368][0m Trial 1 finished with value: 118.65390014648438 and parameters: {'r_scaling': 91.84195702038717, 'unroll': 10, 'update_epoch': 1, 'discount': 0.9894670779632069, 'lr': 0.00010696842643302872, 'entropy': 0.0025533308040863113}. Best is trial 0 with value: 108.5496826171875.[0m
[32m[I 2022-01-20 13:15:45,790][0m Trial 2 finished with value: 115.60360717773438 and parameters: {'r_scaling': 70.31310987863017, 'unroll': 7, 'update_epoch': 8, 'discount': 0.9490182726396557, 'lr': 0.001375739307203688, 'entropy': 0.008027656909771221}. Best is trial 0 with value: 108.5496826171875.[0m
[32m[I 2022-01-20 13:18:31,378][0m Trial 3 finished with value: 110.4047622680664 and parameters: {'r_scaling': 60.90120603409712, 'unroll': 10, 'update_epoch': 7, 'discount': 0.985337240150712, 'lr': 0.0005662885456169853, 'entropy': 0.004329570888604306}. Best is trial 0 with value: 108.5496826171875.[0m
[32m[I 2022-01-20 13:21:40,941][0m Trial 4 finished with value: 112.02433776855469 and parameters: {'r_scaling': 65.93457073064633, 'unroll': 6, 'update_epoch': 7, 'discount': 0.964530976501123, 'lr': 0.00025481247892363847, 'entropy': 0.01612853256558754}. Best is trial 0 with value: 108.5496826171875.[0m
[32m[I 2022-01-20 13:24:53,971][0m Trial 5 finished with value: 116.7000961303711 and parameters: {'r_scaling': 0.1678842797980518, 'unroll': 8, 'update_epoch': 5, 'discount': 0.9918651467038817, 'lr': 0.000751441182862206, 'entropy': 0.00429607854907727}. Best is trial 0 with value: 108.5496826171875.[0m
[32m[I 2022-01-20 13:28:02,844][0m Trial 6 finished with value: 115.6397476196289 and parameters: {'r_scaling': 0.6014481421626129, 'unroll': 13, 'update_epoch': 9, 'discount': 0.9666560726625767, 'lr': 0.001857694013487006, 'entropy': 0.011913764907671156}. Best is trial 0 with value: 108.5496826171875.[0m
[32m[I 2022-01-20 13:31:18,598][0m Trial 7 finished with value: 108.00679779052734 and parameters: {'r_scaling': 0.09506068473437014, 'unroll': 13, 'update_epoch': 15, 'discount': 0.957978040914887, 'lr': 0.0003478419553372461, 'entropy': 0.02942676730588491}. Best is trial 7 with value: 108.00679779052734.[0m
[32m[I 2022-01-20 13:34:05,336][0m Trial 8 finished with value: 113.58242797851562 and parameters: {'r_scaling': 5.333414686599234, 'unroll': 7, 'update_epoch': 3, 'discount': 0.9183024856993959, 'lr': 0.00036733709473796603, 'entropy': 0.007242034443433424}. Best is trial 7 with value: 108.00679779052734.[0m
[32m[I 2022-01-20 13:37:10,983][0m Trial 9 finished with value: 141.94314575195312 and parameters: {'r_scaling': 40.693046549622885, 'unroll': 2, 'update_epoch': 13, 'discount': 0.9865651556453388, 'lr': 0.00147213032093912, 'entropy': 0.00026367076993524113}. Best is trial 7 with value: 108.00679779052734.[0m
[32m[I 2022-01-20 13:40:27,036][0m Trial 10 finished with value: 107.81903839111328 and parameters: {'r_scaling': 0.08869078082474458, 'unroll': 15, 'update_epoch': 15, 'discount': 0.9181206717308052, 'lr': 0.0002063436425007536, 'entropy': 0.08416750965345222}. Best is trial 10 with value: 107.81903839111328.[0m
[32m[I 2022-01-20 13:43:42,311][0m Trial 11 finished with value: 108.46649169921875 and parameters: {'r_scaling': 0.05354050725155685, 'unroll': 15, 'update_epoch': 15, 'discount': 0.9115850840953879, 'lr': 0.0001839315558593862, 'entropy': 0.07449746312811795}. Best is trial 10 with value: 107.81903839111328.[0m
[32m[I 2022-01-20 13:46:55,871][0m Trial 12 finished with value: 114.06411743164062 and parameters: {'r_scaling': 0.05298554712134637, 'unroll': 14, 'update_epoch': 12, 'discount': 0.927075060575669, 'lr': 0.0001880701887793144, 'entropy': 0.08615846786719648}. Best is trial 10 with value: 107.81903839111328.[0m
[32m[I 2022-01-20 13:50:11,053][0m Trial 13 finished with value: 115.8427734375 and parameters: {'r_scaling': 2.568220453342844, 'unroll': 11, 'update_epoch': 15, 'discount': 0.9019757050334583, 'lr': 0.00034735618233524423, 'entropy': 0.03328733872482669}. Best is trial 10 with value: 107.81903839111328.[0m
[32m[I 2022-01-20 13:53:21,525][0m Trial 14 finished with value: 105.45879364013672 and parameters: {'r_scaling': 0.24423818547184908, 'unroll': 15, 'update_epoch': 12, 'discount': 0.9328335342393543, 'lr': 0.00011492759567887353, 'entropy': 0.0011831623869118875}. Best is trial 14 with value: 105.45879364013672.[0m
[32m[I 2022-01-20 13:56:35,090][0m Trial 15 finished with value: 112.89268493652344 and parameters: {'r_scaling': 0.3305296731016158, 'unroll': 15, 'update_epoch': 12, 'discount': 0.9344944874345839, 'lr': 0.00010065966916024397, 'entropy': 0.0009354820554880022}. Best is trial 14 with value: 105.45879364013672.[0m
[32m[I 2022-01-20 13:59:45,886][0m Trial 16 finished with value: 114.45759582519531 and parameters: {'r_scaling': 1.1817710753231268, 'unroll': 4, 'update_epoch': 13, 'discount': 0.9344532465037724, 'lr': 0.0001667895386084319, 'entropy': 0.0010465339694303855}. Best is trial 14 with value: 105.45879364013672.[0m
[32m[I 2022-01-20 14:03:00,032][0m Trial 17 finished with value: 111.13775634765625 and parameters: {'r_scaling': 9.257755167140155, 'unroll': 15, 'update_epoch': 11, 'discount': 0.9199338625338004, 'lr': 0.00013548007177669003, 'entropy': 0.0001750254266318719}. Best is trial 14 with value: 105.45879364013672.[0m
[32m[I 2022-01-20 14:06:14,945][0m Trial 18 finished with value: 117.03225708007812 and parameters: {'r_scaling': 0.20505880168608867, 'unroll': 9, 'update_epoch': 11, 'discount': 0.9369890812144007, 'lr': 0.00024426211632621654, 'entropy': 0.000612785140616854}. Best is trial 14 with value: 105.45879364013672.[0m
[32m[I 2022-01-20 14:09:28,136][0m Trial 19 finished with value: 111.80538940429688 and parameters: {'r_scaling': 1.323378480739822, 'unroll': 12, 'update_epoch': 14, 'discount': 0.9136064656844586, 'lr': 0.00025043519496215186, 'entropy': 0.001929604617696325}. Best is trial 14 with value: 105.45879364013672.[0m
[32m[I 2022-01-20 14:12:15,059][0m Trial 20 finished with value: 116.39178466796875 and parameters: {'r_scaling': 18.88877678950416, 'unroll': 13, 'update_epoch': 10, 'discount': 0.9002713479867589, 'lr': 0.00013218866726311522, 'entropy': 0.0004228657571953663}. Best is trial 14 with value: 105.45879364013672.[0m
[32m[I 2022-01-20 14:15:27,220][0m Trial 21 finished with value: 111.51586151123047 and parameters: {'r_scaling': 0.0925101911118453, 'unroll': 13, 'update_epoch': 15, 'discount': 0.9598268731702914, 'lr': 0.00045226226523048676, 'entropy': 0.029976894799146184}. Best is trial 14 with value: 105.45879364013672.[0m
[32m[I 2022-01-20 14:18:38,178][0m Trial 22 finished with value: 109.16590881347656 and parameters: {'r_scaling': 0.1322118072613923, 'unroll': 14, 'update_epoch': 13, 'discount': 0.9433963294886385, 'lr': 0.00030954923847221165, 'entropy': 0.051669112877504926}. Best is trial 14 with value: 105.45879364013672.[0m
[32m[I 2022-01-20 14:21:50,281][0m Trial 23 finished with value: 113.23336791992188 and parameters: {'r_scaling': 0.0982608987311047, 'unroll': 15, 'update_epoch': 14, 'discount': 0.9742434965739933, 'lr': 0.00014336767026218306, 'entropy': 0.05449882805294029}. Best is trial 14 with value: 105.45879364013672.[0m
[32m[I 2022-01-20 14:25:04,115][0m Trial 24 finished with value: 114.46080017089844 and parameters: {'r_scaling': 0.23836020034320565, 'unroll': 12, 'update_epoch': 14, 'discount': 0.9268069387042225, 'lr': 0.0002045847319438635, 'entropy': 0.0015017199524548675}. Best is trial 14 with value: 105.45879364013672.[0m
[32m[I 2022-01-20 14:28:16,911][0m Trial 25 finished with value: 112.22276306152344 and parameters: {'r_scaling': 0.8164054927618373, 'unroll': 14, 'update_epoch': 12, 'discount': 0.9559800341206997, 'lr': 0.0004038540200676883, 'entropy': 0.04739575055182131}. Best is trial 14 with value: 105.45879364013672.[0m
[32m[I 2022-01-20 14:31:29,484][0m Trial 26 finished with value: 113.92228698730469 and parameters: {'r_scaling': 0.3445730988472379, 'unroll': 11, 'update_epoch': 15, 'discount': 0.9427584435754313, 'lr': 0.0005951694380504252, 'entropy': 0.017785421011784996}. Best is trial 14 with value: 105.45879364013672.[0m
[32m[I 2022-01-20 14:34:16,442][0m Trial 27 finished with value: 117.06257629394531 and parameters: {'r_scaling': 0.08976572870198418, 'unroll': 14, 'update_epoch': 11, 'discount': 0.9257350471664485, 'lr': 0.0002907057510407053, 'entropy': 0.09200168923012475}. Best is trial 14 with value: 105.45879364013672.[0m
[32m[I 2022-01-20 14:37:28,935][0m Trial 28 finished with value: 115.77032470703125 and parameters: {'r_scaling': 1.902243309929902, 'unroll': 13, 'update_epoch': 14, 'discount': 0.9748037954852353, 'lr': 0.00012250584397822893, 'entropy': 0.0001194216977021296}. Best is trial 14 with value: 105.45879364013672.[0m
[32m[I 2022-01-20 14:40:40,872][0m Trial 29 finished with value: 116.36526489257812 and parameters: {'r_scaling': 0.44758350140649356, 'unroll': 11, 'update_epoch': 10, 'discount': 0.9540556364837186, 'lr': 0.0004980001903662042, 'entropy': 0.025336648504011534}. Best is trial 14 with value: 105.45879364013672.[0m
[32m[I 2022-01-20 14:43:47,461][0m Trial 30 finished with value: -1626.842041015625 and parameters: {'r_scaling': 0.052168602325206356, 'unroll': 1, 'update_epoch': 13, 'discount': 0.9079037589050923, 'lr': 0.00022153935748633273, 'entropy': 0.007824406961690006}. Best is trial 30 with value: -1626.842041015625.[0m
[32m[I 2022-01-20 14:47:29,425][0m Trial 31 finished with value: 133.61285400390625 and parameters: {'r_scaling': 0.054076778934688, 'unroll': 1, 'update_epoch': 13, 'discount': 0.9067566380241054, 'lr': 0.0002234667115507476, 'entropy': 0.009047131766216908}. Best is trial 30 with value: -1626.842041015625.[0m
[32m[I 2022-01-20 14:51:09,654][0m Trial 32 finished with value: -1136.778564453125 and parameters: {'r_scaling': 0.12890492345483895, 'unroll': 3, 'update_epoch': 15, 'discount': 0.9196266597066562, 'lr': 0.00016285694929215927, 'entropy': 0.0031800406111462233}. Best is trial 30 with value: -1626.842041015625.[0m
[32m[I 2022-01-20 14:54:51,003][0m Trial 33 finished with value: -1450.175048828125 and parameters: {'r_scaling': 0.21284535374588479, 'unroll': 3, 'update_epoch': 14, 'discount': 0.9191759318426336, 'lr': 0.00016046279520000767, 'entropy': 0.002862368268937901}. Best is trial 30 with value: -1626.842041015625.[0m
[32m[I 2022-01-20 14:58:27,336][0m Trial 34 finished with value: -2182.529296875 and parameters: {'r_scaling': 0.24353622314487255, 'unroll': 3, 'update_epoch': 12, 'discount': 0.9079764691366419, 'lr': 0.00016945463520048244, 'entropy': 0.003051657151565085}. Best is trial 34 with value: -2182.529296875.[0m
[32m[I 2022-01-20 15:01:56,481][0m Trial 35 finished with value: -1318.787353515625 and parameters: {'r_scaling': 0.14306642671292438, 'unroll': 3, 'update_epoch': 1, 'discount': 0.9083356708108773, 'lr': 0.00016154324658460142, 'entropy': 0.0028878806842622595}. Best is trial 34 with value: -2182.529296875.[0m
[32m[I 2022-01-20 15:05:11,968][0m Trial 36 finished with value: 111.63581085205078 and parameters: {'r_scaling': 145.85821836645232, 'unroll': 5, 'update_epoch': 6, 'discount': 0.9076486910085373, 'lr': 0.0001557995839378375, 'entropy': 0.005842395181557622}. Best is trial 34 with value: -2182.529296875.[0m
[32m[I 2022-01-20 15:08:06,685][0m Trial 37 finished with value: -1244.3699951171875 and parameters: {'r_scaling': 0.7265880001799739, 'unroll': 1, 'update_epoch': 1, 'discount': 0.9055671946440346, 'lr': 0.0002884039757275763, 'entropy': 0.002733703264895351}. Best is trial 34 with value: -2182.529296875.[0m
[32m[I 2022-01-20 15:11:36,646][0m Trial 38 finished with value: -1381.9498291015625 and parameters: {'r_scaling': 0.34291367242160464, 'unroll': 3, 'update_epoch': 4, 'discount': 0.9147298845639877, 'lr': 0.00017608153121662619, 'entropy': 0.00435971296358613}. Best is trial 34 with value: -2182.529296875.[0m
[32m[I 2022-01-20 15:14:53,470][0m Trial 39 finished with value: 114.9411392211914 and parameters: {'r_scaling': 0.4138431035630342, 'unroll': 5, 'update_epoch': 4, 'discount': 0.9134401400508714, 'lr': 0.00011317842248710421, 'entropy': 0.004620865008855571}. Best is trial 34 with value: -2182.529296875.[0m
[32m[I 2022-01-20 15:17:48,989][0m Trial 40 finished with value: -378.47998046875 and parameters: {'r_scaling': 4.486314451573727, 'unroll': 2, 'update_epoch': 8, 'discount': 0.9142897998410922, 'lr': 0.00018255280847347794, 'entropy': 0.012045517128808726}. Best is trial 34 with value: -2182.529296875.[0m
[32m[I 2022-01-20 15:21:21,355][0m Trial 41 finished with value: -1058.8583984375 and parameters: {'r_scaling': 0.17097705658730733, 'unroll': 3, 'update_epoch': 2, 'discount': 0.9103838703562106, 'lr': 0.00015601705220505703, 'entropy': 0.0020672595373631484}. Best is trial 34 with value: -2182.529296875.[0m
[32m[I 2022-01-20 15:24:57,054][0m Trial 42 finished with value: -1481.491943359375 and parameters: {'r_scaling': 0.1688250198536661, 'unroll': 3, 'update_epoch': 4, 'discount': 0.9048207427810574, 'lr': 0.0002262154610357051, 'entropy': 0.004002329630029494}. Best is trial 34 with value: -2182.529296875.[0m
[32m[I 2022-01-20 15:28:29,247][0m Trial 43 finished with value: 142.33303833007812 and parameters: {'r_scaling': 0.29534713176716676, 'unroll': 2, 'update_epoch': 6, 'discount': 0.9042128183454214, 'lr': 0.00023462124248412695, 'entropy': 0.0053346280216969525}. Best is trial 34 with value: -2182.529296875.[0m
[32m[I 2022-01-20 15:31:47,690][0m Trial 44 finished with value: 113.74410247802734 and parameters: {'r_scaling': 0.067538873052833, 'unroll': 4, 'update_epoch': 4, 'discount': 0.9000303653482343, 'lr': 0.0001990218988716718, 'entropy': 0.009034760218571644}. Best is trial 34 with value: -2182.529296875.[0m
[32m[I 2022-01-20 15:35:01,291][0m Trial 45 finished with value: 115.01453399658203 and parameters: {'r_scaling': 0.506583602123058, 'unroll': 4, 'update_epoch': 3, 'discount': 0.9230021440456798, 'lr': 0.0002693446693326283, 'entropy': 0.004239073683657575}. Best is trial 34 with value: -2182.529296875.[0m
[32m[I 2022-01-20 15:38:14,516][0m Trial 46 finished with value: 116.6774673461914 and parameters: {'r_scaling': 1.020182835605647, 'unroll': 6, 'update_epoch': 5, 'discount': 0.917867742604401, 'lr': 0.0009246014040447964, 'entropy': 0.003480773152056093}. Best is trial 34 with value: -2182.529296875.[0m
[32m[I 2022-01-20 15:41:46,278][0m Trial 47 finished with value: 142.60552978515625 and parameters: {'r_scaling': 0.2215680636386185, 'unroll': 2, 'update_epoch': 7, 'discount': 0.9038374225818444, 'lr': 0.0003317741595186692, 'entropy': 0.006516137011300653}. Best is trial 34 with value: -2182.529296875.[0m
[32m[I 2022-01-20 15:45:16,265][0m Trial 48 finished with value: -142.59414672851562 and parameters: {'r_scaling': 0.07120977037330235, 'unroll': 1, 'update_epoch': 3, 'discount': 0.916623612587599, 'lr': 0.00021907157626165167, 'entropy': 0.012670436774948458}. Best is trial 34 with value: -2182.529296875.[0m
[32m[I 2022-01-20 15:48:39,387][0m Trial 49 finished with value: 112.33160400390625 and parameters: {'r_scaling': 0.12404125561870977, 'unroll': 5, 'update_epoch': 9, 'discount': 0.9226355309321692, 'lr': 0.00018400929859353, 'entropy': 0.0019080771716989738}. Best is trial 34 with value: -2182.529296875.[0m
[32m[I 2022-01-20 15:52:04,809][0m Trial 50 finished with value: -1689.3243408203125 and parameters: {'r_scaling': 0.6454848523708139, 'unroll': 3, 'update_epoch': 5, 'discount': 0.9102423037436688, 'lr': 0.00012605590267883546, 'entropy': 0.0007578153447400085}. Best is trial 34 with value: -2182.529296875.[0m
[32m[I 2022-01-20 15:55:01,313][0m Trial 51 finished with value: -1451.131103515625 and parameters: {'r_scaling': 0.6093925070883396, 'unroll': 3, 'update_epoch': 5, 'discount': 0.9097597928087259, 'lr': 0.00012735843421401774, 'entropy': 0.000559643900194306}. Best is trial 34 with value: -2182.529296875.[0m
[32m[I 2022-01-20 15:58:39,212][0m Trial 52 finished with value: -797.0899047851562 and parameters: {'r_scaling': 0.561823856470396, 'unroll': 2, 'update_epoch': 5, 'discount': 0.9102717790803467, 'lr': 0.00013491352192883765, 'entropy': 0.0006495495058904258}. Best is trial 34 with value: -2182.529296875.[0m
[32m[I 2022-01-20 16:01:55,840][0m Trial 53 finished with value: 116.8934326171875 and parameters: {'r_scaling': 1.561859792214564, 'unroll': 4, 'update_epoch': 6, 'discount': 0.9111878739431132, 'lr': 0.0001081620909688329, 'entropy': 0.00030015165546797777}. Best is trial 34 with value: -2182.529296875.[0m
[32m[I 2022-01-20 16:05:04,861][0m Trial 54 finished with value: 114.4881820678711 and parameters: {'r_scaling': 0.6774143326252471, 'unroll': 7, 'update_epoch': 5, 'discount': 0.9038410793244481, 'lr': 0.00010064874028851048, 'entropy': 0.0007117446635473443}. Best is trial 34 with value: -2182.529296875.[0m
[32m[I 2022-01-20 16:08:14,180][0m Trial 55 finished with value: 113.92292022705078 and parameters: {'r_scaling': 0.8904113951238154, 'unroll': 6, 'update_epoch': 2, 'discount': 0.9080079182235719, 'lr': 0.00012477382524803666, 'entropy': 0.0004410939029401958}. Best is trial 34 with value: -2182.529296875.[0m
[32m[I 2022-01-20 16:11:42,506][0m Trial 56 finished with value: -2159.33056640625 and parameters: {'r_scaling': 2.2694979626527374, 'unroll': 3, 'update_epoch': 7, 'discount': 0.9316746730507037, 'lr': 0.00014415162247226313, 'entropy': 0.0022083709813146605}. Best is trial 34 with value: -2182.529296875.[0m
[32m[I 2022-01-20 16:15:22,310][0m Trial 57 finished with value: -732.42529296875 and parameters: {'r_scaling': 2.589379338849038, 'unroll': 1, 'update_epoch': 7, 'discount': 0.9316482882896173, 'lr': 0.0001470171252615937, 'entropy': 0.0013309007490167606}. Best is trial 34 with value: -2182.529296875.[0m
[32m[I 2022-01-20 16:18:37,911][0m Trial 58 finished with value: 108.86900329589844 and parameters: {'r_scaling': 8.741385332425692, 'unroll': 4, 'update_epoch': 7, 'discount': 0.928781042969245, 'lr': 0.00012707111498707718, 'entropy': 0.0008879873328285623}. Best is trial 34 with value: -2182.529296875.[0m
[32m[I 2022-01-20 16:22:08,275][0m Trial 59 finished with value: -344.27972412109375 and parameters: {'r_scaling': 4.471540829079771, 'unroll': 2, 'update_epoch': 8, 'discount': 0.9231173651684151, 'lr': 0.00011748480532101281, 'entropy': 0.0016242289549469324}. Best is trial 34 with value: -2182.529296875.[0m
[32m[I 2022-01-20 16:25:19,223][0m Trial 60 finished with value: 111.6385269165039 and parameters: {'r_scaling': 1.8679615530157772, 'unroll': 5, 'update_epoch': 6, 'discount': 0.9024280989580794, 'lr': 0.00014393241020810982, 'entropy': 0.0004482241907336079}. Best is trial 34 with value: -2182.529296875.[0m
[32m[I 2022-01-20 16:28:53,729][0m Trial 61 finished with value: -1597.9864501953125 and parameters: {'r_scaling': 0.3771924592651166, 'unroll': 3, 'update_epoch': 5, 'discount': 0.9115818129287073, 'lr': 0.00020825154716172853, 'entropy': 0.002282968206374737}. Best is trial 34 with value: -2182.529296875.[0m
[32m[I 2022-01-20 16:32:26,502][0m Trial 62 finished with value: -1022.17431640625 and parameters: {'r_scaling': 0.2710963215103341, 'unroll': 3, 'update_epoch': 5, 'discount': 0.9119921516694531, 'lr': 0.00026460149138182824, 'entropy': 0.0021733812860844754}. Best is trial 34 with value: -2182.529296875.[0m
[32m[I 2022-01-20 16:35:57,265][0m Trial 63 finished with value: -24.069494247436523 and parameters: {'r_scaling': 0.1731903523765598, 'unroll': 2, 'update_epoch': 3, 'discount': 0.9150790967897818, 'lr': 0.00020615493790757705, 'entropy': 0.00028157524967686973}. Best is trial 34 with value: -2182.529296875.[0m
[32m[I 2022-01-20 16:39:13,719][0m Trial 64 finished with value: 111.04093933105469 and parameters: {'r_scaling': 0.41530569184250754, 'unroll': 4, 'update_epoch': 4, 'discount': 0.90903121063874, 'lr': 0.0001756341191873276, 'entropy': 0.007873458490018621}. Best is trial 34 with value: -2182.529296875.[0m
[32m[I 2022-01-20 16:42:17,289][0m Trial 65 finished with value: -983.1600341796875 and parameters: {'r_scaling': 0.5849719944160684, 'unroll': 1, 'update_epoch': 5, 'discount': 0.9403349139231283, 'lr': 0.00014056902951536853, 'entropy': 0.0036035742332526394}. Best is trial 34 with value: -2182.529296875.[0m
[32m[I 2022-01-20 16:45:49,313][0m Trial 66 finished with value: -1357.975830078125 and parameters: {'r_scaling': 1.2731486199044801, 'unroll': 3, 'update_epoch': 9, 'discount': 0.9004976104018989, 'lr': 0.00022172509073392112, 'entropy': 0.0011736739539310195}. Best is trial 34 with value: -2182.529296875.[0m
[32m[I 2022-01-20 16:49:02,595][0m Trial 67 finished with value: 115.73536682128906 and parameters: {'r_scaling': 0.909249419825993, 'unroll': 9, 'update_epoch': 4, 'discount': 0.9055712313697472, 'lr': 0.0001986414770015679, 'entropy': 0.001592759665642131}. Best is trial 34 with value: -2182.529296875.[0m
[32m[I 2022-01-20 16:52:34,176][0m Trial 68 finished with value: 135.46890258789062 and parameters: {'r_scaling': 17.674222814165894, 'unroll': 2, 'update_epoch': 6, 'discount': 0.9509730662040706, 'lr': 0.0009259788919361262, 'entropy': 0.0022813438906223297}. Best is trial 34 with value: -2182.529296875.[0m
