[32m[I 2022-01-11 01:17:06,183][0m Trial 139 finished with value: -6769.9267578125 and parameters: {'r_scaling': 0.18773677782240572, 'unroll': 1, 'update_epoch': 11, 'discount': 0.9878576508243607, 'lr': 0.0001422405579850063, 'entropy': 0.03719988945365343}. Best is trial 111 with value: -7673.74658203125.[0m
[32m[I 2022-01-11 01:21:26,494][0m Trial 140 finished with value: -7235.173828125 and parameters: {'r_scaling': 0.2390938457216025, 'unroll': 1, 'update_epoch': 15, 'discount': 0.9813108668061097, 'lr': 0.00020260614207088314, 'entropy': 0.02939155564121625}. Best is trial 111 with value: -7673.74658203125.[0m
[32m[I 2022-01-11 01:25:38,666][0m Trial 141 finished with value: -7435.25 and parameters: {'r_scaling': 0.23617662306809703, 'unroll': 1, 'update_epoch': 15, 'discount': 0.9816082952738596, 'lr': 0.00020736958181241544, 'entropy': 0.028597415650518616}. Best is trial 111 with value: -7673.74658203125.[0m
[32m[I 2022-01-11 01:30:12,651][0m Trial 142 finished with value: -6009.51953125 and parameters: {'r_scaling': 0.19946477299607618, 'unroll': 1, 'update_epoch': 15, 'discount': 0.9781223158468794, 'lr': 0.00023428983690081858, 'entropy': 0.031052814233793323}. Best is trial 111 with value: -7673.74658203125.[0m
[32m[I 2022-01-11 01:34:36,052][0m Trial 143 finished with value: -6770.8291015625 and parameters: {'r_scaling': 0.2296585493013627, 'unroll': 1, 'update_epoch': 15, 'discount': 0.9810178343651952, 'lr': 0.00020010652870846302, 'entropy': 0.024537206962561755}. Best is trial 111 with value: -7673.74658203125.[0m
[32m[I 2022-01-11 01:39:21,616][0m Trial 144 finished with value: -4059.03564453125 and parameters: {'r_scaling': 0.2671526600515479, 'unroll': 1, 'update_epoch': 14, 'discount': 0.9866833107537796, 'lr': 0.00021094685792666948, 'entropy': 0.00035011219221469357}. Best is trial 111 with value: -7673.74658203125.[0m
[32m[I 2022-01-11 01:43:24,401][0m Trial 145 finished with value: -6539.9892578125 and parameters: {'r_scaling': 0.13510996965766572, 'unroll': 2, 'update_epoch': 13, 'discount': 0.9829933096507468, 'lr': 0.00012146012246837928, 'entropy': 0.027824903039686856}. Best is trial 111 with value: -7673.74658203125.[0m
[32m[I 2022-01-11 01:47:52,314][0m Trial 146 finished with value: -7444.12158203125 and parameters: {'r_scaling': 0.35443615412137774, 'unroll': 1, 'update_epoch': 12, 'discount': 0.988788502803123, 'lr': 0.00015141653115445506, 'entropy': 0.05219318409309543}. Best is trial 111 with value: -7673.74658203125.[0m
[32m[I 2022-01-11 01:52:28,175][0m Trial 147 finished with value: -6717.8486328125 and parameters: {'r_scaling': 0.3558870443743759, 'unroll': 2, 'update_epoch': 12, 'discount': 0.9800785694696654, 'lr': 0.00014665073824315531, 'entropy': 0.08080572838418863}. Best is trial 111 with value: -7673.74658203125.[0m
[32m[I 2022-01-11 01:57:20,446][0m Trial 148 finished with value: -1012.328857421875 and parameters: {'r_scaling': 0.3120358982611652, 'unroll': 1, 'update_epoch': 11, 'discount': 0.9928684770387554, 'lr': 0.0002078056157299934, 'entropy': 0.06327501204581663}. Best is trial 111 with value: -7673.74658203125.[0m
[32m[I 2022-01-11 02:00:32,426][0m Trial 149 finished with value: 108.27471923828125 and parameters: {'r_scaling': 7.323280836450839, 'unroll': 9, 'update_epoch': 12, 'discount': 0.9754259710465505, 'lr': 0.0002905082660039465, 'entropy': 0.05352311166447723}. Best is trial 111 with value: -7673.74658203125.[0m
[32m[I 2022-01-11 02:04:37,673][0m Trial 150 finished with value: -6694.24169921875 and parameters: {'r_scaling': 0.5398595922623598, 'unroll': 1, 'update_epoch': 12, 'discount': 0.9846950577345702, 'lr': 0.00013103177601063725, 'entropy': 0.09820802710801271}. Best is trial 111 with value: -7673.74658203125.[0m
[32m[I 2022-01-11 02:09:50,620][0m Trial 151 finished with value: -6396.689453125 and parameters: {'r_scaling': 0.23193523280309225, 'unroll': 1, 'update_epoch': 15, 'discount': 0.989639683804019, 'lr': 0.0001593055986521944, 'entropy': 0.0457390444058652}. Best is trial 111 with value: -7673.74658203125.[0m
[32m[I 2022-01-11 02:14:13,164][0m Trial 152 finished with value: -6058.05908203125 and parameters: {'r_scaling': 0.1923843780815253, 'unroll': 1, 'update_epoch': 13, 'discount': 0.9868792567297081, 'lr': 0.00015399994233830167, 'entropy': 0.06987073811196245}. Best is trial 111 with value: -7673.74658203125.[0m
[32m[I 2022-01-11 02:19:26,965][0m Trial 153 finished with value: -6739.208984375 and parameters: {'r_scaling': 0.2776259360567935, 'unroll': 1, 'update_epoch': 14, 'discount': 0.988322432658666, 'lr': 0.00013910583580988616, 'entropy': 0.035574756793114386}. Best is trial 111 with value: -7673.74658203125.[0m
[32m[I 2022-01-11 02:24:19,472][0m Trial 154 finished with value: -6230.0400390625 and parameters: {'r_scaling': 0.37169619636749424, 'unroll': 2, 'update_epoch': 12, 'discount': 0.9907414027261122, 'lr': 0.00016219779747108018, 'entropy': 0.052101571488500024}. Best is trial 111 with value: -7673.74658203125.[0m
[32m[I 2022-01-11 02:29:20,992][0m Trial 155 finished with value: -5277.75634765625 and parameters: {'r_scaling': 147.23371231353443, 'unroll': 1, 'update_epoch': 13, 'discount': 0.9821025192479638, 'lr': 0.00016866923388459846, 'entropy': 0.042616929372850804}. Best is trial 111 with value: -7673.74658203125.[0m
[32m[I 2022-01-11 02:34:08,919][0m Trial 156 finished with value: -5551.44677734375 and parameters: {'r_scaling': 0.17395038472544097, 'unroll': 2, 'update_epoch': 15, 'discount': 0.9850619691022745, 'lr': 0.0001837494052214016, 'entropy': 0.062123405829170364}. Best is trial 111 with value: -7673.74658203125.[0m
[32m[I 2022-01-11 02:39:12,867][0m Trial 157 finished with value: -6248.01611328125 and parameters: {'r_scaling': 0.5475579019508277, 'unroll': 1, 'update_epoch': 12, 'discount': 0.9862140333443992, 'lr': 0.0003218579029721389, 'entropy': 0.03299887662123482}. Best is trial 111 with value: -7673.74658203125.[0m
[32m[I 2022-01-11 02:44:25,755][0m Trial 158 finished with value: -5983.029296875 and parameters: {'r_scaling': 0.42405103041196424, 'unroll': 1, 'update_epoch': 14, 'discount': 0.9773306562088478, 'lr': 0.0003727916963031719, 'entropy': 0.04756639560972716}. Best is trial 111 with value: -7673.74658203125.[0m
[32m[I 2022-01-11 02:49:11,286][0m Trial 159 finished with value: -1250.70458984375 and parameters: {'r_scaling': 0.09773332295559942, 'unroll': 2, 'update_epoch': 5, 'discount': 0.9892097390716369, 'lr': 0.0001252859204559922, 'entropy': 0.08275299735222368}. Best is trial 111 with value: -7673.74658203125.[0m
[32m[I 2022-01-11 02:53:18,194][0m Trial 160 finished with value: -6956.09619140625 and parameters: {'r_scaling': 0.9427451115777562, 'unroll': 1, 'update_epoch': 13, 'discount': 0.9834560296583439, 'lr': 0.00019066719153109504, 'entropy': 0.0575023267956846}. Best is trial 111 with value: -7673.74658203125.[0m
[32m[I 2022-01-11 02:58:47,075][0m Trial 161 finished with value: -7449.3837890625 and parameters: {'r_scaling': 0.4457942639002412, 'unroll': 1, 'update_epoch': 15, 'discount': 0.9831103324398327, 'lr': 0.00014948960615951138, 'entropy': 0.03953783467351424}. Best is trial 111 with value: -7673.74658203125.[0m
[32m[I 2022-01-11 03:04:36,032][0m Trial 162 finished with value: -6680.732421875 and parameters: {'r_scaling': 0.3115526980467878, 'unroll': 1, 'update_epoch': 15, 'discount': 0.9807805772652707, 'lr': 0.00014891880146399624, 'entropy': 0.040184187099504116}. Best is trial 111 with value: -7673.74658203125.[0m
[32m[I 2022-01-11 03:08:57,438][0m Trial 163 finished with value: -7171.82568359375 and parameters: {'r_scaling': 0.6460591401812603, 'unroll': 1, 'update_epoch': 15, 'discount': 0.9838161866584842, 'lr': 0.00013251291760630905, 'entropy': 0.052618365572120324}. Best is trial 111 with value: -7673.74658203125.[0m
[32m[I 2022-01-11 03:14:32,196][0m Trial 164 finished with value: -7204.4755859375 and parameters: {'r_scaling': 0.6647177067335406, 'unroll': 1, 'update_epoch': 14, 'discount': 0.9795936457588759, 'lr': 0.00013266529987729036, 'entropy': 0.06966139508072888}. Best is trial 111 with value: -7673.74658203125.[0m
[32m[I 2022-01-11 03:20:10,904][0m Trial 165 finished with value: -7315.5546875 and parameters: {'r_scaling': 0.6810249458188621, 'unroll': 1, 'update_epoch': 14, 'discount': 0.9785139837648501, 'lr': 0.0001160066886900908, 'entropy': 0.053388876118916684}. Best is trial 111 with value: -7673.74658203125.[0m
[32m[I 2022-01-11 03:25:24,797][0m Trial 166 finished with value: -5041.9404296875 and parameters: {'r_scaling': 0.6801689748526341, 'unroll': 2, 'update_epoch': 14, 'discount': 0.9790696819963957, 'lr': 0.00012123070437424665, 'entropy': 0.0525557318135215}. Best is trial 111 with value: -7673.74658203125.[0m
[32m[I 2022-01-11 03:29:48,136][0m Trial 167 finished with value: 98.28204345703125 and parameters: {'r_scaling': 0.8554108478330742, 'unroll': 15, 'update_epoch': 15, 'discount': 0.9817944801414585, 'lr': 0.00011496707118745362, 'entropy': 0.07310644960303785}. Best is trial 111 with value: -7673.74658203125.[0m
[32m[I 2022-01-11 03:35:14,536][0m Trial 168 finished with value: -7402.267578125 and parameters: {'r_scaling': 0.6171079225381049, 'unroll': 1, 'update_epoch': 14, 'discount': 0.9786845856916753, 'lr': 0.0001046511952673129, 'entropy': 0.0646058948374442}. Best is trial 111 with value: -7673.74658203125.[0m
[32m[I 2022-01-11 03:39:27,311][0m Trial 169 finished with value: -7112.060546875 and parameters: {'r_scaling': 1.2185242234766944, 'unroll': 1, 'update_epoch': 14, 'discount': 0.9801565537624882, 'lr': 0.00010866011492898332, 'entropy': 0.058343129387222796}. Best is trial 111 with value: -7673.74658203125.[0m
[32m[I 2022-01-11 03:44:44,556][0m Trial 170 finished with value: -5387.3642578125 and parameters: {'r_scaling': 1.4263324157457233, 'unroll': 2, 'update_epoch': 15, 'discount': 0.9837047456286394, 'lr': 0.00010732971278804129, 'entropy': 0.04644527680864061}. Best is trial 111 with value: -7673.74658203125.[0m
[32m[I 2022-01-11 03:50:12,692][0m Trial 171 finished with value: -6964.642578125 and parameters: {'r_scaling': 0.5977972660068512, 'unroll': 1, 'update_epoch': 14, 'discount': 0.9776694838766447, 'lr': 0.00013101418279221782, 'entropy': 0.06397036327267516}. Best is trial 111 with value: -7673.74658203125.[0m
[32m[I 2022-01-11 03:55:45,759][0m Trial 172 finished with value: -7458.4228515625 and parameters: {'r_scaling': 0.7369135049755147, 'unroll': 1, 'update_epoch': 15, 'discount': 0.974143163266238, 'lr': 0.00011433205077420904, 'entropy': 0.0881259533220143}. Best is trial 111 with value: -7673.74658203125.[0m
[32m[I 2022-01-11 04:01:00,708][0m Trial 173 finished with value: -7680.044921875 and parameters: {'r_scaling': 0.7857187582207437, 'unroll': 1, 'update_epoch': 15, 'discount': 0.9819781254489418, 'lr': 0.00011677741265756606, 'entropy': 0.0822181331358264}. Best is trial 173 with value: -7680.044921875.[0m
[32m[I 2022-01-11 04:06:06,886][0m Trial 174 finished with value: -4786.92626953125 and parameters: {'r_scaling': 0.7576543351325469, 'unroll': 1, 'update_epoch': 15, 'discount': 0.9730388281917451, 'lr': 0.00010418031700615678, 'entropy': 0.088947883812485}. Best is trial 173 with value: -7680.044921875.[0m
[32m[I 2022-01-11 04:11:05,405][0m Trial 175 finished with value: -7432.0966796875 and parameters: {'r_scaling': 1.0337738824089804, 'unroll': 1, 'update_epoch': 15, 'discount': 0.9787777566761362, 'lr': 0.00011336536507716867, 'entropy': 0.0779371890549975}. Best is trial 173 with value: -7680.044921875.[0m
[32m[I 2022-01-11 04:16:03,962][0m Trial 176 finished with value: -7336.0390625 and parameters: {'r_scaling': 1.0129542982580955, 'unroll': 1, 'update_epoch': 15, 'discount': 0.9817813865342623, 'lr': 0.00011540451105038167, 'entropy': 0.08692251102512003}. Best is trial 173 with value: -7680.044921875.[0m
[32m[I 2022-01-11 04:21:02,352][0m Trial 177 finished with value: -7741.00048828125 and parameters: {'r_scaling': 0.9857632455967631, 'unroll': 1, 'update_epoch': 15, 'discount': 0.9866848381389633, 'lr': 0.00011262176607248913, 'entropy': 0.0885945303098563}. Best is trial 177 with value: -7741.00048828125.[0m
[32m[I 2022-01-11 04:25:43,883][0m Trial 178 finished with value: -5345.33837890625 and parameters: {'r_scaling': 1.783037222823151, 'unroll': 2, 'update_epoch': 15, 'discount': 0.9859837736803101, 'lr': 0.0001136516894923583, 'entropy': 0.09891136789726719}. Best is trial 177 with value: -7741.00048828125.[0m
[32m[I 2022-01-11 04:30:47,588][0m Trial 179 finished with value: -7421.171875 and parameters: {'r_scaling': 1.0051423904639818, 'unroll': 1, 'update_epoch': 15, 'discount': 0.9876021289022283, 'lr': 0.00011478703771064347, 'entropy': 0.08553715520664992}. Best is trial 177 with value: -7741.00048828125.[0m
[32m[I 2022-01-11 04:35:52,033][0m Trial 180 finished with value: -7850.72265625 and parameters: {'r_scaling': 1.0238307497910428, 'unroll': 1, 'update_epoch': 15, 'discount': 0.9782055526630292, 'lr': 0.0001029633837366778, 'entropy': 0.08592306727644551}. Best is trial 180 with value: -7850.72265625.[0m
[32m[I 2022-01-11 04:40:24,639][0m Trial 181 finished with value: -4016.05517578125 and parameters: {'r_scaling': 1.0040003241138935, 'unroll': 5, 'update_epoch': 15, 'discount': 0.9778348611891619, 'lr': 0.0001011695490951453, 'entropy': 0.0846251368895343}. Best is trial 180 with value: -7850.72265625.[0m
[32m[I 2022-01-11 04:45:38,180][0m Trial 182 finished with value: -7504.875 and parameters: {'r_scaling': 1.215933407177672, 'unroll': 1, 'update_epoch': 15, 'discount': 0.9820836443672878, 'lr': 0.0001141842697543009, 'entropy': 0.08693377829256187}. Best is trial 180 with value: -7850.72265625.[0m
[32m[I 2022-01-11 04:50:42,735][0m Trial 183 finished with value: -7795.6962890625 and parameters: {'r_scaling': 1.3078257950105339, 'unroll': 1, 'update_epoch': 15, 'discount': 0.9822349570472114, 'lr': 0.00010917916367864802, 'entropy': 0.0848967756122401}. Best is trial 180 with value: -7850.72265625.[0m
[32m[I 2022-01-11 04:55:49,627][0m Trial 184 finished with value: -7236.5302734375 and parameters: {'r_scaling': 1.414560767135582, 'unroll': 1, 'update_epoch': 15, 'discount': 0.9816914686483447, 'lr': 0.00010843211032531848, 'entropy': 0.08638487616368445}. Best is trial 180 with value: -7850.72265625.[0m
[32m[I 2022-01-11 05:00:05,652][0m Trial 185 finished with value: -5028.77734375 and parameters: {'r_scaling': 1.1253840790534329, 'unroll': 1, 'update_epoch': 15, 'discount': 0.9751635149671696, 'lr': 0.00010477811964965, 'entropy': 0.0949067498556314}. Best is trial 180 with value: -7850.72265625.[0m
[32m[I 2022-01-11 05:05:04,023][0m Trial 186 finished with value: -7646.103515625 and parameters: {'r_scaling': 1.6258341038164177, 'unroll': 1, 'update_epoch': 15, 'discount': 0.9819900067686588, 'lr': 0.0001185065486814649, 'entropy': 0.07826246269845714}. Best is trial 180 with value: -7850.72265625.[0m
[32m[I 2022-01-11 05:09:22,260][0m Trial 187 finished with value: -6658.8837890625 and parameters: {'r_scaling': 2.0995576391761674, 'unroll': 1, 'update_epoch': 15, 'discount': 0.9822511298425248, 'lr': 0.00011849468278978423, 'entropy': 0.07852637232326143}. Best is trial 180 with value: -7850.72265625.[0m
[32m[I 2022-01-11 05:14:27,600][0m Trial 188 finished with value: -7525.01123046875 and parameters: {'r_scaling': 1.584501660131306, 'unroll': 1, 'update_epoch': 15, 'discount': 0.9796937601445564, 'lr': 0.00011160351298300362, 'entropy': 0.08649147687423044}. Best is trial 180 with value: -7850.72265625.[0m
[32m[I 2022-01-11 05:19:33,879][0m Trial 189 finished with value: -5015.634765625 and parameters: {'r_scaling': 1.282596476973647, 'unroll': 1, 'update_epoch': 15, 'discount': 0.9373228721650798, 'lr': 0.00010909620298408055, 'entropy': 0.0982016531743654}. Best is trial 180 with value: -7850.72265625.[0m
[32m[I 2022-01-11 05:24:31,364][0m Trial 190 finished with value: -5497.60400390625 and parameters: {'r_scaling': 2.6785138305240612, 'unroll': 1, 'update_epoch': 15, 'discount': 0.9794427895962129, 'lr': 0.00012257524970437692, 'entropy': 0.07418306902343502}. Best is trial 180 with value: -7850.72265625.[0m
[32m[I 2022-01-11 05:29:35,156][0m Trial 191 finished with value: -7172.6650390625 and parameters: {'r_scaling': 1.5204668282722873, 'unroll': 1, 'update_epoch': 15, 'discount': 0.9760312624006293, 'lr': 0.00012324902635153307, 'entropy': 0.08020985116815527}. Best is trial 180 with value: -7850.72265625.[0m
[32m[I 2022-01-11 05:34:53,237][0m Trial 192 finished with value: -7693.724609375 and parameters: {'r_scaling': 1.724219180666002, 'unroll': 1, 'update_epoch': 15, 'discount': 0.9807814364288863, 'lr': 0.00011424407496730453, 'entropy': 0.08611681481958809}. Best is trial 180 with value: -7850.72265625.[0m
[32m[I 2022-01-11 05:39:58,532][0m Trial 193 finished with value: -6343.779296875 and parameters: {'r_scaling': 1.7950151492030406, 'unroll': 1, 'update_epoch': 15, 'discount': 0.9800681490746164, 'lr': 0.00010009185019926513, 'entropy': 0.09924391154386344}. Best is trial 180 with value: -7850.72265625.[0m
[32m[I 2022-01-11 05:45:13,601][0m Trial 194 finished with value: -7681.4697265625 and parameters: {'r_scaling': 1.685531103610935, 'unroll': 1, 'update_epoch': 15, 'discount': 0.9840847038955528, 'lr': 0.00011034072578313765, 'entropy': 0.07839561242356946}. Best is trial 180 with value: -7850.72265625.[0m
[32m[I 2022-01-11 05:50:05,272][0m Trial 195 finished with value: -5153.798828125 and parameters: {'r_scaling': 1.6217867777257668, 'unroll': 2, 'update_epoch': 15, 'discount': 0.9851283628329277, 'lr': 0.00010737310054716318, 'entropy': 0.07851732738545578}. Best is trial 180 with value: -7850.72265625.[0m
[32m[I 2022-01-11 05:55:18,482][0m Trial 196 finished with value: -6357.6201171875 and parameters: {'r_scaling': 2.2004921018501316, 'unroll': 1, 'update_epoch': 15, 'discount': 0.9770988984592254, 'lr': 0.00011222344785587099, 'entropy': 0.0730723106861992}. Best is trial 180 with value: -7850.72265625.[0m
[32m[I 2022-01-11 06:00:31,143][0m Trial 197 finished with value: -7437.884765625 and parameters: {'r_scaling': 1.4365728347343751, 'unroll': 1, 'update_epoch': 15, 'discount': 0.9804898649108584, 'lr': 0.00010412265589043893, 'entropy': 0.0900448288040133}. Best is trial 180 with value: -7850.72265625.[0m
[32m[I 2022-01-11 06:05:16,379][0m Trial 198 finished with value: -3871.6201171875 and parameters: {'r_scaling': 1.2277939374421045, 'unroll': 6, 'update_epoch': 15, 'discount': 0.9796539104318864, 'lr': 0.00010032555352057684, 'entropy': 0.08611263085120116}. Best is trial 180 with value: -7850.72265625.[0m
[32m[I 2022-01-11 06:10:11,720][0m Trial 199 finished with value: -7698.0595703125 and parameters: {'r_scaling': 1.362360424079416, 'unroll': 1, 'update_epoch': 15, 'discount': 0.9740689188467091, 'lr': 0.00011470509787087188, 'entropy': 0.08706978336915756}. Best is trial 180 with value: -7850.72265625.[0m
