[32m[I 2022-01-22 20:30:13,176][0m A new study created in memory with name: no-name-825e49d0-95e9-4327-ba43-857368d01008[0m
[32m[I 2022-01-22 20:33:30,902][0m Trial 0 finished with value: 106.58840942382812 and parameters: {'r_scaling': 6.2135740099051615, 'unroll': 7, 'update_epoch': 6, 'discount': 0.9869641577416857, 'lr': 0.00024385300173072433, 'entropy': 0.0027189373817437675}. Best is trial 0 with value: 106.58840942382812.[0m
[32m[I 2022-01-22 20:36:51,039][0m Trial 1 finished with value: 100.7916488647461 and parameters: {'r_scaling': 0.14965446102534527, 'unroll': 5, 'update_epoch': 8, 'discount': 0.9572987460169092, 'lr': 0.0004110091462766737, 'entropy': 0.0020321130725876393}. Best is trial 1 with value: 100.7916488647461.[0m
[32m[I 2022-01-22 20:40:23,025][0m Trial 2 finished with value: 99.72955322265625 and parameters: {'r_scaling': 27.146569747154505, 'unroll': 12, 'update_epoch': 7, 'discount': 0.9124093783321618, 'lr': 0.0004928145920776068, 'entropy': 0.0005461063256448095}. Best is trial 2 with value: 99.72955322265625.[0m
[32m[I 2022-01-22 20:43:41,173][0m Trial 3 finished with value: 102.65371704101562 and parameters: {'r_scaling': 0.41628175574494153, 'unroll': 10, 'update_epoch': 3, 'discount': 0.9574742021432465, 'lr': 0.0015933086284748309, 'entropy': 0.036919718483090586}. Best is trial 2 with value: 99.72955322265625.[0m
[32m[I 2022-01-22 20:46:36,830][0m Trial 4 finished with value: 98.40385437011719 and parameters: {'r_scaling': 1.7670681616181445, 'unroll': 13, 'update_epoch': 11, 'discount': 0.9687783108802662, 'lr': 0.0006681685139923385, 'entropy': 0.06185647831067825}. Best is trial 4 with value: 98.40385437011719.[0m
[32m[I 2022-01-22 20:49:57,815][0m Trial 5 finished with value: 105.56484985351562 and parameters: {'r_scaling': 0.1515707017962891, 'unroll': 4, 'update_epoch': 7, 'discount': 0.9901936990404178, 'lr': 0.0003294489346322581, 'entropy': 0.0002443446636620527}. Best is trial 4 with value: 98.40385437011719.[0m
[32m[I 2022-01-22 20:53:16,430][0m Trial 6 finished with value: 111.69671630859375 and parameters: {'r_scaling': 29.632137306251927, 'unroll': 3, 'update_epoch': 1, 'discount': 0.990243886297738, 'lr': 0.000363802609287026, 'entropy': 0.000392297467850775}. Best is trial 4 with value: 98.40385437011719.[0m
[32m[I 2022-01-22 20:56:38,599][0m Trial 7 finished with value: 104.6550521850586 and parameters: {'r_scaling': 93.40377496310957, 'unroll': 8, 'update_epoch': 13, 'discount': 0.9106432288758155, 'lr': 0.0011962702783965015, 'entropy': 0.015948149613208607}. Best is trial 4 with value: 98.40385437011719.[0m
[32m[I 2022-01-22 21:00:01,380][0m Trial 8 finished with value: 106.16183471679688 and parameters: {'r_scaling': 16.087383699641162, 'unroll': 7, 'update_epoch': 11, 'discount': 0.9631011413484948, 'lr': 0.001588671077369388, 'entropy': 0.0015878748249019477}. Best is trial 4 with value: 98.40385437011719.[0m
[32m[I 2022-01-22 21:02:56,193][0m Trial 9 finished with value: 96.68595886230469 and parameters: {'r_scaling': 0.2510029311341109, 'unroll': 6, 'update_epoch': 10, 'discount': 0.950803609534921, 'lr': 0.0015923541384445226, 'entropy': 0.024211593644021385}. Best is trial 9 with value: 96.68595886230469.[0m
[32m[I 2022-01-22 21:06:37,266][0m Trial 10 finished with value: -210.16473388671875 and parameters: {'r_scaling': 0.05419049300341281, 'unroll': 1, 'update_epoch': 15, 'discount': 0.9330613855809906, 'lr': 0.00010219580316791665, 'entropy': 0.012610024367677304}. Best is trial 10 with value: -210.16473388671875.[0m
[32m[I 2022-01-22 21:09:45,080][0m Trial 11 finished with value: -315.45184326171875 and parameters: {'r_scaling': 0.07905866051232649, 'unroll': 1, 'update_epoch': 15, 'discount': 0.9321222367779122, 'lr': 0.00011606942891689246, 'entropy': 0.011064028094557803}. Best is trial 11 with value: -315.45184326171875.[0m
[32m[I 2022-01-22 21:13:28,179][0m Trial 12 finished with value: 120.8472900390625 and parameters: {'r_scaling': 0.05681592340935077, 'unroll': 1, 'update_epoch': 15, 'discount': 0.9301666516021866, 'lr': 0.00011138995768409605, 'entropy': 0.008978559578840247}. Best is trial 11 with value: -315.45184326171875.[0m
[32m[I 2022-01-22 21:17:15,071][0m Trial 13 finished with value: 122.51121520996094 and parameters: {'r_scaling': 1.0274898193051418, 'unroll': 1, 'update_epoch': 15, 'discount': 0.9321022881766828, 'lr': 0.00010402379835338637, 'entropy': 0.00778503460432777}. Best is trial 11 with value: -315.45184326171875.[0m
[32m[I 2022-01-22 21:20:39,666][0m Trial 14 finished with value: 101.39207458496094 and parameters: {'r_scaling': 0.052332841968580124, 'unroll': 3, 'update_epoch': 13, 'discount': 0.9323677619099489, 'lr': 0.0001771586401073658, 'entropy': 0.0077900733024402705}. Best is trial 11 with value: -315.45184326171875.[0m
[32m[I 2022-01-22 21:24:01,285][0m Trial 15 finished with value: 95.455078125 and parameters: {'r_scaling': 0.7069451606853956, 'unroll': 15, 'update_epoch': 13, 'discount': 0.9215947484182057, 'lr': 0.00016731251154351618, 'entropy': 0.0045616556952336376}. Best is trial 11 with value: -315.45184326171875.[0m
[32m[I 2022-01-22 21:27:36,929][0m Trial 16 finished with value: 118.88363647460938 and parameters: {'r_scaling': 0.10743385134369479, 'unroll': 1, 'update_epoch': 15, 'discount': 0.901289274914981, 'lr': 0.00015116047371643412, 'entropy': 0.061794364672055214}. Best is trial 11 with value: -315.45184326171875.[0m
[32m[I 2022-01-22 21:31:01,076][0m Trial 17 finished with value: 100.50228118896484 and parameters: {'r_scaling': 4.056555720441513, 'unroll': 3, 'update_epoch': 10, 'discount': 0.9409214530042321, 'lr': 0.00022678541429362587, 'entropy': 0.01626383377844369}. Best is trial 11 with value: -315.45184326171875.[0m
[32m[I 2022-01-22 21:34:22,949][0m Trial 18 finished with value: 104.64579772949219 and parameters: {'r_scaling': 0.392574689225421, 'unroll': 9, 'update_epoch': 13, 'discount': 0.9430749493401763, 'lr': 0.00012517707301480403, 'entropy': 0.0008517329298253313}. Best is trial 11 with value: -315.45184326171875.[0m
[32m[I 2022-01-22 21:37:18,067][0m Trial 19 finished with value: 93.54669952392578 and parameters: {'r_scaling': 0.05485175704456351, 'unroll': 2, 'update_epoch': 4, 'discount': 0.9208456294046182, 'lr': 0.0007555501035915581, 'entropy': 0.00011526198530493673}. Best is trial 11 with value: -315.45184326171875.[0m
[32m[I 2022-01-22 21:40:35,546][0m Trial 20 finished with value: 106.44175720214844 and parameters: {'r_scaling': 168.40395998281886, 'unroll': 5, 'update_epoch': 14, 'discount': 0.9738299723741368, 'lr': 0.00021985008160022823, 'entropy': 0.08839717832954289}. Best is trial 11 with value: -315.45184326171875.[0m
[32m[I 2022-01-22 21:43:56,913][0m Trial 21 finished with value: 95.79931640625 and parameters: {'r_scaling': 0.0888905078392596, 'unroll': 2, 'update_epoch': 4, 'discount': 0.9218932411563932, 'lr': 0.0007988132168540387, 'entropy': 0.00010642173035497094}. Best is trial 11 with value: -315.45184326171875.[0m
[32m[I 2022-01-22 21:47:15,707][0m Trial 22 finished with value: 97.20182800292969 and parameters: {'r_scaling': 0.22827593122206122, 'unroll': 2, 'update_epoch': 4, 'discount': 0.9203333613780339, 'lr': 0.0008821825259009513, 'entropy': 0.004116005379743029}. Best is trial 11 with value: -315.45184326171875.[0m
[32m[I 2022-01-22 21:50:11,873][0m Trial 23 finished with value: 101.04560089111328 and parameters: {'r_scaling': 0.057234256960562314, 'unroll': 4, 'update_epoch': 5, 'discount': 0.9383711020736061, 'lr': 0.0005483702467837944, 'entropy': 0.00011239384962903555}. Best is trial 11 with value: -315.45184326171875.[0m
[32m[I 2022-01-22 21:53:33,945][0m Trial 24 finished with value: 103.63451385498047 and parameters: {'r_scaling': 0.10992589063349502, 'unroll': 2, 'update_epoch': 1, 'discount': 0.9126088254168337, 'lr': 0.0011120646614981686, 'entropy': 0.001094554136288863}. Best is trial 11 with value: -315.45184326171875.[0m
[32m[I 2022-01-22 21:57:06,244][0m Trial 25 finished with value: -49.24360656738281 and parameters: {'r_scaling': 0.3189853580538559, 'unroll': 1, 'update_epoch': 9, 'discount': 0.9272744439899675, 'lr': 0.0001484216267665117, 'entropy': 0.012509358437965426}. Best is trial 11 with value: -315.45184326171875.[0m
[32m[I 2022-01-22 22:00:31,728][0m Trial 26 finished with value: 101.50279235839844 and parameters: {'r_scaling': 0.7607745360589309, 'unroll': 4, 'update_epoch': 9, 'discount': 0.9477534041199114, 'lr': 0.00014318221232906245, 'entropy': 0.013768774319799344}. Best is trial 11 with value: -315.45184326171875.[0m
[32m[I 2022-01-22 22:04:08,667][0m Trial 27 finished with value: -474.49468994140625 and parameters: {'r_scaling': 0.26225937749512235, 'unroll': 1, 'update_epoch': 12, 'discount': 0.9345550065023295, 'lr': 0.00012740618971634977, 'entropy': 0.0382202348626954}. Best is trial 27 with value: -474.49468994140625.[0m
[32m[I 2022-01-22 22:07:32,034][0m Trial 28 finished with value: 105.06483459472656 and parameters: {'r_scaling': 2.1238807254485597, 'unroll': 5, 'update_epoch': 12, 'discount': 0.9360913871494441, 'lr': 0.00010436885464229074, 'entropy': 0.03162765340619689}. Best is trial 27 with value: -474.49468994140625.[0m
[32m[I 2022-01-22 22:10:53,780][0m Trial 29 finished with value: 106.60009765625 and parameters: {'r_scaling': 0.1728363875595396, 'unroll': 7, 'update_epoch': 14, 'discount': 0.9814260073621415, 'lr': 0.00026069321612356283, 'entropy': 0.042629716035563814}. Best is trial 27 with value: -474.49468994140625.[0m
[32m[I 2022-01-22 22:14:12,805][0m Trial 30 finished with value: 94.2766342163086 and parameters: {'r_scaling': 10.079181720581623, 'unroll': 3, 'update_epoch': 14, 'discount': 0.9526425348643961, 'lr': 0.00019225564033878995, 'entropy': 0.02282848128723015}. Best is trial 27 with value: -474.49468994140625.[0m
[32m[I 2022-01-22 22:17:55,101][0m Trial 31 finished with value: 121.67242431640625 and parameters: {'r_scaling': 0.29008939613006396, 'unroll': 1, 'update_epoch': 12, 'discount': 0.9273330733301945, 'lr': 0.00013938079036328102, 'entropy': 0.010967175847896327}. Best is trial 27 with value: -474.49468994140625.[0m
[32m[I 2022-01-22 22:21:33,850][0m Trial 32 finished with value: -23.388885498046875 and parameters: {'r_scaling': 0.4309881332980772, 'unroll': 1, 'update_epoch': 9, 'discount': 0.9268751061028697, 'lr': 0.00012103212465897497, 'entropy': 0.005595487319134513}. Best is trial 27 with value: -474.49468994140625.[0m
[32m[I 2022-01-22 22:24:57,257][0m Trial 33 finished with value: 97.87971496582031 and parameters: {'r_scaling': 0.09620877621029637, 'unroll': 2, 'update_epoch': 12, 'discount': 0.9370249032086108, 'lr': 0.0002697452564664804, 'entropy': 0.002618713578248006}. Best is trial 27 with value: -474.49468994140625.[0m
[32m[I 2022-01-22 22:28:33,768][0m Trial 34 finished with value: 133.19989013671875 and parameters: {'r_scaling': 0.17369496557755815, 'unroll': 1, 'update_epoch': 8, 'discount': 0.9443547300362659, 'lr': 0.0001915675716398377, 'entropy': 0.023665197692577813}. Best is trial 27 with value: -474.49468994140625.[0m
[32m[I 2022-01-22 22:31:57,448][0m Trial 35 finished with value: 99.80284881591797 and parameters: {'r_scaling': 1.3295487237501757, 'unroll': 11, 'update_epoch': 11, 'discount': 0.9132826465922161, 'lr': 0.0001291844829236364, 'entropy': 0.0492578632721966}. Best is trial 27 with value: -474.49468994140625.[0m
[32m[I 2022-01-22 22:35:15,953][0m Trial 36 finished with value: 96.04798889160156 and parameters: {'r_scaling': 0.48332052104856865, 'unroll': 5, 'update_epoch': 14, 'discount': 0.9250427864398346, 'lr': 0.00015798721022556534, 'entropy': 0.006239751888067717}. Best is trial 27 with value: -474.49468994140625.[0m
[32m[I 2022-01-22 22:38:36,940][0m Trial 37 finished with value: 107.964599609375 and parameters: {'r_scaling': 0.0860248974937068, 'unroll': 3, 'update_epoch': 7, 'discount': 0.9176026228254008, 'lr': 0.0003139482216444654, 'entropy': 0.09519565388520168}. Best is trial 27 with value: -474.49468994140625.[0m
[32m[I 2022-01-22 22:41:57,169][0m Trial 38 finished with value: 103.49594116210938 and parameters: {'r_scaling': 0.13926477737922396, 'unroll': 4, 'update_epoch': 15, 'discount': 0.9334597713129611, 'lr': 0.00010003673781760302, 'entropy': 0.0034188141868936543}. Best is trial 27 with value: -474.49468994140625.[0m
[32m[I 2022-01-22 22:45:15,147][0m Trial 39 finished with value: 101.11148071289062 and parameters: {'r_scaling': 0.2831822128422708, 'unroll': 2, 'update_epoch': 10, 'discount': 0.9572098237692732, 'lr': 0.0001251089554960866, 'entropy': 0.011562534315657501}. Best is trial 27 with value: -474.49468994140625.[0m
[32m[I 2022-01-22 22:48:37,321][0m Trial 40 finished with value: 102.58138275146484 and parameters: {'r_scaling': 3.2024713451879503, 'unroll': 13, 'update_epoch': 11, 'discount': 0.9047259693294483, 'lr': 0.0004497606668997017, 'entropy': 0.030684727768438634}. Best is trial 27 with value: -474.49468994140625.[0m
[32m[I 2022-01-22 22:52:14,823][0m Trial 41 finished with value: 114.90198516845703 and parameters: {'r_scaling': 0.5160408382550649, 'unroll': 1, 'update_epoch': 8, 'discount': 0.9264582690156533, 'lr': 0.00011940376008308143, 'entropy': 0.005539385052273829}. Best is trial 27 with value: -474.49468994140625.[0m
[32m[I 2022-01-22 22:55:19,287][0m Trial 42 finished with value: -136.2117156982422 and parameters: {'r_scaling': 0.36327418598125233, 'unroll': 1, 'update_epoch': 9, 'discount': 0.9283827573514994, 'lr': 0.00014343672123208156, 'entropy': 0.018913169547046204}. Best is trial 27 with value: -474.49468994140625.[0m
[32m[I 2022-01-22 22:58:46,193][0m Trial 43 finished with value: 101.07456970214844 and parameters: {'r_scaling': 0.1900864999619587, 'unroll': 2, 'update_epoch': 9, 'discount': 0.9404394224982081, 'lr': 0.0001910515164294254, 'entropy': 0.018261530225440137}. Best is trial 27 with value: -474.49468994140625.[0m
[32m[I 2022-01-22 23:02:07,016][0m Trial 44 finished with value: 99.98046875 and parameters: {'r_scaling': 0.07487945099112857, 'unroll': 3, 'update_epoch': 7, 'discount': 0.9311126097598824, 'lr': 0.00014667907999543233, 'entropy': 0.01078398109881485}. Best is trial 27 with value: -474.49468994140625.[0m
[32m[I 2022-01-22 23:05:44,338][0m Trial 45 finished with value: -304.02276611328125 and parameters: {'r_scaling': 0.13440299182728482, 'unroll': 1, 'update_epoch': 12, 'discount': 0.9347695374802697, 'lr': 0.00017243248961728753, 'entropy': 0.017440818510277685}. Best is trial 27 with value: -474.49468994140625.[0m
[32m[I 2022-01-22 23:09:11,999][0m Trial 46 finished with value: 96.74585723876953 and parameters: {'r_scaling': 0.15504363475681954, 'unroll': 4, 'update_epoch': 12, 'discount': 0.9480305801369524, 'lr': 0.0001159094839929438, 'entropy': 0.02007299096203953}. Best is trial 27 with value: -474.49468994140625.[0m
[32m[I 2022-01-22 23:12:48,193][0m Trial 47 finished with value: -35.94632339477539 and parameters: {'r_scaling': 0.11676407912534514, 'unroll': 1, 'update_epoch': 13, 'discount': 0.9367901227781549, 'lr': 0.0001017337377104947, 'entropy': 0.03205729588848026}. Best is trial 27 with value: -474.49468994140625.[0m
[32m[I 2022-01-22 23:16:11,564][0m Trial 48 finished with value: 106.08665466308594 and parameters: {'r_scaling': 0.07571751327305483, 'unroll': 3, 'update_epoch': 15, 'discount': 0.9334584271367851, 'lr': 0.0002152561162166899, 'entropy': 0.060563380294287164}. Best is trial 27 with value: -474.49468994140625.[0m
[32m[I 2022-01-22 23:19:35,213][0m Trial 49 finished with value: 98.5463638305664 and parameters: {'r_scaling': 34.41921757427217, 'unroll': 8, 'update_epoch': 14, 'discount': 0.9175021990306177, 'lr': 0.0001714655526633112, 'entropy': 0.04509976163359856}. Best is trial 27 with value: -474.49468994140625.[0m
[32m[I 2022-01-22 23:22:55,007][0m Trial 50 finished with value: 103.56767272949219 and parameters: {'r_scaling': 0.7638084129874478, 'unroll': 2, 'update_epoch': 10, 'discount': 0.9541116117443846, 'lr': 0.00013448975717338866, 'entropy': 0.00752469890823815}. Best is trial 27 with value: -474.49468994140625.[0m
[32m[I 2022-01-22 23:26:30,331][0m Trial 51 finished with value: -500.1933288574219 and parameters: {'r_scaling': 0.31083410893658703, 'unroll': 1, 'update_epoch': 9, 'discount': 0.9297705996548117, 'lr': 0.0001622768049516475, 'entropy': 0.014170404253766268}. Best is trial 51 with value: -500.1933288574219.[0m
[32m[I 2022-01-22 23:30:12,623][0m Trial 52 finished with value: -408.36865234375 and parameters: {'r_scaling': 0.1290295877725194, 'unroll': 1, 'update_epoch': 6, 'discount': 0.9420647159745893, 'lr': 0.00016430581541013737, 'entropy': 0.01724464824997511}. Best is trial 51 with value: -500.1933288574219.[0m
[32m[I 2022-01-22 23:33:39,757][0m Trial 53 finished with value: 106.8532943725586 and parameters: {'r_scaling': 0.06921017210477426, 'unroll': 6, 'update_epoch': 6, 'discount': 0.9437002896894301, 'lr': 0.0001685547536564527, 'entropy': 0.009267502816460538}. Best is trial 51 with value: -500.1933288574219.[0m
[32m[I 2022-01-22 23:37:03,409][0m Trial 54 finished with value: 105.04971313476562 and parameters: {'r_scaling': 0.12560287399971595, 'unroll': 2, 'update_epoch': 6, 'discount': 0.9402269327761296, 'lr': 0.00011312365643479558, 'entropy': 0.015466811560105103}. Best is trial 51 with value: -500.1933288574219.[0m
[32m[I 2022-01-22 23:40:34,823][0m Trial 55 finished with value: 132.92076110839844 and parameters: {'r_scaling': 0.24354228921303395, 'unroll': 1, 'update_epoch': 5, 'discount': 0.9338348929414534, 'lr': 0.00023449566796048205, 'entropy': 0.023676355721617172}. Best is trial 51 with value: -500.1933288574219.[0m
[32m[I 2022-01-22 23:43:56,667][0m Trial 56 finished with value: 100.80940246582031 and parameters: {'r_scaling': 0.05015569951254195, 'unroll': 3, 'update_epoch': 15, 'discount': 0.9482454466377073, 'lr': 0.00020161085889897003, 'entropy': 0.028500345787103504}. Best is trial 51 with value: -500.1933288574219.[0m
[32m[I 2022-01-22 23:47:15,889][0m Trial 57 finished with value: 98.14669799804688 and parameters: {'r_scaling': 0.2073098598943515, 'unroll': 2, 'update_epoch': 13, 'discount': 0.9234143022263621, 'lr': 0.00028644408045450114, 'entropy': 0.015376464171155915}. Best is trial 51 with value: -500.1933288574219.[0m
[32m[I 2022-01-22 23:50:51,358][0m Trial 58 finished with value: -106.26220703125 and parameters: {'r_scaling': 0.13247381811672662, 'unroll': 1, 'update_epoch': 2, 'discount': 0.9297864880087693, 'lr': 0.00015825032675027053, 'entropy': 0.07753596544635129}. Best is trial 51 with value: -500.1933288574219.[0m
[32m[I 2022-01-22 23:54:15,086][0m Trial 59 finished with value: 102.91261291503906 and parameters: {'r_scaling': 0.06544783171116413, 'unroll': 2, 'update_epoch': 7, 'discount': 0.9633514656295835, 'lr': 0.0003944260250849457, 'entropy': 0.0021118586239260713}. Best is trial 51 with value: -500.1933288574219.[0m
[32m[I 2022-01-22 23:57:33,496][0m Trial 60 finished with value: 96.67127227783203 and parameters: {'r_scaling': 0.10386575812873304, 'unroll': 3, 'update_epoch': 12, 'discount': 0.9447895531333766, 'lr': 0.00016469589740746737, 'entropy': 0.0387977464783178}. Best is trial 51 with value: -500.1933288574219.[0m
[32m[I 2022-01-23 00:00:39,440][0m Trial 61 finished with value: -165.92337036132812 and parameters: {'r_scaling': 0.32413494991251574, 'unroll': 1, 'update_epoch': 11, 'discount': 0.9292978515661927, 'lr': 0.0001334872627057979, 'entropy': 0.018168410222839125}. Best is trial 51 with value: -500.1933288574219.[0m
[32m[I 2022-01-23 00:04:18,287][0m Trial 62 finished with value: -6.4981889724731445 and parameters: {'r_scaling': 0.21496315570857777, 'unroll': 1, 'update_epoch': 11, 'discount': 0.9353458199362636, 'lr': 0.00011245745865495626, 'entropy': 0.008707549499569868}. Best is trial 51 with value: -500.1933288574219.[0m
[32m[I 2022-01-23 00:07:39,627][0m Trial 63 finished with value: 95.93804168701172 and parameters: {'r_scaling': 0.9867115741975165, 'unroll': 2, 'update_epoch': 13, 'discount': 0.9396086747770032, 'lr': 0.00013027673598378195, 'entropy': 0.014393905680862608}. Best is trial 51 with value: -500.1933288574219.[0m
[32m[I 2022-01-23 00:10:45,865][0m Trial 64 finished with value: 123.40611267089844 and parameters: {'r_scaling': 0.5915583921293373, 'unroll': 1, 'update_epoch': 11, 'discount': 0.9304768840275291, 'lr': 0.0001811047499074416, 'entropy': 0.019194834998905223}. Best is trial 51 with value: -500.1933288574219.[0m
[32m[I 2022-01-23 00:14:10,278][0m Trial 65 finished with value: 103.62100219726562 and parameters: {'r_scaling': 0.3575858400723077, 'unroll': 9, 'update_epoch': 10, 'discount': 0.9233683120053301, 'lr': 0.00010916376157279319, 'entropy': 0.025777409504670622}. Best is trial 51 with value: -500.1933288574219.[0m
[32m[I 2022-01-23 00:17:50,331][0m Trial 66 finished with value: 122.82352447509766 and parameters: {'r_scaling': 0.16929860807295577, 'unroll': 1, 'update_epoch': 14, 'discount': 0.9947350192513761, 'lr': 0.00013710159189227251, 'entropy': 0.006442405221380027}. Best is trial 51 with value: -500.1933288574219.[0m
[32m[I 2022-01-23 00:20:50,020][0m Trial 67 finished with value: 108.01862335205078 and parameters: {'r_scaling': 0.08517430748664256, 'unroll': 2, 'update_epoch': 12, 'discount': 0.9377941601035439, 'lr': 0.0019718379440157, 'entropy': 0.054610120571268454}. Best is trial 51 with value: -500.1933288574219.[0m
