[32m[I 2022-01-10 15:03:09,177][0m A new study created in memory with name: no-name-a079a974-9cdd-4d7c-968f-c7339a259a30[0m
[32m[I 2022-01-10 15:06:41,102][0m Trial 0 finished with value: 101.29151916503906 and parameters: {'r_scaling': 3.512635312551581, 'unroll': 12, 'update_epoch': 12, 'discount': 0.9275502517183006, 'lr': 0.0009866971934955268, 'entropy': 0.0010822265397406347}. Best is trial 0 with value: 101.29151916503906.[0m
[32m[I 2022-01-10 15:10:11,461][0m Trial 1 finished with value: 104.47066497802734 and parameters: {'r_scaling': 30.694181705444272, 'unroll': 12, 'update_epoch': 1, 'discount': 0.9240309303627076, 'lr': 0.000860453935699639, 'entropy': 0.0008762349125427017}. Best is trial 0 with value: 101.29151916503906.[0m
[32m[I 2022-01-10 15:14:18,615][0m Trial 2 finished with value: -1956.488037109375 and parameters: {'r_scaling': 2.112642091359696, 'unroll': 7, 'update_epoch': 2, 'discount': 0.9648140766662523, 'lr': 0.0001640467330342789, 'entropy': 0.009736946068022988}. Best is trial 2 with value: -1956.488037109375.[0m
[32m[I 2022-01-10 15:18:23,732][0m Trial 3 finished with value: -1976.4859619140625 and parameters: {'r_scaling': 68.05365653622134, 'unroll': 4, 'update_epoch': 6, 'discount': 0.9698540998997639, 'lr': 0.00014063662326351694, 'entropy': 0.0005100537111602522}. Best is trial 3 with value: -1976.4859619140625.[0m
[32m[I 2022-01-10 15:22:03,738][0m Trial 4 finished with value: 105.35028076171875 and parameters: {'r_scaling': 68.57849140867374, 'unroll': 14, 'update_epoch': 11, 'discount': 0.9647291026983822, 'lr': 0.0009442279038734522, 'entropy': 0.0002993321233668456}. Best is trial 3 with value: -1976.4859619140625.[0m
[32m[I 2022-01-10 15:25:33,509][0m Trial 5 finished with value: 103.14708709716797 and parameters: {'r_scaling': 4.209717382490756, 'unroll': 14, 'update_epoch': 11, 'discount': 0.9792761304781276, 'lr': 0.0005865396510422274, 'entropy': 0.008612080066920663}. Best is trial 3 with value: -1976.4859619140625.[0m
[32m[I 2022-01-10 15:30:04,537][0m Trial 6 finished with value: -4905.068359375 and parameters: {'r_scaling': 0.3735367131080199, 'unroll': 2, 'update_epoch': 14, 'discount': 0.9796466699588543, 'lr': 0.00011549839752071396, 'entropy': 0.02860873540591641}. Best is trial 6 with value: -4905.068359375.[0m
[32m[I 2022-01-10 15:34:17,756][0m Trial 7 finished with value: -3159.602294921875 and parameters: {'r_scaling': 0.18900302575614233, 'unroll': 1, 'update_epoch': 2, 'discount': 0.9331665953145302, 'lr': 0.00010019426751853553, 'entropy': 0.027572541113493217}. Best is trial 6 with value: -4905.068359375.[0m
[32m[I 2022-01-10 15:37:51,530][0m Trial 8 finished with value: 109.46040344238281 and parameters: {'r_scaling': 1.3105986619473315, 'unroll': 9, 'update_epoch': 7, 'discount': 0.984073934218766, 'lr': 0.0005315445137543234, 'entropy': 0.004667565113496808}. Best is trial 6 with value: -4905.068359375.[0m
[32m[I 2022-01-10 15:41:22,671][0m Trial 9 finished with value: 107.975341796875 and parameters: {'r_scaling': 3.5597010305783994, 'unroll': 14, 'update_epoch': 8, 'discount': 0.9520581732620684, 'lr': 0.0019445376038098663, 'entropy': 0.0021229511485746596}. Best is trial 6 with value: -4905.068359375.[0m
[32m[I 2022-01-10 15:46:07,838][0m Trial 10 finished with value: 125.052490234375 and parameters: {'r_scaling': 0.05204392177305307, 'unroll': 1, 'update_epoch': 15, 'discount': 0.9066436483888501, 'lr': 0.00026736156184018736, 'entropy': 0.08280022047815348}. Best is trial 6 with value: -4905.068359375.[0m
[32m[I 2022-01-10 15:50:26,998][0m Trial 11 finished with value: -2371.951171875 and parameters: {'r_scaling': 0.1294016559855176, 'unroll': 1, 'update_epoch': 4, 'discount': 0.9389309292765128, 'lr': 0.00010609900001707638, 'entropy': 0.049228353608562224}. Best is trial 6 with value: -4905.068359375.[0m
[32m[I 2022-01-10 15:54:47,987][0m Trial 12 finished with value: -3258.6015625 and parameters: {'r_scaling': 0.36574576785450585, 'unroll': 4, 'update_epoch': 15, 'discount': 0.9455375642624246, 'lr': 0.0002460176549715739, 'entropy': 0.024839764504632402}. Best is trial 6 with value: -4905.068359375.[0m
[32m[I 2022-01-10 15:59:06,009][0m Trial 13 finished with value: -3817.4853515625 and parameters: {'r_scaling': 0.6356846415907564, 'unroll': 4, 'update_epoch': 15, 'discount': 0.9936610819768369, 'lr': 0.00024458868484782614, 'entropy': 0.021787494237067547}. Best is trial 6 with value: -4905.068359375.[0m
[32m[I 2022-01-10 16:02:44,163][0m Trial 14 finished with value: -2950.392578125 and parameters: {'r_scaling': 0.789660092537008, 'unroll': 4, 'update_epoch': 13, 'discount': 0.9914373712733872, 'lr': 0.00029979691751525536, 'entropy': 0.01802197265100528}. Best is trial 6 with value: -4905.068359375.[0m
[32m[I 2022-01-10 16:06:32,867][0m Trial 15 finished with value: -3119.0673828125 and parameters: {'r_scaling': 13.410252868737622, 'unroll': 6, 'update_epoch': 13, 'discount': 0.99089451442417, 'lr': 0.0001940299191119095, 'entropy': 0.08838277185466185}. Best is trial 6 with value: -4905.068359375.[0m
[32m[I 2022-01-10 16:11:00,635][0m Trial 16 finished with value: -5093.51171875 and parameters: {'r_scaling': 0.7151349213738732, 'unroll': 3, 'update_epoch': 10, 'discount': 0.9761816098704806, 'lr': 0.0003771220408774052, 'entropy': 0.0001374155305316846}. Best is trial 16 with value: -5093.51171875.[0m
[32m[I 2022-01-10 16:15:19,823][0m Trial 17 finished with value: -6503.9599609375 and parameters: {'r_scaling': 0.059704700165449605, 'unroll': 3, 'update_epoch': 10, 'discount': 0.9571074544729528, 'lr': 0.000346984361917916, 'entropy': 0.00010789867224143025}. Best is trial 17 with value: -6503.9599609375.[0m
[32m[I 2022-01-10 16:18:58,127][0m Trial 18 finished with value: 101.57371520996094 and parameters: {'r_scaling': 0.08361767139736916, 'unroll': 8, 'update_epoch': 9, 'discount': 0.9551100895067614, 'lr': 0.00039923708291170673, 'entropy': 0.0001037661842511122}. Best is trial 17 with value: -6503.9599609375.[0m
[32m[I 2022-01-10 16:23:12,637][0m Trial 19 finished with value: -3568.487548828125 and parameters: {'r_scaling': 0.2432366047931374, 'unroll': 6, 'update_epoch': 10, 'discount': 0.9719376120945318, 'lr': 0.00036879117691833083, 'entropy': 0.00011422186868922882}. Best is trial 17 with value: -6503.9599609375.[0m
[32m[I 2022-01-10 16:27:34,061][0m Trial 20 finished with value: -2668.462890625 and parameters: {'r_scaling': 11.830835905794642, 'unroll': 3, 'update_epoch': 6, 'discount': 0.9592361507428949, 'lr': 0.000689488940673674, 'entropy': 0.0002696128336997116}. Best is trial 17 with value: -6503.9599609375.[0m
[32m[I 2022-01-10 16:31:56,831][0m Trial 21 finished with value: -168.55946350097656 and parameters: {'r_scaling': 0.5433328739964794, 'unroll': 2, 'update_epoch': 9, 'discount': 0.9780357349030165, 'lr': 0.0014582011691695856, 'entropy': 0.0002222412215330014}. Best is trial 17 with value: -6503.9599609375.[0m
[32m[I 2022-01-10 16:36:24,521][0m Trial 22 finished with value: -5220.025390625 and parameters: {'r_scaling': 0.08409182150186666, 'unroll': 3, 'update_epoch': 13, 'discount': 0.9761668929402095, 'lr': 0.0003490681805982764, 'entropy': 0.0023448002716595787}. Best is trial 17 with value: -6503.9599609375.[0m
[32m[I 2022-01-10 16:40:12,263][0m Trial 23 finished with value: -3592.14404296875 and parameters: {'r_scaling': 0.05951344522723751, 'unroll': 6, 'update_epoch': 11, 'discount': 0.9704564959552154, 'lr': 0.0004600966006914938, 'entropy': 0.002242873064964232}. Best is trial 17 with value: -6503.9599609375.[0m
[32m[I 2022-01-10 16:44:43,665][0m Trial 24 finished with value: -4351.7666015625 and parameters: {'r_scaling': 0.13642416654202555, 'unroll': 3, 'update_epoch': 13, 'discount': 0.9612324602931106, 'lr': 0.00032927012194516626, 'entropy': 0.00017832628437479755}. Best is trial 17 with value: -6503.9599609375.[0m
[32m[I 2022-01-10 16:48:21,686][0m Trial 25 finished with value: -3571.014892578125 and parameters: {'r_scaling': 0.11546545037413923, 'unroll': 5, 'update_epoch': 9, 'discount': 0.9467862182397564, 'lr': 0.00021044949808167408, 'entropy': 0.0005060474312207748}. Best is trial 17 with value: -6503.9599609375.[0m
[32m[I 2022-01-10 16:51:58,660][0m Trial 26 finished with value: 101.74929809570312 and parameters: {'r_scaling': 1.2594699606384785, 'unroll': 8, 'update_epoch': 12, 'discount': 0.973199226748552, 'lr': 0.0004568170833833197, 'entropy': 0.0005335947667851542}. Best is trial 17 with value: -6503.9599609375.[0m
[32m[I 2022-01-10 16:55:32,197][0m Trial 27 finished with value: 99.69963073730469 and parameters: {'r_scaling': 0.2549253564749358, 'unroll': 10, 'update_epoch': 10, 'discount': 0.9841751775377803, 'lr': 0.0006714632793226778, 'entropy': 0.0011302154504997082}. Best is trial 17 with value: -6503.9599609375.[0m
[32m[I 2022-01-10 16:59:44,168][0m Trial 28 finished with value: -4076.72216796875 and parameters: {'r_scaling': 0.09412929869583819, 'unroll': 3, 'update_epoch': 7, 'discount': 0.9488549191014487, 'lr': 0.0003224337100545643, 'entropy': 0.0001504451707771736}. Best is trial 17 with value: -6503.9599609375.[0m
[32m[I 2022-01-10 17:04:00,679][0m Trial 29 finished with value: -1655.431640625 and parameters: {'r_scaling': 0.05008261038481112, 'unroll': 5, 'update_epoch': 10, 'discount': 0.9145699095928171, 'lr': 0.000388898982396152, 'entropy': 0.001120622933755433}. Best is trial 17 with value: -6503.9599609375.[0m
[32m[I 2022-01-10 17:08:01,412][0m Trial 30 finished with value: -2217.6474609375 and parameters: {'r_scaling': 0.20148364807290547, 'unroll': 2, 'update_epoch': 12, 'discount': 0.9398935489573793, 'lr': 0.0011963657803745202, 'entropy': 0.004185049742173876}. Best is trial 17 with value: -6503.9599609375.[0m
[32m[I 2022-01-10 17:12:32,498][0m Trial 31 finished with value: -5640.7734375 and parameters: {'r_scaling': 0.3748071890310999, 'unroll': 2, 'update_epoch': 14, 'discount': 0.9805198206244238, 'lr': 0.00020392432621975292, 'entropy': 0.009154445502186895}. Best is trial 17 with value: -6503.9599609375.[0m
[32m[I 2022-01-10 17:17:04,485][0m Trial 32 finished with value: -5302.8994140625 and parameters: {'r_scaling': 0.3610472971286547, 'unroll': 2, 'update_epoch': 14, 'discount': 0.9857058417802307, 'lr': 0.00016654411757208008, 'entropy': 0.008510513783743307}. Best is trial 17 with value: -6503.9599609375.[0m
[32m[I 2022-01-10 17:21:41,654][0m Trial 33 finished with value: -4954.08740234375 and parameters: {'r_scaling': 0.37261104950546464, 'unroll': 2, 'update_epoch': 14, 'discount': 0.985907120757388, 'lr': 0.00015934984938768056, 'entropy': 0.012406938456165603}. Best is trial 17 with value: -6503.9599609375.[0m
[32m[I 2022-01-10 17:25:57,518][0m Trial 34 finished with value: -4020.57568359375 and parameters: {'r_scaling': 0.08178612035104939, 'unroll': 5, 'update_epoch': 14, 'discount': 0.9644895526923994, 'lr': 0.00019613519337084855, 'entropy': 0.00603746728574877}. Best is trial 17 with value: -6503.9599609375.[0m
[32m[I 2022-01-10 17:30:37,649][0m Trial 35 finished with value: -5019.18896484375 and parameters: {'r_scaling': 1.921697403779659, 'unroll': 1, 'update_epoch': 13, 'discount': 0.9881800293080287, 'lr': 0.0001381313937227246, 'entropy': 0.0026666543782071475}. Best is trial 17 with value: -6503.9599609375.[0m
[32m[I 2022-01-10 17:34:20,126][0m Trial 36 finished with value: 99.35557556152344 and parameters: {'r_scaling': 6.4816417847032834, 'unroll': 11, 'update_epoch': 12, 'discount': 0.9675360551427284, 'lr': 0.00016413120750797527, 'entropy': 0.008319869797819244}. Best is trial 17 with value: -6503.9599609375.[0m
[32m[I 2022-01-10 17:38:51,048][0m Trial 37 finished with value: -4234.26318359375 and parameters: {'r_scaling': 157.23470481605847, 'unroll': 2, 'update_epoch': 14, 'discount': 0.9809625728211434, 'lr': 0.00022622789114876965, 'entropy': 0.011906965500955633}. Best is trial 17 with value: -6503.9599609375.[0m
[32m[I 2022-01-10 17:42:30,386][0m Trial 38 finished with value: -3219.669921875 and parameters: {'r_scaling': 0.16737382243615148, 'unroll': 4, 'update_epoch': 11, 'discount': 0.9604620122663163, 'lr': 0.00012731265482850704, 'entropy': 0.0017116209710030135}. Best is trial 17 with value: -6503.9599609375.[0m
[32m[I 2022-01-10 17:47:02,124][0m Trial 39 finished with value: -2787.599365234375 and parameters: {'r_scaling': 1.0126580248726602, 'unroll': 3, 'update_epoch': 15, 'discount': 0.9227692268235865, 'lr': 0.000179104853093678, 'entropy': 0.004120753789599772}. Best is trial 17 with value: -6503.9599609375.[0m
[32m[I 2022-01-10 17:51:43,985][0m Trial 40 finished with value: -6965.19921875 and parameters: {'r_scaling': 0.33170487985427244, 'unroll': 1, 'update_epoch': 13, 'discount': 0.9759014080761041, 'lr': 0.00015485169198355865, 'entropy': 0.044097948755255564}. Best is trial 40 with value: -6965.19921875.[0m
[32m[I 2022-01-10 17:56:23,535][0m Trial 41 finished with value: -6825.64794921875 and parameters: {'r_scaling': 0.301219803893017, 'unroll': 1, 'update_epoch': 13, 'discount': 0.9748653506942178, 'lr': 0.0002723541655647547, 'entropy': 0.04172368949147317}. Best is trial 40 with value: -6965.19921875.[0m
[32m[I 2022-01-10 18:01:14,441][0m Trial 42 finished with value: -6556.2109375 and parameters: {'r_scaling': 0.4457602708742451, 'unroll': 1, 'update_epoch': 14, 'discount': 0.9822782412730557, 'lr': 0.0002831466553593292, 'entropy': 0.04608124908465581}. Best is trial 40 with value: -6965.19921875.[0m
[32m[I 2022-01-10 18:05:59,719][0m Trial 43 finished with value: -5394.4892578125 and parameters: {'r_scaling': 1.9362001960304824, 'unroll': 1, 'update_epoch': 12, 'discount': 0.9673128910283347, 'lr': 0.00027916272470792047, 'entropy': 0.04387441063402839}. Best is trial 40 with value: -6965.19921875.[0m
[32m[I 2022-01-10 18:10:05,432][0m Trial 44 finished with value: -6860.8642578125 and parameters: {'r_scaling': 0.5452997872025446, 'unroll': 1, 'update_epoch': 12, 'discount': 0.9815998500989033, 'lr': 0.00026104735108619726, 'entropy': 0.049444809940304056}. Best is trial 40 with value: -6965.19921875.[0m
[32m[I 2022-01-10 18:14:56,210][0m Trial 45 finished with value: -4845.021484375 and parameters: {'r_scaling': 0.2767285533193527, 'unroll': 1, 'update_epoch': 11, 'discount': 0.9557127777337244, 'lr': 0.0002659768606618423, 'entropy': 0.0501506007191295}. Best is trial 40 with value: -6965.19921875.[0m
[32m[I 2022-01-10 18:18:38,974][0m Trial 46 finished with value: 98.19486999511719 and parameters: {'r_scaling': 1.1428924306691177, 'unroll': 15, 'update_epoch': 12, 'discount': 0.9949411924742559, 'lr': 0.00023081339240600357, 'entropy': 0.03522513232529146}. Best is trial 40 with value: -6965.19921875.[0m
[32m[I 2022-01-10 18:23:11,580][0m Trial 47 finished with value: -6694.0830078125 and parameters: {'r_scaling': 0.5311337884406403, 'unroll': 1, 'update_epoch': 11, 'discount': 0.9817308095227542, 'lr': 0.0005240935441981177, 'entropy': 0.0600161766599254}. Best is trial 40 with value: -6965.19921875.[0m
[32m[I 2022-01-10 18:27:49,560][0m Trial 48 finished with value: -5069.7119140625 and parameters: {'r_scaling': 0.4982411009497114, 'unroll': 1, 'update_epoch': 13, 'discount': 0.9735732947013114, 'lr': 0.0005616841321645147, 'entropy': 0.06090971737186579}. Best is trial 40 with value: -6965.19921875.[0m
[32m[I 2022-01-10 18:32:10,361][0m Trial 49 finished with value: -6045.3154296875 and parameters: {'r_scaling': 2.647623289188737, 'unroll': 1, 'update_epoch': 3, 'discount': 0.9806695306174753, 'lr': 0.0005060809587401769, 'entropy': 0.0992568551894819}. Best is trial 40 with value: -6965.19921875.[0m
[32m[I 2022-01-10 18:35:43,846][0m Trial 50 finished with value: 102.60198974609375 and parameters: {'r_scaling': 0.7129715968737766, 'unroll': 13, 'update_epoch': 15, 'discount': 0.9879600693292353, 'lr': 0.0008062431064349313, 'entropy': 0.01885723342873886}. Best is trial 40 with value: -6965.19921875.[0m
[32m[I 2022-01-10 18:40:18,646][0m Trial 51 finished with value: -7143.03515625 and parameters: {'r_scaling': 0.4969926823514596, 'unroll': 1, 'update_epoch': 11, 'discount': 0.976252434648127, 'lr': 0.0002986785525549235, 'entropy': 0.06708008255450897}. Best is trial 51 with value: -7143.03515625.[0m
[32m[I 2022-01-10 18:44:58,338][0m Trial 52 finished with value: -7166.9111328125 and parameters: {'r_scaling': 0.5257508718251671, 'unroll': 1, 'update_epoch': 11, 'discount': 0.9750124777430791, 'lr': 0.00029758330775548, 'entropy': 0.06628518631028463}. Best is trial 52 with value: -7166.9111328125.[0m
[32m[I 2022-01-10 18:48:58,883][0m Trial 53 finished with value: -5257.28515625 and parameters: {'r_scaling': 0.8126821235746471, 'unroll': 2, 'update_epoch': 11, 'discount': 0.9757111975474466, 'lr': 0.000307278170586714, 'entropy': 0.06832148010432026}. Best is trial 52 with value: -7166.9111328125.[0m
[32m[I 2022-01-10 18:53:29,817][0m Trial 54 finished with value: -6763.8154296875 and parameters: {'r_scaling': 1.6675430485015805, 'unroll': 1, 'update_epoch': 8, 'discount': 0.9691128030399616, 'lr': 0.00043065254746335054, 'entropy': 0.03445150153374305}. Best is trial 52 with value: -7166.9111328125.[0m
[32m[I 2022-01-10 18:57:59,352][0m Trial 55 finished with value: -5201.859375 and parameters: {'r_scaling': 4.6309596084959965, 'unroll': 1, 'update_epoch': 8, 'discount': 0.9627996464883364, 'lr': 0.00042834581812262185, 'entropy': 0.03366182155546683}. Best is trial 52 with value: -7166.9111328125.[0m
[32m[I 2022-01-10 19:02:22,809][0m Trial 56 finished with value: -5078.6865234375 and parameters: {'r_scaling': 0.8484042066457858, 'unroll': 2, 'update_epoch': 7, 'discount': 0.9680875144569506, 'lr': 0.00025654907571131554, 'entropy': 0.07579643084903774}. Best is trial 52 with value: -7166.9111328125.[0m
[32m[I 2022-01-10 19:06:38,479][0m Trial 57 finished with value: -3917.86865234375 and parameters: {'r_scaling': 1.6746937976041771, 'unroll': 4, 'update_epoch': 9, 'discount': 0.9720875759930171, 'lr': 0.00041679622915914005, 'entropy': 0.03488351863202353}. Best is trial 52 with value: -7166.9111328125.[0m
[32m[I 2022-01-10 19:10:46,931][0m Trial 58 finished with value: -4600.140625 and parameters: {'r_scaling': 1.5774684238431447, 'unroll': 3, 'update_epoch': 5, 'discount': 0.9773328206377399, 'lr': 0.0003046662130110892, 'entropy': 0.02421321656101099}. Best is trial 52 with value: -7166.9111328125.[0m
[32m[I 2022-01-10 19:15:06,984][0m Trial 59 finished with value: -5004.537109375 and parameters: {'r_scaling': 0.3040484270556338, 'unroll': 2, 'update_epoch': 8, 'discount': 0.9911168491772716, 'lr': 0.00011844567824076437, 'entropy': 0.016002248658938064}. Best is trial 52 with value: -7166.9111328125.[0m
[32m[I 2022-01-10 19:19:16,041][0m Trial 60 finished with value: -3257.3251953125 and parameters: {'r_scaling': 2.5867635754372045, 'unroll': 1, 'update_epoch': 1, 'discount': 0.9654921800311383, 'lr': 0.0002355574667583083, 'entropy': 0.03031678860601817}. Best is trial 52 with value: -7166.9111328125.[0m
[32m[I 2022-01-10 19:24:00,839][0m Trial 61 finished with value: -4408.46337890625 and parameters: {'r_scaling': 0.6406600031481526, 'unroll': 1, 'update_epoch': 11, 'discount': 0.9744849762040992, 'lr': 0.000470318966456571, 'entropy': 0.05809032216223721}. Best is trial 52 with value: -7166.9111328125.[0m
[32m[I 2022-01-10 19:28:10,747][0m Trial 62 finished with value: -6299.2587890625 and parameters: {'r_scaling': 0.18990515095612853, 'unroll': 1, 'update_epoch': 12, 'discount': 0.978600126783248, 'lr': 0.0007101124092256263, 'entropy': 0.041277754458798506}. Best is trial 52 with value: -7166.9111328125.[0m
[32m[I 2022-01-10 19:32:34,144][0m Trial 63 finished with value: -4610.796875 and parameters: {'r_scaling': 0.4914763577836145, 'unroll': 2, 'update_epoch': 10, 'discount': 0.9699648187069363, 'lr': 0.0003524997611403373, 'entropy': 0.07955070637306307}. Best is trial 52 with value: -7166.9111328125.[0m
[32m[I 2022-01-10 19:36:33,179][0m Trial 64 finished with value: -6348.3818359375 and parameters: {'r_scaling': 1.0755231050154828, 'unroll': 1, 'update_epoch': 9, 'discount': 0.9833279506563538, 'lr': 0.0005839102530271723, 'entropy': 0.057127798892448754}. Best is trial 52 with value: -7166.9111328125.[0m
[32m[I 2022-01-10 19:40:16,070][0m Trial 65 finished with value: -4102.5380859375 and parameters: {'r_scaling': 0.5470187678479745, 'unroll': 7, 'update_epoch': 8, 'discount': 0.9884204224553637, 'lr': 0.0004967717561787578, 'entropy': 0.09734494398295171}. Best is trial 52 with value: -7166.9111328125.[0m
[32m[I 2022-01-10 19:44:09,515][0m Trial 66 finished with value: -5025.8564453125 and parameters: {'r_scaling': 0.21312766525950666, 'unroll': 3, 'update_epoch': 13, 'discount': 0.9782218119889529, 'lr': 0.0003929262613591033, 'entropy': 0.026620853084297756}. Best is trial 52 with value: -7166.9111328125.[0m
[32m[I 2022-01-10 19:48:41,034][0m Trial 67 finished with value: -339.1391906738281 and parameters: {'r_scaling': 0.1492584405516096, 'unroll': 2, 'update_epoch': 12, 'discount': 0.9011637946396022, 'lr': 0.0006212925958596403, 'entropy': 0.07124730742483357}. Best is trial 52 with value: -7166.9111328125.[0m
[32m[I 2022-01-10 19:53:02,521][0m Trial 68 finished with value: -4939.9326171875 and parameters: {'r_scaling': 0.29785883963639803, 'unroll': 2, 'update_epoch': 10, 'discount': 0.9698540006224919, 'lr': 0.0002866105997994157, 'entropy': 0.03837599165546937}. Best is trial 52 with value: -7166.9111328125.[0m
[32m[I 2022-01-10 19:57:13,832][0m Trial 69 finished with value: -2775.525390625 and parameters: {'r_scaling': 0.42256457885238535, 'unroll': 4, 'update_epoch': 11, 'discount': 0.9746616957508584, 'lr': 0.00033162921129057846, 'entropy': 0.020202539238772885}. Best is trial 52 with value: -7166.9111328125.[0m
