[32m[I 2022-01-14 16:39:51,810][0m Trial 138 finished with value: 91.26387023925781 and parameters: {'r_scaling': 8.54560100728311, 'unroll': 2, 'update_epoch': 15, 'discount': 0.9666092051065432, 'lr': 0.00010578722879385715, 'entropy': 0.00010015524311169494}. Best is trial 121 with value: -2802.282958984375.[0m
[32m[I 2022-01-14 16:43:40,699][0m Trial 139 finished with value: -2677.343994140625 and parameters: {'r_scaling': 3.1488734723517053, 'unroll': 1, 'update_epoch': 15, 'discount': 0.9872112577948574, 'lr': 0.00012276562751472843, 'entropy': 0.00017637570574507397}. Best is trial 121 with value: -2802.282958984375.[0m
[32m[I 2022-01-14 16:47:00,284][0m Trial 140 finished with value: 110.41410827636719 and parameters: {'r_scaling': 3.5065670945416234, 'unroll': 9, 'update_epoch': 15, 'discount': 0.9742836674510218, 'lr': 0.00013704539450844745, 'entropy': 0.00016662714015949014}. Best is trial 121 with value: -2802.282958984375.[0m
[32m[I 2022-01-14 16:50:39,430][0m Trial 141 finished with value: -2374.33642578125 and parameters: {'r_scaling': 5.92278500659812, 'unroll': 1, 'update_epoch': 15, 'discount': 0.9947855315531334, 'lr': 0.00012343026973362934, 'entropy': 0.00019541299606278597}. Best is trial 121 with value: -2802.282958984375.[0m
[32m[I 2022-01-14 16:54:15,414][0m Trial 142 finished with value: -2232.09228515625 and parameters: {'r_scaling': 5.233057872754097, 'unroll': 1, 'update_epoch': 14, 'discount': 0.9877156626649823, 'lr': 0.00010015028584569647, 'entropy': 0.00012911025592807925}. Best is trial 121 with value: -2802.282958984375.[0m
[32m[I 2022-01-14 16:57:53,763][0m Trial 143 finished with value: -2432.22900390625 and parameters: {'r_scaling': 4.01903291732234, 'unroll': 1, 'update_epoch': 15, 'discount': 0.9924178102508159, 'lr': 0.0001069262674577228, 'entropy': 0.0003482869603607151}. Best is trial 121 with value: -2802.282958984375.[0m
[32m[I 2022-01-14 17:01:12,473][0m Trial 144 finished with value: 105.00765228271484 and parameters: {'r_scaling': 2.731920921200111, 'unroll': 2, 'update_epoch': 14, 'discount': 0.9811085998674186, 'lr': 0.0019304484057534068, 'entropy': 0.00022788778936313955}. Best is trial 121 with value: -2802.282958984375.[0m
[32m[I 2022-01-14 17:04:48,667][0m Trial 145 finished with value: -2750.18310546875 and parameters: {'r_scaling': 3.386931727303752, 'unroll': 1, 'update_epoch': 15, 'discount': 0.975999117627796, 'lr': 0.00011686452904212278, 'entropy': 0.00028321536604125955}. Best is trial 121 with value: -2802.282958984375.[0m
[32m[I 2022-01-14 17:08:25,228][0m Trial 146 finished with value: -2494.56640625 and parameters: {'r_scaling': 1.8494381238951187, 'unroll': 1, 'update_epoch': 15, 'discount': 0.9726480685869633, 'lr': 0.00011390858537122424, 'entropy': 0.00017993260128263712}. Best is trial 121 with value: -2802.282958984375.[0m
[32m[I 2022-01-14 17:11:59,692][0m Trial 147 finished with value: 100.7337646484375 and parameters: {'r_scaling': 3.448075848880105, 'unroll': 2, 'update_epoch': 15, 'discount': 0.9765430647925549, 'lr': 0.00013365693457971457, 'entropy': 0.00045026038031845036}. Best is trial 121 with value: -2802.282958984375.[0m
[32m[I 2022-01-14 17:15:45,657][0m Trial 148 finished with value: -2682.434814453125 and parameters: {'r_scaling': 3.0932227702654873, 'unroll': 1, 'update_epoch': 15, 'discount': 0.968017632063065, 'lr': 0.0001247455074461768, 'entropy': 0.00014605883841488414}. Best is trial 121 with value: -2802.282958984375.[0m
[32m[I 2022-01-14 17:19:55,732][0m Trial 149 finished with value: -2565.14697265625 and parameters: {'r_scaling': 2.963685687223934, 'unroll': 1, 'update_epoch': 15, 'discount': 0.9673205879311334, 'lr': 0.0001068829457450218, 'entropy': 0.0001445840969237841}. Best is trial 121 with value: -2802.282958984375.[0m
[32m[I 2022-01-14 17:23:49,297][0m Trial 150 finished with value: 99.70549774169922 and parameters: {'r_scaling': 6.613027206465972, 'unroll': 2, 'update_epoch': 15, 'discount': 0.9680435086412336, 'lr': 0.0001001301311632314, 'entropy': 0.00014179776703386246}. Best is trial 121 with value: -2802.282958984375.[0m
[32m[I 2022-01-14 17:27:40,731][0m Trial 151 finished with value: -2522.1669921875 and parameters: {'r_scaling': 3.119627258734386, 'unroll': 1, 'update_epoch': 15, 'discount': 0.9689590142409613, 'lr': 0.00010682495538094564, 'entropy': 0.00012060604010782569}. Best is trial 121 with value: -2802.282958984375.[0m
[32m[I 2022-01-14 17:31:33,727][0m Trial 152 finished with value: -2521.845703125 and parameters: {'r_scaling': 2.794554425786861, 'unroll': 1, 'update_epoch': 15, 'discount': 0.9754270359526824, 'lr': 0.00012459495889181993, 'entropy': 0.0001682805751628715}. Best is trial 121 with value: -2802.282958984375.[0m
[32m[I 2022-01-14 17:35:26,056][0m Trial 153 finished with value: -2611.44091796875 and parameters: {'r_scaling': 3.7730599663636144, 'unroll': 1, 'update_epoch': 15, 'discount': 0.9735661789491102, 'lr': 0.00011585225126109524, 'entropy': 0.00019392339118540138}. Best is trial 121 with value: -2802.282958984375.[0m
[32m[I 2022-01-14 17:38:29,830][0m Trial 154 finished with value: -2589.21875 and parameters: {'r_scaling': 4.901066147169677, 'unroll': 1, 'update_epoch': 15, 'discount': 0.9730736036327435, 'lr': 0.00011012915765796496, 'entropy': 0.00020729196118806956}. Best is trial 121 with value: -2802.282958984375.[0m
[32m[I 2022-01-14 17:42:45,228][0m Trial 155 finished with value: 103.15290832519531 and parameters: {'r_scaling': 5.01280798870939, 'unroll': 2, 'update_epoch': 15, 'discount': 0.9728626725083543, 'lr': 0.00011761949582325431, 'entropy': 0.00021588825981190717}. Best is trial 121 with value: -2802.282958984375.[0m
[32m[I 2022-01-14 17:47:05,384][0m Trial 156 finished with value: -2380.12548828125 and parameters: {'r_scaling': 3.928131040934509, 'unroll': 1, 'update_epoch': 14, 'discount': 0.9759406040358823, 'lr': 0.00012729703531755434, 'entropy': 0.00025894883761432496}. Best is trial 121 with value: -2802.282958984375.[0m
[32m[I 2022-01-14 17:51:23,219][0m Trial 157 finished with value: -2694.4111328125 and parameters: {'r_scaling': 4.595456564879785, 'unroll': 1, 'update_epoch': 15, 'discount': 0.9733090983774343, 'lr': 0.00011341291733698311, 'entropy': 0.0002057355056881277}. Best is trial 121 with value: -2802.282958984375.[0m
[32m[I 2022-01-14 17:55:20,865][0m Trial 158 finished with value: -2499.151611328125 and parameters: {'r_scaling': 2.171123626085577, 'unroll': 1, 'update_epoch': 14, 'discount': 0.9785288791368855, 'lr': 0.00011041087045164251, 'entropy': 0.00022219793787373957}. Best is trial 121 with value: -2802.282958984375.[0m
[32m[I 2022-01-14 17:59:29,687][0m Trial 159 finished with value: 105.32527160644531 and parameters: {'r_scaling': 9.983968642907657, 'unroll': 2, 'update_epoch': 15, 'discount': 0.9804120682376063, 'lr': 0.00012244301090198674, 'entropy': 0.00015484163072575953}. Best is trial 121 with value: -2802.282958984375.[0m
[32m[I 2022-01-14 18:03:52,738][0m Trial 160 finished with value: -2513.48193359375 and parameters: {'r_scaling': 5.590491369584743, 'unroll': 1, 'update_epoch': 14, 'discount': 0.9710021044032779, 'lr': 0.00010591766635534065, 'entropy': 0.00011506005386499845}. Best is trial 121 with value: -2802.282958984375.[0m
[32m[I 2022-01-14 18:07:53,002][0m Trial 161 finished with value: -2752.066162109375 and parameters: {'r_scaling': 4.452486669164169, 'unroll': 1, 'update_epoch': 15, 'discount': 0.9742718385826331, 'lr': 0.00011467343655684938, 'entropy': 0.0002022868645706587}. Best is trial 121 with value: -2802.282958984375.[0m
[32m[I 2022-01-14 18:11:41,370][0m Trial 162 finished with value: -2591.693359375 and parameters: {'r_scaling': 7.133010525755455, 'unroll': 1, 'update_epoch': 15, 'discount': 0.9749524242549981, 'lr': 0.00010014065952999527, 'entropy': 0.0002610524622526574}. Best is trial 121 with value: -2802.282958984375.[0m
[32m[I 2022-01-14 18:15:36,624][0m Trial 163 finished with value: -2743.4013671875 and parameters: {'r_scaling': 2.5619289623259123, 'unroll': 1, 'update_epoch': 15, 'discount': 0.9774395538468614, 'lr': 0.0001344606345243808, 'entropy': 0.00029228488224188043}. Best is trial 121 with value: -2802.282958984375.[0m
[32m[I 2022-01-14 18:19:22,536][0m Trial 164 finished with value: -2349.001953125 and parameters: {'r_scaling': 3.5901801229872015, 'unroll': 1, 'update_epoch': 15, 'discount': 0.9786618354419109, 'lr': 0.0001335332946616565, 'entropy': 0.0003108221132303313}. Best is trial 121 with value: -2802.282958984375.[0m
[32m[I 2022-01-14 18:23:17,848][0m Trial 165 finished with value: 105.74793243408203 and parameters: {'r_scaling': 2.438630750001743, 'unroll': 2, 'update_epoch': 14, 'discount': 0.9831592537144088, 'lr': 0.00011991488541938937, 'entropy': 0.00013721901824013315}. Best is trial 121 with value: -2802.282958984375.[0m
[32m[I 2022-01-14 18:27:14,178][0m Trial 166 finished with value: 106.36231231689453 and parameters: {'r_scaling': 2.51126175799204, 'unroll': 12, 'update_epoch': 15, 'discount': 0.980145741276935, 'lr': 0.0001287946247831676, 'entropy': 0.00023305791138234514}. Best is trial 121 with value: -2802.282958984375.[0m
[32m[I 2022-01-14 18:31:13,340][0m Trial 167 finished with value: -2232.66650390625 and parameters: {'r_scaling': 2.059052973918833, 'unroll': 1, 'update_epoch': 14, 'discount': 0.976876310845366, 'lr': 0.00014983418725450544, 'entropy': 0.00017242802268108755}. Best is trial 121 with value: -2802.282958984375.[0m
[32m[I 2022-01-14 18:34:58,756][0m Trial 168 finished with value: -2720.84228515625 and parameters: {'r_scaling': 3.9438565402710855, 'unroll': 1, 'update_epoch': 15, 'discount': 0.9825549640476848, 'lr': 0.00011261475893178954, 'entropy': 0.0003679757506226214}. Best is trial 121 with value: -2802.282958984375.[0m
[32m[I 2022-01-14 18:38:52,987][0m Trial 169 finished with value: -2498.7705078125 and parameters: {'r_scaling': 3.7778605012092297, 'unroll': 1, 'update_epoch': 15, 'discount': 0.9853086944096818, 'lr': 0.00011888869568993565, 'entropy': 0.0003661405616789962}. Best is trial 121 with value: -2802.282958984375.[0m
[32m[I 2022-01-14 18:42:43,186][0m Trial 170 finished with value: -2619.1015625 and parameters: {'r_scaling': 2.8968224219664243, 'unroll': 1, 'update_epoch': 15, 'discount': 0.9867791276581518, 'lr': 0.0001400077265088655, 'entropy': 0.00029330744880241844}. Best is trial 121 with value: -2802.282958984375.[0m
[32m[I 2022-01-14 18:46:10,781][0m Trial 171 finished with value: -2639.083984375 and parameters: {'r_scaling': 4.614830204966197, 'unroll': 1, 'update_epoch': 15, 'discount': 0.9820783022509385, 'lr': 0.00013860450591099386, 'entropy': 0.0003055201526279475}. Best is trial 121 with value: -2802.282958984375.[0m
[32m[I 2022-01-14 18:50:21,322][0m Trial 172 finished with value: -2690.9365234375 and parameters: {'r_scaling': 4.58104065789682, 'unroll': 1, 'update_epoch': 15, 'discount': 0.9862701450238607, 'lr': 0.00013649116356065946, 'entropy': 0.0003027225918053673}. Best is trial 121 with value: -2802.282958984375.[0m
[32m[I 2022-01-14 18:54:20,926][0m Trial 173 finished with value: -2677.78125 and parameters: {'r_scaling': 4.614448489677272, 'unroll': 1, 'update_epoch': 15, 'discount': 0.9828581673608839, 'lr': 0.00013209887170359565, 'entropy': 0.00042599005019441796}. Best is trial 121 with value: -2802.282958984375.[0m
[32m[I 2022-01-14 18:58:27,429][0m Trial 174 finished with value: 105.55138397216797 and parameters: {'r_scaling': 4.608185768758718, 'unroll': 2, 'update_epoch': 15, 'discount': 0.9852467527454636, 'lr': 0.0001353813484753473, 'entropy': 0.00042350119163461845}. Best is trial 121 with value: -2802.282958984375.[0m
[32m[I 2022-01-14 19:02:17,873][0m Trial 175 finished with value: -2282.87060546875 and parameters: {'r_scaling': 5.877891374467627, 'unroll': 1, 'update_epoch': 15, 'discount': 0.9892092129495239, 'lr': 0.00015170441602248687, 'entropy': 0.0003300552455951092}. Best is trial 121 with value: -2802.282958984375.[0m
[32m[I 2022-01-14 19:06:04,180][0m Trial 176 finished with value: -2476.973388671875 and parameters: {'r_scaling': 8.355334275888445, 'unroll': 1, 'update_epoch': 15, 'discount': 0.9830715298928139, 'lr': 0.00013287995531984528, 'entropy': 0.00037646829673484907}. Best is trial 121 with value: -2802.282958984375.[0m
[32m[I 2022-01-14 19:09:53,738][0m Trial 177 finished with value: 104.7684555053711 and parameters: {'r_scaling': 5.131669019679121, 'unroll': 14, 'update_epoch': 15, 'discount': 0.9833896243334582, 'lr': 0.00012934990830233554, 'entropy': 0.0002794564565169868}. Best is trial 121 with value: -2802.282958984375.[0m
[32m[I 2022-01-14 19:13:43,622][0m Trial 178 finished with value: 100.82752227783203 and parameters: {'r_scaling': 4.436562815810349, 'unroll': 2, 'update_epoch': 15, 'discount': 0.9862935736623423, 'lr': 0.0004951461924618233, 'entropy': 0.00033111255323459507}. Best is trial 121 with value: -2802.282958984375.[0m
[32m[I 2022-01-14 19:17:42,979][0m Trial 179 finished with value: -2694.30419921875 and parameters: {'r_scaling': 7.014110134270766, 'unroll': 1, 'update_epoch': 15, 'discount': 0.9814360973647651, 'lr': 0.00014159600345137776, 'entropy': 0.0006313172247415453}. Best is trial 121 with value: -2802.282958984375.[0m
[32m[I 2022-01-14 19:21:37,756][0m Trial 180 finished with value: 101.86451721191406 and parameters: {'r_scaling': 7.652683415722474, 'unroll': 2, 'update_epoch': 14, 'discount': 0.9814872900395407, 'lr': 0.00012446453441634732, 'entropy': 0.00045425145919867894}. Best is trial 121 with value: -2802.282958984375.[0m
[32m[I 2022-01-14 19:25:45,973][0m Trial 181 finished with value: -2706.45654296875 and parameters: {'r_scaling': 5.957231810280386, 'unroll': 1, 'update_epoch': 15, 'discount': 0.9821503604616656, 'lr': 0.00014238384837536315, 'entropy': 0.000530896883245475}. Best is trial 121 with value: -2802.282958984375.[0m
[32m[I 2022-01-14 19:29:46,496][0m Trial 182 finished with value: 95.7385482788086 and parameters: {'r_scaling': 5.197646278089869, 'unroll': 6, 'update_epoch': 15, 'discount': 0.962436066923836, 'lr': 0.0001588890048878122, 'entropy': 0.0006024144491586202}. Best is trial 121 with value: -2802.282958984375.[0m
[32m[I 2022-01-14 19:34:07,200][0m Trial 183 finished with value: -2765.282470703125 and parameters: {'r_scaling': 6.767566583556579, 'unroll': 1, 'update_epoch': 15, 'discount': 0.9791116032584946, 'lr': 0.00014668630274983745, 'entropy': 0.00052586339009942}. Best is trial 121 with value: -2802.282958984375.[0m
[32m[I 2022-01-14 19:37:18,744][0m Trial 184 finished with value: -2469.56884765625 and parameters: {'r_scaling': 6.858019766669682, 'unroll': 1, 'update_epoch': 15, 'discount': 0.9844544731165992, 'lr': 0.00014686179940970873, 'entropy': 0.0004989873171213061}. Best is trial 121 with value: -2802.282958984375.[0m
[32m[I 2022-01-14 19:41:27,338][0m Trial 185 finished with value: -2390.29150390625 and parameters: {'r_scaling': 6.239378713229865, 'unroll': 1, 'update_epoch': 15, 'discount': 0.9771091397535161, 'lr': 0.00014381508157029643, 'entropy': 0.0006127583021343268}. Best is trial 121 with value: -2802.282958984375.[0m
[32m[I 2022-01-14 19:45:29,517][0m Trial 186 finished with value: -2688.2109375 and parameters: {'r_scaling': 9.505348463291138, 'unroll': 1, 'update_epoch': 15, 'discount': 0.9873674746423935, 'lr': 0.0001547053181626476, 'entropy': 0.00041039537967412453}. Best is trial 121 with value: -2802.282958984375.[0m
[32m[I 2022-01-14 19:49:31,872][0m Trial 187 finished with value: -2452.02490234375 and parameters: {'r_scaling': 12.731931669331527, 'unroll': 1, 'update_epoch': 15, 'discount': 0.9877683606176934, 'lr': 0.0001370093375299218, 'entropy': 0.0004113102579863531}. Best is trial 121 with value: -2802.282958984375.[0m
[32m[I 2022-01-14 19:53:30,392][0m Trial 188 finished with value: -2745.7373046875 and parameters: {'r_scaling': 8.8068551438721, 'unroll': 1, 'update_epoch': 15, 'discount': 0.9815183766280506, 'lr': 0.0001450749803296342, 'entropy': 0.0007686122752577739}. Best is trial 121 with value: -2802.282958984375.[0m
[32m[I 2022-01-14 19:56:23,431][0m Trial 189 finished with value: 98.92625427246094 and parameters: {'r_scaling': 9.715240429495577, 'unroll': 2, 'update_epoch': 15, 'discount': 0.9810670442517759, 'lr': 0.0001552945334725663, 'entropy': 0.0005859284999667251}. Best is trial 121 with value: -2802.282958984375.[0m
[32m[I 2022-01-14 20:00:23,891][0m Trial 190 finished with value: -2272.739501953125 and parameters: {'r_scaling': 13.347649446431946, 'unroll': 1, 'update_epoch': 15, 'discount': 0.9787904542740299, 'lr': 0.000163078669062569, 'entropy': 0.0007543835261579882}. Best is trial 121 with value: -2802.282958984375.[0m
[32m[I 2022-01-14 20:04:20,207][0m Trial 191 finished with value: -2816.24072265625 and parameters: {'r_scaling': 8.791749701070438, 'unroll': 1, 'update_epoch': 15, 'discount': 0.9894701979157229, 'lr': 0.00014859840506064386, 'entropy': 0.00048095604979545573}. Best is trial 191 with value: -2816.24072265625.[0m
[32m[I 2022-01-14 20:08:16,932][0m Trial 192 finished with value: -2440.19775390625 and parameters: {'r_scaling': 8.052751624576409, 'unroll': 1, 'update_epoch': 15, 'discount': 0.982795575653287, 'lr': 0.00014990074883730652, 'entropy': 0.0004713753493234784}. Best is trial 191 with value: -2816.24072265625.[0m
[32m[I 2022-01-14 20:12:12,527][0m Trial 193 finished with value: -2611.8310546875 and parameters: {'r_scaling': 9.433606699812, 'unroll': 1, 'update_epoch': 15, 'discount': 0.9864562678543002, 'lr': 0.00014299356969404574, 'entropy': 0.0005361258737012715}. Best is trial 191 with value: -2816.24072265625.[0m
[32m[I 2022-01-14 20:15:34,849][0m Trial 194 finished with value: -2359.640625 and parameters: {'r_scaling': 10.563613720370892, 'unroll': 1, 'update_epoch': 15, 'discount': 0.9897556963166629, 'lr': 0.00015551079557269014, 'entropy': 0.0007161497920237471}. Best is trial 191 with value: -2816.24072265625.[0m
[32m[I 2022-01-14 20:19:34,351][0m Trial 195 finished with value: -2488.258544921875 and parameters: {'r_scaling': 5.711611626842279, 'unroll': 1, 'update_epoch': 15, 'discount': 0.9844302101512189, 'lr': 0.00012682591737910614, 'entropy': 0.0003773134013742569}. Best is trial 191 with value: -2816.24072265625.[0m
[32m[I 2022-01-14 20:23:29,066][0m Trial 196 finished with value: -2828.781982421875 and parameters: {'r_scaling': 6.697746930281283, 'unroll': 1, 'update_epoch': 15, 'discount': 0.9751254486487614, 'lr': 0.00014395564027957643, 'entropy': 0.0005237038494269854}. Best is trial 196 with value: -2828.781982421875.[0m
[32m[I 2022-01-14 20:27:16,286][0m Trial 197 finished with value: -1071.0946044921875 and parameters: {'r_scaling': 7.770963775336018, 'unroll': 1, 'update_epoch': 2, 'discount': 0.9807508378187335, 'lr': 0.00017210038404211076, 'entropy': 0.0005163790087480083}. Best is trial 196 with value: -2828.781982421875.[0m
[32m[I 2022-01-14 20:31:16,961][0m Trial 198 finished with value: -2710.37646484375 and parameters: {'r_scaling': 8.844257913532658, 'unroll': 1, 'update_epoch': 15, 'discount': 0.976153860411458, 'lr': 0.00014687676598628633, 'entropy': 0.000694331838630326}. Best is trial 196 with value: -2828.781982421875.[0m
[32m[I 2022-01-14 20:34:09,855][0m Trial 199 finished with value: 97.26985168457031 and parameters: {'r_scaling': 14.19263539123474, 'unroll': 2, 'update_epoch': 15, 'discount': 0.9757979762855895, 'lr': 0.00014626329172883504, 'entropy': 0.000623987588248359}. Best is trial 196 with value: -2828.781982421875.[0m
