[32m[I 2022-01-15 17:17:05,739][0m A new study created in memory with name: no-name-31ddf281-1e0d-4b5b-a681-11c19da2848a[0m
[32m[I 2022-01-15 17:19:49,550][0m Trial 0 finished with value: 95.86217498779297 and parameters: {'r_scaling': 0.14963184874672522, 'unroll': 7, 'update_epoch': 15, 'discount': 0.9818646000201566, 'lr': 0.00032004152188545924, 'entropy': 0.005964772473628211}. Best is trial 0 with value: 95.86217498779297.[0m
[32m[I 2022-01-15 17:22:51,997][0m Trial 1 finished with value: 97.04842376708984 and parameters: {'r_scaling': 68.75482066463162, 'unroll': 12, 'update_epoch': 11, 'discount': 0.9100876084895383, 'lr': 0.0013856867733082624, 'entropy': 0.0038103700578796963}. Best is trial 0 with value: 95.86217498779297.[0m
[32m[I 2022-01-15 17:25:31,444][0m Trial 2 finished with value: 98.85588073730469 and parameters: {'r_scaling': 24.39401158626444, 'unroll': 5, 'update_epoch': 9, 'discount': 0.9169286861730787, 'lr': 0.0001242158286221511, 'entropy': 0.0004992804320972964}. Best is trial 0 with value: 95.86217498779297.[0m
[32m[I 2022-01-15 17:28:40,467][0m Trial 3 finished with value: 97.76764678955078 and parameters: {'r_scaling': 0.2326648758967711, 'unroll': 9, 'update_epoch': 3, 'discount': 0.9562590267026487, 'lr': 0.00014809636463735914, 'entropy': 0.001084352135164985}. Best is trial 0 with value: 95.86217498779297.[0m
[32m[I 2022-01-15 17:31:50,484][0m Trial 4 finished with value: 107.07913208007812 and parameters: {'r_scaling': 0.09370548761265358, 'unroll': 2, 'update_epoch': 5, 'discount': 0.9652442841604418, 'lr': 0.0005335952139071433, 'entropy': 0.06972237952486515}. Best is trial 0 with value: 95.86217498779297.[0m
[32m[I 2022-01-15 17:35:03,438][0m Trial 5 finished with value: 101.25191497802734 and parameters: {'r_scaling': 0.08222759728258841, 'unroll': 9, 'update_epoch': 8, 'discount': 0.9607480190722094, 'lr': 0.00013021218975417967, 'entropy': 0.0032069775958028456}. Best is trial 0 with value: 95.86217498779297.[0m
[32m[I 2022-01-15 17:38:15,179][0m Trial 6 finished with value: 105.32353973388672 and parameters: {'r_scaling': 39.519025447670934, 'unroll': 11, 'update_epoch': 9, 'discount': 0.9787736648771922, 'lr': 0.0007462846789721987, 'entropy': 0.0011185472693467661}. Best is trial 0 with value: 95.86217498779297.[0m
[32m[I 2022-01-15 17:41:30,042][0m Trial 7 finished with value: 101.74685668945312 and parameters: {'r_scaling': 0.953583741561995, 'unroll': 9, 'update_epoch': 10, 'discount': 0.959854330691792, 'lr': 0.00030885675873946415, 'entropy': 0.009296410586251703}. Best is trial 0 with value: 95.86217498779297.[0m
[32m[I 2022-01-15 17:44:48,037][0m Trial 8 finished with value: 104.19219207763672 and parameters: {'r_scaling': 0.4610607742114725, 'unroll': 3, 'update_epoch': 12, 'discount': 0.9889966014166657, 'lr': 0.0006521848027687126, 'entropy': 0.005509820590938249}. Best is trial 0 with value: 95.86217498779297.[0m
[32m[I 2022-01-15 17:48:08,440][0m Trial 9 finished with value: 105.11465454101562 and parameters: {'r_scaling': 3.079282809587033, 'unroll': 15, 'update_epoch': 11, 'discount': 0.9065238466582574, 'lr': 0.0013796590357426385, 'entropy': 0.0013056710368320177}. Best is trial 0 with value: 95.86217498779297.[0m
[32m[I 2022-01-15 17:51:28,684][0m Trial 10 finished with value: 95.74079895019531 and parameters: {'r_scaling': 5.951434744791899, 'unroll': 6, 'update_epoch': 15, 'discount': 0.9323271410725946, 'lr': 0.00026967160879000563, 'entropy': 0.00012542909391042198}. Best is trial 10 with value: 95.74079895019531.[0m
[32m[I 2022-01-15 17:54:45,530][0m Trial 11 finished with value: 101.53099060058594 and parameters: {'r_scaling': 4.18246272461363, 'unroll': 6, 'update_epoch': 15, 'discount': 0.9322322266949286, 'lr': 0.0002698094767081271, 'entropy': 0.00011238048209733625}. Best is trial 10 with value: 95.74079895019531.[0m
[32m[I 2022-01-15 17:57:37,692][0m Trial 12 finished with value: 100.24342346191406 and parameters: {'r_scaling': 7.95530411139012, 'unroll': 6, 'update_epoch': 15, 'discount': 0.9343971801666692, 'lr': 0.0002875064083121984, 'entropy': 0.018363484563910955}. Best is trial 10 with value: 95.74079895019531.[0m
[32m[I 2022-01-15 18:00:29,896][0m Trial 13 finished with value: 99.815673828125 and parameters: {'r_scaling': 1.3412641279360968, 'unroll': 4, 'update_epoch': 13, 'discount': 0.9381473720934135, 'lr': 0.00022674685739054357, 'entropy': 0.0003205089070397119}. Best is trial 10 with value: 95.74079895019531.[0m
[32m[I 2022-01-15 18:03:48,422][0m Trial 14 finished with value: 106.75054168701172 and parameters: {'r_scaling': 11.721247675416503, 'unroll': 1, 'update_epoch': 14, 'discount': 0.9222285610506755, 'lr': 0.0004115067310686439, 'entropy': 0.027584892285530096}. Best is trial 10 with value: 95.74079895019531.[0m
[32m[I 2022-01-15 18:07:07,607][0m Trial 15 finished with value: 106.78358459472656 and parameters: {'r_scaling': 1.5684318870540124, 'unroll': 6, 'update_epoch': 6, 'discount': 0.9468804746125772, 'lr': 0.00018870241689250485, 'entropy': 0.00013039150806119177}. Best is trial 10 with value: 95.74079895019531.[0m
[32m[I 2022-01-15 18:10:24,503][0m Trial 16 finished with value: 95.36032104492188 and parameters: {'r_scaling': 175.68255093226372, 'unroll': 7, 'update_epoch': 13, 'discount': 0.9944401757607033, 'lr': 0.00039211400141854805, 'entropy': 0.013773923464530248}. Best is trial 16 with value: 95.36032104492188.[0m
[32m[I 2022-01-15 18:13:44,102][0m Trial 17 finished with value: 96.5210952758789 and parameters: {'r_scaling': 115.64960069465747, 'unroll': 11, 'update_epoch': 13, 'discount': 0.9716361463898258, 'lr': 0.0010207224517972604, 'entropy': 0.06216100841121753}. Best is trial 16 with value: 95.36032104492188.[0m
[32m[I 2022-01-15 18:16:36,610][0m Trial 18 finished with value: 100.49791717529297 and parameters: {'r_scaling': 197.931441135382, 'unroll': 4, 'update_epoch': 13, 'discount': 0.9471423320683268, 'lr': 0.0004741210719404918, 'entropy': 0.016068701877946328}. Best is trial 16 with value: 95.36032104492188.[0m
[32m[I 2022-01-15 18:19:53,435][0m Trial 19 finished with value: 102.01646423339844 and parameters: {'r_scaling': 14.622379128920208, 'unroll': 8, 'update_epoch': 2, 'discount': 0.923813009789177, 'lr': 0.0001992256976384501, 'entropy': 0.00029516579163416085}. Best is trial 16 with value: 95.36032104492188.[0m
[32m[I 2022-01-15 18:23:13,806][0m Trial 20 finished with value: 97.65132141113281 and parameters: {'r_scaling': 49.16335142828049, 'unroll': 14, 'update_epoch': 6, 'discount': 0.9908698535425405, 'lr': 0.0003755769632398671, 'entropy': 0.002079054326520242}. Best is trial 16 with value: 95.36032104492188.[0m
[32m[I 2022-01-15 18:26:32,293][0m Trial 21 finished with value: 102.48930358886719 and parameters: {'r_scaling': 0.33211447333923355, 'unroll': 7, 'update_epoch': 15, 'discount': 0.9826799655978338, 'lr': 0.0003167168071837795, 'entropy': 0.008459660740712516}. Best is trial 16 with value: 95.36032104492188.[0m
[32m[I 2022-01-15 18:29:51,744][0m Trial 22 finished with value: 101.70098876953125 and parameters: {'r_scaling': 3.9241857631787376, 'unroll': 8, 'update_epoch': 14, 'discount': 0.9939145090000964, 'lr': 0.0005862709965471312, 'entropy': 0.030266031927757557}. Best is trial 16 with value: 95.36032104492188.[0m
[32m[I 2022-01-15 18:33:07,862][0m Trial 23 finished with value: 105.56916809082031 and parameters: {'r_scaling': 0.18570861561952395, 'unroll': 7, 'update_epoch': 12, 'discount': 0.9749188264644558, 'lr': 0.0009111996559067435, 'entropy': 0.007799121038415813}. Best is trial 16 with value: 95.36032104492188.[0m
[32m[I 2022-01-15 18:36:27,286][0m Trial 24 finished with value: 105.2274398803711 and parameters: {'r_scaling': 0.05157665770576746, 'unroll': 4, 'update_epoch': 14, 'discount': 0.9844073662217151, 'lr': 0.00010238172929954111, 'entropy': 0.01353897860158811}. Best is trial 16 with value: 95.36032104492188.[0m
[32m[I 2022-01-15 18:39:43,976][0m Trial 25 finished with value: 96.14676666259766 and parameters: {'r_scaling': 0.6188013214837428, 'unroll': 10, 'update_epoch': 15, 'discount': 0.9710088855515202, 'lr': 0.0019801122288152237, 'entropy': 0.0398927232144637}. Best is trial 16 with value: 95.36032104492188.[0m
[32m[I 2022-01-15 18:43:03,568][0m Trial 26 finished with value: 101.7741470336914 and parameters: {'r_scaling': 25.34835829535977, 'unroll': 7, 'update_epoch': 12, 'discount': 0.9528602645597704, 'lr': 0.00038427512686906826, 'entropy': 0.0020494503934121527}. Best is trial 16 with value: 95.36032104492188.[0m
[32m[I 2022-01-15 18:46:13,055][0m Trial 27 finished with value: 97.10075378417969 and parameters: {'r_scaling': 2.483863348724861, 'unroll': 5, 'update_epoch': 14, 'discount': 0.9420395497895167, 'lr': 0.00017394373905754143, 'entropy': 0.005432429594315066}. Best is trial 16 with value: 95.36032104492188.[0m
[32m[I 2022-01-15 18:49:35,191][0m Trial 28 finished with value: 97.02410888671875 and parameters: {'r_scaling': 6.585533962505028, 'unroll': 7, 'update_epoch': 11, 'discount': 0.9291152565012408, 'lr': 0.00023106438068049468, 'entropy': 0.0005953353537258158}. Best is trial 16 with value: 95.36032104492188.[0m
[32m[I 2022-01-15 18:52:51,953][0m Trial 29 finished with value: 108.22051239013672 and parameters: {'r_scaling': 84.79859058283037, 'unroll': 12, 'update_epoch': 10, 'discount': 0.901771329531423, 'lr': 0.00035769517495968394, 'entropy': 0.0046648764312536405}. Best is trial 16 with value: 95.36032104492188.[0m
[32m[I 2022-01-15 18:56:13,182][0m Trial 30 finished with value: 101.58045196533203 and parameters: {'r_scaling': 132.75695586827166, 'unroll': 5, 'update_epoch': 12, 'discount': 0.914219758985964, 'lr': 0.0004779979092101639, 'entropy': 0.002230146909871089}. Best is trial 16 with value: 95.36032104492188.[0m
[32m[I 2022-01-15 18:59:04,266][0m Trial 31 finished with value: 96.346435546875 and parameters: {'r_scaling': 0.6722811550601923, 'unroll': 10, 'update_epoch': 15, 'discount': 0.9704774727673148, 'lr': 0.0019017250169956225, 'entropy': 0.028993624697790946}. Best is trial 16 with value: 95.36032104492188.[0m
[32m[I 2022-01-15 19:02:23,591][0m Trial 32 finished with value: 96.14635467529297 and parameters: {'r_scaling': 0.1475695541258462, 'unroll': 10, 'update_epoch': 15, 'discount': 0.9857807737633378, 'lr': 0.0019611049364550294, 'entropy': 0.0432767816116381}. Best is trial 16 with value: 95.36032104492188.[0m
[32m[I 2022-01-15 19:05:45,791][0m Trial 33 finished with value: 99.20243072509766 and parameters: {'r_scaling': 0.14539237841624328, 'unroll': 13, 'update_epoch': 14, 'discount': 0.9862139351268188, 'lr': 0.00024557548104041344, 'entropy': 0.09092210735544247}. Best is trial 16 with value: 95.36032104492188.[0m
[32m[I 2022-01-15 19:09:03,344][0m Trial 34 finished with value: 94.75520324707031 and parameters: {'r_scaling': 0.28707172689222415, 'unroll': 8, 'update_epoch': 13, 'discount': 0.9803799836509374, 'lr': 0.0007451647943132901, 'entropy': 0.04875676981150044}. Best is trial 34 with value: 94.75520324707031.[0m
[32m[I 2022-01-15 19:12:24,759][0m Trial 35 finished with value: 104.96678161621094 and parameters: {'r_scaling': 0.29190034046579805, 'unroll': 8, 'update_epoch': 13, 'discount': 0.9948294214387091, 'lr': 0.0010270655712995872, 'entropy': 0.012503720857611431}. Best is trial 34 with value: 94.75520324707031.[0m
[32m[I 2022-01-15 19:15:43,352][0m Trial 36 finished with value: 101.82614135742188 and parameters: {'r_scaling': 0.07083724139729619, 'unroll': 6, 'update_epoch': 11, 'discount': 0.9791519319298614, 'lr': 0.0007863446152561974, 'entropy': 0.0033930269077962357}. Best is trial 34 with value: 94.75520324707031.[0m
[32m[I 2022-01-15 19:19:00,425][0m Trial 37 finished with value: 96.82933044433594 and parameters: {'r_scaling': 0.10654926758650547, 'unroll': 9, 'update_epoch': 9, 'discount': 0.9669763043691161, 'lr': 0.0005335656603004584, 'entropy': 0.0006806435393600955}. Best is trial 34 with value: 94.75520324707031.[0m
[32m[I 2022-01-15 19:22:18,360][0m Trial 38 finished with value: 100.07455444335938 and parameters: {'r_scaling': 23.577577150464798, 'unroll': 8, 'update_epoch': 13, 'discount': 0.9798324627725093, 'lr': 0.00016215108992680184, 'entropy': 0.022085759406546383}. Best is trial 34 with value: 94.75520324707031.[0m
[32m[I 2022-01-15 19:25:35,141][0m Trial 39 finished with value: 99.29173278808594 and parameters: {'r_scaling': 0.4196219004885223, 'unroll': 5, 'update_epoch': 4, 'discount': 0.9535372035583581, 'lr': 0.0006906938316214705, 'entropy': 0.048199304598644334}. Best is trial 34 with value: 94.75520324707031.[0m
[32m[I 2022-01-15 19:28:50,759][0m Trial 40 finished with value: 109.19528198242188 and parameters: {'r_scaling': 1.889417479729893, 'unroll': 9, 'update_epoch': 8, 'discount': 0.9760940480928255, 'lr': 0.000333702645059311, 'entropy': 0.011011480983252128}. Best is trial 34 with value: 94.75520324707031.[0m
[32m[I 2022-01-15 19:32:12,255][0m Trial 41 finished with value: 106.54888916015625 and parameters: {'r_scaling': 0.1384858668849237, 'unroll': 10, 'update_epoch': 15, 'discount': 0.988475442681296, 'lr': 0.0015737643744483142, 'entropy': 0.05791783708406424}. Best is trial 34 with value: 94.75520324707031.[0m
[32m[I 2022-01-15 19:35:29,143][0m Trial 42 finished with value: 103.7178726196289 and parameters: {'r_scaling': 0.22155620761846248, 'unroll': 9, 'update_epoch': 14, 'discount': 0.985065161797618, 'lr': 0.0013401802354864507, 'entropy': 0.0923066902223594}. Best is trial 34 with value: 94.75520324707031.[0m
[32m[I 2022-01-15 19:38:48,282][0m Trial 43 finished with value: 110.7327651977539 and parameters: {'r_scaling': 0.8736492423869727, 'unroll': 11, 'update_epoch': 15, 'discount': 0.961740478826899, 'lr': 0.0004307633280489739, 'entropy': 0.03930065063742089}. Best is trial 34 with value: 94.75520324707031.[0m
[32m[I 2022-01-15 19:42:07,146][0m Trial 44 finished with value: 105.22781372070312 and parameters: {'r_scaling': 0.06965428297241064, 'unroll': 7, 'update_epoch': 13, 'discount': 0.9908349384122, 'lr': 0.00013526421112383124, 'entropy': 0.0069678562450141285}. Best is trial 34 with value: 94.75520324707031.[0m
[32m[I 2022-01-15 19:45:23,830][0m Trial 45 finished with value: 99.13375854492188 and parameters: {'r_scaling': 0.14619125157624752, 'unroll': 3, 'update_epoch': 14, 'discount': 0.9807253065116754, 'lr': 0.00026818450975539456, 'entropy': 0.00022583105653798936}. Best is trial 34 with value: 94.75520324707031.[0m
[32m[I 2022-01-15 19:48:43,810][0m Trial 46 finished with value: 99.39920043945312 and parameters: {'r_scaling': 0.300129387493481, 'unroll': 6, 'update_epoch': 12, 'discount': 0.9751653420332519, 'lr': 0.0005476187273705077, 'entropy': 0.02079248885432425}. Best is trial 34 with value: 94.75520324707031.[0m
[32m[I 2022-01-15 19:52:04,596][0m Trial 47 finished with value: 97.08366394042969 and parameters: {'r_scaling': 0.1029628327374566, 'unroll': 8, 'update_epoch': 10, 'discount': 0.9654290445253467, 'lr': 0.0011333430842871753, 'entropy': 0.0013689988951530291}. Best is trial 34 with value: 94.75520324707031.[0m
[32m[I 2022-01-15 19:55:23,301][0m Trial 48 finished with value: 95.86836242675781 and parameters: {'r_scaling': 0.055516736525416215, 'unroll': 10, 'update_epoch': 7, 'discount': 0.9241370401591072, 'lr': 0.0002004102295882046, 'entropy': 0.04079999874056627}. Best is trial 34 with value: 94.75520324707031.[0m
[32m[I 2022-01-15 19:58:43,076][0m Trial 49 finished with value: 98.77531433105469 and parameters: {'r_scaling': 0.05413666176424345, 'unroll': 6, 'update_epoch': 7, 'discount': 0.9248636139245417, 'lr': 0.00021317153029419493, 'entropy': 0.015298698740243498}. Best is trial 34 with value: 94.75520324707031.[0m
[32m[I 2022-01-15 20:02:00,762][0m Trial 50 finished with value: 103.07119750976562 and parameters: {'r_scaling': 1.045866271701485, 'unroll': 12, 'update_epoch': 7, 'discount': 0.9185603523761108, 'lr': 0.0002828020503346632, 'entropy': 0.022792915515982302}. Best is trial 34 with value: 94.75520324707031.[0m
[32m[I 2022-01-15 20:05:23,165][0m Trial 51 finished with value: 99.71477508544922 and parameters: {'r_scaling': 0.08417223223871466, 'unroll': 10, 'update_epoch': 1, 'discount': 0.9319886688390391, 'lr': 0.0003407869869664595, 'entropy': 0.0723636350646459}. Best is trial 34 with value: 94.75520324707031.[0m
[32m[I 2022-01-15 20:08:36,688][0m Trial 52 finished with value: 106.93057250976562 and parameters: {'r_scaling': 0.17041367906068616, 'unroll': 8, 'update_epoch': 8, 'discount': 0.9406190887422804, 'lr': 0.0002564606311055267, 'entropy': 0.04232351945959277}. Best is trial 34 with value: 94.75520324707031.[0m
[32m[I 2022-01-15 20:11:53,983][0m Trial 53 finished with value: 105.75727844238281 and parameters: {'r_scaling': 0.10763056230327564, 'unroll': 11, 'update_epoch': 5, 'discount': 0.9118558410018104, 'lr': 0.0002933875041309941, 'entropy': 0.03336211672075982}. Best is trial 34 with value: 94.75520324707031.[0m
[32m[I 2022-01-15 20:15:09,081][0m Trial 54 finished with value: 97.08592987060547 and parameters: {'r_scaling': 6.273720898019906, 'unroll': 9, 'update_epoch': 15, 'discount': 0.9285722234055935, 'lr': 0.00019142780617577195, 'entropy': 0.05498934668224594}. Best is trial 34 with value: 94.75520324707031.[0m
[32m[I 2022-01-15 20:18:27,178][0m Trial 55 finished with value: 103.66822052001953 and parameters: {'r_scaling': 47.556011371694225, 'unroll': 7, 'update_epoch': 14, 'discount': 0.9196271477628999, 'lr': 0.0001518324763588557, 'entropy': 0.010556252595614218}. Best is trial 34 with value: 94.75520324707031.[0m
[32m[I 2022-01-15 20:21:47,467][0m Trial 56 finished with value: 96.96359252929688 and parameters: {'r_scaling': 0.4784128961578384, 'unroll': 5, 'update_epoch': 13, 'discount': 0.9883957501757225, 'lr': 0.0003945815800858069, 'entropy': 0.07379428701665727}. Best is trial 34 with value: 94.75520324707031.[0m
[32m[I 2022-01-15 20:25:07,257][0m Trial 57 finished with value: 99.03608703613281 and parameters: {'r_scaling': 0.0543906010302355, 'unroll': 10, 'update_epoch': 7, 'discount': 0.9928878690772805, 'lr': 0.00083374960113502, 'entropy': 0.004371117143028007}. Best is trial 34 with value: 94.75520324707031.[0m
[32m[I 2022-01-15 20:28:22,673][0m Trial 58 finished with value: 98.1061782836914 and parameters: {'r_scaling': 0.23093404953465488, 'unroll': 11, 'update_epoch': 6, 'discount': 0.9356764977467575, 'lr': 0.0006338490429886539, 'entropy': 0.025413293256549247}. Best is trial 34 with value: 94.75520324707031.[0m
[32m[I 2022-01-15 20:31:43,380][0m Trial 59 finished with value: 101.25164031982422 and parameters: {'r_scaling': 10.299733202295627, 'unroll': 6, 'update_epoch': 15, 'discount': 0.9834734189311592, 'lr': 0.00021793723349391848, 'entropy': 0.01760799680443572}. Best is trial 34 with value: 94.75520324707031.[0m
[32m[I 2022-01-15 20:34:34,762][0m Trial 60 finished with value: 101.51742553710938 and parameters: {'r_scaling': 18.61323882743791, 'unroll': 7, 'update_epoch': 9, 'discount': 0.9274307831594437, 'lr': 0.00011528645671265873, 'entropy': 0.007277841868279087}. Best is trial 34 with value: 94.75520324707031.[0m
[32m[I 2022-01-15 20:37:26,048][0m Trial 61 finished with value: 107.24789428710938 and parameters: {'r_scaling': 0.6754318238446907, 'unroll': 10, 'update_epoch': 15, 'discount': 0.9737889714038929, 'lr': 0.001997285788591159, 'entropy': 0.0445081657747767}. Best is trial 34 with value: 94.75520324707031.[0m
[32m[I 2022-01-15 20:40:43,864][0m Trial 62 finished with value: 106.38127136230469 and parameters: {'r_scaling': 0.3638574669970443, 'unroll': 8, 'update_epoch': 14, 'discount': 0.9699688748388721, 'lr': 0.0017486596617350353, 'entropy': 0.0334205899800938}. Best is trial 34 with value: 94.75520324707031.[0m
[32m[I 2022-01-15 20:44:01,149][0m Trial 63 finished with value: 102.30431365966797 and parameters: {'r_scaling': 0.5005766544656316, 'unroll': 9, 'update_epoch': 15, 'discount': 0.9869926307142303, 'lr': 0.0014577829354780493, 'entropy': 0.0379160466497911}. Best is trial 34 with value: 94.75520324707031.[0m
[32m[I 2022-01-15 20:47:24,975][0m Trial 64 finished with value: 103.1209945678711 and parameters: {'r_scaling': 0.20107993994663792, 'unroll': 12, 'update_epoch': 14, 'discount': 0.9774883700463142, 'lr': 0.0017130448209022907, 'entropy': 0.002821930297064161}. Best is trial 34 with value: 94.75520324707031.[0m
[32m[I 2022-01-15 20:50:42,916][0m Trial 65 finished with value: 96.74372863769531 and parameters: {'r_scaling': 0.1267337902187673, 'unroll': 9, 'update_epoch': 13, 'discount': 0.9922743035663801, 'lr': 0.0011892121023365447, 'entropy': 0.0701873007810524}. Best is trial 34 with value: 94.75520324707031.[0m
[32m[I 2022-01-15 20:54:01,228][0m Trial 66 finished with value: 101.48886108398438 and parameters: {'r_scaling': 0.652721219208332, 'unroll': 10, 'update_epoch': 11, 'discount': 0.9807217450056896, 'lr': 0.0004899797957733624, 'entropy': 0.00015135126706541932}. Best is trial 34 with value: 94.75520324707031.[0m
[32m[I 2022-01-15 20:57:19,996][0m Trial 67 finished with value: 105.26921081542969 and parameters: {'r_scaling': 2.3974640177098587, 'unroll': 7, 'update_epoch': 15, 'discount': 0.9901047050078147, 'lr': 0.0003075394664038955, 'entropy': 0.049599951867582336}. Best is trial 34 with value: 94.75520324707031.[0m
[32m[I 2022-01-15 21:00:40,843][0m Trial 68 finished with value: 100.76750183105469 and parameters: {'r_scaling': 0.27558201037674646, 'unroll': 13, 'update_epoch': 12, 'discount': 0.9595401832932461, 'lr': 0.0001759904212470328, 'entropy': 0.0056026868082316526}. Best is trial 34 with value: 94.75520324707031.[0m
