[32m[I 2022-01-20 00:29:14,505][0m Trial 138 finished with value: -2179.749267578125 and parameters: {'r_scaling': 0.39684388685277355, 'unroll': 4, 'update_epoch': 5, 'discount': 0.976971478784202, 'lr': 0.00011720388774335567, 'entropy': 0.0049130434022415}. Best is trial 32 with value: -3556.81201171875.[0m
[32m[I 2022-01-20 00:32:52,701][0m Trial 139 finished with value: -2549.072021484375 and parameters: {'r_scaling': 0.7517876634013846, 'unroll': 3, 'update_epoch': 4, 'discount': 0.9688628453437051, 'lr': 0.000152608521379778, 'entropy': 0.008474968680366226}. Best is trial 32 with value: -3556.81201171875.[0m
[32m[I 2022-01-20 00:36:42,437][0m Trial 140 finished with value: -963.20068359375 and parameters: {'r_scaling': 0.14488338035959272, 'unroll': 2, 'update_epoch': 6, 'discount': 0.972187959334222, 'lr': 0.0001248115694128149, 'entropy': 0.0035376814737552342}. Best is trial 32 with value: -3556.81201171875.[0m
[32m[I 2022-01-20 00:40:31,473][0m Trial 141 finished with value: -2626.24560546875 and parameters: {'r_scaling': 0.30221554606755335, 'unroll': 3, 'update_epoch': 6, 'discount': 0.9605746632704576, 'lr': 0.00010302640439345396, 'entropy': 0.009747403375198006}. Best is trial 32 with value: -3556.81201171875.[0m
[32m[I 2022-01-20 00:44:15,834][0m Trial 142 finished with value: -2868.242919921875 and parameters: {'r_scaling': 0.6263425286602577, 'unroll': 3, 'update_epoch': 5, 'discount': 0.9666239789503677, 'lr': 0.00010830816033755326, 'entropy': 0.007101578627094462}. Best is trial 32 with value: -3556.81201171875.[0m
[32m[I 2022-01-20 00:48:06,629][0m Trial 143 finished with value: -2613.56201171875 and parameters: {'r_scaling': 0.18700893152429793, 'unroll': 3, 'update_epoch': 6, 'discount': 0.9640579535396531, 'lr': 0.00010028585197334325, 'entropy': 0.00485494477549934}. Best is trial 32 with value: -3556.81201171875.[0m
[32m[I 2022-01-20 00:51:51,708][0m Trial 144 finished with value: -2454.66259765625 and parameters: {'r_scaling': 0.4855477946087418, 'unroll': 4, 'update_epoch': 7, 'discount': 0.9739355238893679, 'lr': 0.00011298550969637842, 'entropy': 0.007914712425627387}. Best is trial 32 with value: -3556.81201171875.[0m
[32m[I 2022-01-20 00:55:50,987][0m Trial 145 finished with value: -3001.06982421875 and parameters: {'r_scaling': 0.23422526294496906, 'unroll': 3, 'update_epoch': 3, 'discount': 0.9549177627406157, 'lr': 0.0001212916208960149, 'entropy': 0.0011734257687144283}. Best is trial 32 with value: -3556.81201171875.[0m
[32m[I 2022-01-20 00:59:43,855][0m Trial 146 finished with value: -2972.97216796875 and parameters: {'r_scaling': 0.2375449289644211, 'unroll': 3, 'update_epoch': 3, 'discount': 0.9594713262557097, 'lr': 0.00013171426565270522, 'entropy': 0.0011700984834667498}. Best is trial 32 with value: -3556.81201171875.[0m
[32m[I 2022-01-20 01:03:42,186][0m Trial 147 finished with value: -2047.7998046875 and parameters: {'r_scaling': 0.2852900356105062, 'unroll': 4, 'update_epoch': 3, 'discount': 0.9616866028592117, 'lr': 0.00012054091637620782, 'entropy': 0.005434986963525389}. Best is trial 32 with value: -3556.81201171875.[0m
[32m[I 2022-01-20 01:07:45,159][0m Trial 148 finished with value: -1703.041259765625 and parameters: {'r_scaling': 0.18132077572697478, 'unroll': 2, 'update_epoch': 4, 'discount': 0.9586260849064037, 'lr': 0.00013708741690429698, 'entropy': 0.001340339526803294}. Best is trial 32 with value: -3556.81201171875.[0m
[32m[I 2022-01-20 01:11:40,267][0m Trial 149 finished with value: -1310.45703125 and parameters: {'r_scaling': 54.00572840239355, 'unroll': 3, 'update_epoch': 3, 'discount': 0.9547034132682968, 'lr': 0.00011749700477197558, 'entropy': 0.0017123300137154296}. Best is trial 32 with value: -3556.81201171875.[0m
[32m[I 2022-01-20 01:15:43,404][0m Trial 150 finished with value: -1848.830810546875 and parameters: {'r_scaling': 0.39609738483102913, 'unroll': 2, 'update_epoch': 4, 'discount': 0.9698802642003788, 'lr': 0.00012637373703654005, 'entropy': 0.002995955604671566}. Best is trial 32 with value: -3556.81201171875.[0m
[32m[I 2022-01-20 01:19:46,522][0m Trial 151 finished with value: -2473.68310546875 and parameters: {'r_scaling': 0.2317082439160225, 'unroll': 3, 'update_epoch': 3, 'discount': 0.9511916847871789, 'lr': 0.0001312113955050898, 'entropy': 0.0010105138133963724}. Best is trial 32 with value: -3556.81201171875.[0m
[32m[I 2022-01-20 01:23:48,111][0m Trial 152 finished with value: -2763.746337890625 and parameters: {'r_scaling': 0.23988553608394828, 'unroll': 3, 'update_epoch': 3, 'discount': 0.9592770736743438, 'lr': 0.00014480696091124566, 'entropy': 0.0011235693446302614}. Best is trial 32 with value: -3556.81201171875.[0m
[32m[I 2022-01-20 01:27:43,298][0m Trial 153 finished with value: -1855.78515625 and parameters: {'r_scaling': 0.30748418075154943, 'unroll': 4, 'update_epoch': 2, 'discount': 0.9561011299225507, 'lr': 0.0006560114973954706, 'entropy': 0.0012591260799572745}. Best is trial 32 with value: -3556.81201171875.[0m
[32m[I 2022-01-20 01:31:38,944][0m Trial 154 finished with value: -2729.673828125 and parameters: {'r_scaling': 0.3608717726194984, 'unroll': 3, 'update_epoch': 3, 'discount': 0.9622453120020075, 'lr': 0.00010635645473844958, 'entropy': 0.0008099197059342321}. Best is trial 32 with value: -3556.81201171875.[0m
[32m[I 2022-01-20 01:35:49,094][0m Trial 155 finished with value: -3127.11572265625 and parameters: {'r_scaling': 0.25558073117142743, 'unroll': 3, 'update_epoch': 4, 'discount': 0.9648406901723882, 'lr': 0.00011320046308897511, 'entropy': 0.0014992381865049887}. Best is trial 32 with value: -3556.81201171875.[0m
[32m[I 2022-01-20 01:39:43,628][0m Trial 156 finished with value: -2623.411376953125 and parameters: {'r_scaling': 0.45859066677121063, 'unroll': 2, 'update_epoch': 4, 'discount': 0.9652597743540151, 'lr': 0.00011393306469381803, 'entropy': 0.0015385916800599903}. Best is trial 32 with value: -3556.81201171875.[0m
[32m[I 2022-01-20 01:43:38,123][0m Trial 157 finished with value: -3327.734619140625 and parameters: {'r_scaling': 0.19488933475715245, 'unroll': 3, 'update_epoch': 5, 'discount': 0.9630821770184353, 'lr': 0.00010743539471024491, 'entropy': 0.006332537454848356}. Best is trial 32 with value: -3556.81201171875.[0m
[32m[I 2022-01-20 01:46:41,810][0m Trial 158 finished with value: -2522.410400390625 and parameters: {'r_scaling': 0.11835423666730543, 'unroll': 4, 'update_epoch': 5, 'discount': 0.9678932697813274, 'lr': 0.00010668952902267047, 'entropy': 0.006366822569487522}. Best is trial 32 with value: -3556.81201171875.[0m
[32m[I 2022-01-20 01:50:36,972][0m Trial 159 finished with value: -2883.519287109375 and parameters: {'r_scaling': 0.19702841588158798, 'unroll': 3, 'update_epoch': 5, 'discount': 0.9637979294830378, 'lr': 0.00011291641906335893, 'entropy': 0.002520465184109212}. Best is trial 32 with value: -3556.81201171875.[0m
[32m[I 2022-01-20 01:54:20,857][0m Trial 160 finished with value: -2457.08837890625 and parameters: {'r_scaling': 0.1616462714898289, 'unroll': 3, 'update_epoch': 4, 'discount': 0.9784258529453188, 'lr': 0.0001071225567777577, 'entropy': 0.004283203430393162}. Best is trial 32 with value: -3556.81201171875.[0m
[32m[I 2022-01-20 01:57:24,251][0m Trial 161 finished with value: -3132.868408203125 and parameters: {'r_scaling': 0.27223732423516156, 'unroll': 3, 'update_epoch': 4, 'discount': 0.9666590210697115, 'lr': 0.0001227732533238403, 'entropy': 0.0009262284301027197}. Best is trial 32 with value: -3556.81201171875.[0m
[32m[I 2022-01-20 02:01:27,438][0m Trial 162 finished with value: -2744.090576171875 and parameters: {'r_scaling': 0.269576102635324, 'unroll': 3, 'update_epoch': 5, 'discount': 0.9660011719940055, 'lr': 0.00011959432350355478, 'entropy': 0.000941578901592286}. Best is trial 32 with value: -3556.81201171875.[0m
[32m[I 2022-01-20 02:05:36,286][0m Trial 163 finished with value: -2425.0400390625 and parameters: {'r_scaling': 0.35344706012392624, 'unroll': 2, 'update_epoch': 4, 'discount': 0.9680637805175697, 'lr': 0.00011201033795563224, 'entropy': 0.0060122486703475956}. Best is trial 32 with value: -3556.81201171875.[0m
[32m[I 2022-01-20 02:08:41,441][0m Trial 164 finished with value: -2646.443359375 and parameters: {'r_scaling': 0.5442449531340335, 'unroll': 3, 'update_epoch': 5, 'discount': 0.9707309125581554, 'lr': 0.00010004134961548482, 'entropy': 0.002186490277917218}. Best is trial 32 with value: -3556.81201171875.[0m
[32m[I 2022-01-20 02:12:57,509][0m Trial 165 finished with value: -2250.297607421875 and parameters: {'r_scaling': 0.4263975560976747, 'unroll': 4, 'update_epoch': 4, 'discount': 0.9630393633119099, 'lr': 0.00025293014107473355, 'entropy': 0.0075705384574443505}. Best is trial 32 with value: -3556.81201171875.[0m
[32m[I 2022-01-20 02:16:50,900][0m Trial 166 finished with value: -2711.87255859375 and parameters: {'r_scaling': 0.31930099429968817, 'unroll': 3, 'update_epoch': 4, 'discount': 0.9653341349846323, 'lr': 0.00012675565485557546, 'entropy': 0.0007394377724688925}. Best is trial 32 with value: -3556.81201171875.[0m
[32m[I 2022-01-20 02:20:37,852][0m Trial 167 finished with value: -939.6978759765625 and parameters: {'r_scaling': 0.19378895935638915, 'unroll': 2, 'update_epoch': 5, 'discount': 0.9728649035411144, 'lr': 0.00013897088709960708, 'entropy': 0.012013853984387117}. Best is trial 32 with value: -3556.81201171875.[0m
[32m[I 2022-01-20 02:24:16,792][0m Trial 168 finished with value: -1626.09228515625 and parameters: {'r_scaling': 0.1442773646778374, 'unroll': 4, 'update_epoch': 4, 'discount': 0.9673398413463331, 'lr': 0.0009852204823545144, 'entropy': 0.008303604683962646}. Best is trial 32 with value: -3556.81201171875.[0m
[32m[I 2022-01-20 02:28:07,646][0m Trial 169 finished with value: -2789.169189453125 and parameters: {'r_scaling': 0.572720437044201, 'unroll': 3, 'update_epoch': 5, 'discount': 0.9612907513128276, 'lr': 0.0001777156618130811, 'entropy': 0.009732704893232727}. Best is trial 32 with value: -3556.81201171875.[0m
[32m[I 2022-01-20 02:31:58,699][0m Trial 170 finished with value: -3078.70263671875 and parameters: {'r_scaling': 0.26052720906266524, 'unroll': 3, 'update_epoch': 4, 'discount': 0.9688341993544405, 'lr': 0.00011753031573169854, 'entropy': 0.0013939592340999408}. Best is trial 32 with value: -3556.81201171875.[0m
[32m[I 2022-01-20 02:35:50,324][0m Trial 171 finished with value: -3161.3193359375 and parameters: {'r_scaling': 0.2852750834761394, 'unroll': 3, 'update_epoch': 4, 'discount': 0.9691252754135403, 'lr': 0.00011766961739319172, 'entropy': 0.0017912022917035474}. Best is trial 32 with value: -3556.81201171875.[0m
[32m[I 2022-01-20 02:39:47,342][0m Trial 172 finished with value: -1659.594970703125 and parameters: {'r_scaling': 0.2820728682819195, 'unroll': 7, 'update_epoch': 4, 'discount': 0.969327350378892, 'lr': 0.00011913805674238515, 'entropy': 0.0014907543338319165}. Best is trial 32 with value: -3556.81201171875.[0m
[32m[I 2022-01-20 02:43:45,663][0m Trial 173 finished with value: -2517.927001953125 and parameters: {'r_scaling': 0.21366574526550802, 'unroll': 3, 'update_epoch': 4, 'discount': 0.9719508450262492, 'lr': 0.00010937263292814376, 'entropy': 0.0017291313649470785}. Best is trial 32 with value: -3556.81201171875.[0m
[32m[I 2022-01-20 02:47:44,359][0m Trial 174 finished with value: -3332.150390625 and parameters: {'r_scaling': 0.2629971616238229, 'unroll': 3, 'update_epoch': 4, 'discount': 0.9753882417456283, 'lr': 0.00012650664787036033, 'entropy': 0.006628294423318955}. Best is trial 32 with value: -3556.81201171875.[0m
[32m[I 2022-01-20 02:51:49,804][0m Trial 175 finished with value: -3350.9326171875 and parameters: {'r_scaling': 0.3319599408775974, 'unroll': 3, 'update_epoch': 5, 'discount': 0.9762834654038288, 'lr': 0.00010414742867157128, 'entropy': 0.0020107266398005454}. Best is trial 32 with value: -3556.81201171875.[0m
[32m[I 2022-01-20 02:55:45,287][0m Trial 176 finished with value: -2268.7275390625 and parameters: {'r_scaling': 0.27890689117091727, 'unroll': 2, 'update_epoch': 4, 'discount': 0.9754567877618049, 'lr': 0.0001049831229552161, 'entropy': 0.0018573778860142614}. Best is trial 32 with value: -3556.81201171875.[0m
[32m[I 2022-01-20 02:59:45,978][0m Trial 177 finished with value: -2782.2861328125 and parameters: {'r_scaling': 0.3257800861713986, 'unroll': 3, 'update_epoch': 5, 'discount': 0.9712978162589165, 'lr': 0.0001051126624809322, 'entropy': 0.0021447277513910804}. Best is trial 32 with value: -3556.81201171875.[0m
[32m[I 2022-01-20 03:03:36,015][0m Trial 178 finished with value: -2143.3701171875 and parameters: {'r_scaling': 0.17429395951155494, 'unroll': 4, 'update_epoch': 6, 'discount': 0.9779251395628118, 'lr': 0.0003377038512979861, 'entropy': 0.00141872432500933}. Best is trial 32 with value: -3556.81201171875.[0m
[32m[I 2022-01-20 03:07:26,225][0m Trial 179 finished with value: -3066.738525390625 and parameters: {'r_scaling': 0.24800635154809, 'unroll': 3, 'update_epoch': 4, 'discount': 0.9684649711437731, 'lr': 0.0001313362512347469, 'entropy': 0.0026526404442629944}. Best is trial 32 with value: -3556.81201171875.[0m
[32m[I 2022-01-20 03:11:09,189][0m Trial 180 finished with value: -1354.55615234375 and parameters: {'r_scaling': 0.256391451437918, 'unroll': 2, 'update_epoch': 3, 'discount': 0.9736977242823577, 'lr': 0.00013367983895553977, 'entropy': 0.002424698358369657}. Best is trial 32 with value: -3556.81201171875.[0m
[32m[I 2022-01-20 03:14:18,990][0m Trial 181 finished with value: -2409.9052734375 and parameters: {'r_scaling': 0.20518937743131715, 'unroll': 3, 'update_epoch': 4, 'discount': 0.9683462381973355, 'lr': 0.00015202065632337564, 'entropy': 0.0019500956205437535}. Best is trial 32 with value: -3556.81201171875.[0m
[32m[I 2022-01-20 03:18:00,662][0m Trial 182 finished with value: -3257.87451171875 and parameters: {'r_scaling': 0.3241125409226362, 'unroll': 3, 'update_epoch': 4, 'discount': 0.9665558961746967, 'lr': 0.000113050090366064, 'entropy': 0.0015219833451137065}. Best is trial 32 with value: -3556.81201171875.[0m
[32m[I 2022-01-20 03:21:35,304][0m Trial 183 finished with value: -3046.54248046875 and parameters: {'r_scaling': 0.25715493846748283, 'unroll': 3, 'update_epoch': 4, 'discount': 0.9658946856198394, 'lr': 0.00012080370852074993, 'entropy': 0.001413727680710245}. Best is trial 32 with value: -3556.81201171875.[0m
[32m[I 2022-01-20 03:25:07,839][0m Trial 184 finished with value: -2794.40234375 and parameters: {'r_scaling': 0.29196805781010093, 'unroll': 3, 'update_epoch': 5, 'discount': 0.9696792245217632, 'lr': 0.00012513272302142612, 'entropy': 0.00221816945392654}. Best is trial 32 with value: -3556.81201171875.[0m
[32m[I 2022-01-20 03:28:50,743][0m Trial 185 finished with value: -2151.283203125 and parameters: {'r_scaling': 0.4327857311425914, 'unroll': 3, 'update_epoch': 3, 'discount': 0.9642702213545111, 'lr': 0.00010033515224886374, 'entropy': 0.002706287939441959}. Best is trial 32 with value: -3556.81201171875.[0m
[32m[I 2022-01-20 03:32:19,924][0m Trial 186 finished with value: -1882.55615234375 and parameters: {'r_scaling': 0.31796440956494637, 'unroll': 4, 'update_epoch': 4, 'discount': 0.971022561765228, 'lr': 0.0001116839981145421, 'entropy': 0.0016960262927538826}. Best is trial 32 with value: -3556.81201171875.[0m
[32m[I 2022-01-20 03:35:58,651][0m Trial 187 finished with value: -665.5534057617188 and parameters: {'r_scaling': 0.21571156285310394, 'unroll': 2, 'update_epoch': 5, 'discount': 0.9661722861492317, 'lr': 0.00014301095584451929, 'entropy': 0.0019556814309593146}. Best is trial 32 with value: -3556.81201171875.[0m
[32m[I 2022-01-20 03:39:44,770][0m Trial 188 finished with value: -2783.301513671875 and parameters: {'r_scaling': 0.1549672860951234, 'unroll': 3, 'update_epoch': 4, 'discount': 0.9763783402553914, 'lr': 0.00012857243247333996, 'entropy': 0.0015331305670734203}. Best is trial 32 with value: -3556.81201171875.[0m
[32m[I 2022-01-20 03:43:42,608][0m Trial 189 finished with value: -1106.055908203125 and parameters: {'r_scaling': 0.37435749744136715, 'unroll': 1, 'update_epoch': 3, 'discount': 0.969453220531869, 'lr': 0.00016313106007211832, 'entropy': 0.0012795008176010242}. Best is trial 32 with value: -3556.81201171875.[0m
[32m[I 2022-01-20 03:47:38,708][0m Trial 190 finished with value: -2824.75439453125 and parameters: {'r_scaling': 0.17434502117679607, 'unroll': 3, 'update_epoch': 5, 'discount': 0.9637037343584738, 'lr': 0.00010790038805403536, 'entropy': 0.0016393848141352386}. Best is trial 32 with value: -3556.81201171875.[0m
[32m[I 2022-01-20 03:51:30,670][0m Trial 191 finished with value: -3060.76318359375 and parameters: {'r_scaling': 0.2588385859936147, 'unroll': 3, 'update_epoch': 4, 'discount': 0.9675332199811782, 'lr': 0.00011596703257717228, 'entropy': 0.006599807992568425}. Best is trial 32 with value: -3556.81201171875.[0m
[32m[I 2022-01-20 03:55:24,452][0m Trial 192 finished with value: -3097.9208984375 and parameters: {'r_scaling': 0.3425889907262583, 'unroll': 3, 'update_epoch': 4, 'discount': 0.9669559195402967, 'lr': 0.0001151480440529555, 'entropy': 0.007553083421522033}. Best is trial 32 with value: -3556.81201171875.[0m
[32m[I 2022-01-20 03:59:21,892][0m Trial 193 finished with value: -2685.72021484375 and parameters: {'r_scaling': 0.32540094435267886, 'unroll': 3, 'update_epoch': 4, 'discount': 0.972013415746358, 'lr': 0.00010535668065411761, 'entropy': 0.008084059823680002}. Best is trial 32 with value: -3556.81201171875.[0m
[32m[I 2022-01-20 04:03:18,476][0m Trial 194 finished with value: -1947.4453125 and parameters: {'r_scaling': 0.41912912870834823, 'unroll': 4, 'update_epoch': 4, 'discount': 0.9650241144787094, 'lr': 0.00012132809865410621, 'entropy': 0.0026508545120506543}. Best is trial 32 with value: -3556.81201171875.[0m
[32m[I 2022-01-20 04:07:12,551][0m Trial 195 finished with value: -2511.0888671875 and parameters: {'r_scaling': 0.22602786585884635, 'unroll': 3, 'update_epoch': 3, 'discount': 0.9673337942637751, 'lr': 0.00011364881745991586, 'entropy': 0.0019596173253218123}. Best is trial 32 with value: -3556.81201171875.[0m
[32m[I 2022-01-20 04:11:17,688][0m Trial 196 finished with value: 100.22853088378906 and parameters: {'r_scaling': 0.2746891120130575, 'unroll': 8, 'update_epoch': 6, 'discount': 0.9740459522879223, 'lr': 0.0001358849952542968, 'entropy': 0.0010893528460074102}. Best is trial 32 with value: -3556.81201171875.[0m
[32m[I 2022-01-20 04:14:23,448][0m Trial 197 finished with value: -1673.41259765625 and parameters: {'r_scaling': 0.31555244778377434, 'unroll': 2, 'update_epoch': 4, 'discount': 0.9689900986732237, 'lr': 0.00010005155641589465, 'entropy': 0.007421641009479413}. Best is trial 32 with value: -3556.81201171875.[0m
[32m[I 2022-01-20 04:18:09,559][0m Trial 198 finished with value: -2411.046142578125 and parameters: {'r_scaling': 0.4818134699192775, 'unroll': 3, 'update_epoch': 5, 'discount': 0.9628499842798923, 'lr': 0.000112219731743996, 'entropy': 0.0013867078264198163}. Best is trial 32 with value: -3556.81201171875.[0m
[32m[I 2022-01-20 04:21:55,751][0m Trial 199 finished with value: -1749.2801513671875 and parameters: {'r_scaling': 0.6742906530517838, 'unroll': 3, 'update_epoch': 3, 'discount': 0.9668537414048123, 'lr': 0.0004945816677430938, 'entropy': 0.0023037386012889046}. Best is trial 32 with value: -3556.81201171875.[0m
