[32m[I 2022-01-19 20:18:09,063][0m Trial 69 finished with value: -2659.09326171875 and parameters: {'r_scaling': 0.505212773930193, 'unroll': 4, 'update_epoch': 12, 'discount': 0.9695980327140133, 'lr': 0.00010826474756437537, 'entropy': 0.0015267140874024436}. Best is trial 32 with value: -3556.81201171875.[0m
[32m[I 2022-01-19 20:21:51,083][0m Trial 70 finished with value: -2499.8359375 and parameters: {'r_scaling': 0.3503611862094552, 'unroll': 4, 'update_epoch': 11, 'discount': 0.9697871539205674, 'lr': 0.00010803662234862177, 'entropy': 0.0005780350752618618}. Best is trial 32 with value: -3556.81201171875.[0m
[32m[I 2022-01-19 20:25:32,304][0m Trial 71 finished with value: -2626.42041015625 and parameters: {'r_scaling': 0.5213760154223136, 'unroll': 4, 'update_epoch': 12, 'discount': 0.976676335917414, 'lr': 0.00011731162835843785, 'entropy': 0.0020520099179721714}. Best is trial 32 with value: -3556.81201171875.[0m
[32m[I 2022-01-19 20:29:17,914][0m Trial 72 finished with value: -1684.478271484375 and parameters: {'r_scaling': 0.438260539204245, 'unroll': 5, 'update_epoch': 12, 'discount': 0.9827855493739303, 'lr': 0.00012027181565417728, 'entropy': 0.001455732449653398}. Best is trial 32 with value: -3556.81201171875.[0m
[32m[I 2022-01-19 20:32:58,448][0m Trial 73 finished with value: -2828.19287109375 and parameters: {'r_scaling': 0.48246076259909654, 'unroll': 4, 'update_epoch': 13, 'discount': 0.9808206690459197, 'lr': 0.00010646924446405736, 'entropy': 0.0019421635065305248}. Best is trial 32 with value: -3556.81201171875.[0m
[32m[I 2022-01-19 20:36:14,927][0m Trial 74 finished with value: -2015.650634765625 and parameters: {'r_scaling': 0.16443895036008946, 'unroll': 6, 'update_epoch': 13, 'discount': 0.9729009036513642, 'lr': 0.00010085432236270755, 'entropy': 0.00040160532688155603}. Best is trial 32 with value: -3556.81201171875.[0m
[32m[I 2022-01-19 20:39:55,440][0m Trial 75 finished with value: -2297.67919921875 and parameters: {'r_scaling': 9.219921909935538, 'unroll': 4, 'update_epoch': 13, 'discount': 0.9800366858150019, 'lr': 0.00014700498837051995, 'entropy': 0.0011023622854229248}. Best is trial 32 with value: -3556.81201171875.[0m
[32m[I 2022-01-19 20:43:45,871][0m Trial 76 finished with value: -1242.0419921875 and parameters: {'r_scaling': 0.26032019266936623, 'unroll': 2, 'update_epoch': 10, 'discount': 0.9330354562451697, 'lr': 0.00013048693287750316, 'entropy': 0.0007988270947170451}. Best is trial 32 with value: -3556.81201171875.[0m
[32m[I 2022-01-19 20:47:30,169][0m Trial 77 finished with value: -2756.10205078125 and parameters: {'r_scaling': 0.610197162677648, 'unroll': 3, 'update_epoch': 7, 'discount': 0.9782907069689293, 'lr': 0.00010867291855539443, 'entropy': 0.001641601515126329}. Best is trial 32 with value: -3556.81201171875.[0m
[32m[I 2022-01-19 20:50:40,788][0m Trial 78 finished with value: -2785.520263671875 and parameters: {'r_scaling': 0.9866166553829276, 'unroll': 3, 'update_epoch': 7, 'discount': 0.9892065691130777, 'lr': 0.00010427346719458317, 'entropy': 0.0033349181246945473}. Best is trial 32 with value: -3556.81201171875.[0m
[32m[I 2022-01-19 20:54:23,778][0m Trial 79 finished with value: 122.5006103515625 and parameters: {'r_scaling': 0.9795722313107807, 'unroll': 2, 'update_epoch': 7, 'discount': 0.9805151118535528, 'lr': 0.0008343050248673375, 'entropy': 0.005273851190943683}. Best is trial 32 with value: -3556.81201171875.[0m
[32m[I 2022-01-19 20:57:48,360][0m Trial 80 finished with value: -1278.22802734375 and parameters: {'r_scaling': 0.3743439075828807, 'unroll': 1, 'update_epoch': 6, 'discount': 0.9910017265432978, 'lr': 0.00010983205644220825, 'entropy': 0.0033400981096925004}. Best is trial 32 with value: -3556.81201171875.[0m
[32m[I 2022-01-19 21:00:58,836][0m Trial 81 finished with value: -3367.9541015625 and parameters: {'r_scaling': 0.5297082346519294, 'unroll': 3, 'update_epoch': 6, 'discount': 0.9855057434029265, 'lr': 0.00010694390365819848, 'entropy': 0.0018303174577433078}. Best is trial 32 with value: -3556.81201171875.[0m
[32m[I 2022-01-19 21:04:38,296][0m Trial 82 finished with value: -2782.02587890625 and parameters: {'r_scaling': 1.2574551129875944, 'unroll': 3, 'update_epoch': 5, 'discount': 0.9856232290962365, 'lr': 0.0001008087067880823, 'entropy': 0.0031319220432309823}. Best is trial 32 with value: -3556.81201171875.[0m
[32m[I 2022-01-19 21:08:15,640][0m Trial 83 finished with value: -2872.814453125 and parameters: {'r_scaling': 1.7645886336389118, 'unroll': 3, 'update_epoch': 5, 'discount': 0.9883914431183878, 'lr': 0.00010086205638298816, 'entropy': 0.004560126220913597}. Best is trial 32 with value: -3556.81201171875.[0m
[32m[I 2022-01-19 21:11:54,855][0m Trial 84 finished with value: -1880.0234375 and parameters: {'r_scaling': 1.6493867646973408, 'unroll': 2, 'update_epoch': 3, 'discount': 0.9882883301966916, 'lr': 0.00013536137466904679, 'entropy': 0.004537443698577011}. Best is trial 32 with value: -3556.81201171875.[0m
[32m[I 2022-01-19 21:15:35,858][0m Trial 85 finished with value: -2031.96826171875 and parameters: {'r_scaling': 2.5580057285335593, 'unroll': 3, 'update_epoch': 6, 'discount': 0.9838722001145211, 'lr': 0.0001529977649009851, 'entropy': 0.007304351033824693}. Best is trial 32 with value: -3556.81201171875.[0m
[32m[I 2022-01-19 21:19:21,435][0m Trial 86 finished with value: -2751.4619140625 and parameters: {'r_scaling': 4.216933325285144, 'unroll': 3, 'update_epoch': 4, 'discount': 0.993185827136093, 'lr': 0.00011882200588656345, 'entropy': 0.0023812560185628765}. Best is trial 32 with value: -3556.81201171875.[0m
[32m[I 2022-01-19 21:23:02,400][0m Trial 87 finished with value: -1996.3663330078125 and parameters: {'r_scaling': 0.9076480230121309, 'unroll': 2, 'update_epoch': 5, 'discount': 0.9844506870999883, 'lr': 0.00012681706045842108, 'entropy': 0.004289209327610906}. Best is trial 32 with value: -3556.81201171875.[0m
[32m[I 2022-01-19 21:26:46,245][0m Trial 88 finished with value: -2854.07470703125 and parameters: {'r_scaling': 1.8451028822661337, 'unroll': 3, 'update_epoch': 6, 'discount': 0.9908194247810584, 'lr': 0.00010525263531753858, 'entropy': 0.012250586268145193}. Best is trial 32 with value: -3556.81201171875.[0m
[32m[I 2022-01-19 21:30:24,529][0m Trial 89 finished with value: -427.501953125 and parameters: {'r_scaling': 1.852523779196756, 'unroll': 5, 'update_epoch': 5, 'discount': 0.9878193041467686, 'lr': 0.0015873789854279053, 'entropy': 0.05396171567320653}. Best is trial 32 with value: -3556.81201171875.[0m
[32m[I 2022-01-19 21:33:34,860][0m Trial 90 finished with value: -2340.30078125 and parameters: {'r_scaling': 0.3058868841047203, 'unroll': 2, 'update_epoch': 4, 'discount': 0.9821613628603945, 'lr': 0.00014003077352531197, 'entropy': 0.01727650985295493}. Best is trial 32 with value: -3556.81201171875.[0m
[32m[I 2022-01-19 21:36:45,623][0m Trial 91 finished with value: -2523.714599609375 and parameters: {'r_scaling': 1.2877427972894078, 'unroll': 3, 'update_epoch': 7, 'discount': 0.9946115780546402, 'lr': 0.00011239519697829188, 'entropy': 0.02649376552182439}. Best is trial 32 with value: -3556.81201171875.[0m
[32m[I 2022-01-19 21:40:26,244][0m Trial 92 finished with value: -2622.375 and parameters: {'r_scaling': 0.7663506440372991, 'unroll': 3, 'update_epoch': 6, 'discount': 0.9912596309867857, 'lr': 0.00010347663196821834, 'entropy': 0.001946988865480191}. Best is trial 32 with value: -3556.81201171875.[0m
[32m[I 2022-01-19 21:44:15,157][0m Trial 93 finished with value: -1835.954345703125 and parameters: {'r_scaling': 0.9608750058912023, 'unroll': 4, 'update_epoch': 6, 'discount': 0.9915621273303746, 'lr': 0.00011447522545497807, 'entropy': 0.002816114741375357}. Best is trial 32 with value: -3556.81201171875.[0m
[32m[I 2022-01-19 21:48:02,546][0m Trial 94 finished with value: -772.996826171875 and parameters: {'r_scaling': 2.349435862975917, 'unroll': 1, 'update_epoch': 5, 'discount': 0.9888995573427608, 'lr': 0.00012687661031672698, 'entropy': 0.011973899553619981}. Best is trial 32 with value: -3556.81201171875.[0m
[32m[I 2022-01-19 21:51:42,517][0m Trial 95 finished with value: -2895.39990234375 and parameters: {'r_scaling': 1.6931914181551, 'unroll': 3, 'update_epoch': 6, 'discount': 0.9868936317222294, 'lr': 0.0001001929699518788, 'entropy': 0.01062646874954678}. Best is trial 32 with value: -3556.81201171875.[0m
[32m[I 2022-01-19 21:55:20,631][0m Trial 96 finished with value: -1593.096923828125 and parameters: {'r_scaling': 3.242395772875403, 'unroll': 2, 'update_epoch': 3, 'discount': 0.9782317056826837, 'lr': 0.00010012362923576603, 'entropy': 0.013609426460029718}. Best is trial 32 with value: -3556.81201171875.[0m
[32m[I 2022-01-19 21:58:34,055][0m Trial 97 finished with value: -1769.2418212890625 and parameters: {'r_scaling': 4.523192980008597, 'unroll': 2, 'update_epoch': 8, 'discount': 0.985701535628977, 'lr': 0.00012185575623951967, 'entropy': 0.02919700502396597}. Best is trial 32 with value: -3556.81201171875.[0m
[32m[I 2022-01-19 22:02:12,496][0m Trial 98 finished with value: -2006.5914306640625 and parameters: {'r_scaling': 1.6787343403404902, 'unroll': 4, 'update_epoch': 5, 'discount': 0.9744231537761421, 'lr': 0.00013961096226902607, 'entropy': 0.0009428150039983006}. Best is trial 32 with value: -3556.81201171875.[0m
[32m[I 2022-01-19 22:05:55,222][0m Trial 99 finished with value: -3181.31689453125 and parameters: {'r_scaling': 0.2184218753488334, 'unroll': 3, 'update_epoch': 6, 'discount': 0.963482521600899, 'lr': 0.00011341859407636424, 'entropy': 0.008922039862203657}. Best is trial 32 with value: -3556.81201171875.[0m
[32m[I 2022-01-19 22:09:29,602][0m Trial 100 finished with value: 105.60541534423828 and parameters: {'r_scaling': 0.15975364242776485, 'unroll': 12, 'update_epoch': 6, 'discount': 0.9368308787201881, 'lr': 0.00030098449981566083, 'entropy': 0.007887076948238828}. Best is trial 32 with value: -3556.81201171875.[0m
[32m[I 2022-01-19 22:13:07,079][0m Trial 101 finished with value: -3133.86181640625 and parameters: {'r_scaling': 0.23358352433059112, 'unroll': 3, 'update_epoch': 4, 'discount': 0.9635183789776084, 'lr': 0.00011362391036458529, 'entropy': 0.010183446917206894}. Best is trial 32 with value: -3556.81201171875.[0m
[32m[I 2022-01-19 22:16:09,710][0m Trial 102 finished with value: -2443.4111328125 and parameters: {'r_scaling': 0.11320418790837657, 'unroll': 3, 'update_epoch': 4, 'discount': 0.9640629527193167, 'lr': 0.00011437465378343533, 'entropy': 0.01009514116946846}. Best is trial 32 with value: -3556.81201171875.[0m
[32m[I 2022-01-19 22:19:49,064][0m Trial 103 finished with value: -3043.71923828125 and parameters: {'r_scaling': 0.22791265750067669, 'unroll': 3, 'update_epoch': 4, 'discount': 0.960417043958771, 'lr': 0.00012475382014428911, 'entropy': 0.005746519683159595}. Best is trial 32 with value: -3556.81201171875.[0m
[32m[I 2022-01-19 22:23:33,594][0m Trial 104 finished with value: -3089.0302734375 and parameters: {'r_scaling': 0.23552223672755995, 'unroll': 3, 'update_epoch': 3, 'discount': 0.9613958878789732, 'lr': 0.0001522119328335197, 'entropy': 0.0055912578483684455}. Best is trial 32 with value: -3556.81201171875.[0m
[32m[I 2022-01-19 22:26:42,987][0m Trial 105 finished with value: -2170.63037109375 and parameters: {'r_scaling': 0.22030623400140892, 'unroll': 2, 'update_epoch': 2, 'discount': 0.9607376802882999, 'lr': 0.0001835458892736868, 'entropy': 0.006338111622869823}. Best is trial 32 with value: -3556.81201171875.[0m
[32m[I 2022-01-19 22:30:22,645][0m Trial 106 finished with value: -2283.31298828125 and parameters: {'r_scaling': 0.07070819618390248, 'unroll': 3, 'update_epoch': 3, 'discount': 0.9574854206227559, 'lr': 0.00015691367221048861, 'entropy': 0.009305444017477007}. Best is trial 32 with value: -3556.81201171875.[0m
[32m[I 2022-01-19 22:33:56,377][0m Trial 107 finished with value: -1433.6024169921875 and parameters: {'r_scaling': 0.2332431044636055, 'unroll': 4, 'update_epoch': 2, 'discount': 0.9664614793592189, 'lr': 0.00014810367160329242, 'entropy': 0.006177118309688133}. Best is trial 32 with value: -3556.81201171875.[0m
[32m[I 2022-01-19 22:37:42,427][0m Trial 108 finished with value: -1974.9072265625 and parameters: {'r_scaling': 0.20324394185846117, 'unroll': 2, 'update_epoch': 3, 'discount': 0.9554615024725333, 'lr': 0.0001660622848778402, 'entropy': 0.020548312809054874}. Best is trial 32 with value: -3556.81201171875.[0m
[32m[I 2022-01-19 22:41:18,313][0m Trial 109 finished with value: -1576.924560546875 and parameters: {'r_scaling': 0.12457224733255075, 'unroll': 5, 'update_epoch': 4, 'discount': 0.9633107679637704, 'lr': 0.00012917017753524872, 'entropy': 0.005489626911350633}. Best is trial 32 with value: -3556.81201171875.[0m
[32m[I 2022-01-19 22:45:02,161][0m Trial 110 finished with value: -699.5739135742188 and parameters: {'r_scaling': 0.2929631284394655, 'unroll': 1, 'update_epoch': 4, 'discount': 0.959642759802309, 'lr': 0.00012124863990993184, 'entropy': 0.011144524341426331}. Best is trial 32 with value: -3556.81201171875.[0m
[32m[I 2022-01-19 22:48:42,039][0m Trial 111 finished with value: -3061.806640625 and parameters: {'r_scaling': 0.35841449880043924, 'unroll': 3, 'update_epoch': 4, 'discount': 0.9678769324067199, 'lr': 0.00011377334462360459, 'entropy': 0.009374515826045144}. Best is trial 32 with value: -3556.81201171875.[0m
[32m[I 2022-01-19 22:52:19,340][0m Trial 112 finished with value: -3139.51416015625 and parameters: {'r_scaling': 0.3444967705423717, 'unroll': 3, 'update_epoch': 3, 'discount': 0.9672496622543014, 'lr': 0.0001351636718749065, 'entropy': 0.008991681762508235}. Best is trial 32 with value: -3556.81201171875.[0m
[32m[I 2022-01-19 22:55:55,937][0m Trial 113 finished with value: -1293.123291015625 and parameters: {'r_scaling': 0.34383213532404694, 'unroll': 4, 'update_epoch': 1, 'discount': 0.9681587076178637, 'lr': 0.00013705520433894506, 'entropy': 0.008874387480805103}. Best is trial 32 with value: -3556.81201171875.[0m
[32m[I 2022-01-19 22:59:35,381][0m Trial 114 finished with value: -2654.306884765625 and parameters: {'r_scaling': 0.15407433112166985, 'unroll': 3, 'update_epoch': 3, 'discount': 0.9622342140135363, 'lr': 0.0001306233632864375, 'entropy': 0.014319021028013005}. Best is trial 32 with value: -3556.81201171875.[0m
[32m[I 2022-01-19 23:03:15,466][0m Trial 115 finished with value: -2454.771728515625 and parameters: {'r_scaling': 0.41595558723101567, 'unroll': 3, 'update_epoch': 2, 'discount': 0.9665087637554464, 'lr': 0.0001451810032400467, 'entropy': 0.007344439375479207}. Best is trial 32 with value: -3556.81201171875.[0m
[32m[I 2022-01-19 23:06:27,530][0m Trial 116 finished with value: 120.15483093261719 and parameters: {'r_scaling': 0.20557955117979843, 'unroll': 2, 'update_epoch': 4, 'discount': 0.9593193401085706, 'lr': 0.0004194480897953331, 'entropy': 0.006718179624106506}. Best is trial 32 with value: -3556.81201171875.[0m
[32m[I 2022-01-19 23:10:16,594][0m Trial 117 finished with value: -2333.5302734375 and parameters: {'r_scaling': 0.2561756756403349, 'unroll': 4, 'update_epoch': 3, 'discount': 0.9705229278230991, 'lr': 0.00015580500668155382, 'entropy': 0.009556789846882926}. Best is trial 32 with value: -3556.81201171875.[0m
[32m[I 2022-01-19 23:13:54,052][0m Trial 118 finished with value: -3177.04638671875 and parameters: {'r_scaling': 0.5711868489403197, 'unroll': 3, 'update_epoch': 3, 'discount': 0.964802707163689, 'lr': 0.0001736295355541257, 'entropy': 0.008043606527515698}. Best is trial 32 with value: -3556.81201171875.[0m
[32m[I 2022-01-19 23:17:29,727][0m Trial 119 finished with value: -1910.602783203125 and parameters: {'r_scaling': 0.35682072090236017, 'unroll': 2, 'update_epoch': 4, 'discount': 0.9637793662270212, 'lr': 0.0001133892957673398, 'entropy': 0.010905439378865766}. Best is trial 32 with value: -3556.81201171875.[0m
[32m[I 2022-01-19 23:21:14,484][0m Trial 120 finished with value: -2335.44873046875 and parameters: {'r_scaling': 0.5679037805817128, 'unroll': 4, 'update_epoch': 3, 'discount': 0.9528823148427299, 'lr': 0.0001944093082140653, 'entropy': 0.008608163432095814}. Best is trial 32 with value: -3556.81201171875.[0m
[32m[I 2022-01-19 23:24:52,843][0m Trial 121 finished with value: -2591.49755859375 and parameters: {'r_scaling': 0.2690817995546118, 'unroll': 3, 'update_epoch': 2, 'discount': 0.9682841785179007, 'lr': 0.00017370015256523095, 'entropy': 0.005546635591963369}. Best is trial 32 with value: -3556.81201171875.[0m
[32m[I 2022-01-19 23:28:23,901][0m Trial 122 finished with value: -2493.0927734375 and parameters: {'r_scaling': 0.1846917317147134, 'unroll': 3, 'update_epoch': 4, 'discount': 0.929534189183206, 'lr': 0.00012162954209932943, 'entropy': 0.007636778250883114}. Best is trial 32 with value: -3556.81201171875.[0m
[32m[I 2022-01-19 23:32:00,403][0m Trial 123 finished with value: -2307.78125 and parameters: {'r_scaling': 0.7040315819055974, 'unroll': 3, 'update_epoch': 3, 'discount': 0.9655859621061463, 'lr': 0.00013467849366754199, 'entropy': 0.019816628291231805}. Best is trial 32 with value: -3556.81201171875.[0m
[32m[I 2022-01-19 23:35:47,248][0m Trial 124 finished with value: -1605.5313720703125 and parameters: {'r_scaling': 0.42522241079130146, 'unroll': 2, 'update_epoch': 8, 'discount': 0.9614504590082952, 'lr': 0.00010942185637742611, 'entropy': 0.004091045687308487}. Best is trial 32 with value: -3556.81201171875.[0m
[32m[I 2022-01-19 23:39:21,665][0m Trial 125 finished with value: -2094.07666015625 and parameters: {'r_scaling': 0.31852301450153414, 'unroll': 4, 'update_epoch': 4, 'discount': 0.9236695337653613, 'lr': 0.0001260305100062883, 'entropy': 0.015033194241590308}. Best is trial 32 with value: -3556.81201171875.[0m
[32m[I 2022-01-19 23:43:17,505][0m Trial 126 finished with value: -1641.8907470703125 and parameters: {'r_scaling': 0.5100853295643496, 'unroll': 3, 'update_epoch': 1, 'discount': 0.912388468685366, 'lr': 0.00014313353752475335, 'entropy': 0.012816662878201834}. Best is trial 32 with value: -3556.81201171875.[0m
[32m[I 2022-01-19 23:47:14,445][0m Trial 127 finished with value: -2028.362060546875 and parameters: {'r_scaling': 0.09239544410859346, 'unroll': 2, 'update_epoch': 2, 'discount': 0.9575970118327711, 'lr': 0.00016262529525991305, 'entropy': 0.010668740168896773}. Best is trial 32 with value: -3556.81201171875.[0m
[32m[I 2022-01-19 23:51:29,687][0m Trial 128 finished with value: -3054.05078125 and parameters: {'r_scaling': 0.38326205824622356, 'unroll': 3, 'update_epoch': 5, 'discount': 0.9748348199908974, 'lr': 0.00011685415898391788, 'entropy': 0.00489154173141482}. Best is trial 32 with value: -3556.81201171875.[0m
[32m[I 2022-01-19 23:55:37,460][0m Trial 129 finished with value: -2847.9384765625 and parameters: {'r_scaling': 0.6189850850283837, 'unroll': 3, 'update_epoch': 5, 'discount': 0.9750862104445616, 'lr': 0.00011520349503782902, 'entropy': 0.004923008981754289}. Best is trial 32 with value: -3556.81201171875.[0m
[32m[I 2022-01-19 23:59:37,074][0m Trial 130 finished with value: -3542.853759765625 and parameters: {'r_scaling': 0.34471407016661193, 'unroll': 3, 'update_epoch': 5, 'discount': 0.9711302741627348, 'lr': 0.00010653849140417504, 'entropy': 0.005979094437216213}. Best is trial 32 with value: -3556.81201171875.[0m
[32m[I 2022-01-20 00:03:25,020][0m Trial 131 finished with value: -3302.09521484375 and parameters: {'r_scaling': 0.386807896451279, 'unroll': 3, 'update_epoch': 5, 'discount': 0.9704356032826348, 'lr': 0.00010571553832131464, 'entropy': 0.005878842134640958}. Best is trial 32 with value: -3556.81201171875.[0m
[32m[I 2022-01-20 00:07:05,954][0m Trial 132 finished with value: -2609.053955078125 and parameters: {'r_scaling': 0.3756901909689467, 'unroll': 3, 'update_epoch': 5, 'discount': 0.9735108392066802, 'lr': 0.00010805210378945545, 'entropy': 0.005662096632235903}. Best is trial 32 with value: -3556.81201171875.[0m
[32m[I 2022-01-20 00:10:47,730][0m Trial 133 finished with value: -2322.3193359375 and parameters: {'r_scaling': 0.29510222487700005, 'unroll': 4, 'update_epoch': 5, 'discount': 0.9710433914856297, 'lr': 0.00011738484866631685, 'entropy': 0.006739495968553035}. Best is trial 32 with value: -3556.81201171875.[0m
[32m[I 2022-01-20 00:14:38,358][0m Trial 134 finished with value: -2128.384033203125 and parameters: {'r_scaling': 0.45211686092413006, 'unroll': 2, 'update_epoch': 4, 'discount': 0.96711086489893, 'lr': 0.00012435660280554425, 'entropy': 0.008531457319218809}. Best is trial 32 with value: -3556.81201171875.[0m
[32m[I 2022-01-20 00:18:18,196][0m Trial 135 finished with value: 105.58967590332031 and parameters: {'r_scaling': 0.24043176640510158, 'unroll': 10, 'update_epoch': 5, 'discount': 0.9700966024189613, 'lr': 0.00010660055368357984, 'entropy': 0.0038898839402296812}. Best is trial 32 with value: -3556.81201171875.[0m
[32m[I 2022-01-20 00:22:20,602][0m Trial 136 finished with value: -2419.99462890625 and parameters: {'r_scaling': 0.3449314305512433, 'unroll': 2, 'update_epoch': 4, 'discount': 0.9650383359723222, 'lr': 0.00013272279944476394, 'entropy': 0.006969808945848746}. Best is trial 32 with value: -3556.81201171875.[0m
[32m[I 2022-01-20 00:25:27,418][0m Trial 137 finished with value: -2497.147216796875 and parameters: {'r_scaling': 0.543519812239033, 'unroll': 3, 'update_epoch': 3, 'discount': 0.9629199134383336, 'lr': 0.00011148703350643082, 'entropy': 0.006018865061900315}. Best is trial 32 with value: -3556.81201171875.[0m
