[32m[I 2022-01-14 12:39:11,729][0m Trial 69 finished with value: 103.8603515625 and parameters: {'r_scaling': 4.123041717106507, 'unroll': 7, 'update_epoch': 6, 'discount': 0.9341226707221807, 'lr': 0.00012473850079453084, 'entropy': 0.004653559473343082}. Best is trial 52 with value: -2512.79541015625.[0m
[32m[I 2022-01-14 12:42:48,163][0m Trial 70 finished with value: -2284.59375 and parameters: {'r_scaling': 0.6246522544122209, 'unroll': 1, 'update_epoch': 12, 'discount': 0.9422143287789704, 'lr': 0.00024280850386649815, 'entropy': 0.003479186908158337}. Best is trial 52 with value: -2512.79541015625.[0m
[32m[I 2022-01-14 12:46:29,488][0m Trial 71 finished with value: -1793.3265380859375 and parameters: {'r_scaling': 0.25005856673119126, 'unroll': 1, 'update_epoch': 12, 'discount': 0.941554593676912, 'lr': 0.000249905537764463, 'entropy': 0.0017931847418206103}. Best is trial 52 with value: -2512.79541015625.[0m
[32m[I 2022-01-14 12:49:55,658][0m Trial 72 finished with value: 101.89265441894531 and parameters: {'r_scaling': 0.11010827110398502, 'unroll': 2, 'update_epoch': 11, 'discount': 0.9274745165441403, 'lr': 0.00020944961302178043, 'entropy': 0.003457734389261673}. Best is trial 52 with value: -2512.79541015625.[0m
[32m[I 2022-01-14 12:53:01,449][0m Trial 73 finished with value: -2336.097412109375 and parameters: {'r_scaling': 0.5754254341414279, 'unroll': 1, 'update_epoch': 13, 'discount': 0.9185950940214885, 'lr': 0.00016572683737928597, 'entropy': 0.0025542540208165947}. Best is trial 52 with value: -2512.79541015625.[0m
[32m[I 2022-01-14 12:56:20,628][0m Trial 74 finished with value: 102.4163818359375 and parameters: {'r_scaling': 0.39867276001349494, 'unroll': 2, 'update_epoch': 13, 'discount': 0.9187916225475936, 'lr': 0.00015798108697189943, 'entropy': 0.002745671114523078}. Best is trial 52 with value: -2512.79541015625.[0m
[32m[I 2022-01-14 13:00:03,165][0m Trial 75 finished with value: -2392.60205078125 and parameters: {'r_scaling': 0.5617021657528178, 'unroll': 1, 'update_epoch': 14, 'discount': 0.9120460363471828, 'lr': 0.00017577847506468846, 'entropy': 0.0014222215652896228}. Best is trial 52 with value: -2512.79541015625.[0m
[32m[I 2022-01-14 13:03:25,393][0m Trial 76 finished with value: 98.21220397949219 and parameters: {'r_scaling': 0.3010912860029724, 'unroll': 2, 'update_epoch': 14, 'discount': 0.90548120134463, 'lr': 0.00013861282811197172, 'entropy': 0.0014385448485858333}. Best is trial 52 with value: -2512.79541015625.[0m
[32m[I 2022-01-14 13:07:05,145][0m Trial 77 finished with value: -1186.2073974609375 and parameters: {'r_scaling': 0.14165203090583373, 'unroll': 1, 'update_epoch': 15, 'discount': 0.9131871267622406, 'lr': 0.00017289513615966024, 'entropy': 0.011629132001061497}. Best is trial 52 with value: -2512.79541015625.[0m
[32m[I 2022-01-14 13:10:02,780][0m Trial 78 finished with value: 107.31507110595703 and parameters: {'r_scaling': 0.7255838144841846, 'unroll': 3, 'update_epoch': 14, 'discount': 0.901386372089395, 'lr': 0.00019652234182815232, 'entropy': 0.006308600810879037}. Best is trial 52 with value: -2512.79541015625.[0m
[32m[I 2022-01-14 13:13:19,858][0m Trial 79 finished with value: 104.80657958984375 and parameters: {'r_scaling': 15.459028042434612, 'unroll': 13, 'update_epoch': 13, 'discount': 0.922647546421747, 'lr': 0.00017851204905508684, 'entropy': 0.001987120148662502}. Best is trial 52 with value: -2512.79541015625.[0m
[32m[I 2022-01-14 13:17:00,920][0m Trial 80 finished with value: -2139.114013671875 and parameters: {'r_scaling': 0.4530395615857565, 'unroll': 1, 'update_epoch': 14, 'discount': 0.9103973476745969, 'lr': 0.00015914297868251874, 'entropy': 0.001117304103369978}. Best is trial 52 with value: -2512.79541015625.[0m
[32m[I 2022-01-14 13:20:49,415][0m Trial 81 finished with value: -2428.99560546875 and parameters: {'r_scaling': 0.5714938623515836, 'unroll': 1, 'update_epoch': 12, 'discount': 0.9469182683010905, 'lr': 0.00014392769890607656, 'entropy': 0.004077347193045004}. Best is trial 52 with value: -2512.79541015625.[0m
[32m[I 2022-01-14 13:24:13,100][0m Trial 82 finished with value: 105.15751647949219 and parameters: {'r_scaling': 2.6026425111989684, 'unroll': 2, 'update_epoch': 13, 'discount': 0.9534049368272133, 'lr': 0.00014445907446318, 'entropy': 0.0044813607202332136}. Best is trial 52 with value: -2512.79541015625.[0m
[32m[I 2022-01-14 13:27:51,284][0m Trial 83 finished with value: -2313.3369140625 and parameters: {'r_scaling': 1.1185150916127762, 'unroll': 1, 'update_epoch': 12, 'discount': 0.9478895138345397, 'lr': 0.00012525433599225915, 'entropy': 0.00817739722842019}. Best is trial 52 with value: -2512.79541015625.[0m
[32m[I 2022-01-14 13:31:23,131][0m Trial 84 finished with value: 106.3630142211914 and parameters: {'r_scaling': 0.3894809820185025, 'unroll': 2, 'update_epoch': 9, 'discount': 0.9198550521098019, 'lr': 0.0001101002015193838, 'entropy': 0.0008521990175141567}. Best is trial 52 with value: -2512.79541015625.[0m
[32m[I 2022-01-14 13:35:06,755][0m Trial 85 finished with value: -1961.413330078125 and parameters: {'r_scaling': 0.7496530158332613, 'unroll': 1, 'update_epoch': 11, 'discount': 0.9163705295484149, 'lr': 0.00015668031637689208, 'entropy': 0.0025345384125052875}. Best is trial 52 with value: -2512.79541015625.[0m
[32m[I 2022-01-14 13:38:31,187][0m Trial 86 finished with value: 99.75138854980469 and parameters: {'r_scaling': 1.199371352650032, 'unroll': 2, 'update_epoch': 13, 'discount': 0.9239602177150117, 'lr': 0.00018953378130442342, 'entropy': 0.005632557712291238}. Best is trial 52 with value: -2512.79541015625.[0m
[32m[I 2022-01-14 13:42:11,466][0m Trial 87 finished with value: -2644.14501953125 and parameters: {'r_scaling': 0.4864787259929602, 'unroll': 1, 'update_epoch': 14, 'discount': 0.9652044612226309, 'lr': 0.00012815348140284726, 'entropy': 0.0015752522621928615}. Best is trial 87 with value: -2644.14501953125.[0m
[32m[I 2022-01-14 13:45:34,514][0m Trial 88 finished with value: 102.62820434570312 and parameters: {'r_scaling': 0.5090779180099043, 'unroll': 3, 'update_epoch': 15, 'discount': 0.9728549210494581, 'lr': 0.00013346519745071684, 'entropy': 0.001502730745539263}. Best is trial 87 with value: -2644.14501953125.[0m
[32m[I 2022-01-14 13:48:57,960][0m Trial 89 finished with value: 103.30827331542969 and parameters: {'r_scaling': 22.083306387117865, 'unroll': 10, 'update_epoch': 14, 'discount': 0.9657390362963938, 'lr': 0.0009031382581700334, 'entropy': 0.001739988919076909}. Best is trial 87 with value: -2644.14501953125.[0m
[32m[I 2022-01-14 13:52:15,405][0m Trial 90 finished with value: -2389.523681640625 and parameters: {'r_scaling': 0.16348867552235094, 'unroll': 1, 'update_epoch': 14, 'discount': 0.9589968473813395, 'lr': 0.00011468279445968895, 'entropy': 0.0012451193144034144}. Best is trial 87 with value: -2644.14501953125.[0m
[32m[I 2022-01-14 13:55:54,245][0m Trial 91 finished with value: -2317.07763671875 and parameters: {'r_scaling': 0.16120680667367954, 'unroll': 1, 'update_epoch': 14, 'discount': 0.9603475144506511, 'lr': 0.00011475993907283457, 'entropy': 0.0011974956974989566}. Best is trial 87 with value: -2644.14501953125.[0m
[32m[I 2022-01-14 13:59:03,133][0m Trial 92 finished with value: -2366.385986328125 and parameters: {'r_scaling': 0.09445459583590218, 'unroll': 1, 'update_epoch': 15, 'discount': 0.9635655720758239, 'lr': 0.0001013303266813074, 'entropy': 0.0022023758901108747}. Best is trial 87 with value: -2644.14501953125.[0m
[32m[I 2022-01-14 14:02:17,859][0m Trial 93 finished with value: -1966.183837890625 and parameters: {'r_scaling': 0.08731604921904954, 'unroll': 1, 'update_epoch': 15, 'discount': 0.9636869820568924, 'lr': 0.00010381155559249015, 'entropy': 0.0021054807587682967}. Best is trial 87 with value: -2644.14501953125.[0m
[32m[I 2022-01-14 14:05:37,622][0m Trial 94 finished with value: 95.42024230957031 and parameters: {'r_scaling': 0.30544482956657054, 'unroll': 2, 'update_epoch': 15, 'discount': 0.9541380149208426, 'lr': 0.00012132549306510178, 'entropy': 0.0007397822712257}. Best is trial 87 with value: -2644.14501953125.[0m
[32m[I 2022-01-14 14:08:57,870][0m Trial 95 finished with value: 90.82304382324219 and parameters: {'r_scaling': 0.07794956992032923, 'unroll': 2, 'update_epoch': 14, 'discount': 0.9594341699201238, 'lr': 0.00013104561136122658, 'entropy': 0.0009297345484033664}. Best is trial 87 with value: -2644.14501953125.[0m
[32m[I 2022-01-14 14:12:41,367][0m Trial 96 finished with value: -2189.93798828125 and parameters: {'r_scaling': 0.16689167590066745, 'unroll': 1, 'update_epoch': 15, 'discount': 0.9572163611772683, 'lr': 0.00011674345566634308, 'entropy': 0.004001324854234072}. Best is trial 87 with value: -2644.14501953125.[0m
[32m[I 2022-01-14 14:16:17,096][0m Trial 97 finished with value: 98.62332153320312 and parameters: {'r_scaling': 0.12231380037906543, 'unroll': 2, 'update_epoch': 7, 'discount': 0.9722678951776556, 'lr': 0.00010196947219153353, 'entropy': 0.001410071537839183}. Best is trial 87 with value: -2644.14501953125.[0m
[32m[I 2022-01-14 14:19:58,680][0m Trial 98 finished with value: -2540.45166015625 and parameters: {'r_scaling': 1.8026877599021645, 'unroll': 1, 'update_epoch': 14, 'discount': 0.9652470910280153, 'lr': 0.00014205313007624912, 'entropy': 0.0005287143831564591}. Best is trial 87 with value: -2644.14501953125.[0m
[32m[I 2022-01-14 14:23:37,376][0m Trial 99 finished with value: -2526.55224609375 and parameters: {'r_scaling': 1.4599858077645866, 'unroll': 1, 'update_epoch': 14, 'discount': 0.9708453951284391, 'lr': 0.00011339053747623806, 'entropy': 0.00025182267804298457}. Best is trial 87 with value: -2644.14501953125.[0m
[32m[I 2022-01-14 14:27:06,528][0m Trial 100 finished with value: 93.23246765136719 and parameters: {'r_scaling': 1.7926759050686831, 'unroll': 2, 'update_epoch': 14, 'discount': 0.9699268593932945, 'lr': 0.00040602229314736806, 'entropy': 0.0005244994507863525}. Best is trial 87 with value: -2644.14501953125.[0m
[32m[I 2022-01-14 14:30:16,637][0m Trial 101 finished with value: -2451.63720703125 and parameters: {'r_scaling': 0.8712242923718301, 'unroll': 1, 'update_epoch': 15, 'discount': 0.9702280366641548, 'lr': 0.00011088943770573509, 'entropy': 0.0002365200867513945}. Best is trial 87 with value: -2644.14501953125.[0m
[32m[I 2022-01-14 14:33:26,078][0m Trial 102 finished with value: -2608.113525390625 and parameters: {'r_scaling': 1.4656507939054506, 'unroll': 1, 'update_epoch': 14, 'discount': 0.9773348544960507, 'lr': 0.0001121291528773952, 'entropy': 0.000250179255107425}. Best is trial 87 with value: -2644.14501953125.[0m
[32m[I 2022-01-14 14:37:10,251][0m Trial 103 finished with value: -2455.29833984375 and parameters: {'r_scaling': 0.8392340527757862, 'unroll': 1, 'update_epoch': 13, 'discount': 0.9774933316616783, 'lr': 0.00010811485829543535, 'entropy': 0.00022723141900902338}. Best is trial 87 with value: -2644.14501953125.[0m
[32m[I 2022-01-14 14:41:07,838][0m Trial 104 finished with value: -2642.93017578125 and parameters: {'r_scaling': 1.4165460886351045, 'unroll': 1, 'update_epoch': 13, 'discount': 0.9790498485115168, 'lr': 0.0001067375513179796, 'entropy': 0.00014663842926972585}. Best is trial 87 with value: -2644.14501953125.[0m
[32m[I 2022-01-14 14:44:03,190][0m Trial 105 finished with value: 113.76693725585938 and parameters: {'r_scaling': 0.8875180881958588, 'unroll': 2, 'update_epoch': 13, 'discount': 0.9825560489493399, 'lr': 0.00011016432774674345, 'entropy': 0.00025571423292333767}. Best is trial 87 with value: -2644.14501953125.[0m
[32m[I 2022-01-14 14:47:41,465][0m Trial 106 finished with value: -2369.477294921875 and parameters: {'r_scaling': 2.0910310480773786, 'unroll': 1, 'update_epoch': 13, 'discount': 0.9781517426518155, 'lr': 0.0001083208352434915, 'entropy': 0.0001291932359691995}. Best is trial 87 with value: -2644.14501953125.[0m
[32m[I 2022-01-14 14:51:24,016][0m Trial 107 finished with value: -2412.183349609375 and parameters: {'r_scaling': 1.3227491910510165, 'unroll': 1, 'update_epoch': 12, 'discount': 0.9745368929345883, 'lr': 0.00012758710905431785, 'entropy': 0.00017737464710136116}. Best is trial 87 with value: -2644.14501953125.[0m
[32m[I 2022-01-14 14:54:50,180][0m Trial 108 finished with value: 106.99154663085938 and parameters: {'r_scaling': 1.6216784186862405, 'unroll': 2, 'update_epoch': 13, 'discount': 0.9707287021608108, 'lr': 0.00012033037517458909, 'entropy': 0.00010036295310765257}. Best is trial 87 with value: -2644.14501953125.[0m
[32m[I 2022-01-14 14:58:10,991][0m Trial 109 finished with value: 107.59699249267578 and parameters: {'r_scaling': 0.8464078518788325, 'unroll': 3, 'update_epoch': 14, 'discount': 0.9760423114308285, 'lr': 0.00014195370018516733, 'entropy': 0.00025626826810178977}. Best is trial 87 with value: -2644.14501953125.[0m
[32m[I 2022-01-14 15:01:49,047][0m Trial 110 finished with value: -2482.611328125 and parameters: {'r_scaling': 1.4186304048710927, 'unroll': 1, 'update_epoch': 12, 'discount': 0.9841295060036938, 'lr': 0.00012881425057949407, 'entropy': 0.0003799284102066502}. Best is trial 87 with value: -2644.14501953125.[0m
[32m[I 2022-01-14 15:05:29,908][0m Trial 111 finished with value: -2384.06103515625 and parameters: {'r_scaling': 1.051390516269081, 'unroll': 1, 'update_epoch': 12, 'discount': 0.9861732242173497, 'lr': 0.00013341905074803405, 'entropy': 0.00039569176463118307}. Best is trial 87 with value: -2644.14501953125.[0m
[32m[I 2022-01-14 15:09:23,220][0m Trial 112 finished with value: -2518.5810546875 and parameters: {'r_scaling': 1.3736823277538153, 'unroll': 1, 'update_epoch': 13, 'discount': 0.9782884728560531, 'lr': 0.00012040068364353685, 'entropy': 0.00014560847270812276}. Best is trial 87 with value: -2644.14501953125.[0m
[32m[I 2022-01-14 15:13:05,473][0m Trial 113 finished with value: -2305.62939453125 and parameters: {'r_scaling': 1.4541150308427266, 'unroll': 1, 'update_epoch': 13, 'discount': 0.9786942549837506, 'lr': 0.00011990507414171018, 'entropy': 0.00018989363624722557}. Best is trial 87 with value: -2644.14501953125.[0m
[32m[I 2022-01-14 15:16:29,312][0m Trial 114 finished with value: 100.76416015625 and parameters: {'r_scaling': 2.5412675768462774, 'unroll': 2, 'update_epoch': 14, 'discount': 0.9830818974175719, 'lr': 0.00011320072647625752, 'entropy': 0.0003296780872850765}. Best is trial 87 with value: -2644.14501953125.[0m
[32m[I 2022-01-14 15:20:02,598][0m Trial 115 finished with value: -2620.96630859375 and parameters: {'r_scaling': 3.156365084790778, 'unroll': 1, 'update_epoch': 13, 'discount': 0.9798140418323402, 'lr': 0.00010655657235984185, 'entropy': 0.00013029300168852483}. Best is trial 87 with value: -2644.14501953125.[0m
[32m[I 2022-01-14 15:23:23,055][0m Trial 116 finished with value: 106.88369750976562 and parameters: {'r_scaling': 2.965891247848049, 'unroll': 2, 'update_epoch': 14, 'discount': 0.9855048550849063, 'lr': 0.00010804139025389817, 'entropy': 0.00015193092334332442}. Best is trial 87 with value: -2644.14501953125.[0m
[32m[I 2022-01-14 15:27:00,084][0m Trial 117 finished with value: -2119.03955078125 and parameters: {'r_scaling': 1.4470084069565676, 'unroll': 1, 'update_epoch': 13, 'discount': 0.9797435138232128, 'lr': 0.00012689554678550175, 'entropy': 0.00015728458784782851}. Best is trial 87 with value: -2644.14501953125.[0m
[32m[I 2022-01-14 15:30:38,257][0m Trial 118 finished with value: -2741.87158203125 and parameters: {'r_scaling': 2.0451063501528934, 'unroll': 1, 'update_epoch': 15, 'discount': 0.977238411763136, 'lr': 0.00010010611623376241, 'entropy': 0.00021593499362126037}. Best is trial 118 with value: -2741.87158203125.[0m
[32m[I 2022-01-14 15:33:55,725][0m Trial 119 finished with value: 103.2680435180664 and parameters: {'r_scaling': 1.9462323380482285, 'unroll': 2, 'update_epoch': 13, 'discount': 0.9769909991314942, 'lr': 0.00010074993449129018, 'entropy': 0.0001221390504943176}. Best is trial 118 with value: -2741.87158203125.[0m
[32m[I 2022-01-14 15:37:42,293][0m Trial 120 finished with value: -2649.51806640625 and parameters: {'r_scaling': 3.676022904907407, 'unroll': 1, 'update_epoch': 14, 'discount': 0.9887128483874253, 'lr': 0.00010602039550504113, 'entropy': 0.0002780908523074053}. Best is trial 118 with value: -2741.87158203125.[0m
[32m[I 2022-01-14 15:41:16,825][0m Trial 121 finished with value: -2802.282958984375 and parameters: {'r_scaling': 3.4212852717726148, 'unroll': 1, 'update_epoch': 14, 'discount': 0.9806551705209321, 'lr': 0.00010034738231442864, 'entropy': 0.0002831415008778299}. Best is trial 121 with value: -2802.282958984375.[0m
[32m[I 2022-01-14 15:44:51,006][0m Trial 122 finished with value: -2530.57177734375 and parameters: {'r_scaling': 4.312602176405946, 'unroll': 1, 'update_epoch': 14, 'discount': 0.9911534104586965, 'lr': 0.00012083358985815359, 'entropy': 0.00028365690713161404}. Best is trial 121 with value: -2802.282958984375.[0m
[32m[I 2022-01-14 15:48:33,122][0m Trial 123 finished with value: -2384.5068359375 and parameters: {'r_scaling': 3.100923444760503, 'unroll': 1, 'update_epoch': 14, 'discount': 0.9914166990146833, 'lr': 0.00012043690695991744, 'entropy': 0.0003169536681234574}. Best is trial 121 with value: -2802.282958984375.[0m
[32m[I 2022-01-14 15:51:51,685][0m Trial 124 finished with value: 101.7533950805664 and parameters: {'r_scaling': 3.9504477444819934, 'unroll': 2, 'update_epoch': 14, 'discount': 0.9890300945681426, 'lr': 0.00010104818455125449, 'entropy': 0.0002819398468924863}. Best is trial 121 with value: -2802.282958984375.[0m
[32m[I 2022-01-14 15:55:21,485][0m Trial 125 finished with value: -2507.1083984375 and parameters: {'r_scaling': 2.312114690756588, 'unroll': 1, 'update_epoch': 15, 'discount': 0.9846412309641528, 'lr': 0.0001292784150255158, 'entropy': 0.0004733622288886512}. Best is trial 121 with value: -2802.282958984375.[0m
[32m[I 2022-01-14 15:58:36,328][0m Trial 126 finished with value: 109.2870864868164 and parameters: {'r_scaling': 2.3896856518851113, 'unroll': 2, 'update_epoch': 15, 'discount': 0.9802112360338735, 'lr': 0.00011729248849865254, 'entropy': 0.0001631602976290191}. Best is trial 121 with value: -2802.282958984375.[0m
[32m[I 2022-01-14 16:02:12,569][0m Trial 127 finished with value: -2669.571044921875 and parameters: {'r_scaling': 6.41009436292072, 'unroll': 1, 'update_epoch': 15, 'discount': 0.974361454848807, 'lr': 0.00010614090577504107, 'entropy': 0.0001382280706916837}. Best is trial 121 with value: -2802.282958984375.[0m
[32m[I 2022-01-14 16:05:53,536][0m Trial 128 finished with value: -2506.18212890625 and parameters: {'r_scaling': 6.156179090279345, 'unroll': 1, 'update_epoch': 15, 'discount': 0.9884158775460218, 'lr': 0.00010608769849791834, 'entropy': 0.00013796467301189805}. Best is trial 121 with value: -2802.282958984375.[0m
[32m[I 2022-01-14 16:09:48,709][0m Trial 129 finished with value: -2551.69677734375 and parameters: {'r_scaling': 3.3300782120850094, 'unroll': 1, 'update_epoch': 15, 'discount': 0.9934243818120478, 'lr': 0.0001148872021221111, 'entropy': 0.00018614109270211323}. Best is trial 121 with value: -2802.282958984375.[0m
[32m[I 2022-01-14 16:12:57,817][0m Trial 130 finished with value: -2322.181640625 and parameters: {'r_scaling': 3.3960403584400285, 'unroll': 1, 'update_epoch': 15, 'discount': 0.9936395689909038, 'lr': 0.0001063027386235148, 'entropy': 0.0002139978044105734}. Best is trial 121 with value: -2802.282958984375.[0m
[32m[I 2022-01-14 16:16:04,620][0m Trial 131 finished with value: -1901.893798828125 and parameters: {'r_scaling': 7.328658589873915, 'unroll': 1, 'update_epoch': 14, 'discount': 0.9912497138786142, 'lr': 0.00010002874373042642, 'entropy': 0.00011240963840412043}. Best is trial 121 with value: -2802.282958984375.[0m
[32m[I 2022-01-14 16:19:39,744][0m Trial 132 finished with value: -2775.27197265625 and parameters: {'r_scaling': 3.0549226320218192, 'unroll': 1, 'update_epoch': 15, 'discount': 0.9737420879583929, 'lr': 0.00011520088581245748, 'entropy': 0.00018703173183122322}. Best is trial 121 with value: -2802.282958984375.[0m
[32m[I 2022-01-14 16:23:19,439][0m Trial 133 finished with value: -2571.592041015625 and parameters: {'r_scaling': 4.288239524921253, 'unroll': 1, 'update_epoch': 15, 'discount': 0.9737589326882663, 'lr': 0.00011505938675661695, 'entropy': 0.00019015503956170906}. Best is trial 121 with value: -2802.282958984375.[0m
[32m[I 2022-01-14 16:26:37,492][0m Trial 134 finished with value: 102.17453002929688 and parameters: {'r_scaling': 4.729710442866501, 'unroll': 2, 'update_epoch': 15, 'discount': 0.9746103696085364, 'lr': 0.00011536069768316046, 'entropy': 0.00018219366930971888}. Best is trial 121 with value: -2802.282958984375.[0m
[32m[I 2022-01-14 16:29:50,670][0m Trial 135 finished with value: 97.57718658447266 and parameters: {'r_scaling': 2.945504596796311, 'unroll': 7, 'update_epoch': 15, 'discount': 0.9717788106346674, 'lr': 0.00011184340573839307, 'entropy': 0.00020766983509697476}. Best is trial 121 with value: -2802.282958984375.[0m
[32m[I 2022-01-14 16:32:50,462][0m Trial 136 finished with value: -2734.9404296875 and parameters: {'r_scaling': 3.982926563337446, 'unroll': 1, 'update_epoch': 15, 'discount': 0.967296228856519, 'lr': 0.00010678965070342656, 'entropy': 0.00017282785428611574}. Best is trial 121 with value: -2802.282958984375.[0m
[32m[I 2022-01-14 16:36:32,394][0m Trial 137 finished with value: -189.07223510742188 and parameters: {'r_scaling': 4.199747263785592, 'unroll': 1, 'update_epoch': 15, 'discount': 0.9818615171887785, 'lr': 0.001396624849876671, 'entropy': 0.0002874951051043764}. Best is trial 121 with value: -2802.282958984375.[0m
