[32m[I 2022-01-20 20:53:47,163][0m Trial 138 finished with value: -1276.41259765625 and parameters: {'r_scaling': 82.57503780711808, 'unroll': 2, 'update_epoch': 10, 'discount': 0.9890912563438737, 'lr': 0.00011131372765905692, 'entropy': 0.0007421820209435133}. Best is trial 129 with value: -2335.34619140625.[0m
[32m[I 2022-01-20 20:56:33,424][0m Trial 139 finished with value: 110.86647033691406 and parameters: {'r_scaling': 51.068013428631055, 'unroll': 4, 'update_epoch': 11, 'discount': 0.972152812154166, 'lr': 0.00011844468956625239, 'entropy': 0.001012043124974816}. Best is trial 129 with value: -2335.34619140625.[0m
[32m[I 2022-01-20 20:59:49,240][0m Trial 140 finished with value: 104.9764404296875 and parameters: {'r_scaling': 188.0831266416037, 'unroll': 4, 'update_epoch': 10, 'discount': 0.9597027800362051, 'lr': 0.00010735969429989611, 'entropy': 0.00145612215400201}. Best is trial 129 with value: -2335.34619140625.[0m
[32m[I 2022-01-20 21:03:16,917][0m Trial 141 finished with value: -2375.11279296875 and parameters: {'r_scaling': 24.828079737649183, 'unroll': 3, 'update_epoch': 12, 'discount': 0.9560709645221273, 'lr': 0.00012684433857343714, 'entropy': 0.0011551425746018208}. Best is trial 141 with value: -2375.11279296875.[0m
[32m[I 2022-01-20 21:06:35,145][0m Trial 142 finished with value: -2339.017578125 and parameters: {'r_scaling': 28.104755641437244, 'unroll': 3, 'update_epoch': 12, 'discount': 0.9629843185879863, 'lr': 0.00012489436614729436, 'entropy': 0.001199289478460004}. Best is trial 141 with value: -2375.11279296875.[0m
[32m[I 2022-01-20 21:09:57,842][0m Trial 143 finished with value: -1969.84228515625 and parameters: {'r_scaling': 42.276588760413624, 'unroll': 3, 'update_epoch': 11, 'discount': 0.9550384909750075, 'lr': 0.00012183988566042863, 'entropy': 0.0008245517920520779}. Best is trial 141 with value: -2375.11279296875.[0m
[32m[I 2022-01-20 21:13:02,016][0m Trial 144 finished with value: -50.16534423828125 and parameters: {'r_scaling': 36.431095491405436, 'unroll': 2, 'update_epoch': 12, 'discount': 0.9567019714219573, 'lr': 0.00012959567146367127, 'entropy': 0.0008607124932708571}. Best is trial 141 with value: -2375.11279296875.[0m
[32m[I 2022-01-20 21:16:38,262][0m Trial 145 finished with value: -2058.923583984375 and parameters: {'r_scaling': 50.71354669739667, 'unroll': 3, 'update_epoch': 11, 'discount': 0.9632759693334596, 'lr': 0.00010174896988788627, 'entropy': 0.0004797358814848509}. Best is trial 141 with value: -2375.11279296875.[0m
[32m[I 2022-01-20 21:20:30,742][0m Trial 146 finished with value: -2206.822265625 and parameters: {'r_scaling': 46.05967029279091, 'unroll': 3, 'update_epoch': 11, 'discount': 0.9635534748661406, 'lr': 0.00010364490374561725, 'entropy': 0.0004764338384233673}. Best is trial 141 with value: -2375.11279296875.[0m
[32m[I 2022-01-20 21:24:14,146][0m Trial 147 finished with value: -1603.315185546875 and parameters: {'r_scaling': 58.48883030151918, 'unroll': 2, 'update_epoch': 11, 'discount': 0.9628491507630914, 'lr': 0.0001026064952779336, 'entropy': 0.0004770053516219822}. Best is trial 141 with value: -2375.11279296875.[0m
[32m[I 2022-01-20 21:27:47,945][0m Trial 148 finished with value: -2131.894775390625 and parameters: {'r_scaling': 30.21986671928443, 'unroll': 3, 'update_epoch': 12, 'discount': 0.983130323944054, 'lr': 0.00011296180307016984, 'entropy': 0.00034209029960384854}. Best is trial 141 with value: -2375.11279296875.[0m
[32m[I 2022-01-20 21:31:46,302][0m Trial 149 finished with value: 112.11175537109375 and parameters: {'r_scaling': 23.0650149133212, 'unroll': 4, 'update_epoch': 12, 'discount': 0.9615897077851466, 'lr': 0.00011315438809542913, 'entropy': 0.0005058669623470935}. Best is trial 141 with value: -2375.11279296875.[0m
[32m[I 2022-01-20 21:35:24,364][0m Trial 150 finished with value: -412.9964599609375 and parameters: {'r_scaling': 31.698805918231763, 'unroll': 2, 'update_epoch': 12, 'discount': 0.9660593827580691, 'lr': 0.00011868455873835539, 'entropy': 0.0003282310176090883}. Best is trial 141 with value: -2375.11279296875.[0m
[32m[I 2022-01-20 21:38:58,256][0m Trial 151 finished with value: -2186.545654296875 and parameters: {'r_scaling': 51.97641530189938, 'unroll': 3, 'update_epoch': 11, 'discount': 0.9835625006580674, 'lr': 0.00011013292972943204, 'entropy': 0.00023955358830922592}. Best is trial 141 with value: -2375.11279296875.[0m
[32m[I 2022-01-20 21:42:39,853][0m Trial 152 finished with value: -2024.68701171875 and parameters: {'r_scaling': 50.60523966099689, 'unroll': 3, 'update_epoch': 11, 'discount': 0.9589681844768765, 'lr': 0.00012472906488951563, 'entropy': 0.0003426495657858181}. Best is trial 141 with value: -2375.11279296875.[0m
[32m[I 2022-01-20 21:46:22,000][0m Trial 153 finished with value: -2154.018310546875 and parameters: {'r_scaling': 49.42446356737953, 'unroll': 3, 'update_epoch': 10, 'discount': 0.9578766056252747, 'lr': 0.00012467801336820907, 'entropy': 0.000364916006954431}. Best is trial 141 with value: -2375.11279296875.[0m
[32m[I 2022-01-20 21:49:58,881][0m Trial 154 finished with value: -2305.476318359375 and parameters: {'r_scaling': 33.3693763321018, 'unroll': 3, 'update_epoch': 10, 'discount': 0.9574485785239205, 'lr': 0.0001353918965470558, 'entropy': 0.00021358976728882525}. Best is trial 141 with value: -2375.11279296875.[0m
[32m[I 2022-01-20 21:53:48,766][0m Trial 155 finished with value: 110.8857421875 and parameters: {'r_scaling': 21.273402717810246, 'unroll': 4, 'update_epoch': 10, 'discount': 0.9532313498606035, 'lr': 0.0001344280687355906, 'entropy': 0.0001736861246430833}. Best is trial 141 with value: -2375.11279296875.[0m
[32m[I 2022-01-20 21:57:41,039][0m Trial 156 finished with value: -1803.61181640625 and parameters: {'r_scaling': 32.6473535959411, 'unroll': 3, 'update_epoch': 10, 'discount': 0.9937690876268678, 'lr': 0.00011205311985485368, 'entropy': 0.00022552034975538356}. Best is trial 141 with value: -2375.11279296875.[0m
[32m[I 2022-01-20 22:01:26,072][0m Trial 157 finished with value: -2326.49169921875 and parameters: {'r_scaling': 45.25815967361255, 'unroll': 3, 'update_epoch': 9, 'discount': 0.9573301753523977, 'lr': 0.00012469205357020288, 'entropy': 0.00023052458947891543}. Best is trial 141 with value: -2375.11279296875.[0m
[32m[I 2022-01-20 22:05:04,498][0m Trial 158 finished with value: -455.12762451171875 and parameters: {'r_scaling': 28.983808144843852, 'unroll': 2, 'update_epoch': 10, 'discount': 0.9583580334959215, 'lr': 0.00012530068951914183, 'entropy': 0.0001399040903570855}. Best is trial 141 with value: -2375.11279296875.[0m
[32m[I 2022-01-20 22:08:51,339][0m Trial 159 finished with value: 116.36760711669922 and parameters: {'r_scaling': 91.76188206143448, 'unroll': 4, 'update_epoch': 9, 'discount': 0.9838078416542634, 'lr': 0.00010012267641875867, 'entropy': 0.00022668824980369328}. Best is trial 141 with value: -2375.11279296875.[0m
[32m[I 2022-01-20 22:12:33,276][0m Trial 160 finished with value: -2039.4241943359375 and parameters: {'r_scaling': 44.29533656123302, 'unroll': 3, 'update_epoch': 10, 'discount': 0.9742919483114757, 'lr': 0.00011623382618282845, 'entropy': 0.0003824078154855842}. Best is trial 141 with value: -2375.11279296875.[0m
[32m[I 2022-01-20 22:16:09,578][0m Trial 161 finished with value: -2127.78076171875 and parameters: {'r_scaling': 51.93349949382472, 'unroll': 3, 'update_epoch': 9, 'discount': 0.9562205495874806, 'lr': 0.00013588117638061646, 'entropy': 0.00021689565535344218}. Best is trial 141 with value: -2375.11279296875.[0m
[32m[I 2022-01-20 22:19:48,526][0m Trial 162 finished with value: -2005.350830078125 and parameters: {'r_scaling': 59.525161423044494, 'unroll': 3, 'update_epoch': 8, 'discount': 0.9567315855088037, 'lr': 0.00013042327714629634, 'entropy': 0.0002362715707701959}. Best is trial 141 with value: -2375.11279296875.[0m
[32m[I 2022-01-20 22:23:28,463][0m Trial 163 finished with value: -1999.24951171875 and parameters: {'r_scaling': 35.791391417932374, 'unroll': 3, 'update_epoch': 9, 'discount': 0.9472274665778787, 'lr': 0.00013668260066294574, 'entropy': 0.00026676741129054123}. Best is trial 141 with value: -2375.11279296875.[0m
[32m[I 2022-01-20 22:27:11,380][0m Trial 164 finished with value: -365.2135925292969 and parameters: {'r_scaling': 20.82798971502446, 'unroll': 2, 'update_epoch': 9, 'discount': 0.9532344810384107, 'lr': 0.00012095035208152244, 'entropy': 0.00019540443989226385}. Best is trial 141 with value: -2375.11279296875.[0m
[32m[I 2022-01-20 22:30:57,217][0m Trial 165 finished with value: -1888.31591796875 and parameters: {'r_scaling': 25.76149182663046, 'unroll': 3, 'update_epoch': 8, 'discount': 0.9880334587338451, 'lr': 0.00010893370619847597, 'entropy': 0.0004063402142537125}. Best is trial 141 with value: -2375.11279296875.[0m
[32m[I 2022-01-20 22:34:43,691][0m Trial 166 finished with value: 108.52114868164062 and parameters: {'r_scaling': 55.57115397994681, 'unroll': 4, 'update_epoch': 9, 'discount': 0.9674539555961651, 'lr': 0.00011403325234373572, 'entropy': 0.0002930746570125804}. Best is trial 141 with value: -2375.11279296875.[0m
[32m[I 2022-01-20 22:38:40,112][0m Trial 167 finished with value: -1520.4107666015625 and parameters: {'r_scaling': 14.432388471304428, 'unroll': 3, 'update_epoch': 11, 'discount': 0.9648398241665442, 'lr': 0.0001253288025931078, 'entropy': 0.0003495147046944801}. Best is trial 141 with value: -2375.11279296875.[0m
[32m[I 2022-01-20 22:41:39,688][0m Trial 168 finished with value: -1835.59423828125 and parameters: {'r_scaling': 44.62287188721905, 'unroll': 3, 'update_epoch': 10, 'discount': 0.9492973492758802, 'lr': 0.00014236671161706803, 'entropy': 0.00020751845139190106}. Best is trial 141 with value: -2375.11279296875.[0m
[32m[I 2022-01-20 22:45:22,184][0m Trial 169 finished with value: 109.88572692871094 and parameters: {'r_scaling': 35.51189449836319, 'unroll': 4, 'update_epoch': 11, 'discount': 0.9572691814287363, 'lr': 0.00013455483330229194, 'entropy': 0.00011103448532129102}. Best is trial 141 with value: -2375.11279296875.[0m
[32m[I 2022-01-20 22:49:02,112][0m Trial 170 finished with value: -1938.7255859375 and parameters: {'r_scaling': 30.865953601963664, 'unroll': 3, 'update_epoch': 12, 'discount': 0.9610292000361105, 'lr': 0.00011865762035573806, 'entropy': 0.0001610977772784626}. Best is trial 141 with value: -2375.11279296875.[0m
[32m[I 2022-01-20 22:52:00,301][0m Trial 171 finished with value: -2681.271240234375 and parameters: {'r_scaling': 49.01886302557378, 'unroll': 3, 'update_epoch': 11, 'discount': 0.9642871435379441, 'lr': 0.0001326986282026957, 'entropy': 0.000254410902506494}. Best is trial 171 with value: -2681.271240234375.[0m
[32m[I 2022-01-20 22:55:42,154][0m Trial 172 finished with value: -2172.28564453125 and parameters: {'r_scaling': 67.04330012216674, 'unroll': 3, 'update_epoch': 11, 'discount': 0.9550905986862234, 'lr': 0.00012894809806752568, 'entropy': 0.00026855975437809436}. Best is trial 171 with value: -2681.271240234375.[0m
[32m[I 2022-01-20 22:59:23,156][0m Trial 173 finished with value: -151.02301025390625 and parameters: {'r_scaling': 62.52512435119651, 'unroll': 2, 'update_epoch': 12, 'discount': 0.9537959990993173, 'lr': 0.00013093073891408627, 'entropy': 0.00024725344554128514}. Best is trial 171 with value: -2681.271240234375.[0m
[32m[I 2022-01-20 23:03:05,667][0m Trial 174 finished with value: -2405.6064453125 and parameters: {'r_scaling': 103.58000457204628, 'unroll': 3, 'update_epoch': 11, 'discount': 0.9558105960916707, 'lr': 0.00013881250289568144, 'entropy': 0.0003013371569965055}. Best is trial 171 with value: -2681.271240234375.[0m
[32m[I 2022-01-20 23:06:52,551][0m Trial 175 finished with value: -1964.7132568359375 and parameters: {'r_scaling': 41.53917068599031, 'unroll': 3, 'update_epoch': 10, 'discount': 0.9558540408944171, 'lr': 0.00013917292982479698, 'entropy': 0.00031435618880773514}. Best is trial 171 with value: -2681.271240234375.[0m
[32m[I 2022-01-20 23:10:35,685][0m Trial 176 finished with value: -1915.79052734375 and parameters: {'r_scaling': 121.05892427223537, 'unroll': 3, 'update_epoch': 11, 'discount': 0.9513543704431275, 'lr': 0.00012633600046435726, 'entropy': 0.0002824090099682311}. Best is trial 171 with value: -2681.271240234375.[0m
[32m[I 2022-01-20 23:14:28,976][0m Trial 177 finished with value: 117.466064453125 and parameters: {'r_scaling': 71.63581865771727, 'unroll': 7, 'update_epoch': 11, 'discount': 0.9773315233086475, 'lr': 0.00014700580323495646, 'entropy': 0.00014714802693096703}. Best is trial 171 with value: -2681.271240234375.[0m
[32m[I 2022-01-20 23:18:38,343][0m Trial 178 finished with value: -2127.64990234375 and parameters: {'r_scaling': 85.44809266935242, 'unroll': 3, 'update_epoch': 10, 'discount': 0.9583581114587366, 'lr': 0.00011101479531403196, 'entropy': 0.00020432357724839057}. Best is trial 171 with value: -2681.271240234375.[0m
[32m[I 2022-01-20 23:22:29,072][0m Trial 179 finished with value: 118.45359802246094 and parameters: {'r_scaling': 150.98379492906224, 'unroll': 4, 'update_epoch': 7, 'discount': 0.9601408387448848, 'lr': 0.00012235487333319323, 'entropy': 0.00019173312851996637}. Best is trial 171 with value: -2681.271240234375.[0m
[32m[I 2022-01-20 23:26:16,242][0m Trial 180 finished with value: -1582.619384765625 and parameters: {'r_scaling': 105.7562437241846, 'unroll': 2, 'update_epoch': 9, 'discount': 0.9551951009311682, 'lr': 0.000135983662797535, 'entropy': 0.00025051250159037534}. Best is trial 171 with value: -2681.271240234375.[0m
[32m[I 2022-01-20 23:30:24,129][0m Trial 181 finished with value: -1986.6182861328125 and parameters: {'r_scaling': 81.85100517786806, 'unroll': 3, 'update_epoch': 10, 'discount': 0.9584950992483138, 'lr': 0.0001105477591337836, 'entropy': 0.00038307251108524924}. Best is trial 171 with value: -2681.271240234375.[0m
[32m[I 2022-01-20 23:34:27,064][0m Trial 182 finished with value: -1607.19287109375 and parameters: {'r_scaling': 129.3476167944553, 'unroll': 3, 'update_epoch': 10, 'discount': 0.983994356959917, 'lr': 0.00011616003350064984, 'entropy': 0.00021802525913829126}. Best is trial 171 with value: -2681.271240234375.[0m
[32m[I 2022-01-20 23:38:22,201][0m Trial 183 finished with value: -2061.0634765625 and parameters: {'r_scaling': 87.20559076721793, 'unroll': 3, 'update_epoch': 11, 'discount': 0.9576533933633298, 'lr': 0.00012860263230035578, 'entropy': 0.0002733899568700519}. Best is trial 171 with value: -2681.271240234375.[0m
[32m[I 2022-01-20 23:42:05,124][0m Trial 184 finished with value: -2056.020263671875 and parameters: {'r_scaling': 62.259388852942585, 'unroll': 3, 'update_epoch': 10, 'discount': 0.9614052962475432, 'lr': 0.0001191704020039623, 'entropy': 0.00018410503321031294}. Best is trial 171 with value: -2681.271240234375.[0m
[32m[I 2022-01-20 23:45:53,979][0m Trial 185 finished with value: -1961.6654052734375 and parameters: {'r_scaling': 46.80663705017534, 'unroll': 3, 'update_epoch': 11, 'discount': 0.9595466789545146, 'lr': 0.00010869065537891125, 'entropy': 0.00012917247929499637}. Best is trial 171 with value: -2681.271240234375.[0m
[32m[I 2022-01-20 23:48:53,404][0m Trial 186 finished with value: -430.86407470703125 and parameters: {'r_scaling': 26.568187405201932, 'unroll': 2, 'update_epoch': 11, 'discount': 0.952662738968542, 'lr': 0.00013127905630359635, 'entropy': 0.00030291088539099716}. Best is trial 171 with value: -2681.271240234375.[0m
[32m[I 2022-01-20 23:52:30,450][0m Trial 187 finished with value: 104.28118896484375 and parameters: {'r_scaling': 38.24967044342429, 'unroll': 4, 'update_epoch': 12, 'discount': 0.9440497727574206, 'lr': 0.00014162107805317233, 'entropy': 0.00036871117231622366}. Best is trial 171 with value: -2681.271240234375.[0m
[32m[I 2022-01-20 23:55:28,343][0m Trial 188 finished with value: -1989.276611328125 and parameters: {'r_scaling': 72.70284295259941, 'unroll': 3, 'update_epoch': 10, 'discount': 0.9664195895940494, 'lr': 0.0001140298785578711, 'entropy': 0.0001963988502934152}. Best is trial 171 with value: -2681.271240234375.[0m
[32m[I 2022-01-20 23:59:22,587][0m Trial 189 finished with value: -1912.126220703125 and parameters: {'r_scaling': 55.05599931187513, 'unroll': 3, 'update_epoch': 7, 'discount': 0.9562869700084604, 'lr': 0.00012381069929807653, 'entropy': 0.00025336616091628744}. Best is trial 171 with value: -2681.271240234375.[0m
[32m[I 2022-01-21 00:03:01,723][0m Trial 190 finished with value: -383.9847412109375 and parameters: {'r_scaling': 32.072725552735974, 'unroll': 2, 'update_epoch': 11, 'discount': 0.9722765219345607, 'lr': 0.00015003271296081536, 'entropy': 0.0001539230373092622}. Best is trial 171 with value: -2681.271240234375.[0m
[32m[I 2022-01-21 00:06:46,022][0m Trial 191 finished with value: -2249.75927734375 and parameters: {'r_scaling': 45.12512290817152, 'unroll': 3, 'update_epoch': 12, 'discount': 0.9640753592337753, 'lr': 0.00010888433217344418, 'entropy': 0.00032669395782156764}. Best is trial 171 with value: -2681.271240234375.[0m
[32m[I 2022-01-21 00:10:43,164][0m Trial 192 finished with value: -1934.401611328125 and parameters: {'r_scaling': 49.83394340601738, 'unroll': 3, 'update_epoch': 12, 'discount': 0.9646104851223335, 'lr': 0.0001099642986043292, 'entropy': 0.00030276240188320915}. Best is trial 171 with value: -2681.271240234375.[0m
[32m[I 2022-01-21 00:14:45,280][0m Trial 193 finished with value: -2231.102783203125 and parameters: {'r_scaling': 41.27784147620458, 'unroll': 3, 'update_epoch': 9, 'discount': 0.9618720066589483, 'lr': 0.00012086770621489264, 'entropy': 0.0004291999348285811}. Best is trial 171 with value: -2681.271240234375.[0m
[32m[I 2022-01-21 00:17:43,278][0m Trial 194 finished with value: -1819.3880615234375 and parameters: {'r_scaling': 37.715450595423796, 'unroll': 3, 'update_epoch': 9, 'discount': 0.962476776097716, 'lr': 0.0001274914823438595, 'entropy': 0.0004201840781788651}. Best is trial 171 with value: -2681.271240234375.[0m
[32m[I 2022-01-21 00:21:42,792][0m Trial 195 finished with value: 112.74674987792969 and parameters: {'r_scaling': 44.8474440347497, 'unroll': 4, 'update_epoch': 8, 'discount': 0.954822106181523, 'lr': 0.00011826802689446491, 'entropy': 0.0003523368053988588}. Best is trial 171 with value: -2681.271240234375.[0m
[32m[I 2022-01-21 00:25:45,756][0m Trial 196 finished with value: -1955.1719970703125 and parameters: {'r_scaling': 23.20124283127226, 'unroll': 3, 'update_epoch': 9, 'discount': 0.9615437404182697, 'lr': 0.00013585581988318098, 'entropy': 0.0005844155788572528}. Best is trial 171 with value: -2681.271240234375.[0m
[32m[I 2022-01-21 00:28:45,922][0m Trial 197 finished with value: -624.3741455078125 and parameters: {'r_scaling': 4.5564158251364475, 'unroll': 2, 'update_epoch': 12, 'discount': 0.9684763138846718, 'lr': 0.00012405140356107005, 'entropy': 0.0004232312798839148}. Best is trial 171 with value: -2681.271240234375.[0m
[32m[I 2022-01-21 00:31:44,587][0m Trial 198 finished with value: 112.05101013183594 and parameters: {'r_scaling': 11.097444503884093, 'unroll': 9, 'update_epoch': 11, 'discount': 0.963919111410819, 'lr': 0.00010001537139969333, 'entropy': 0.0003174496782012062}. Best is trial 171 with value: -2681.271240234375.[0m
[32m[I 2022-01-21 00:34:44,088][0m Trial 199 finished with value: -2066.256103515625 and parameters: {'r_scaling': 27.398844530422547, 'unroll': 3, 'update_epoch': 12, 'discount': 0.9599655979116432, 'lr': 0.00013806476517969518, 'entropy': 0.00023271046164989286}. Best is trial 171 with value: -2681.271240234375.[0m
