[32m[I 2022-01-23 00:23:56,084][0m Trial 68 finished with value: -16.733001708984375 and parameters: {'r_scaling': 6.045936334134761, 'unroll': 1, 'update_epoch': 8, 'discount': 0.9187488668857791, 'lr': 0.0005994133316523156, 'entropy': 0.009857460840183099}. Best is trial 51 with value: -500.1933288574219.[0m
[32m[I 2022-01-23 00:27:19,212][0m Trial 69 finished with value: 103.66600036621094 and parameters: {'r_scaling': 2.051089006730326, 'unroll': 15, 'update_epoch': 10, 'discount': 0.9422937353361015, 'lr': 0.00021025880875300004, 'entropy': 0.03629187529054115}. Best is trial 51 with value: -500.1933288574219.[0m
[32m[I 2022-01-23 00:30:13,999][0m Trial 70 finished with value: 98.107177734375 and parameters: {'r_scaling': 0.24865786480095112, 'unroll': 3, 'update_epoch': 6, 'discount': 0.9152735222048014, 'lr': 0.00015490674062847978, 'entropy': 0.004374664368279458}. Best is trial 51 with value: -500.1933288574219.[0m
[32m[I 2022-01-23 00:33:49,176][0m Trial 71 finished with value: 88.34629821777344 and parameters: {'r_scaling': 0.38359925113606586, 'unroll': 1, 'update_epoch': 9, 'discount': 0.9278655224018338, 'lr': 0.0001414255722480613, 'entropy': 0.020066739044594276}. Best is trial 51 with value: -500.1933288574219.[0m
[32m[I 2022-01-23 00:36:49,167][0m Trial 72 finished with value: 106.16136169433594 and parameters: {'r_scaling': 0.33340592020077, 'unroll': 2, 'update_epoch': 8, 'discount': 0.9301706797136872, 'lr': 0.00012533700893077723, 'entropy': 0.013379140700601427}. Best is trial 51 with value: -500.1933288574219.[0m
[32m[I 2022-01-23 00:40:25,324][0m Trial 73 finished with value: -956.888427734375 and parameters: {'r_scaling': 0.5664377385946675, 'unroll': 1, 'update_epoch': 10, 'discount': 0.9355131421511577, 'lr': 0.00018043767211744596, 'entropy': 0.01818056761566098}. Best is trial 73 with value: -956.888427734375.[0m
[32m[I 2022-01-23 00:43:19,814][0m Trial 74 finished with value: 96.35086822509766 and parameters: {'r_scaling': 0.6029060855137252, 'unroll': 2, 'update_epoch': 11, 'discount': 0.9338317823431251, 'lr': 0.0001839388129350866, 'entropy': 0.012436878564190524}. Best is trial 73 with value: -956.888427734375.[0m
[32m[I 2022-01-23 00:46:56,089][0m Trial 75 finished with value: 127.04352569580078 and parameters: {'r_scaling': 0.969018803144145, 'unroll': 1, 'update_epoch': 10, 'discount': 0.9356747587264898, 'lr': 0.00024505179395497716, 'entropy': 0.0002400334931896314}. Best is trial 73 with value: -956.888427734375.[0m
[32m[I 2022-01-23 00:50:44,372][0m Trial 76 finished with value: 115.0284652709961 and parameters: {'r_scaling': 0.14312126067327213, 'unroll': 1, 'update_epoch': 13, 'discount': 0.9247914857506225, 'lr': 0.00010874359420208414, 'entropy': 0.01676475997519603}. Best is trial 73 with value: -956.888427734375.[0m
[32m[I 2022-01-23 00:53:40,498][0m Trial 77 finished with value: 107.1209487915039 and parameters: {'r_scaling': 1.4544172939644582, 'unroll': 14, 'update_epoch': 11, 'discount': 0.9459948870812692, 'lr': 0.00012228100511670176, 'entropy': 0.02578638799075962}. Best is trial 73 with value: -956.888427734375.[0m
[32m[I 2022-01-23 00:57:03,329][0m Trial 78 finished with value: 99.68919372558594 and parameters: {'r_scaling': 0.10228586865667978, 'unroll': 2, 'update_epoch': 15, 'discount': 0.9385465350060235, 'lr': 0.00015698483725153767, 'entropy': 0.07501272038571374}. Best is trial 73 with value: -956.888427734375.[0m
[32m[I 2022-01-23 01:00:23,890][0m Trial 79 finished with value: 99.35479736328125 and parameters: {'r_scaling': 0.2959060819225822, 'unroll': 2, 'update_epoch': 5, 'discount': 0.9317973685840893, 'lr': 0.00017525587010572077, 'entropy': 0.007236558475981586}. Best is trial 73 with value: -956.888427734375.[0m
[32m[I 2022-01-23 01:04:02,284][0m Trial 80 finished with value: 63.760101318359375 and parameters: {'r_scaling': 0.18170318241716885, 'unroll': 1, 'update_epoch': 14, 'discount': 0.942226696534729, 'lr': 0.00010112883331497117, 'entropy': 0.03340636456273937}. Best is trial 73 with value: -956.888427734375.[0m
[32m[I 2022-01-23 01:07:37,087][0m Trial 81 finished with value: -38.33460235595703 and parameters: {'r_scaling': 0.05939127927956235, 'unroll': 1, 'update_epoch': 9, 'discount': 0.9277836879515682, 'lr': 0.00014887633435943512, 'entropy': 0.020884160773145557}. Best is trial 73 with value: -956.888427734375.[0m
[32m[I 2022-01-23 01:11:16,741][0m Trial 82 finished with value: -254.12973022460938 and parameters: {'r_scaling': 0.4218213354400846, 'unroll': 1, 'update_epoch': 9, 'discount': 0.928325462605646, 'lr': 0.00013673995947100938, 'entropy': 0.011422188877302456}. Best is trial 73 with value: -956.888427734375.[0m
[32m[I 2022-01-23 01:14:40,725][0m Trial 83 finished with value: 99.34304809570312 and parameters: {'r_scaling': 0.5675308575811585, 'unroll': 3, 'update_epoch': 12, 'discount': 0.9351412566124628, 'lr': 0.00012887323333977445, 'entropy': 0.008747891662826699}. Best is trial 73 with value: -956.888427734375.[0m
[32m[I 2022-01-23 01:17:52,230][0m Trial 84 finished with value: -205.06033325195312 and parameters: {'r_scaling': 0.4827718000477261, 'unroll': 1, 'update_epoch': 10, 'discount': 0.9250285223203545, 'lr': 0.00011517012464662394, 'entropy': 0.011445693130343902}. Best is trial 73 with value: -956.888427734375.[0m
[32m[I 2022-01-23 01:21:16,371][0m Trial 85 finished with value: 93.74141693115234 and parameters: {'r_scaling': 0.445229354148733, 'unroll': 2, 'update_epoch': 10, 'discount': 0.9207288972416159, 'lr': 0.00011646360420136465, 'entropy': 0.011573848429202092}. Best is trial 73 with value: -956.888427734375.[0m
[32m[I 2022-01-23 01:24:46,924][0m Trial 86 finished with value: -160.61102294921875 and parameters: {'r_scaling': 0.723298143123277, 'unroll': 1, 'update_epoch': 9, 'discount': 0.9254218352022853, 'lr': 0.00012040181005471284, 'entropy': 0.005162047132465508}. Best is trial 73 with value: -956.888427734375.[0m
[32m[I 2022-01-23 01:28:10,742][0m Trial 87 finished with value: 97.74822998046875 and parameters: {'r_scaling': 0.08689495236840292, 'unroll': 2, 'update_epoch': 8, 'discount': 0.9323699352303325, 'lr': 0.00014057001222684634, 'entropy': 0.0036221141785366204}. Best is trial 73 with value: -956.888427734375.[0m
[32m[I 2022-01-23 01:31:28,604][0m Trial 88 finished with value: 99.07134246826172 and parameters: {'r_scaling': 0.2503744163087972, 'unroll': 11, 'update_epoch': 9, 'discount': 0.910328314995037, 'lr': 0.00020182336588148503, 'entropy': 0.009935895405592431}. Best is trial 73 with value: -956.888427734375.[0m
[32m[I 2022-01-23 01:34:52,819][0m Trial 89 finished with value: 100.53643035888672 and parameters: {'r_scaling': 0.11593771167738448, 'unroll': 6, 'update_epoch': 10, 'discount': 0.9505945745488826, 'lr': 0.00016462794318003191, 'entropy': 0.013611018809656485}. Best is trial 73 with value: -956.888427734375.[0m
[32m[I 2022-01-23 01:38:24,245][0m Trial 90 finished with value: 106.21267700195312 and parameters: {'r_scaling': 0.861422879070749, 'unroll': 4, 'update_epoch': 7, 'discount': 0.9234831056756473, 'lr': 0.00010960742161802284, 'entropy': 0.028423958095420095}. Best is trial 73 with value: -956.888427734375.[0m
[32m[I 2022-01-23 01:42:05,549][0m Trial 91 finished with value: 117.58506774902344 and parameters: {'r_scaling': 0.44916085671519146, 'unroll': 1, 'update_epoch': 11, 'discount': 0.9298360187247767, 'lr': 0.00014874192890197216, 'entropy': 0.01724904210725649}. Best is trial 73 with value: -956.888427734375.[0m
[32m[I 2022-01-23 01:45:44,497][0m Trial 92 finished with value: -190.8493194580078 and parameters: {'r_scaling': 0.31122982760588747, 'unroll': 1, 'update_epoch': 11, 'discount': 0.9371415951488371, 'lr': 0.00013569020745081653, 'entropy': 0.022186254484943116}. Best is trial 73 with value: -956.888427734375.[0m
[32m[I 2022-01-23 01:48:57,754][0m Trial 93 finished with value: -126.43531036376953 and parameters: {'r_scaling': 0.14148457321244828, 'unroll': 1, 'update_epoch': 9, 'discount': 0.9364936796645551, 'lr': 0.00013290805144500006, 'entropy': 0.023435144610415463}. Best is trial 73 with value: -956.888427734375.[0m
[32m[I 2022-01-23 01:52:22,236][0m Trial 94 finished with value: 97.73303985595703 and parameters: {'r_scaling': 0.19373327346842317, 'unroll': 2, 'update_epoch': 10, 'discount': 0.9410281494532683, 'lr': 0.00011711286825639549, 'entropy': 0.015365242119079582}. Best is trial 73 with value: -956.888427734375.[0m
[32m[I 2022-01-23 01:56:01,007][0m Trial 95 finished with value: -71.05795288085938 and parameters: {'r_scaling': 0.2639200578171724, 'unroll': 1, 'update_epoch': 12, 'discount': 0.9327483993925368, 'lr': 0.00010735603818948373, 'entropy': 0.0402545826578995}. Best is trial 73 with value: -956.888427734375.[0m
[32m[I 2022-01-23 01:59:21,641][0m Trial 96 finished with value: 101.73887634277344 and parameters: {'r_scaling': 51.72870555204981, 'unroll': 2, 'update_epoch': 14, 'discount': 0.9259655757687171, 'lr': 0.00016546730873932169, 'entropy': 0.011287664199702552}. Best is trial 73 with value: -956.888427734375.[0m
[32m[I 2022-01-23 02:03:07,711][0m Trial 97 finished with value: 126.40924072265625 and parameters: {'r_scaling': 0.07147792061296489, 'unroll': 1, 'update_epoch': 15, 'discount': 0.9387328188556583, 'lr': 0.0011624196714035934, 'entropy': 0.012572981594072257}. Best is trial 73 with value: -956.888427734375.[0m
[32m[I 2022-01-23 02:06:12,297][0m Trial 98 finished with value: 121.24762725830078 and parameters: {'r_scaling': 1.186602384254485, 'unroll': 1, 'update_epoch': 10, 'discount': 0.9343069186270131, 'lr': 0.00019581414031511304, 'entropy': 0.007561114122838836}. Best is trial 73 with value: -956.888427734375.[0m
[32m[I 2022-01-23 02:09:37,473][0m Trial 99 finished with value: 106.43309020996094 and parameters: {'r_scaling': 0.22126049439024956, 'unroll': 2, 'update_epoch': 11, 'discount': 0.9370356493789899, 'lr': 0.00015203694549309764, 'entropy': 0.021916301205566577}. Best is trial 73 with value: -956.888427734375.[0m
[32m[I 2022-01-23 02:12:56,097][0m Trial 100 finished with value: 101.41793823242188 and parameters: {'r_scaling': 0.1550539783695643, 'unroll': 3, 'update_epoch': 12, 'discount': 0.9314248219178564, 'lr': 0.00012666363190403198, 'entropy': 0.04787993587290689}. Best is trial 73 with value: -956.888427734375.[0m
[32m[I 2022-01-23 02:16:33,111][0m Trial 101 finished with value: -413.82476806640625 and parameters: {'r_scaling': 0.31850712443668194, 'unroll': 1, 'update_epoch': 11, 'discount': 0.9284829536099153, 'lr': 0.00013406343551190155, 'entropy': 0.017444941149496178}. Best is trial 73 with value: -956.888427734375.[0m
[32m[I 2022-01-23 02:20:16,699][0m Trial 102 finished with value: 124.47705841064453 and parameters: {'r_scaling': 0.5454006817605483, 'unroll': 1, 'update_epoch': 10, 'discount': 0.9283169437505967, 'lr': 0.00013900447020803223, 'entropy': 0.016278089777222053}. Best is trial 73 with value: -956.888427734375.[0m
[32m[I 2022-01-23 02:23:28,645][0m Trial 103 finished with value: -249.46624755859375 and parameters: {'r_scaling': 0.39668957658872883, 'unroll': 1, 'update_epoch': 11, 'discount': 0.9224270415155028, 'lr': 0.00010491640029470336, 'entropy': 0.027951996460422804}. Best is trial 73 with value: -956.888427734375.[0m
[32m[I 2022-01-23 02:26:59,592][0m Trial 104 finished with value: 108.77609252929688 and parameters: {'r_scaling': 0.3964859969826824, 'unroll': 2, 'update_epoch': 9, 'discount': 0.9218438440203971, 'lr': 0.00010408265490772626, 'entropy': 0.010321935634399532}. Best is trial 73 with value: -956.888427734375.[0m
[32m[I 2022-01-23 02:30:40,178][0m Trial 105 finished with value: 122.97137451171875 and parameters: {'r_scaling': 0.6911018358402554, 'unroll': 1, 'update_epoch': 3, 'discount': 0.9192735896041735, 'lr': 0.00010010039202301162, 'entropy': 0.026659153627069863}. Best is trial 73 with value: -956.888427734375.[0m
[32m[I 2022-01-23 02:34:21,825][0m Trial 106 finished with value: 129.7897491455078 and parameters: {'r_scaling': 0.46619181186355396, 'unroll': 1, 'update_epoch': 8, 'discount': 0.9161439645605952, 'lr': 0.0001181496483448858, 'entropy': 0.0362500509131894}. Best is trial 73 with value: -956.888427734375.[0m
[32m[I 2022-01-23 02:37:49,262][0m Trial 107 finished with value: 105.68222045898438 and parameters: {'r_scaling': 0.06165384891744301, 'unroll': 2, 'update_epoch': 13, 'discount': 0.9229444808002765, 'lr': 0.0001776385731600732, 'entropy': 0.013625881223659432}. Best is trial 73 with value: -956.888427734375.[0m
[32m[I 2022-01-23 02:41:25,032][0m Trial 108 finished with value: 125.52690124511719 and parameters: {'r_scaling': 0.09250431707647733, 'unroll': 1, 'update_epoch': 11, 'discount': 0.9263213606788152, 'lr': 0.00011304647744579583, 'entropy': 0.030514017555679483}. Best is trial 73 with value: -956.888427734375.[0m
[32m[I 2022-01-23 02:44:20,167][0m Trial 109 finished with value: 99.39321899414062 and parameters: {'r_scaling': 0.05036547248833807, 'unroll': 3, 'update_epoch': 12, 'discount': 0.9292906491351349, 'lr': 0.0003566545140450184, 'entropy': 0.008912302042448987}. Best is trial 73 with value: -956.888427734375.[0m
[32m[I 2022-01-23 02:47:44,471][0m Trial 110 finished with value: 105.72278594970703 and parameters: {'r_scaling': 0.2155997975912097, 'unroll': 2, 'update_epoch': 11, 'discount': 0.9247341870276069, 'lr': 0.001028820044034322, 'entropy': 0.006868175233168074}. Best is trial 73 with value: -956.888427734375.[0m
[32m[I 2022-01-23 02:50:50,241][0m Trial 111 finished with value: -52.68474578857422 and parameters: {'r_scaling': 0.2963777806015462, 'unroll': 1, 'update_epoch': 11, 'discount': 0.9318442048575634, 'lr': 0.0001324243207474118, 'entropy': 0.018506167182508283}. Best is trial 73 with value: -956.888427734375.[0m
[32m[I 2022-01-23 02:54:03,407][0m Trial 112 finished with value: -216.69334411621094 and parameters: {'r_scaling': 0.34847292286236703, 'unroll': 1, 'update_epoch': 10, 'discount': 0.9340140094853705, 'lr': 0.00012515264098263314, 'entropy': 0.0210949495374817}. Best is trial 73 with value: -956.888427734375.[0m
[32m[I 2022-01-23 02:57:44,131][0m Trial 113 finished with value: -221.14366149902344 and parameters: {'r_scaling': 0.3523604227929028, 'unroll': 1, 'update_epoch': 10, 'discount': 0.9347728094114617, 'lr': 0.000125654974545143, 'entropy': 0.014818394194020371}. Best is trial 73 with value: -956.888427734375.[0m
[32m[I 2022-01-23 03:01:26,234][0m Trial 114 finished with value: -290.9898681640625 and parameters: {'r_scaling': 0.36328497106138435, 'unroll': 1, 'update_epoch': 9, 'discount': 0.9344987609158727, 'lr': 0.0001257081320245896, 'entropy': 0.014936760352764481}. Best is trial 73 with value: -956.888427734375.[0m
[32m[I 2022-01-23 03:05:04,874][0m Trial 115 finished with value: 85.53146362304688 and parameters: {'r_scaling': 0.35566405180755695, 'unroll': 1, 'update_epoch': 9, 'discount': 0.9347246100200806, 'lr': 0.00015781045935275032, 'entropy': 0.014749281036078721}. Best is trial 73 with value: -956.888427734375.[0m
[32m[I 2022-01-23 03:08:31,399][0m Trial 116 finished with value: 95.97975158691406 and parameters: {'r_scaling': 0.6357011445968829, 'unroll': 2, 'update_epoch': 10, 'discount': 0.9421903204896593, 'lr': 0.0001460960694423148, 'entropy': 0.021421325086597633}. Best is trial 73 with value: -956.888427734375.[0m
[32m[I 2022-01-23 03:11:35,178][0m Trial 117 finished with value: -358.87017822265625 and parameters: {'r_scaling': 0.3955221960790945, 'unroll': 1, 'update_epoch': 8, 'discount': 0.9394001748690178, 'lr': 0.00012557845590326, 'entropy': 0.01766375077942191}. Best is trial 73 with value: -956.888427734375.[0m
[32m[I 2022-01-23 03:15:00,023][0m Trial 118 finished with value: 104.7572021484375 and parameters: {'r_scaling': 0.26433953512173286, 'unroll': 2, 'update_epoch': 8, 'discount': 0.9402047841727009, 'lr': 0.00016762393371973151, 'entropy': 0.018202035729351335}. Best is trial 73 with value: -956.888427734375.[0m
[32m[I 2022-01-23 03:18:35,960][0m Trial 119 finished with value: 123.46379089355469 and parameters: {'r_scaling': 0.18732966280202323, 'unroll': 1, 'update_epoch': 8, 'discount': 0.9787796811665271, 'lr': 0.00012278967428715914, 'entropy': 0.01567842238551427}. Best is trial 73 with value: -956.888427734375.[0m
[32m[I 2022-01-23 03:22:24,630][0m Trial 120 finished with value: -100.16793823242188 and parameters: {'r_scaling': 0.40921290088399154, 'unroll': 1, 'update_epoch': 9, 'discount': 0.9455346329688563, 'lr': 0.00018593925571769518, 'entropy': 0.02570347046527947}. Best is trial 73 with value: -956.888427734375.[0m
[32m[I 2022-01-23 03:26:07,005][0m Trial 121 finished with value: -357.6727294921875 and parameters: {'r_scaling': 0.3488469753211446, 'unroll': 1, 'update_epoch': 10, 'discount': 0.9381769700493993, 'lr': 0.00012978704479278184, 'entropy': 0.033854375511294464}. Best is trial 73 with value: -956.888427734375.[0m
[32m[I 2022-01-23 03:29:48,647][0m Trial 122 finished with value: -200.6026611328125 and parameters: {'r_scaling': 0.4934084388644384, 'unroll': 1, 'update_epoch': 9, 'discount': 0.938420376010877, 'lr': 0.00014278043140478626, 'entropy': 0.05299430858993177}. Best is trial 73 with value: -956.888427734375.[0m
[32m[I 2022-01-23 03:32:48,387][0m Trial 123 finished with value: 102.35138702392578 and parameters: {'r_scaling': 0.39678267418404267, 'unroll': 2, 'update_epoch': 10, 'discount': 0.9437246800604748, 'lr': 0.00013020349057048786, 'entropy': 0.0336586627737932}. Best is trial 73 with value: -956.888427734375.[0m
[32m[I 2022-01-23 03:35:53,268][0m Trial 124 finished with value: -105.86253356933594 and parameters: {'r_scaling': 0.8444253119740144, 'unroll': 1, 'update_epoch': 9, 'discount': 0.9361927895712224, 'lr': 0.00010732659427592492, 'entropy': 0.027315811666882257}. Best is trial 73 with value: -956.888427734375.[0m
[32m[I 2022-01-23 03:39:31,825][0m Trial 125 finished with value: -121.64610290527344 and parameters: {'r_scaling': 0.302523864986369, 'unroll': 1, 'update_epoch': 10, 'discount': 0.9309696255805083, 'lr': 0.0001606479720049601, 'entropy': 0.04208824355556471}. Best is trial 73 with value: -956.888427734375.[0m
[32m[I 2022-01-23 03:42:53,448][0m Trial 126 finished with value: 101.03324127197266 and parameters: {'r_scaling': 0.2488045524208443, 'unroll': 2, 'update_epoch': 6, 'discount': 0.9401671639065017, 'lr': 0.00015090887648013844, 'entropy': 0.012957511913063605}. Best is trial 73 with value: -956.888427734375.[0m
[32m[I 2022-01-23 03:46:26,983][0m Trial 127 finished with value: -306.5342712402344 and parameters: {'r_scaling': 0.5323383869863697, 'unroll': 1, 'update_epoch': 7, 'discount': 0.9481501935478547, 'lr': 0.00013855237946477952, 'entropy': 0.017382923786116486}. Best is trial 73 with value: -956.888427734375.[0m
[32m[I 2022-01-23 03:49:49,675][0m Trial 128 finished with value: 102.69351196289062 and parameters: {'r_scaling': 14.407499213101898, 'unroll': 2, 'update_epoch': 7, 'discount': 0.9490828822084209, 'lr': 0.00013476679514019498, 'entropy': 0.017539971271047096}. Best is trial 73 with value: -956.888427734375.[0m
[32m[I 2022-01-23 03:53:33,240][0m Trial 129 finished with value: -368.5429992675781 and parameters: {'r_scaling': 0.5500645307759677, 'unroll': 1, 'update_epoch': 7, 'discount': 0.9472888778028756, 'lr': 0.00017654148145744903, 'entropy': 0.0012067835893078208}. Best is trial 73 with value: -956.888427734375.[0m
[32m[I 2022-01-23 03:56:27,463][0m Trial 130 finished with value: 102.0567398071289 and parameters: {'r_scaling': 0.5451137678616226, 'unroll': 2, 'update_epoch': 7, 'discount': 0.9471739287159965, 'lr': 0.0002295189048967061, 'entropy': 0.06291911808628438}. Best is trial 73 with value: -956.888427734375.[0m
[32m[I 2022-01-23 04:00:01,940][0m Trial 131 finished with value: 56.01148986816406 and parameters: {'r_scaling': 0.6220800255129092, 'unroll': 1, 'update_epoch': 7, 'discount': 0.9498261865516979, 'lr': 0.0001733986183464489, 'entropy': 0.0008665901633946877}. Best is trial 73 with value: -956.888427734375.[0m
[32m[I 2022-01-23 04:03:01,602][0m Trial 132 finished with value: -163.65957641601562 and parameters: {'r_scaling': 0.42687249555757556, 'unroll': 1, 'update_epoch': 6, 'discount': 0.9557272582908881, 'lr': 0.00021091006450682273, 'entropy': 0.0013302595650684851}. Best is trial 73 with value: -956.888427734375.[0m
[32m[I 2022-01-23 04:06:43,885][0m Trial 133 finished with value: 116.75778198242188 and parameters: {'r_scaling': 0.7910966591004237, 'unroll': 1, 'update_epoch': 7, 'discount': 0.9523256856168457, 'lr': 0.00014184835765416754, 'entropy': 0.0007748749279573483}. Best is trial 73 with value: -956.888427734375.[0m
[32m[I 2022-01-23 04:09:38,824][0m Trial 134 finished with value: 104.94546508789062 and parameters: {'r_scaling': 198.5886570253579, 'unroll': 9, 'update_epoch': 8, 'discount': 0.9461045775381225, 'lr': 0.00015259686770477596, 'entropy': 0.0002923222689696697}. Best is trial 73 with value: -956.888427734375.[0m
[32m[I 2022-01-23 04:13:13,300][0m Trial 135 finished with value: -325.8666687011719 and parameters: {'r_scaling': 0.5311604857948079, 'unroll': 1, 'update_epoch': 5, 'discount': 0.9524328037969727, 'lr': 0.00018793881693758023, 'entropy': 0.024039872161529075}. Best is trial 73 with value: -956.888427734375.[0m
[32m[I 2022-01-23 04:16:36,151][0m Trial 136 finished with value: 99.19882202148438 and parameters: {'r_scaling': 1.1935986565749843, 'unroll': 2, 'update_epoch': 5, 'discount': 0.9517478640142674, 'lr': 0.00018818250990545017, 'entropy': 0.0019546395875394114}. Best is trial 73 with value: -956.888427734375.[0m
