[32m[I 2022-01-16 00:49:00,370][0m Trial 138 finished with value: 98.43603515625 and parameters: {'r_scaling': 80.72268796151137, 'unroll': 10, 'update_epoch': 12, 'discount': 0.9613308024375475, 'lr': 0.00024372753430185903, 'entropy': 0.0036585092813824866}. Best is trial 114 with value: 88.7063217163086.[0m
[32m[I 2022-01-16 00:51:50,918][0m Trial 139 finished with value: 112.52742767333984 and parameters: {'r_scaling': 165.08806454268384, 'unroll': 7, 'update_epoch': 14, 'discount': 0.9465508114101778, 'lr': 0.0017402480949546416, 'entropy': 0.008978558879199178}. Best is trial 114 with value: 88.7063217163086.[0m
[32m[I 2022-01-16 00:55:07,387][0m Trial 140 finished with value: 92.92740631103516 and parameters: {'r_scaling': 5.5842584310956465, 'unroll': 9, 'update_epoch': 13, 'discount': 0.9948518595428402, 'lr': 0.00026908283098824655, 'entropy': 0.07514720962539304}. Best is trial 114 with value: 88.7063217163086.[0m
[32m[I 2022-01-16 00:58:26,415][0m Trial 141 finished with value: 101.55705261230469 and parameters: {'r_scaling': 6.735782429863221, 'unroll': 9, 'update_epoch': 13, 'discount': 0.9920504711730381, 'lr': 0.0002702671034115277, 'entropy': 0.07592919345580296}. Best is trial 114 with value: 88.7063217163086.[0m
[32m[I 2022-01-16 01:01:43,085][0m Trial 142 finished with value: 100.33592224121094 and parameters: {'r_scaling': 10.150857013218099, 'unroll': 10, 'update_epoch': 13, 'discount': 0.9905660572443783, 'lr': 0.0003042675068733826, 'entropy': 0.06890958199279668}. Best is trial 114 with value: 88.7063217163086.[0m
[32m[I 2022-01-16 01:05:09,336][0m Trial 143 finished with value: 109.08857727050781 and parameters: {'r_scaling': 4.24803480187359, 'unroll': 9, 'update_epoch': 12, 'discount': 0.9927332809916123, 'lr': 0.00023640374754764493, 'entropy': 0.051240840013547694}. Best is trial 114 with value: 88.7063217163086.[0m
[32m[I 2022-01-16 01:08:00,887][0m Trial 144 finished with value: 105.24259185791016 and parameters: {'r_scaling': 5.111368420985826, 'unroll': 8, 'update_epoch': 13, 'discount': 0.9532505898976337, 'lr': 0.00025780720189714086, 'entropy': 0.04291488922184219}. Best is trial 114 with value: 88.7063217163086.[0m
[32m[I 2022-01-16 01:11:18,001][0m Trial 145 finished with value: 105.47308349609375 and parameters: {'r_scaling': 2.6358922925591934, 'unroll': 6, 'update_epoch': 14, 'discount': 0.9508892124848161, 'lr': 0.0003553883991853139, 'entropy': 0.06135246963597145}. Best is trial 114 with value: 88.7063217163086.[0m
[32m[I 2022-01-16 01:14:36,594][0m Trial 146 finished with value: 96.4661865234375 and parameters: {'r_scaling': 199.09841556004343, 'unroll': 12, 'update_epoch': 6, 'discount': 0.9943485399504622, 'lr': 0.0002927379340258328, 'entropy': 0.08707519093386056}. Best is trial 114 with value: 88.7063217163086.[0m
[32m[I 2022-01-16 01:17:27,639][0m Trial 147 finished with value: 104.39414978027344 and parameters: {'r_scaling': 112.71617225725097, 'unroll': 8, 'update_epoch': 15, 'discount': 0.9675508729724659, 'lr': 0.0004883505570414329, 'entropy': 0.036394920374172794}. Best is trial 114 with value: 88.7063217163086.[0m
[32m[I 2022-01-16 01:20:45,594][0m Trial 148 finished with value: 106.4567642211914 and parameters: {'r_scaling': 1.096122501987798, 'unroll': 10, 'update_epoch': 8, 'discount': 0.9949942334162998, 'lr': 0.001650090511799123, 'entropy': 0.024295653896675568}. Best is trial 114 with value: 88.7063217163086.[0m
[32m[I 2022-01-16 01:24:04,706][0m Trial 149 finished with value: 103.39041900634766 and parameters: {'r_scaling': 93.39263907633097, 'unroll': 9, 'update_epoch': 12, 'discount': 0.9559218397597766, 'lr': 0.0002261340842287512, 'entropy': 0.06880721561743507}. Best is trial 114 with value: 88.7063217163086.[0m
[32m[I 2022-01-16 01:27:18,345][0m Trial 150 finished with value: 103.53384399414062 and parameters: {'r_scaling': 145.2517697590732, 'unroll': 2, 'update_epoch': 13, 'discount': 0.9079357961935585, 'lr': 0.0003983737909178392, 'entropy': 0.00082300779797495}. Best is trial 114 with value: 88.7063217163086.[0m
[32m[I 2022-01-16 01:30:37,407][0m Trial 151 finished with value: 106.33328247070312 and parameters: {'r_scaling': 0.19661253464293915, 'unroll': 10, 'update_epoch': 15, 'discount': 0.983211994296719, 'lr': 0.001989782773427469, 'entropy': 0.04528794611145158}. Best is trial 114 with value: 88.7063217163086.[0m
[32m[I 2022-01-16 01:33:51,308][0m Trial 152 finished with value: 99.77174377441406 and parameters: {'r_scaling': 0.07867383074506132, 'unroll': 10, 'update_epoch': 15, 'discount': 0.9905292337877915, 'lr': 0.0018628893302668136, 'entropy': 0.019079244344851747}. Best is trial 114 with value: 88.7063217163086.[0m
[32m[I 2022-01-16 01:37:20,737][0m Trial 153 finished with value: 95.48506164550781 and parameters: {'r_scaling': 0.42404807880356554, 'unroll': 11, 'update_epoch': 14, 'discount': 0.9877513045615943, 'lr': 0.0014860371666153888, 'entropy': 0.05515522350079502}. Best is trial 114 with value: 88.7063217163086.[0m
[32m[I 2022-01-16 01:40:40,383][0m Trial 154 finished with value: 99.59103393554688 and parameters: {'r_scaling': 0.3297867079988941, 'unroll': 12, 'update_epoch': 14, 'discount': 0.9430133062789811, 'lr': 0.0015401635976499289, 'entropy': 0.05635955442412311}. Best is trial 114 with value: 88.7063217163086.[0m
[32m[I 2022-01-16 01:44:00,929][0m Trial 155 finished with value: 108.56167602539062 and parameters: {'r_scaling': 0.3946557071315104, 'unroll': 11, 'update_epoch': 13, 'discount': 0.9864938890157576, 'lr': 0.001411963300613945, 'entropy': 0.07644808348053772}. Best is trial 114 with value: 88.7063217163086.[0m
[32m[I 2022-01-16 01:47:16,133][0m Trial 156 finished with value: 103.10785675048828 and parameters: {'r_scaling': 0.46104623522433075, 'unroll': 11, 'update_epoch': 14, 'discount': 0.9889108830261769, 'lr': 0.0013247927726321442, 'entropy': 0.09656890051431127}. Best is trial 114 with value: 88.7063217163086.[0m
[32m[I 2022-01-16 01:50:34,202][0m Trial 157 finished with value: 93.15370178222656 and parameters: {'r_scaling': 124.84206983900248, 'unroll': 11, 'update_epoch': 13, 'discount': 0.9797236065510502, 'lr': 0.0014746804967192791, 'entropy': 0.06353395703315662}. Best is trial 114 with value: 88.7063217163086.[0m
[32m[I 2022-01-16 01:53:51,925][0m Trial 158 finished with value: 102.72435760498047 and parameters: {'r_scaling': 132.54579301152853, 'unroll': 11, 'update_epoch': 13, 'discount': 0.978639241497304, 'lr': 0.0011578512896053893, 'entropy': 0.06355217669094751}. Best is trial 114 with value: 88.7063217163086.[0m
[32m[I 2022-01-16 01:57:09,922][0m Trial 159 finished with value: 98.27609252929688 and parameters: {'r_scaling': 72.22943151162247, 'unroll': 5, 'update_epoch': 14, 'discount': 0.9825774665916249, 'lr': 0.0012331124458412838, 'entropy': 0.08820197774697534}. Best is trial 114 with value: 88.7063217163086.[0m
[32m[I 2022-01-16 02:00:28,315][0m Trial 160 finished with value: 100.64750671386719 and parameters: {'r_scaling': 18.491053706390367, 'unroll': 11, 'update_epoch': 13, 'discount': 0.9755527939028522, 'lr': 0.0015959286169776356, 'entropy': 0.07444955868044871}. Best is trial 114 with value: 88.7063217163086.[0m
[32m[I 2022-01-16 02:03:48,769][0m Trial 161 finished with value: 104.69011688232422 and parameters: {'r_scaling': 104.86547913806034, 'unroll': 12, 'update_epoch': 13, 'discount': 0.9803107230918611, 'lr': 0.0014668420998720378, 'entropy': 0.05260272904615342}. Best is trial 114 with value: 88.7063217163086.[0m
[32m[I 2022-01-16 02:07:06,286][0m Trial 162 finished with value: 97.8239974975586 and parameters: {'r_scaling': 174.33333180494117, 'unroll': 9, 'update_epoch': 12, 'discount': 0.9858849802482407, 'lr': 0.0017321855773461843, 'entropy': 0.060435487346821394}. Best is trial 114 with value: 88.7063217163086.[0m
[32m[I 2022-01-16 02:09:58,008][0m Trial 163 finished with value: 101.43658447265625 and parameters: {'r_scaling': 0.26765070805394, 'unroll': 10, 'update_epoch': 14, 'discount': 0.9484396662738557, 'lr': 0.0002743119278449046, 'entropy': 0.040305308965626604}. Best is trial 114 with value: 88.7063217163086.[0m
[32m[I 2022-01-16 02:13:16,466][0m Trial 164 finished with value: 107.71610260009766 and parameters: {'r_scaling': 0.5674078940271768, 'unroll': 12, 'update_epoch': 13, 'discount': 0.9890628639139284, 'lr': 0.000318826084226026, 'entropy': 0.09959852341953589}. Best is trial 114 with value: 88.7063217163086.[0m
[32m[I 2022-01-16 02:16:48,007][0m Trial 165 finished with value: 100.58024597167969 and parameters: {'r_scaling': 121.43748314738973, 'unroll': 11, 'update_epoch': 13, 'discount': 0.9007482736094841, 'lr': 0.00021167894848611704, 'entropy': 0.049168015604039696}. Best is trial 114 with value: 88.7063217163086.[0m
[32m[I 2022-01-16 02:20:04,823][0m Trial 166 finished with value: 106.72693634033203 and parameters: {'r_scaling': 3.5915985558549712, 'unroll': 9, 'update_epoch': 12, 'discount': 0.944804129225174, 'lr': 0.001491420295810706, 'entropy': 0.06965005229095361}. Best is trial 114 with value: 88.7063217163086.[0m
[32m[I 2022-01-16 02:23:26,057][0m Trial 167 finished with value: 96.56243896484375 and parameters: {'r_scaling': 150.6798617891306, 'unroll': 10, 'update_epoch': 14, 'discount': 0.972781822837655, 'lr': 0.0005184240898471094, 'entropy': 0.001874829888581531}. Best is trial 114 with value: 88.7063217163086.[0m
[32m[I 2022-01-16 02:26:44,385][0m Trial 168 finished with value: 106.18896484375 and parameters: {'r_scaling': 86.0000658395785, 'unroll': 8, 'update_epoch': 13, 'discount': 0.9407940382854315, 'lr': 0.0009720471602291006, 'entropy': 0.08414926686500865}. Best is trial 114 with value: 88.7063217163086.[0m
[32m[I 2022-01-16 02:29:59,581][0m Trial 169 finished with value: 106.54998779296875 and parameters: {'r_scaling': 58.68712008393892, 'unroll': 11, 'update_epoch': 12, 'discount': 0.9842037903520899, 'lr': 0.0013756888702842684, 'entropy': 0.013038685726388497}. Best is trial 114 with value: 88.7063217163086.[0m
[32m[I 2022-01-16 02:32:50,684][0m Trial 170 finished with value: 101.8184585571289 and parameters: {'r_scaling': 0.05267895051495269, 'unroll': 7, 'update_epoch': 13, 'discount': 0.9515372631389402, 'lr': 0.00019617793593196714, 'entropy': 0.011136667307723789}. Best is trial 114 with value: 88.7063217163086.[0m
[32m[I 2022-01-16 02:36:08,670][0m Trial 171 finished with value: 103.7646713256836 and parameters: {'r_scaling': 0.13297843932944736, 'unroll': 10, 'update_epoch': 15, 'discount': 0.9814063178085298, 'lr': 0.0018303463563782818, 'entropy': 0.028110316329592284}. Best is trial 114 with value: 88.7063217163086.[0m
[32m[I 2022-01-16 02:39:28,579][0m Trial 172 finished with value: 106.09455108642578 and parameters: {'r_scaling': 0.11524293204925139, 'unroll': 10, 'update_epoch': 15, 'discount': 0.9783513587630054, 'lr': 0.0016695103099455177, 'entropy': 0.03411807870879399}. Best is trial 114 with value: 88.7063217163086.[0m
[32m[I 2022-01-16 02:42:46,832][0m Trial 173 finished with value: 105.30731201171875 and parameters: {'r_scaling': 0.17043858405361906, 'unroll': 9, 'update_epoch': 14, 'discount': 0.9026333614439073, 'lr': 0.001909945359932127, 'entropy': 0.04330663791922271}. Best is trial 114 with value: 88.7063217163086.[0m
[32m[I 2022-01-16 02:46:09,562][0m Trial 174 finished with value: 110.15750885009766 and parameters: {'r_scaling': 0.21241365376079396, 'unroll': 10, 'update_epoch': 15, 'discount': 0.9852216268101318, 'lr': 0.0016907147684240532, 'entropy': 0.05546557590070418}. Best is trial 114 with value: 88.7063217163086.[0m
[32m[I 2022-01-16 02:49:27,450][0m Trial 175 finished with value: 108.4851303100586 and parameters: {'r_scaling': 0.09067866051248046, 'unroll': 11, 'update_epoch': 7, 'discount': 0.9924050755835966, 'lr': 0.0018063209091352971, 'entropy': 0.06274104845709738}. Best is trial 114 with value: 88.7063217163086.[0m
[32m[I 2022-01-16 02:52:44,479][0m Trial 176 finished with value: 101.60504150390625 and parameters: {'r_scaling': 5.8880302175947525, 'unroll': 6, 'update_epoch': 14, 'discount': 0.9877111877511818, 'lr': 0.0002467315602226445, 'entropy': 0.07832713337164926}. Best is trial 114 with value: 88.7063217163086.[0m
[32m[I 2022-01-16 02:55:48,148][0m Trial 177 finished with value: 103.50076293945312 and parameters: {'r_scaling': 103.62897492844776, 'unroll': 10, 'update_epoch': 13, 'discount': 0.9469700950374358, 'lr': 0.0002799195025706492, 'entropy': 0.047009590579462024}. Best is trial 114 with value: 88.7063217163086.[0m
[32m[I 2022-01-16 02:59:05,000][0m Trial 178 finished with value: 102.13641357421875 and parameters: {'r_scaling': 0.06369837961619323, 'unroll': 9, 'update_epoch': 15, 'discount': 0.9502957084480528, 'lr': 0.00160491429285631, 'entropy': 0.00020999584903334925}. Best is trial 114 with value: 88.7063217163086.[0m
[32m[I 2022-01-16 03:02:24,439][0m Trial 179 finished with value: 104.17120361328125 and parameters: {'r_scaling': 129.51320649488267, 'unroll': 13, 'update_epoch': 13, 'discount': 0.9380771394631775, 'lr': 0.00018109472855294605, 'entropy': 0.07046695098516254}. Best is trial 114 with value: 88.7063217163086.[0m
[32m[I 2022-01-16 03:05:15,262][0m Trial 180 finished with value: 102.62528991699219 and parameters: {'r_scaling': 76.7629841697731, 'unroll': 10, 'update_epoch': 14, 'discount': 0.9270068054463915, 'lr': 0.0008020151527666541, 'entropy': 0.04058669231433689}. Best is trial 114 with value: 88.7063217163086.[0m
[32m[I 2022-01-16 03:08:34,359][0m Trial 181 finished with value: 103.66707611083984 and parameters: {'r_scaling': 0.44963952755552655, 'unroll': 10, 'update_epoch': 15, 'discount': 0.9820294498406111, 'lr': 0.0018931762225557307, 'entropy': 0.032365493453241675}. Best is trial 114 with value: 88.7063217163086.[0m
[32m[I 2022-01-16 03:11:53,615][0m Trial 182 finished with value: 103.04085540771484 and parameters: {'r_scaling': 0.7565551114663996, 'unroll': 10, 'update_epoch': 15, 'discount': 0.9766449159144317, 'lr': 0.0017810377068541955, 'entropy': 0.05229890295606587}. Best is trial 114 with value: 88.7063217163086.[0m
[32m[I 2022-01-16 03:15:10,916][0m Trial 183 finished with value: 109.63265991210938 and parameters: {'r_scaling': 0.29286242899527737, 'unroll': 9, 'update_epoch': 15, 'discount': 0.9790992372427947, 'lr': 0.0019661958437355463, 'entropy': 0.037560911439421946}. Best is trial 114 with value: 88.7063217163086.[0m
[32m[I 2022-01-16 03:18:34,020][0m Trial 184 finished with value: 99.94490814208984 and parameters: {'r_scaling': 0.5103882886434524, 'unroll': 11, 'update_epoch': 5, 'discount': 0.9836494414050709, 'lr': 0.0019743213910028835, 'entropy': 0.05926164409670311}. Best is trial 114 with value: 88.7063217163086.[0m
[32m[I 2022-01-16 03:21:48,324][0m Trial 185 finished with value: 102.58888244628906 and parameters: {'r_scaling': 50.89016154646215, 'unroll': 10, 'update_epoch': 14, 'discount': 0.973938935116509, 'lr': 0.0015291246352239964, 'entropy': 0.002773741148313923}. Best is trial 114 with value: 88.7063217163086.[0m
[32m[I 2022-01-16 03:25:04,341][0m Trial 186 finished with value: 102.46383666992188 and parameters: {'r_scaling': 0.2528539612831206, 'unroll': 8, 'update_epoch': 13, 'discount': 0.9219246172619757, 'lr': 0.0017935458771565081, 'entropy': 0.007800080779919913}. Best is trial 114 with value: 88.7063217163086.[0m
[32m[I 2022-01-16 03:28:18,601][0m Trial 187 finished with value: 106.30970764160156 and parameters: {'r_scaling': 0.38939202468882494, 'unroll': 9, 'update_epoch': 12, 'discount': 0.953254226075206, 'lr': 0.0004167581026756315, 'entropy': 0.08888084226131403}. Best is trial 114 with value: 88.7063217163086.[0m
[32m[I 2022-01-16 03:31:35,505][0m Trial 188 finished with value: 102.2703628540039 and parameters: {'r_scaling': 167.2424205030121, 'unroll': 10, 'update_epoch': 6, 'discount': 0.9317007261195828, 'lr': 0.0002970590171587482, 'entropy': 0.04614857358198551}. Best is trial 114 with value: 88.7063217163086.[0m
[32m[I 2022-01-16 03:34:52,735][0m Trial 189 finished with value: 98.08900451660156 and parameters: {'r_scaling': 0.5746247541176129, 'unroll': 9, 'update_epoch': 15, 'discount': 0.9144138657554939, 'lr': 0.00033534745358004516, 'entropy': 0.07797179065772335}. Best is trial 114 with value: 88.7063217163086.[0m
[32m[I 2022-01-16 03:38:24,478][0m Trial 190 finished with value: 106.17886352539062 and parameters: {'r_scaling': 12.441067986480682, 'unroll': 11, 'update_epoch': 14, 'discount': 0.9702570202396645, 'lr': 0.0016900966398754119, 'entropy': 0.06800926707586642}. Best is trial 114 with value: 88.7063217163086.[0m
[32m[I 2022-01-16 03:41:41,866][0m Trial 191 finished with value: 100.1106185913086 and parameters: {'r_scaling': 0.3314336012310409, 'unroll': 9, 'update_epoch': 13, 'discount': 0.9420628228241511, 'lr': 0.0015952513766094734, 'entropy': 0.08866103601333217}. Best is trial 114 with value: 88.7063217163086.[0m
[32m[I 2022-01-16 03:45:01,083][0m Trial 192 finished with value: 102.23391723632812 and parameters: {'r_scaling': 35.143871125980894, 'unroll': 7, 'update_epoch': 13, 'discount': 0.948789422767624, 'lr': 0.0014943242241290896, 'entropy': 0.00496675968452983}. Best is trial 114 with value: 88.7063217163086.[0m
[32m[I 2022-01-16 03:48:21,468][0m Trial 193 finished with value: 101.18737030029297 and parameters: {'r_scaling': 31.259757342144674, 'unroll': 8, 'update_epoch': 13, 'discount': 0.9452539854256513, 'lr': 0.0013341324826989895, 'entropy': 0.058962003250053074}. Best is trial 114 with value: 88.7063217163086.[0m
[32m[I 2022-01-16 03:51:41,820][0m Trial 194 finished with value: 102.50125122070312 and parameters: {'r_scaling': 8.118763729694889, 'unroll': 9, 'update_epoch': 13, 'discount': 0.9396210150893803, 'lr': 0.000614084175632592, 'entropy': 0.08063255664380316}. Best is trial 114 with value: 88.7063217163086.[0m
[32m[I 2022-01-16 03:54:56,807][0m Trial 195 finished with value: 102.60346984863281 and parameters: {'r_scaling': 22.11009818357243, 'unroll': 9, 'update_epoch': 12, 'discount': 0.9938372358302381, 'lr': 0.0014480014339264516, 'entropy': 0.050857709167595466}. Best is trial 114 with value: 88.7063217163086.[0m
[32m[I 2022-01-16 03:58:26,584][0m Trial 196 finished with value: 104.62367248535156 and parameters: {'r_scaling': 92.1189941813124, 'unroll': 10, 'update_epoch': 13, 'discount': 0.9425124413155581, 'lr': 0.0002619393063947345, 'entropy': 0.06466936272196577}. Best is trial 114 with value: 88.7063217163086.[0m
[32m[I 2022-01-16 04:01:19,062][0m Trial 197 finished with value: 106.51653289794922 and parameters: {'r_scaling': 65.44133627594198, 'unroll': 10, 'update_epoch': 14, 'discount': 0.9466490841996172, 'lr': 0.0010988499831020755, 'entropy': 0.07532729322014795}. Best is trial 114 with value: 88.7063217163086.[0m
[32m[I 2022-01-16 04:05:05,610][0m Trial 198 finished with value: 103.46721649169922 and parameters: {'r_scaling': 113.84458149593335, 'unroll': 5, 'update_epoch': 13, 'discount': 0.9870419123960025, 'lr': 0.0018596767004572837, 'entropy': 0.041455574731023216}. Best is trial 114 with value: 88.7063217163086.[0m
[32m[I 2022-01-16 04:08:54,748][0m Trial 199 finished with value: 101.88016510009766 and parameters: {'r_scaling': 144.5783380388541, 'unroll': 9, 'update_epoch': 15, 'discount': 0.9801576726963432, 'lr': 0.00022599574354220705, 'entropy': 0.09869976004177061}. Best is trial 114 with value: 88.7063217163086.[0m
