[32m[I 2022-01-14 08:44:43,207][0m A new study created in memory with name: no-name-990ec5b9-3d51-4c81-9dcf-d156e5e72c4f[0m
[32m[I 2022-01-14 08:48:09,620][0m Trial 0 finished with value: 99.01410675048828 and parameters: {'r_scaling': 0.2035730680441531, 'unroll': 15, 'update_epoch': 12, 'discount': 0.9268925463981078, 'lr': 0.0004815622718923925, 'entropy': 0.036462155772147946}. Best is trial 0 with value: 99.01410675048828.[0m
[32m[I 2022-01-14 08:51:37,681][0m Trial 1 finished with value: 101.05538940429688 and parameters: {'r_scaling': 0.20573117472430302, 'unroll': 11, 'update_epoch': 2, 'discount': 0.9254055885067611, 'lr': 0.0012236567013352024, 'entropy': 0.052683227205137566}. Best is trial 0 with value: 99.01410675048828.[0m
[32m[I 2022-01-14 08:55:27,740][0m Trial 2 finished with value: 110.240234375 and parameters: {'r_scaling': 1.4045699551817319, 'unroll': 15, 'update_epoch': 15, 'discount': 0.9863854844683729, 'lr': 0.00016155402113682797, 'entropy': 0.0001135601012856434}. Best is trial 0 with value: 99.01410675048828.[0m
[32m[I 2022-01-14 08:59:02,279][0m Trial 3 finished with value: 98.8762435913086 and parameters: {'r_scaling': 115.25704122152227, 'unroll': 6, 'update_epoch': 14, 'discount': 0.9150665537853694, 'lr': 0.00021761108022740338, 'entropy': 0.0018552092084507892}. Best is trial 3 with value: 98.8762435913086.[0m
[32m[I 2022-01-14 09:02:34,985][0m Trial 4 finished with value: 100.01785278320312 and parameters: {'r_scaling': 0.4441151398030868, 'unroll': 8, 'update_epoch': 4, 'discount': 0.9526417780920067, 'lr': 0.00014789164775740697, 'entropy': 0.00023412406022617216}. Best is trial 3 with value: 98.8762435913086.[0m
[32m[I 2022-01-14 09:05:39,586][0m Trial 5 finished with value: 105.01567077636719 and parameters: {'r_scaling': 8.918455179296313, 'unroll': 14, 'update_epoch': 11, 'discount': 0.9394815494774402, 'lr': 0.00148324638394206, 'entropy': 0.003705740314261439}. Best is trial 3 with value: 98.8762435913086.[0m
[32m[I 2022-01-14 09:09:11,684][0m Trial 6 finished with value: 101.50570678710938 and parameters: {'r_scaling': 2.261655997916841, 'unroll': 13, 'update_epoch': 8, 'discount': 0.9172077933870731, 'lr': 0.0009108455583128674, 'entropy': 0.005066763124600612}. Best is trial 3 with value: 98.8762435913086.[0m
[32m[I 2022-01-14 09:12:35,912][0m Trial 7 finished with value: 99.05122375488281 and parameters: {'r_scaling': 3.1756905014183165, 'unroll': 11, 'update_epoch': 14, 'discount': 0.9619655630847533, 'lr': 0.0011986764860136476, 'entropy': 0.007553364536219088}. Best is trial 3 with value: 98.8762435913086.[0m
[32m[I 2022-01-14 09:15:26,722][0m Trial 8 finished with value: 104.08658599853516 and parameters: {'r_scaling': 0.06757034484084973, 'unroll': 6, 'update_epoch': 2, 'discount': 0.9366505429810423, 'lr': 0.0010122213480302314, 'entropy': 0.005595236913834438}. Best is trial 3 with value: 98.8762435913086.[0m
[32m[I 2022-01-14 09:18:38,786][0m Trial 9 finished with value: 96.42218780517578 and parameters: {'r_scaling': 7.726759054123027, 'unroll': 14, 'update_epoch': 15, 'discount': 0.9948136690459967, 'lr': 0.0002564078792664882, 'entropy': 0.00045667486764132284}. Best is trial 9 with value: 96.42218780517578.[0m
[32m[I 2022-01-14 09:21:40,536][0m Trial 10 finished with value: -1735.897216796875 and parameters: {'r_scaling': 33.92211380952915, 'unroll': 1, 'update_epoch': 8, 'discount': 0.9921426776983995, 'lr': 0.00033502080755070843, 'entropy': 0.0007122549324185512}. Best is trial 10 with value: -1735.897216796875.[0m
[32m[I 2022-01-14 09:25:14,961][0m Trial 11 finished with value: -1628.59423828125 and parameters: {'r_scaling': 51.64426217391064, 'unroll': 1, 'update_epoch': 6, 'discount': 0.9949673821849188, 'lr': 0.00031680810259355455, 'entropy': 0.0005687978826977675}. Best is trial 10 with value: -1735.897216796875.[0m
[32m[I 2022-01-14 09:28:18,276][0m Trial 12 finished with value: -1782.83251953125 and parameters: {'r_scaling': 95.80716685809568, 'unroll': 1, 'update_epoch': 7, 'discount': 0.9758034624611692, 'lr': 0.0004427653423380779, 'entropy': 0.000843356228445042}. Best is trial 12 with value: -1782.83251953125.[0m
[32m[I 2022-01-14 09:32:01,026][0m Trial 13 finished with value: -1182.114990234375 and parameters: {'r_scaling': 37.55926891143141, 'unroll': 1, 'update_epoch': 8, 'discount': 0.9737735907251666, 'lr': 0.0005282567234193652, 'entropy': 0.0013334810429538474}. Best is trial 12 with value: -1782.83251953125.[0m
[32m[I 2022-01-14 09:35:20,937][0m Trial 14 finished with value: 100.85991668701172 and parameters: {'r_scaling': 147.09428778971676, 'unroll': 3, 'update_epoch': 10, 'discount': 0.9731492173250346, 'lr': 0.0007293684778423955, 'entropy': 0.000789992483642956}. Best is trial 12 with value: -1782.83251953125.[0m
[32m[I 2022-01-14 09:38:37,246][0m Trial 15 finished with value: 107.12372589111328 and parameters: {'r_scaling': 18.499017333217775, 'unroll': 4, 'update_epoch': 6, 'discount': 0.9755392663174407, 'lr': 0.0003926756147211124, 'entropy': 0.017398296948402364}. Best is trial 12 with value: -1782.83251953125.[0m
[32m[I 2022-01-14 09:41:53,550][0m Trial 16 finished with value: 96.72776794433594 and parameters: {'r_scaling': 46.82685875467698, 'unroll': 3, 'update_epoch': 6, 'discount': 0.9610424520603812, 'lr': 0.00010539678236738784, 'entropy': 0.0002992294771272294}. Best is trial 12 with value: -1782.83251953125.[0m
[32m[I 2022-01-14 09:45:14,721][0m Trial 17 finished with value: 95.49608612060547 and parameters: {'r_scaling': 192.96590535344632, 'unroll': 5, 'update_epoch': 9, 'discount': 0.9822455965809416, 'lr': 0.0006216001375547466, 'entropy': 0.0016057241220934063}. Best is trial 12 with value: -1782.83251953125.[0m
[32m[I 2022-01-14 09:48:35,146][0m Trial 18 finished with value: 108.76367950439453 and parameters: {'r_scaling': 17.536752829676086, 'unroll': 8, 'update_epoch': 4, 'discount': 0.9610859222559248, 'lr': 0.0003350412050608395, 'entropy': 0.00011171075342473384}. Best is trial 12 with value: -1782.83251953125.[0m
[32m[I 2022-01-14 09:51:56,137][0m Trial 19 finished with value: 99.68977355957031 and parameters: {'r_scaling': 66.01145930312641, 'unroll': 2, 'update_epoch': 7, 'discount': 0.9842098513701932, 'lr': 0.00021637879631669884, 'entropy': 0.0009993452372357124}. Best is trial 12 with value: -1782.83251953125.[0m
[32m[I 2022-01-14 09:55:04,664][0m Trial 20 finished with value: -1306.97900390625 and parameters: {'r_scaling': 18.569179140537113, 'unroll': 1, 'update_epoch': 4, 'discount': 0.9499708850131084, 'lr': 0.000729868787835824, 'entropy': 0.01444131094909783}. Best is trial 12 with value: -1782.83251953125.[0m
[32m[I 2022-01-14 09:58:48,241][0m Trial 21 finished with value: -1299.7860107421875 and parameters: {'r_scaling': 81.3143757505705, 'unroll': 1, 'update_epoch': 6, 'discount': 0.9931977707924151, 'lr': 0.0003053630320722356, 'entropy': 0.0005264010156201992}. Best is trial 12 with value: -1782.83251953125.[0m
[32m[I 2022-01-14 10:01:45,353][0m Trial 22 finished with value: 98.352294921875 and parameters: {'r_scaling': 48.00239003632576, 'unroll': 3, 'update_epoch': 5, 'discount': 0.994944054207779, 'lr': 0.00039887229945418604, 'entropy': 0.0003126189881586614}. Best is trial 12 with value: -1782.83251953125.[0m
[32m[I 2022-01-14 10:05:05,615][0m Trial 23 finished with value: 108.23811340332031 and parameters: {'r_scaling': 25.653812326359688, 'unroll': 2, 'update_epoch': 8, 'discount': 0.9043225068674137, 'lr': 0.0002672529554111962, 'entropy': 0.002051113653416139}. Best is trial 12 with value: -1782.83251953125.[0m
[32m[I 2022-01-14 10:08:22,709][0m Trial 24 finished with value: 94.0833740234375 and parameters: {'r_scaling': 8.44919791391003, 'unroll': 5, 'update_epoch': 9, 'discount': 0.9799228320100412, 'lr': 0.0019139452074154021, 'entropy': 0.0006865788580217815}. Best is trial 12 with value: -1782.83251953125.[0m
[32m[I 2022-01-14 10:11:45,114][0m Trial 25 finished with value: 103.30371856689453 and parameters: {'r_scaling': 95.9084772508906, 'unroll': 2, 'update_epoch': 7, 'discount': 0.968261590163453, 'lr': 0.00043621262080184656, 'entropy': 0.00020348009069885906}. Best is trial 12 with value: -1782.83251953125.[0m
[32m[I 2022-01-14 10:15:01,487][0m Trial 26 finished with value: 105.16078186035156 and parameters: {'r_scaling': 4.412058035750015, 'unroll': 4, 'update_epoch': 10, 'discount': 0.9883624159087402, 'lr': 0.00018192341106568004, 'entropy': 0.002430416396203977}. Best is trial 12 with value: -1782.83251953125.[0m
[32m[I 2022-01-14 10:18:39,849][0m Trial 27 finished with value: -1405.28369140625 and parameters: {'r_scaling': 28.368881569091478, 'unroll': 1, 'update_epoch': 3, 'discount': 0.9686674994946153, 'lr': 0.00034719204798630755, 'entropy': 0.0004165413847578049}. Best is trial 12 with value: -1782.83251953125.[0m
[32m[I 2022-01-14 10:22:04,153][0m Trial 28 finished with value: 105.18826293945312 and parameters: {'r_scaling': 194.25517491054407, 'unroll': 7, 'update_epoch': 12, 'discount': 0.9865619496472796, 'lr': 0.0005708421662167978, 'entropy': 0.0010691678734502587}. Best is trial 12 with value: -1782.83251953125.[0m
[32m[I 2022-01-14 10:25:19,278][0m Trial 29 finished with value: 109.78276062011719 and parameters: {'r_scaling': 11.828421302445632, 'unroll': 10, 'update_epoch': 1, 'discount': 0.9766830618341391, 'lr': 0.0002783321559677494, 'entropy': 0.0006429428617864641}. Best is trial 12 with value: -1782.83251953125.[0m
[32m[I 2022-01-14 10:28:05,487][0m Trial 30 finished with value: 101.1457290649414 and parameters: {'r_scaling': 1.0337374008040996, 'unroll': 4, 'update_epoch': 5, 'discount': 0.9887307033192125, 'lr': 0.00048368992709101993, 'entropy': 0.00015199833798187315}. Best is trial 12 with value: -1782.83251953125.[0m
[32m[I 2022-01-14 10:31:39,315][0m Trial 31 finished with value: -1572.4583740234375 and parameters: {'r_scaling': 30.885267663958867, 'unroll': 1, 'update_epoch': 3, 'discount': 0.9697087153478581, 'lr': 0.000346692628609391, 'entropy': 0.0003273802417019897}. Best is trial 12 with value: -1782.83251953125.[0m
[32m[I 2022-01-14 10:34:58,890][0m Trial 32 finished with value: 104.22370147705078 and parameters: {'r_scaling': 64.0831496636191, 'unroll': 2, 'update_epoch': 7, 'discount': 0.9678995331769413, 'lr': 0.0003627620827178825, 'entropy': 0.0003679610622945977}. Best is trial 12 with value: -1782.83251953125.[0m
[32m[I 2022-01-14 10:37:54,603][0m Trial 33 finished with value: -1026.624755859375 and parameters: {'r_scaling': 28.9785432105976, 'unroll': 1, 'update_epoch': 1, 'discount': 0.981082693640106, 'lr': 0.00044468838587912975, 'entropy': 0.000923292290578968}. Best is trial 12 with value: -1782.83251953125.[0m
[32m[I 2022-01-14 10:41:12,139][0m Trial 34 finished with value: 111.50090026855469 and parameters: {'r_scaling': 94.33177527752225, 'unroll': 3, 'update_epoch': 3, 'discount': 0.9901755656042944, 'lr': 0.00024030029807462977, 'entropy': 0.0002007796007978514}. Best is trial 12 with value: -1782.83251953125.[0m
[32m[I 2022-01-14 10:44:25,936][0m Trial 35 finished with value: 105.01116943359375 and parameters: {'r_scaling': 49.8341724643409, 'unroll': 2, 'update_epoch': 5, 'discount': 0.9810772455208027, 'lr': 0.00019313551061190715, 'entropy': 0.0006136323014805907}. Best is trial 12 with value: -1782.83251953125.[0m
[32m[I 2022-01-14 10:47:27,287][0m Trial 36 finished with value: -2363.2802734375 and parameters: {'r_scaling': 5.414630288629854, 'unroll': 1, 'update_epoch': 9, 'discount': 0.9549210254509746, 'lr': 0.0001428899476010926, 'entropy': 0.0029908542347040724}. Best is trial 36 with value: -2363.2802734375.[0m
[32m[I 2022-01-14 10:50:46,190][0m Trial 37 finished with value: 99.6221923828125 and parameters: {'r_scaling': 0.5791944614529515, 'unroll': 5, 'update_epoch': 9, 'discount': 0.9429251116168381, 'lr': 0.0001364942000925344, 'entropy': 0.003004041497047169}. Best is trial 36 with value: -2363.2802734375.[0m
[32m[I 2022-01-14 10:54:06,578][0m Trial 38 finished with value: 99.45243835449219 and parameters: {'r_scaling': 5.843845060724636, 'unroll': 9, 'update_epoch': 11, 'discount': 0.9512592995725762, 'lr': 0.00012020752125180421, 'entropy': 0.04931867635653905}. Best is trial 36 with value: -2363.2802734375.[0m
[32m[I 2022-01-14 10:57:21,199][0m Trial 39 finished with value: 98.0101089477539 and parameters: {'r_scaling': 2.5998407649062356, 'unroll': 3, 'update_epoch': 10, 'discount': 0.9585926368406028, 'lr': 0.00016520820245011372, 'entropy': 0.011332239547972215}. Best is trial 36 with value: -2363.2802734375.[0m
[32m[I 2022-01-14 11:00:40,033][0m Trial 40 finished with value: 108.64617919921875 and parameters: {'r_scaling': 1.4977009647106658, 'unroll': 12, 'update_epoch': 8, 'discount': 0.922299868667341, 'lr': 0.0006796081225092945, 'entropy': 0.004338253556657869}. Best is trial 36 with value: -2363.2802734375.[0m
[32m[I 2022-01-14 11:04:21,628][0m Trial 41 finished with value: -2420.6123046875 and parameters: {'r_scaling': 12.087395045147328, 'unroll': 1, 'update_epoch': 7, 'discount': 0.9668919827283133, 'lr': 0.0003092651385845256, 'entropy': 0.00136351280873421}. Best is trial 41 with value: -2420.6123046875.[0m
[32m[I 2022-01-14 11:07:44,289][0m Trial 42 finished with value: 96.85966491699219 and parameters: {'r_scaling': 11.477305816557955, 'unroll': 2, 'update_epoch': 7, 'discount': 0.9570729919944418, 'lr': 0.0002983050198697965, 'entropy': 0.0013795744815330794}. Best is trial 41 with value: -2420.6123046875.[0m
[32m[I 2022-01-14 11:11:28,508][0m Trial 43 finished with value: -2281.39697265625 and parameters: {'r_scaling': 4.974132679932006, 'unroll': 1, 'update_epoch': 6, 'discount': 0.9334986750423916, 'lr': 0.0002215947252071514, 'entropy': 0.0023299003560711146}. Best is trial 41 with value: -2420.6123046875.[0m
[32m[I 2022-01-14 11:14:50,085][0m Trial 44 finished with value: 105.52214813232422 and parameters: {'r_scaling': 4.889458842644766, 'unroll': 2, 'update_epoch': 9, 'discount': 0.9307431491731666, 'lr': 0.0001860743687989664, 'entropy': 0.0026541689937748534}. Best is trial 41 with value: -2420.6123046875.[0m
[32m[I 2022-01-14 11:18:26,817][0m Trial 45 finished with value: -2481.6357421875 and parameters: {'r_scaling': 3.9347759653233205, 'unroll': 1, 'update_epoch': 12, 'discount': 0.9335482737841334, 'lr': 0.00022655689734107942, 'entropy': 0.005543940915986328}. Best is trial 45 with value: -2481.6357421875.[0m
[32m[I 2022-01-14 11:21:55,553][0m Trial 46 finished with value: 101.41218566894531 and parameters: {'r_scaling': 1.6565396239478822, 'unroll': 4, 'update_epoch': 13, 'discount': 0.9309622605513441, 'lr': 0.0002232553915376946, 'entropy': 0.005384376987587937}. Best is trial 45 with value: -2481.6357421875.[0m
[32m[I 2022-01-14 11:24:47,603][0m Trial 47 finished with value: 100.88203430175781 and parameters: {'r_scaling': 3.5134626296919533, 'unroll': 3, 'update_epoch': 14, 'discount': 0.945180278835496, 'lr': 0.0001518807810025849, 'entropy': 0.009170797078434406}. Best is trial 45 with value: -2481.6357421875.[0m
[32m[I 2022-01-14 11:28:26,283][0m Trial 48 finished with value: -2069.760986328125 and parameters: {'r_scaling': 0.8914168470487777, 'unroll': 1, 'update_epoch': 12, 'discount': 0.9368598636943556, 'lr': 0.0001337067610087498, 'entropy': 0.004029862887147354}. Best is trial 45 with value: -2481.6357421875.[0m
[32m[I 2022-01-14 11:31:47,924][0m Trial 49 finished with value: 101.45634460449219 and parameters: {'r_scaling': 0.21723822045988717, 'unroll': 6, 'update_epoch': 12, 'discount': 0.9362506204354386, 'lr': 0.00012682134187167013, 'entropy': 0.007028001869931977}. Best is trial 45 with value: -2481.6357421875.[0m
[32m[I 2022-01-14 11:35:09,934][0m Trial 50 finished with value: 98.04945373535156 and parameters: {'r_scaling': 0.95778575833928, 'unroll': 2, 'update_epoch': 11, 'discount': 0.9393109130109654, 'lr': 0.00010178573617479947, 'entropy': 0.021950176810608017}. Best is trial 45 with value: -2481.6357421875.[0m
[32m[I 2022-01-14 11:38:49,258][0m Trial 51 finished with value: -2437.0478515625 and parameters: {'r_scaling': 2.3480318046260784, 'unroll': 1, 'update_epoch': 13, 'discount': 0.9238407362672265, 'lr': 0.0001674788417654333, 'entropy': 0.0039213336424714805}. Best is trial 45 with value: -2481.6357421875.[0m
[32m[I 2022-01-14 11:42:31,492][0m Trial 52 finished with value: -2512.79541015625 and parameters: {'r_scaling': 2.4348716844261795, 'unroll': 1, 'update_epoch': 13, 'discount': 0.9217677934713021, 'lr': 0.00016751918755968803, 'entropy': 0.003627727183716899}. Best is trial 52 with value: -2512.79541015625.[0m
[32m[I 2022-01-14 11:45:45,861][0m Trial 53 finished with value: -2190.788330078125 and parameters: {'r_scaling': 6.612776953003683, 'unroll': 1, 'update_epoch': 13, 'discount': 0.9133595102274453, 'lr': 0.00016294506714351124, 'entropy': 0.0020370608278353587}. Best is trial 52 with value: -2512.79541015625.[0m
[32m[I 2022-01-14 11:49:13,627][0m Trial 54 finished with value: 103.96807861328125 and parameters: {'r_scaling': 2.141563560051718, 'unroll': 15, 'update_epoch': 15, 'discount': 0.9215363954319761, 'lr': 0.000202862628686274, 'entropy': 0.003239539023007601}. Best is trial 52 with value: -2512.79541015625.[0m
[32m[I 2022-01-14 11:52:25,761][0m Trial 55 finished with value: 105.97935485839844 and parameters: {'r_scaling': 3.566480743493197, 'unroll': 2, 'update_epoch': 14, 'discount': 0.9154872687710304, 'lr': 0.00023399025586557772, 'entropy': 0.006863231763501833}. Best is trial 52 with value: -2512.79541015625.[0m
[32m[I 2022-01-14 11:56:05,662][0m Trial 56 finished with value: -2104.3466796875 and parameters: {'r_scaling': 10.960198190937673, 'unroll': 1, 'update_epoch': 13, 'discount': 0.9293753272160837, 'lr': 0.00011515107488956456, 'entropy': 0.003780972454039692}. Best is trial 52 with value: -2512.79541015625.[0m
[32m[I 2022-01-14 11:59:21,978][0m Trial 57 finished with value: 102.08387756347656 and parameters: {'r_scaling': 2.163553804500364, 'unroll': 3, 'update_epoch': 13, 'discount': 0.9096714105172358, 'lr': 0.00016998372093128834, 'entropy': 0.0016620417417586057}. Best is trial 52 with value: -2512.79541015625.[0m
[32m[I 2022-01-14 12:03:07,172][0m Trial 58 finished with value: -2315.40087890625 and parameters: {'r_scaling': 5.069655278374176, 'unroll': 1, 'update_epoch': 11, 'discount': 0.9254969429882391, 'lr': 0.0001478936942964885, 'entropy': 0.008965560848888566}. Best is trial 52 with value: -2512.79541015625.[0m
[32m[I 2022-01-14 12:06:30,171][0m Trial 59 finished with value: 96.49215698242188 and parameters: {'r_scaling': 2.8710229278894177, 'unroll': 2, 'update_epoch': 11, 'discount': 0.9249685375132359, 'lr': 0.00014821638772041033, 'entropy': 0.08914995304321116}. Best is trial 52 with value: -2512.79541015625.[0m
[32m[I 2022-01-14 12:09:47,532][0m Trial 60 finished with value: 98.82044219970703 and parameters: {'r_scaling': 7.2923028203036, 'unroll': 3, 'update_epoch': 12, 'discount': 0.920566970333013, 'lr': 0.00011031929639998505, 'entropy': 0.009610923270370319}. Best is trial 52 with value: -2512.79541015625.[0m
[32m[I 2022-01-14 12:13:23,158][0m Trial 61 finished with value: -2085.7763671875 and parameters: {'r_scaling': 4.588488216607532, 'unroll': 1, 'update_epoch': 11, 'discount': 0.9271578251257789, 'lr': 0.0002040424553401646, 'entropy': 0.0051890094990090126}. Best is trial 52 with value: -2512.79541015625.[0m
[32m[I 2022-01-14 12:17:09,706][0m Trial 62 finished with value: -2276.4677734375 and parameters: {'r_scaling': 3.5423229792069924, 'unroll': 1, 'update_epoch': 10, 'discount': 0.9329545396610767, 'lr': 0.0002536615024142621, 'entropy': 0.0022833245775118302}. Best is trial 52 with value: -2512.79541015625.[0m
[32m[I 2022-01-14 12:20:01,475][0m Trial 63 finished with value: 105.33784484863281 and parameters: {'r_scaling': 5.56552728471141, 'unroll': 2, 'update_epoch': 14, 'discount': 0.9175560162122913, 'lr': 0.00017619721667683525, 'entropy': 0.001193313226800564}. Best is trial 52 with value: -2512.79541015625.[0m
[32m[I 2022-01-14 12:23:38,308][0m Trial 64 finished with value: -2241.806396484375 and parameters: {'r_scaling': 1.8453845188002027, 'unroll': 1, 'update_epoch': 12, 'discount': 0.9246570232951384, 'lr': 0.00021863084289215398, 'entropy': 0.0030553033275998514}. Best is trial 52 with value: -2512.79541015625.[0m
[32m[I 2022-01-14 12:26:29,944][0m Trial 65 finished with value: 101.2442398071289 and parameters: {'r_scaling': 16.064804224444316, 'unroll': 4, 'update_epoch': 13, 'discount': 0.948925150310326, 'lr': 0.00013810460098808233, 'entropy': 0.014605883305500642}. Best is trial 52 with value: -2512.79541015625.[0m
[32m[I 2022-01-14 12:29:48,266][0m Trial 66 finished with value: 100.49431610107422 and parameters: {'r_scaling': 9.524307458315144, 'unroll': 2, 'update_epoch': 10, 'discount': 0.9556627675199241, 'lr': 0.00014950797366731168, 'entropy': 0.006094760744813932}. Best is trial 52 with value: -2512.79541015625.[0m
[32m[I 2022-01-14 12:33:00,479][0m Trial 67 finished with value: -2023.4775390625 and parameters: {'r_scaling': 1.2872146227408054, 'unroll': 1, 'update_epoch': 15, 'discount': 0.9099877966357166, 'lr': 0.00019122029474872846, 'entropy': 0.009035757841137958}. Best is trial 52 with value: -2512.79541015625.[0m
[32m[I 2022-01-14 12:35:52,428][0m Trial 68 finished with value: 93.84381103515625 and parameters: {'r_scaling': 0.05656699778686825, 'unroll': 3, 'update_epoch': 8, 'discount': 0.963850264396737, 'lr': 0.0002829181805745425, 'entropy': 0.026504074555875362}. Best is trial 52 with value: -2512.79541015625.[0m
