[32m[I 2021-12-13 19:15:28,252][0m Trial 70 finished with value: -36241.359375 and parameters: {'r_scaling': 0.22545018686530896, 'unroll': 4, 'update_epoch': 14, 'discount': 0.9626720718485712, 'lr': 0.0002243947095301668, 'entropy': 0.0019668152142263426}. Best is trial 61 with value: -43881.2109375.[0m
[32m[I 2021-12-13 19:21:41,411][0m Trial 71 finished with value: -36615.859375 and parameters: {'r_scaling': 0.060817836348259054, 'unroll': 1, 'update_epoch': 12, 'discount': 0.969000866742822, 'lr': 0.00028270717554620473, 'entropy': 0.0005796397507741808}. Best is trial 61 with value: -43881.2109375.[0m
[32m[I 2021-12-13 19:27:33,868][0m Trial 72 finished with value: -39736.4609375 and parameters: {'r_scaling': 0.1353962951175745, 'unroll': 2, 'update_epoch': 13, 'discount': 0.9753678740531103, 'lr': 0.00024582078759204123, 'entropy': 0.004185182646895528}. Best is trial 61 with value: -43881.2109375.[0m
[32m[I 2021-12-13 19:34:28,450][0m Trial 73 finished with value: -42535.8203125 and parameters: {'r_scaling': 0.08811124539385053, 'unroll': 1, 'update_epoch': 15, 'discount': 0.9669054841354356, 'lr': 0.00019887560862415847, 'entropy': 0.002906142661062855}. Best is trial 61 with value: -43881.2109375.[0m
[32m[I 2021-12-13 19:41:24,612][0m Trial 74 finished with value: -42505.6015625 and parameters: {'r_scaling': 0.3480273510727757, 'unroll': 1, 'update_epoch': 15, 'discount': 0.9659959484360848, 'lr': 0.0001974708845982208, 'entropy': 0.0027969305384366533}. Best is trial 61 with value: -43881.2109375.[0m
[32m[I 2021-12-13 19:48:33,131][0m Trial 75 finished with value: -33620.8515625 and parameters: {'r_scaling': 0.05125488684217899, 'unroll': 1, 'update_epoch': 15, 'discount': 0.9676082888342844, 'lr': 0.00019770636647998914, 'entropy': 0.005734033359995216}. Best is trial 61 with value: -43881.2109375.[0m
[32m[I 2021-12-13 19:55:35,800][0m Trial 76 finished with value: -41656.5546875 and parameters: {'r_scaling': 0.3709915100574268, 'unroll': 1, 'update_epoch': 15, 'discount': 0.95810556763102, 'lr': 0.00015903369891880377, 'entropy': 0.017152327943730093}. Best is trial 61 with value: -43881.2109375.[0m
[32m[I 2021-12-13 20:02:39,392][0m Trial 77 finished with value: -43228.8671875 and parameters: {'r_scaling': 0.5426020809926428, 'unroll': 1, 'update_epoch': 15, 'discount': 0.9765285653544254, 'lr': 0.00015618414871896043, 'entropy': 0.0647825401743801}. Best is trial 61 with value: -43881.2109375.[0m
[32m[I 2021-12-13 20:09:13,455][0m Trial 78 finished with value: -39414.44140625 and parameters: {'r_scaling': 0.5267168194901313, 'unroll': 1, 'update_epoch': 13, 'discount': 0.9827940509879117, 'lr': 0.00011255724214043325, 'entropy': 0.07025934632780864}. Best is trial 61 with value: -43881.2109375.[0m
[32m[I 2021-12-13 20:16:16,769][0m Trial 79 finished with value: -29482.58203125 and parameters: {'r_scaling': 0.82455072505554, 'unroll': 1, 'update_epoch': 15, 'discount': 0.9775002022868522, 'lr': 0.00013919198205961637, 'entropy': 0.00884631195440362}. Best is trial 61 with value: -43881.2109375.[0m
[32m[I 2021-12-13 20:22:20,478][0m Trial 80 finished with value: -26435.94921875 and parameters: {'r_scaling': 0.08750274160234463, 'unroll': 3, 'update_epoch': 14, 'discount': 0.9900310468669627, 'lr': 0.00017828929251209862, 'entropy': 0.05639176920074315}. Best is trial 61 with value: -43881.2109375.[0m
[32m[I 2021-12-13 20:29:30,576][0m Trial 81 finished with value: -43784.8359375 and parameters: {'r_scaling': 0.36289708105509105, 'unroll': 1, 'update_epoch': 15, 'discount': 0.9570220018208913, 'lr': 0.00016179062415474816, 'entropy': 0.018102522388927348}. Best is trial 61 with value: -43881.2109375.[0m
[32m[I 2021-12-13 20:36:32,714][0m Trial 82 finished with value: -37424.328125 and parameters: {'r_scaling': 0.3417588090102574, 'unroll': 1, 'update_epoch': 15, 'discount': 0.9663489939450834, 'lr': 0.00012292757468639233, 'entropy': 0.01940665602419392}. Best is trial 61 with value: -43881.2109375.[0m
[32m[I 2021-12-13 20:42:46,323][0m Trial 83 finished with value: -44050.96875 and parameters: {'r_scaling': 0.23498696896144228, 'unroll': 2, 'update_epoch': 14, 'discount': 0.9724054631588156, 'lr': 0.000153022875356162, 'entropy': 0.037804023372072414}. Best is trial 83 with value: -44050.96875.[0m
[32m[I 2021-12-13 20:49:10,363][0m Trial 84 finished with value: -46571.79296875 and parameters: {'r_scaling': 0.2448804623704994, 'unroll': 2, 'update_epoch': 15, 'discount': 0.9729568789227132, 'lr': 0.00015253822921391987, 'entropy': 0.03360954664001343}. Best is trial 84 with value: -46571.79296875.[0m
[32m[I 2021-12-13 20:55:16,183][0m Trial 85 finished with value: -45988.0234375 and parameters: {'r_scaling': 0.46386304678706486, 'unroll': 2, 'update_epoch': 14, 'discount': 0.972871436462858, 'lr': 0.00014562449297996763, 'entropy': 0.031985707068350605}. Best is trial 84 with value: -46571.79296875.[0m
[32m[I 2021-12-13 21:01:21,555][0m Trial 86 finished with value: -46021.61328125 and parameters: {'r_scaling': 0.2542210189135215, 'unroll': 2, 'update_epoch': 14, 'discount': 0.9732107741653969, 'lr': 0.00014955636729872357, 'entropy': 0.03618209696827345}. Best is trial 84 with value: -46571.79296875.[0m
[32m[I 2021-12-13 21:07:40,057][0m Trial 87 finished with value: -36830.13671875 and parameters: {'r_scaling': 0.4843230716388776, 'unroll': 2, 'update_epoch': 14, 'discount': 0.9739152247347241, 'lr': 0.00011191807945790749, 'entropy': 0.03775995659945514}. Best is trial 84 with value: -46571.79296875.[0m
[32m[I 2021-12-13 21:13:38,785][0m Trial 88 finished with value: -41682.90625 and parameters: {'r_scaling': 0.2556802393641754, 'unroll': 2, 'update_epoch': 13, 'discount': 0.9856657980955851, 'lr': 0.00014833392341346034, 'entropy': 0.03204781266518692}. Best is trial 84 with value: -46571.79296875.[0m
[32m[I 2021-12-13 21:19:34,044][0m Trial 89 finished with value: -33280.33984375 and parameters: {'r_scaling': 1.2063245120593957, 'unroll': 3, 'update_epoch': 14, 'discount': 0.9560871577533027, 'lr': 0.0001324458951770694, 'entropy': 0.04428902954214264}. Best is trial 84 with value: -46571.79296875.[0m
[32m[I 2021-12-13 21:25:40,103][0m Trial 90 finished with value: -41486.546875 and parameters: {'r_scaling': 0.751152486812862, 'unroll': 2, 'update_epoch': 14, 'discount': 0.981125319090028, 'lr': 0.00015318465044083845, 'entropy': 0.025452712205019185}. Best is trial 84 with value: -46571.79296875.[0m
[32m[I 2021-12-13 21:33:33,928][0m Trial 91 finished with value: -43617.5703125 and parameters: {'r_scaling': 0.23835778425231385, 'unroll': 2, 'update_epoch': 13, 'discount': 0.9711022001568085, 'lr': 0.00016575778686335008, 'entropy': 0.05231454621526851}. Best is trial 84 with value: -46571.79296875.[0m
[32m[I 2021-12-13 21:41:20,508][0m Trial 92 finished with value: -32067.6796875 and parameters: {'r_scaling': 0.40997278555883554, 'unroll': 15, 'update_epoch': 13, 'discount': 0.9765654067507774, 'lr': 0.00014163832087333734, 'entropy': 0.09701167002854842}. Best is trial 84 with value: -46571.79296875.[0m
[32m[I 2021-12-13 21:47:33,507][0m Trial 93 finished with value: -45258.921875 and parameters: {'r_scaling': 0.22923574099548258, 'unroll': 2, 'update_epoch': 14, 'discount': 0.9729879429180546, 'lr': 0.00016628135825934518, 'entropy': 0.05330623930461764}. Best is trial 84 with value: -46571.79296875.[0m
[32m[I 2021-12-13 21:53:46,310][0m Trial 94 finished with value: -40465.8125 and parameters: {'r_scaling': 0.2114794346933765, 'unroll': 3, 'update_epoch': 14, 'discount': 0.9731734331425711, 'lr': 0.000168417278361493, 'entropy': 0.05070401684261742}. Best is trial 84 with value: -46571.79296875.[0m
[32m[I 2021-12-13 21:59:49,591][0m Trial 95 finished with value: -43748.546875 and parameters: {'r_scaling': 0.2538033184024603, 'unroll': 2, 'update_epoch': 13, 'discount': 0.9708334579965086, 'lr': 0.0001263147466915795, 'entropy': 0.02550842616822782}. Best is trial 84 with value: -46571.79296875.[0m
[32m[I 2021-12-13 22:05:53,764][0m Trial 96 finished with value: -42875.921875 and parameters: {'r_scaling': 0.2603692674823104, 'unroll': 2, 'update_epoch': 13, 'discount': 0.9721621319368621, 'lr': 0.00012010576985689391, 'entropy': 0.03151831383400546}. Best is trial 84 with value: -46571.79296875.[0m
[32m[I 2021-12-13 22:11:54,025][0m Trial 97 finished with value: -44254.34375 and parameters: {'r_scaling': 0.6126934043943086, 'unroll': 2, 'update_epoch': 13, 'discount': 0.9620156703407915, 'lr': 0.00012903091680407336, 'entropy': 0.03900323919516119}. Best is trial 84 with value: -46571.79296875.[0m
[32m[I 2021-12-13 22:17:53,963][0m Trial 98 finished with value: -37146.7421875 and parameters: {'r_scaling': 0.6200104575693561, 'unroll': 3, 'update_epoch': 14, 'discount': 0.9626188713565598, 'lr': 0.00013088890804035098, 'entropy': 0.026951880714095912}. Best is trial 84 with value: -46571.79296875.[0m
[32m[I 2021-12-13 22:23:04,158][0m Trial 99 finished with value: -33333.890625 and parameters: {'r_scaling': 0.9606866499874829, 'unroll': 4, 'update_epoch': 12, 'discount': 0.9607346117193378, 'lr': 0.00010295065345433807, 'entropy': 0.02385096159916357}. Best is trial 84 with value: -46571.79296875.[0m
[32m[I 2021-12-13 22:27:49,544][0m Trial 100 finished with value: -34263.1328125 and parameters: {'r_scaling': 0.23504243227268193, 'unroll': 9, 'update_epoch': 14, 'discount': 0.9693928953677172, 'lr': 0.00011560735216496046, 'entropy': 0.038458408962245554}. Best is trial 84 with value: -46571.79296875.[0m
[32m[I 2021-12-13 22:34:03,998][0m Trial 101 finished with value: -35891.0390625 and parameters: {'r_scaling': 0.43992112221838914, 'unroll': 2, 'update_epoch': 13, 'discount': 0.9679455846162838, 'lr': 0.00014717506451575712, 'entropy': 0.014673818151497535}. Best is trial 84 with value: -46571.79296875.[0m
[32m[I 2021-12-13 22:39:52,679][0m Trial 102 finished with value: -39612.34765625 and parameters: {'r_scaling': 0.1884352134474644, 'unroll': 2, 'update_epoch': 12, 'discount': 0.9731679820294041, 'lr': 0.0001274801100367357, 'entropy': 0.07817122556886967}. Best is trial 84 with value: -46571.79296875.[0m
[32m[I 2021-12-13 22:45:54,982][0m Trial 103 finished with value: -42616.65625 and parameters: {'r_scaling': 0.29869150303856523, 'unroll': 2, 'update_epoch': 13, 'discount': 0.9644597140365238, 'lr': 0.00016388464497164377, 'entropy': 0.040036278485893924}. Best is trial 84 with value: -46571.79296875.[0m
[32m[I 2021-12-13 22:51:55,426][0m Trial 104 finished with value: -39983.7109375 and parameters: {'r_scaling': 0.2910883494953386, 'unroll': 3, 'update_epoch': 14, 'discount': 0.9748376334635858, 'lr': 0.00010735566998086879, 'entropy': 0.0543697272654579}. Best is trial 84 with value: -46571.79296875.[0m
[32m[I 2021-12-13 22:57:53,618][0m Trial 105 finished with value: -42395.96875 and parameters: {'r_scaling': 0.33673324537389426, 'unroll': 2, 'update_epoch': 13, 'discount': 0.9544719206267901, 'lr': 0.00013735047330449112, 'entropy': 0.02174473971270036}. Best is trial 84 with value: -46571.79296875.[0m
[32m[I 2021-12-13 23:04:03,560][0m Trial 106 finished with value: -29748.76953125 and parameters: {'r_scaling': 4.597654135219507, 'unroll': 3, 'update_epoch': 15, 'discount': 0.9468679969949774, 'lr': 0.00017784406617588102, 'entropy': 0.02891881939279417}. Best is trial 84 with value: -46571.79296875.[0m
[32m[I 2021-12-13 23:11:01,143][0m Trial 107 finished with value: -40797.21875 and parameters: {'r_scaling': 0.42389925814908636, 'unroll': 1, 'update_epoch': 15, 'discount': 0.95888089329263, 'lr': 0.00012280347276838328, 'entropy': 0.04847820175074668}. Best is trial 84 with value: -46571.79296875.[0m
[32m[I 2021-12-13 23:16:48,346][0m Trial 108 finished with value: -35877.57421875 and parameters: {'r_scaling': 158.48050133502298, 'unroll': 2, 'update_epoch': 12, 'discount': 0.9805541193023166, 'lr': 0.00014528025116177466, 'entropy': 0.035579816587441804}. Best is trial 84 with value: -46571.79296875.[0m
[32m[I 2021-12-13 23:23:03,530][0m Trial 109 finished with value: -36754.24609375 and parameters: {'r_scaling': 0.18932548138066152, 'unroll': 3, 'update_epoch': 14, 'discount': 0.9784783192732484, 'lr': 0.00016110769386406797, 'entropy': 0.04338711065279033}. Best is trial 84 with value: -46571.79296875.[0m
[32m[I 2021-12-13 23:29:34,442][0m Trial 110 finished with value: -39802.2109375 and parameters: {'r_scaling': 1.491631025750287, 'unroll': 1, 'update_epoch': 13, 'discount': 0.9615085179223071, 'lr': 0.00018009494395300482, 'entropy': 0.0604130871316884}. Best is trial 84 with value: -46571.79296875.[0m
[32m[I 2021-12-13 23:35:46,679][0m Trial 111 finished with value: -45492.40625 and parameters: {'r_scaling': 0.24771188367091063, 'unroll': 2, 'update_epoch': 14, 'discount': 0.970413015991718, 'lr': 0.00016906141018786647, 'entropy': 0.03382576837201674}. Best is trial 84 with value: -46571.79296875.[0m
[32m[I 2021-12-13 23:41:56,876][0m Trial 112 finished with value: -43047.4765625 and parameters: {'r_scaling': 0.23940514894512843, 'unroll': 2, 'update_epoch': 14, 'discount': 0.9709944735775968, 'lr': 0.00013411888326008377, 'entropy': 0.03188020354782235}. Best is trial 84 with value: -46571.79296875.[0m
[32m[I 2021-12-13 23:48:14,861][0m Trial 113 finished with value: -45205.5234375 and parameters: {'r_scaling': 0.17330460376204995, 'unroll': 2, 'update_epoch': 15, 'discount': 0.9690114516653899, 'lr': 0.00015284509149127964, 'entropy': 0.04576184863795617}. Best is trial 84 with value: -46571.79296875.[0m
[32m[I 2021-12-13 23:54:34,624][0m Trial 114 finished with value: -45535.671875 and parameters: {'r_scaling': 0.1755858646581143, 'unroll': 2, 'update_epoch': 15, 'discount': 0.9693200470360683, 'lr': 0.00015210274839797417, 'entropy': 0.04512838616376416}. Best is trial 84 with value: -46571.79296875.[0m
[32m[I 2021-12-13 23:59:31,673][0m Trial 115 finished with value: -35760.984375 and parameters: {'r_scaling': 0.1657970162150948, 'unroll': 14, 'update_epoch': 15, 'discount': 0.9645711832420188, 'lr': 0.00015054400428229453, 'entropy': 0.04467482993950557}. Best is trial 84 with value: -46571.79296875.[0m
[32m[I 2021-12-14 00:06:28,202][0m Trial 116 finished with value: -34389.9375 and parameters: {'r_scaling': 0.18880473378747817, 'unroll': 1, 'update_epoch': 15, 'discount': 0.9687120817776905, 'lr': 0.00014157026923366524, 'entropy': 0.07568415801335493}. Best is trial 84 with value: -46571.79296875.[0m
[32m[I 2021-12-14 00:12:45,823][0m Trial 117 finished with value: -37883.8125 and parameters: {'r_scaling': 0.29406297808020676, 'unroll': 3, 'update_epoch': 15, 'discount': 0.9651499417888064, 'lr': 0.00012983589949055481, 'entropy': 0.01744048780435116}. Best is trial 84 with value: -46571.79296875.[0m
[32m[I 2021-12-14 00:20:43,173][0m Trial 118 finished with value: -42319.1796875 and parameters: {'r_scaling': 0.3753231894426373, 'unroll': 1, 'update_epoch': 15, 'discount': 0.9685927552607403, 'lr': 0.00011534804507708053, 'entropy': 0.03440942192450676}. Best is trial 84 with value: -46571.79296875.[0m
[32m[I 2021-12-14 00:28:30,755][0m Trial 119 finished with value: -40083.7421875 and parameters: {'r_scaling': 0.10947238414961515, 'unroll': 2, 'update_epoch': 14, 'discount': 0.9423438240776135, 'lr': 0.00015864631986861505, 'entropy': 0.02290292168769093}. Best is trial 84 with value: -46571.79296875.[0m
[32m[I 2021-12-14 00:39:02,421][0m Trial 120 finished with value: -39790.2578125 and parameters: {'r_scaling': 0.13522014513134298, 'unroll': 2, 'update_epoch': 14, 'discount': 0.9619572737750423, 'lr': 0.00017228325689584427, 'entropy': 0.028504018256216762}. Best is trial 84 with value: -46571.79296875.[0m
[32m[I 2021-12-14 00:47:37,002][0m Trial 121 finished with value: -42092.109375 and parameters: {'r_scaling': 0.22747395857684008, 'unroll': 2, 'update_epoch': 14, 'discount': 0.972094142800899, 'lr': 0.0001673164362463466, 'entropy': 0.05032631125661752}. Best is trial 84 with value: -46571.79296875.[0m
[32m[I 2021-12-14 00:54:44,101][0m Trial 122 finished with value: -36315.59375 and parameters: {'r_scaling': 0.2757861795152076, 'unroll': 10, 'update_epoch': 15, 'discount': 0.9697632660187328, 'lr': 0.00018237756532516107, 'entropy': 0.061174697461181766}. Best is trial 84 with value: -46571.79296875.[0m
[32m[I 2021-12-14 01:02:23,650][0m Trial 123 finished with value: -34495.7109375 and parameters: {'r_scaling': 0.1973886317036749, 'unroll': 3, 'update_epoch': 15, 'discount': 0.974804682442772, 'lr': 0.00015313942611132862, 'entropy': 0.040014920581202505}. Best is trial 84 with value: -46571.79296875.[0m
[32m[I 2021-12-14 01:08:31,836][0m Trial 124 finished with value: -18647.388671875 and parameters: {'r_scaling': 0.33869719186865344, 'unroll': 2, 'update_epoch': 14, 'discount': 0.967186278485091, 'lr': 0.0015860771180194082, 'entropy': 0.0472364854617428}. Best is trial 84 with value: -46571.79296875.[0m
[32m[I 2021-12-14 01:16:39,313][0m Trial 125 finished with value: -37542.7109375 and parameters: {'r_scaling': 0.16052005027171326, 'unroll': 1, 'update_epoch': 15, 'discount': 0.972133992183921, 'lr': 0.00013931758102591355, 'entropy': 0.027048003067519442}. Best is trial 84 with value: -46571.79296875.[0m
[32m[I 2021-12-14 01:23:53,334][0m Trial 126 finished with value: -35998.890625 and parameters: {'r_scaling': 0.5876719752421115, 'unroll': 3, 'update_epoch': 14, 'discount': 0.9753816535123389, 'lr': 0.0001254438459649357, 'entropy': 0.03469154691896247}. Best is trial 84 with value: -46571.79296875.[0m
[32m[I 2021-12-14 01:30:39,718][0m Trial 127 finished with value: -45655.99609375 and parameters: {'r_scaling': 0.24916217155281106, 'unroll': 2, 'update_epoch': 13, 'discount': 0.9705458263236884, 'lr': 0.00010821067074134067, 'entropy': 0.08517222714871471}. Best is trial 84 with value: -46571.79296875.[0m
[32m[I 2021-12-14 01:38:26,437][0m Trial 128 finished with value: -37879.5 and parameters: {'r_scaling': 0.5104421680649738, 'unroll': 1, 'update_epoch': 15, 'discount': 0.9664537175004578, 'lr': 0.00010941712239487824, 'entropy': 0.08555977987228498}. Best is trial 84 with value: -46571.79296875.[0m
[32m[I 2021-12-14 01:45:26,986][0m Trial 129 finished with value: -43908.1796875 and parameters: {'r_scaling': 0.26823845118374406, 'unroll': 2, 'update_epoch': 14, 'discount': 0.9597773999858453, 'lr': 0.00012179872594607628, 'entropy': 0.09132857747244627}. Best is trial 84 with value: -46571.79296875.[0m
[32m[I 2021-12-14 01:51:18,355][0m Trial 130 finished with value: -29995.28125 and parameters: {'r_scaling': 7.205347587038465, 'unroll': 3, 'update_epoch': 14, 'discount': 0.9594843668783284, 'lr': 0.00012019409008946948, 'entropy': 0.06572335395416412}. Best is trial 84 with value: -46571.79296875.[0m
[32m[I 2021-12-14 01:58:13,542][0m Trial 131 finished with value: -34193.8984375 and parameters: {'r_scaling': 14.009657522087373, 'unroll': 2, 'update_epoch': 14, 'discount': 0.9564075788291329, 'lr': 0.00010636717515574717, 'entropy': 0.08119890601046004}. Best is trial 84 with value: -46571.79296875.[0m
[32m[I 2021-12-14 02:05:17,838][0m Trial 132 finished with value: -46982.70703125 and parameters: {'r_scaling': 0.2635041736057657, 'unroll': 2, 'update_epoch': 15, 'discount': 0.9641194160140243, 'lr': 0.00012968311899298472, 'entropy': 0.07358269887248119}. Best is trial 132 with value: -46982.70703125.[0m
[32m[I 2021-12-14 02:12:20,965][0m Trial 133 finished with value: -46349.9375 and parameters: {'r_scaling': 0.20821908375876183, 'unroll': 2, 'update_epoch': 15, 'discount': 0.9658137773332724, 'lr': 0.0001008476447543065, 'entropy': 0.0704807685918688}. Best is trial 132 with value: -46982.70703125.[0m
[32m[I 2021-12-14 02:20:10,769][0m Trial 134 finished with value: -44873.01171875 and parameters: {'r_scaling': 0.17016435857546594, 'unroll': 2, 'update_epoch': 15, 'discount': 0.9642325801215808, 'lr': 0.00010131279456530252, 'entropy': 0.0670290790427614}. Best is trial 132 with value: -46982.70703125.[0m
[32m[I 2021-12-14 02:27:31,740][0m Trial 135 finished with value: -45912.96875 and parameters: {'r_scaling': 0.19932974935082576, 'unroll': 2, 'update_epoch': 15, 'discount': 0.9639505842015955, 'lr': 0.00011515293347890828, 'entropy': 0.0710107880220697}. Best is trial 132 with value: -46982.70703125.[0m
[32m[I 2021-12-14 02:34:12,743][0m Trial 136 finished with value: -43490.2734375 and parameters: {'r_scaling': 0.139118947772081, 'unroll': 3, 'update_epoch': 15, 'discount': 0.9648320518817459, 'lr': 0.00010057211787129492, 'entropy': 0.07136389844891923}. Best is trial 132 with value: -46982.70703125.[0m
[32m[I 2021-12-14 02:40:28,986][0m Trial 137 finished with value: -45262.9609375 and parameters: {'r_scaling': 0.1948892264273092, 'unroll': 2, 'update_epoch': 15, 'discount': 0.963403763351117, 'lr': 0.00011006412626287552, 'entropy': 0.05717945466040619}. Best is trial 132 with value: -46982.70703125.[0m
[32m[I 2021-12-14 02:47:22,406][0m Trial 138 finished with value: -41003.54296875 and parameters: {'r_scaling': 0.19937936918967486, 'unroll': 3, 'update_epoch': 15, 'discount': 0.9631114349805038, 'lr': 0.00011090746633035408, 'entropy': 0.0967770139292665}. Best is trial 132 with value: -46982.70703125.[0m
[32m[I 2021-12-14 02:54:22,405][0m Trial 139 finished with value: -44539.5546875 and parameters: {'r_scaling': 0.11849231096543925, 'unroll': 2, 'update_epoch': 15, 'discount': 0.9674770524566468, 'lr': 0.00010486170534669228, 'entropy': 0.06576025026880711}. Best is trial 132 with value: -46982.70703125.[0m
