[32m[I 2022-01-11 10:11:33,615][0m Trial 138 finished with value: -6193.919921875 and parameters: {'r_scaling': 0.1477452192391446, 'unroll': 12, 'update_epoch': 14, 'discount': 0.9731186406733335, 'lr': 0.00013412404957337303, 'entropy': 0.007537379038613105}. Best is trial 135 with value: -10569.40234375.[0m
[32m[I 2022-01-11 10:19:55,668][0m Trial 139 finished with value: -1055.3935546875 and parameters: {'r_scaling': 0.29033969512755936, 'unroll': 12, 'update_epoch': 14, 'discount': 0.9783553140691024, 'lr': 0.00012840470647686774, 'entropy': 0.009305514345323462}. Best is trial 135 with value: -10569.40234375.[0m
[32m[I 2022-01-11 10:29:23,201][0m Trial 140 finished with value: -9905.5205078125 and parameters: {'r_scaling': 0.21024843627532921, 'unroll': 9, 'update_epoch': 15, 'discount': 0.9717740649958987, 'lr': 0.0001097629706592058, 'entropy': 0.005084369209367672}. Best is trial 135 with value: -10569.40234375.[0m
[32m[I 2022-01-11 10:38:49,309][0m Trial 141 finished with value: -9442.814453125 and parameters: {'r_scaling': 0.2208718211089252, 'unroll': 9, 'update_epoch': 15, 'discount': 0.9723291757187754, 'lr': 0.00010754846122051743, 'entropy': 0.00503265232689517}. Best is trial 135 with value: -10569.40234375.[0m
[32m[I 2022-01-11 10:47:54,679][0m Trial 142 finished with value: -6781.17138671875 and parameters: {'r_scaling': 0.42500385531221263, 'unroll': 8, 'update_epoch': 15, 'discount': 0.9755761824419749, 'lr': 0.0001200936718850528, 'entropy': 0.006557475907504435}. Best is trial 135 with value: -10569.40234375.[0m
[32m[I 2022-01-11 10:57:16,282][0m Trial 143 finished with value: -6408.58056640625 and parameters: {'r_scaling': 0.1567331150313114, 'unroll': 9, 'update_epoch': 15, 'discount': 0.9684788354783006, 'lr': 0.00015226895811932924, 'entropy': 0.011443110973557314}. Best is trial 135 with value: -10569.40234375.[0m
[32m[I 2022-01-11 11:06:54,796][0m Trial 144 finished with value: -9138.3076171875 and parameters: {'r_scaling': 0.2198664075591001, 'unroll': 11, 'update_epoch': 14, 'discount': 0.980201166744661, 'lr': 0.00017067758921933857, 'entropy': 0.004325939174575541}. Best is trial 135 with value: -10569.40234375.[0m
[32m[I 2022-01-11 11:15:56,578][0m Trial 145 finished with value: -3237.72265625 and parameters: {'r_scaling': 0.31561451443195254, 'unroll': 8, 'update_epoch': 15, 'discount': 0.9774056341338893, 'lr': 0.00018639067358103203, 'entropy': 0.0077136918431201405}. Best is trial 135 with value: -10569.40234375.[0m
[32m[I 2022-01-11 11:25:04,562][0m Trial 146 finished with value: -9724.98046875 and parameters: {'r_scaling': 0.17491976408932336, 'unroll': 9, 'update_epoch': 14, 'discount': 0.9708885441753641, 'lr': 0.00016115919806685078, 'entropy': 0.0053975144783084935}. Best is trial 135 with value: -10569.40234375.[0m
[32m[I 2022-01-11 11:34:10,354][0m Trial 147 finished with value: -8633.5205078125 and parameters: {'r_scaling': 0.26457631533149994, 'unroll': 7, 'update_epoch': 14, 'discount': 0.971201194242294, 'lr': 0.00011312856082102279, 'entropy': 0.005270439600442909}. Best is trial 135 with value: -10569.40234375.[0m
[32m[I 2022-01-11 11:43:34,868][0m Trial 148 finished with value: -3445.0009765625 and parameters: {'r_scaling': 0.17039002808957995, 'unroll': 9, 'update_epoch': 15, 'discount': 0.9631109546498265, 'lr': 0.00015859667479740878, 'entropy': 0.015050840021575659}. Best is trial 135 with value: -10569.40234375.[0m
[32m[I 2022-01-11 11:52:15,704][0m Trial 149 finished with value: -5952.34130859375 and parameters: {'r_scaling': 0.19678731600865831, 'unroll': 9, 'update_epoch': 11, 'discount': 0.9671180670816687, 'lr': 0.00014565338791096107, 'entropy': 0.004718158268928569}. Best is trial 135 with value: -10569.40234375.[0m
[32m[I 2022-01-11 12:06:09,696][0m Trial 150 finished with value: -9426.876953125 and parameters: {'r_scaling': 0.10499800042654657, 'unroll': 11, 'update_epoch': 14, 'discount': 0.9746772371761222, 'lr': 0.00012351001250037025, 'entropy': 0.005945102243190014}. Best is trial 135 with value: -10569.40234375.[0m
[32m[I 2022-01-11 12:14:59,598][0m Trial 151 finished with value: -8837.9296875 and parameters: {'r_scaling': 0.1316054184849738, 'unroll': 10, 'update_epoch': 14, 'discount': 0.9801080167624557, 'lr': 0.00013228937970449984, 'entropy': 0.0070215735798206625}. Best is trial 135 with value: -10569.40234375.[0m
[32m[I 2022-01-11 12:24:19,840][0m Trial 152 finished with value: -1665.954345703125 and parameters: {'r_scaling': 4.716857470264924, 'unroll': 9, 'update_epoch': 14, 'discount': 0.9715361231228157, 'lr': 0.00017254547463449015, 'entropy': 0.008687609179266316}. Best is trial 135 with value: -10569.40234375.[0m
[32m[I 2022-01-11 12:33:11,111][0m Trial 153 finished with value: -5705.28515625 and parameters: {'r_scaling': 0.1696876428630193, 'unroll': 12, 'update_epoch': 15, 'discount': 0.9694745315115798, 'lr': 0.00019893944138355384, 'entropy': 0.010390326910587088}. Best is trial 135 with value: -10569.40234375.[0m
[32m[I 2022-01-11 12:41:55,702][0m Trial 154 finished with value: -2407.015380859375 and parameters: {'r_scaling': 1.326571586536537, 'unroll': 10, 'update_epoch': 14, 'discount': 0.976870399971217, 'lr': 0.00016029625237813538, 'entropy': 0.005765419946049086}. Best is trial 135 with value: -10569.40234375.[0m
[32m[I 2022-01-11 12:50:46,649][0m Trial 155 finished with value: -9417.041015625 and parameters: {'r_scaling': 0.22870337183438919, 'unroll': 8, 'update_epoch': 14, 'discount': 0.9820139759952659, 'lr': 0.00018165647237804384, 'entropy': 0.0044831507931915125}. Best is trial 135 with value: -10569.40234375.[0m
[32m[I 2022-01-11 13:00:01,745][0m Trial 156 finished with value: -7372.12158203125 and parameters: {'r_scaling': 0.14288231668708448, 'unroll': 11, 'update_epoch': 15, 'discount': 0.9749127648119257, 'lr': 0.00014940579374929985, 'entropy': 0.003196208735599654}. Best is trial 135 with value: -10569.40234375.[0m
[32m[I 2022-01-11 13:08:43,504][0m Trial 157 finished with value: -7520.77587890625 and parameters: {'r_scaling': 0.12279027822836544, 'unroll': 10, 'update_epoch': 13, 'discount': 0.978494356731959, 'lr': 0.00010791211854316081, 'entropy': 0.006814605533585324}. Best is trial 135 with value: -10569.40234375.[0m
[32m[I 2022-01-11 13:17:56,965][0m Trial 158 finished with value: -10476.765625 and parameters: {'r_scaling': 0.3293433064315797, 'unroll': 9, 'update_epoch': 14, 'discount': 0.9735332913167839, 'lr': 0.00016775437495845287, 'entropy': 0.00792134096112155}. Best is trial 135 with value: -10569.40234375.[0m
[32m[I 2022-01-11 13:27:16,937][0m Trial 159 finished with value: -9399.07421875 and parameters: {'r_scaling': 0.35947399892257204, 'unroll': 9, 'update_epoch': 15, 'discount': 0.9741073896204243, 'lr': 0.00014343019486396313, 'entropy': 0.01225876032769342}. Best is trial 135 with value: -10569.40234375.[0m
[32m[I 2022-01-11 13:36:21,498][0m Trial 160 finished with value: -8114.37744140625 and parameters: {'r_scaling': 0.2816099590197936, 'unroll': 9, 'update_epoch': 13, 'discount': 0.9699192064741492, 'lr': 0.00016514506940662105, 'entropy': 0.007963769806380097}. Best is trial 135 with value: -10569.40234375.[0m
[32m[I 2022-01-11 13:45:15,790][0m Trial 161 finished with value: -6599.60400390625 and parameters: {'r_scaling': 0.2022207243690904, 'unroll': 8, 'update_epoch': 14, 'discount': 0.976444951908293, 'lr': 0.00017859221412927915, 'entropy': 0.009627303906003424}. Best is trial 135 with value: -10569.40234375.[0m
[32m[I 2022-01-11 13:54:49,136][0m Trial 162 finished with value: -9839.533203125 and parameters: {'r_scaling': 0.09345009886338472, 'unroll': 11, 'update_epoch': 14, 'discount': 0.9728564108811402, 'lr': 0.00019537212495144158, 'entropy': 0.005343590520985297}. Best is trial 135 with value: -10569.40234375.[0m
[32m[I 2022-01-11 14:04:01,154][0m Trial 163 finished with value: -8167.65380859375 and parameters: {'r_scaling': 0.08894825637157969, 'unroll': 11, 'update_epoch': 14, 'discount': 0.9655081705722252, 'lr': 0.00022366917126755704, 'entropy': 0.005241728924677526}. Best is trial 135 with value: -10569.40234375.[0m
[32m[I 2022-01-11 14:12:58,317][0m Trial 164 finished with value: -6122.43798828125 and parameters: {'r_scaling': 0.4592300755701449, 'unroll': 11, 'update_epoch': 14, 'discount': 0.9733418422567017, 'lr': 0.0001953337255984391, 'entropy': 0.07452135702402772}. Best is trial 135 with value: -10569.40234375.[0m
[32m[I 2022-01-11 14:21:27,828][0m Trial 165 finished with value: -8681.19140625 and parameters: {'r_scaling': 0.33092337371851155, 'unroll': 9, 'update_epoch': 12, 'discount': 0.9716794418608321, 'lr': 0.00013722893749639321, 'entropy': 0.006073528983576171}. Best is trial 135 with value: -10569.40234375.[0m
[32m[I 2022-01-11 14:29:31,554][0m Trial 166 finished with value: -2622.97607421875 and parameters: {'r_scaling': 0.2614975956941014, 'unroll': 12, 'update_epoch': 15, 'discount': 0.9788750093839137, 'lr': 0.0001547606809978317, 'entropy': 0.004159430485282186}. Best is trial 135 with value: -10569.40234375.[0m
[32m[I 2022-01-11 14:38:18,458][0m Trial 167 finished with value: -8474.689453125 and parameters: {'r_scaling': 0.17147678911389588, 'unroll': 11, 'update_epoch': 14, 'discount': 0.981934366627411, 'lr': 0.0001636585589638026, 'entropy': 0.007639993028612586}. Best is trial 135 with value: -10569.40234375.[0m
[32m[I 2022-01-11 14:50:49,101][0m Trial 168 finished with value: -5504.40625 and parameters: {'r_scaling': 0.10949356864601123, 'unroll': 9, 'update_epoch': 13, 'discount': 0.9683373316201234, 'lr': 0.0001865920007156822, 'entropy': 0.0048609267986941}. Best is trial 135 with value: -10569.40234375.[0m
[32m[I 2022-01-11 15:02:33,190][0m Trial 169 finished with value: -1437.5487060546875 and parameters: {'r_scaling': 0.2347232959772082, 'unroll': 10, 'update_epoch': 15, 'discount': 0.9054376316460429, 'lr': 0.00020850184664454997, 'entropy': 0.0035437600592093063}. Best is trial 135 with value: -10569.40234375.[0m
[32m[I 2022-01-11 15:09:40,200][0m Trial 170 finished with value: -1394.8197021484375 and parameters: {'r_scaling': 0.14976654407525386, 'unroll': 8, 'update_epoch': 9, 'discount': 0.9238297380107809, 'lr': 0.00013273054108158957, 'entropy': 0.008798142157820883}. Best is trial 135 with value: -10569.40234375.[0m
[32m[I 2022-01-11 15:17:27,435][0m Trial 171 finished with value: -7798.4658203125 and parameters: {'r_scaling': 0.09749644521275411, 'unroll': 10, 'update_epoch': 14, 'discount': 0.9761880843115259, 'lr': 0.00017233702965207463, 'entropy': 0.006495635251406725}. Best is trial 135 with value: -10569.40234375.[0m
[32m[I 2022-01-11 15:25:55,784][0m Trial 172 finished with value: -1907.34765625 and parameters: {'r_scaling': 0.12693663514910866, 'unroll': 11, 'update_epoch': 14, 'discount': 0.9340804154460771, 'lr': 0.00015106662670279875, 'entropy': 0.005420370650071595}. Best is trial 135 with value: -10569.40234375.[0m
[32m[I 2022-01-11 15:34:10,411][0m Trial 173 finished with value: -8491.7158203125 and parameters: {'r_scaling': 0.19223939827219255, 'unroll': 9, 'update_epoch': 14, 'discount': 0.9733282445083632, 'lr': 0.00017371474743604478, 'entropy': 0.006979445349931818}. Best is trial 135 with value: -10569.40234375.[0m
[32m[I 2022-01-11 15:42:07,221][0m Trial 174 finished with value: -1270.896484375 and parameters: {'r_scaling': 12.250734230660617, 'unroll': 10, 'update_epoch': 14, 'discount': 0.9802088727070687, 'lr': 0.0001949950005989698, 'entropy': 0.006121277052528759}. Best is trial 135 with value: -10569.40234375.[0m
[32m[I 2022-01-11 15:50:11,197][0m Trial 175 finished with value: -2222.001708984375 and parameters: {'r_scaling': 0.6446129697348716, 'unroll': 11, 'update_epoch': 13, 'discount': 0.9767878609581213, 'lr': 0.00015846985053829634, 'entropy': 0.009757576725159934}. Best is trial 135 with value: -10569.40234375.[0m
[32m[I 2022-01-11 15:57:52,087][0m Trial 176 finished with value: -7594.1787109375 and parameters: {'r_scaling': 0.37889782640217945, 'unroll': 10, 'update_epoch': 13, 'discount': 0.9779036740438453, 'lr': 0.00012071802445215787, 'entropy': 0.008374604601167611}. Best is trial 135 with value: -10569.40234375.[0m
[32m[I 2022-01-11 16:04:16,434][0m Trial 177 finished with value: -2191.177001953125 and parameters: {'r_scaling': 0.0883808572263344, 'unroll': 9, 'update_epoch': 3, 'discount': 0.974449643957934, 'lr': 0.0008829604222001394, 'entropy': 0.02423610451252612}. Best is trial 135 with value: -10569.40234375.[0m
[32m[I 2022-01-11 16:12:08,585][0m Trial 178 finished with value: -8195.3388671875 and parameters: {'r_scaling': 0.15451389139617927, 'unroll': 11, 'update_epoch': 12, 'discount': 0.9704670021538866, 'lr': 0.00016689298138498, 'entropy': 0.00456769962752753}. Best is trial 135 with value: -10569.40234375.[0m
[32m[I 2022-01-11 16:19:44,398][0m Trial 179 finished with value: -1088.615234375 and parameters: {'r_scaling': 0.11091639566957147, 'unroll': 12, 'update_epoch': 15, 'discount': 0.9875788396678785, 'lr': 0.0016921941830445565, 'entropy': 0.00741119429965949}. Best is trial 135 with value: -10569.40234375.[0m
[32m[I 2022-01-11 16:30:48,621][0m Trial 180 finished with value: -7661.2412109375 and parameters: {'r_scaling': 0.2017656019494548, 'unroll': 7, 'update_epoch': 8, 'discount': 0.9803290184972723, 'lr': 0.00024009110007328676, 'entropy': 0.011589129025365935}. Best is trial 135 with value: -10569.40234375.[0m
[32m[I 2022-01-11 16:42:57,023][0m Trial 181 finished with value: -3656.8798828125 and parameters: {'r_scaling': 0.24176318069432104, 'unroll': 10, 'update_epoch': 13, 'discount': 0.9835923692953219, 'lr': 0.00013863172783985643, 'entropy': 0.003640679363845405}. Best is trial 135 with value: -10569.40234375.[0m
[32m[I 2022-01-11 16:50:54,171][0m Trial 182 finished with value: -6536.2490234375 and parameters: {'r_scaling': 0.13024406871021116, 'unroll': 10, 'update_epoch': 14, 'discount': 0.9858887072922581, 'lr': 0.00012776060011887686, 'entropy': 0.004059056890444309}. Best is trial 135 with value: -10569.40234375.[0m
[32m[I 2022-01-11 16:57:48,372][0m Trial 183 finished with value: -8141.6201171875 and parameters: {'r_scaling': 0.17239443610645971, 'unroll': 9, 'update_epoch': 6, 'discount': 0.9830945715640172, 'lr': 0.00014354077022409725, 'entropy': 0.002751500558554403}. Best is trial 135 with value: -10569.40234375.[0m
[32m[I 2022-01-11 17:05:31,299][0m Trial 184 finished with value: -8142.01904296875 and parameters: {'r_scaling': 0.1372072836889128, 'unroll': 10, 'update_epoch': 13, 'discount': 0.9787465118306435, 'lr': 0.0001451404838028027, 'entropy': 0.005164371197167315}. Best is trial 135 with value: -10569.40234375.[0m
[32m[I 2022-01-11 17:13:23,130][0m Trial 185 finished with value: -9857.07421875 and parameters: {'r_scaling': 0.29978753124017915, 'unroll': 11, 'update_epoch': 12, 'discount': 0.9751912652743013, 'lr': 0.00017995255505808713, 'entropy': 0.005744981732570878}. Best is trial 135 with value: -10569.40234375.[0m
[32m[I 2022-01-11 17:21:08,137][0m Trial 186 finished with value: -7048.232421875 and parameters: {'r_scaling': 0.29432765786671805, 'unroll': 11, 'update_epoch': 12, 'discount': 0.9721617208189943, 'lr': 0.00018046620769941447, 'entropy': 0.00550848020662696}. Best is trial 135 with value: -10569.40234375.[0m
[32m[I 2022-01-11 17:28:48,536][0m Trial 187 finished with value: -5946.099609375 and parameters: {'r_scaling': 0.3257499716881725, 'unroll': 11, 'update_epoch': 11, 'discount': 0.975151481589537, 'lr': 0.00018969660046396232, 'entropy': 0.006339630745695449}. Best is trial 135 with value: -10569.40234375.[0m
[32m[I 2022-01-11 17:36:36,868][0m Trial 188 finished with value: -5535.77587890625 and parameters: {'r_scaling': 0.2243380061682402, 'unroll': 11, 'update_epoch': 12, 'discount': 0.9755620216373643, 'lr': 0.000203374075270034, 'entropy': 0.007243414781005132}. Best is trial 135 with value: -10569.40234375.[0m
[32m[I 2022-01-11 17:44:02,068][0m Trial 189 finished with value: -6753.43017578125 and parameters: {'r_scaling': 0.39495742302308323, 'unroll': 12, 'update_epoch': 14, 'discount': 0.9732910174854589, 'lr': 0.00015871992490445972, 'entropy': 0.0189906457923073}. Best is trial 135 with value: -10569.40234375.[0m
[32m[I 2022-01-11 17:52:16,311][0m Trial 190 finished with value: -9239.400390625 and parameters: {'r_scaling': 0.07673859138273556, 'unroll': 9, 'update_epoch': 14, 'discount': 0.9768808847125249, 'lr': 0.00017822709374708492, 'entropy': 0.010374614443770188}. Best is trial 135 with value: -10569.40234375.[0m
[32m[I 2022-01-11 18:00:24,465][0m Trial 191 finished with value: -10022.5 and parameters: {'r_scaling': 0.11746525098930895, 'unroll': 11, 'update_epoch': 12, 'discount': 0.9810284094454339, 'lr': 0.00015098459318769653, 'entropy': 0.0044991627958254595}. Best is trial 135 with value: -10569.40234375.[0m
[32m[I 2022-01-11 18:08:17,390][0m Trial 192 finished with value: -7786.19091796875 and parameters: {'r_scaling': 0.09886462840292201, 'unroll': 11, 'update_epoch': 12, 'discount': 0.9812376739073527, 'lr': 0.00016513019257805183, 'entropy': 0.004670437129367547}. Best is trial 135 with value: -10569.40234375.[0m
[32m[I 2022-01-11 18:15:57,095][0m Trial 193 finished with value: -6453.7509765625 and parameters: {'r_scaling': 0.2719733082716391, 'unroll': 11, 'update_epoch': 11, 'discount': 0.9787659929614849, 'lr': 0.00015280438595041056, 'entropy': 0.00564629549161397}. Best is trial 135 with value: -10569.40234375.[0m
[32m[I 2022-01-11 18:23:11,071][0m Trial 194 finished with value: -7171.62890625 and parameters: {'r_scaling': 0.16922708661218402, 'unroll': 12, 'update_epoch': 12, 'discount': 0.9781811616731242, 'lr': 0.00017225789692667853, 'entropy': 0.006537835429325317}. Best is trial 135 with value: -10569.40234375.[0m
[32m[I 2022-01-11 18:31:05,675][0m Trial 195 finished with value: -8257.326171875 and parameters: {'r_scaling': 0.11956996618125501, 'unroll': 11, 'update_epoch': 12, 'discount': 0.9717130712062705, 'lr': 0.000158686822161967, 'entropy': 0.008222698477815767}. Best is trial 135 with value: -10569.40234375.[0m
[32m[I 2022-01-11 18:42:47,115][0m Trial 196 finished with value: -8675.6826171875 and parameters: {'r_scaling': 0.21377558804319122, 'unroll': 9, 'update_epoch': 10, 'discount': 0.9804305348753518, 'lr': 0.00018657256482871698, 'entropy': 0.004685158611247556}. Best is trial 135 with value: -10569.40234375.[0m
[32m[I 2022-01-11 18:51:06,218][0m Trial 197 finished with value: -9519.109375 and parameters: {'r_scaling': 0.14089082791356664, 'unroll': 11, 'update_epoch': 14, 'discount': 0.974596817353756, 'lr': 0.00012742146941868102, 'entropy': 0.005833426442733285}. Best is trial 135 with value: -10569.40234375.[0m
[32m[I 2022-01-11 18:58:58,683][0m Trial 198 finished with value: -8352.560546875 and parameters: {'r_scaling': 0.19691732181397759, 'unroll': 8, 'update_epoch': 14, 'discount': 0.9767963891432857, 'lr': 0.00011545912445242058, 'entropy': 0.014084537113473091}. Best is trial 135 with value: -10569.40234375.[0m
[32m[I 2022-01-11 19:06:45,499][0m Trial 199 finished with value: -8925.8701171875 and parameters: {'r_scaling': 0.0909114682900764, 'unroll': 9, 'update_epoch': 11, 'discount': 0.9825917033162516, 'lr': 0.00014865688304572012, 'entropy': 0.007324381807009843}. Best is trial 135 with value: -10569.40234375.[0m
