[32m[I 2021-12-14 03:00:34,217][0m Trial 140 finished with value: -46126.296875 and parameters: {'r_scaling': 0.10585146710643199, 'unroll': 2, 'update_epoch': 15, 'discount': 0.9678143695095078, 'lr': 0.00010224533778406028, 'entropy': 0.05946734611596481}. Best is trial 132 with value: -46982.70703125.[0m
[32m[I 2021-12-14 03:07:35,524][0m Trial 141 finished with value: -46244.66015625 and parameters: {'r_scaling': 0.10630382609721203, 'unroll': 2, 'update_epoch': 15, 'discount': 0.9676806318301144, 'lr': 0.00010099186646729037, 'entropy': 0.05902399418965285}. Best is trial 132 with value: -46982.70703125.[0m
[32m[I 2021-12-14 03:14:38,537][0m Trial 142 finished with value: -46177.203125 and parameters: {'r_scaling': 0.10318868726923211, 'unroll': 2, 'update_epoch': 15, 'discount': 0.969347639044076, 'lr': 0.00011510658764133615, 'entropy': 0.05667365736929775}. Best is trial 132 with value: -46982.70703125.[0m
[32m[I 2021-12-14 03:21:34,901][0m Trial 143 finished with value: -43733.19921875 and parameters: {'r_scaling': 0.07346528020906667, 'unroll': 2, 'update_epoch': 15, 'discount': 0.969485167398392, 'lr': 0.00011576110145907655, 'entropy': 0.0557368161862414}. Best is trial 132 with value: -46982.70703125.[0m
[32m[I 2021-12-14 03:29:32,029][0m Trial 144 finished with value: -33653.12109375 and parameters: {'r_scaling': 0.10332429385030702, 'unroll': 1, 'update_epoch': 15, 'discount': 0.9737164217674761, 'lr': 0.000100208500632889, 'entropy': 0.07945345347349671}. Best is trial 132 with value: -46982.70703125.[0m
[32m[I 2021-12-14 03:36:38,562][0m Trial 145 finished with value: -44283.58984375 and parameters: {'r_scaling': 0.1302472992273478, 'unroll': 2, 'update_epoch': 15, 'discount': 0.9667246243343056, 'lr': 0.00010845181728994519, 'entropy': 0.056321228185951824}. Best is trial 132 with value: -46982.70703125.[0m
[32m[I 2021-12-14 03:43:40,067][0m Trial 146 finished with value: -44845.15234375 and parameters: {'r_scaling': 0.09823554681235212, 'unroll': 2, 'update_epoch': 15, 'discount': 0.9700241574743363, 'lr': 0.00011607504526353171, 'entropy': 0.0999009073241032}. Best is trial 132 with value: -46982.70703125.[0m
[32m[I 2021-12-14 03:50:30,090][0m Trial 147 finished with value: -35279.84375 and parameters: {'r_scaling': 0.16165478583450654, 'unroll': 3, 'update_epoch': 15, 'discount': 0.9765923995148854, 'lr': 0.0001107534321378869, 'entropy': 0.04601524844590396}. Best is trial 132 with value: -46982.70703125.[0m
[32m[I 2021-12-14 03:55:56,473][0m Trial 148 finished with value: -38269.37109375 and parameters: {'r_scaling': 0.11528047675282328, 'unroll': 8, 'update_epoch': 15, 'discount': 0.9680109194608618, 'lr': 0.00011894386420077663, 'entropy': 0.059006160352904666}. Best is trial 132 with value: -46982.70703125.[0m
[32m[I 2021-12-14 04:03:16,333][0m Trial 149 finished with value: -42020.0234375 and parameters: {'r_scaling': 0.2083833206805305, 'unroll': 1, 'update_epoch': 14, 'discount': 0.9741351190535044, 'lr': 0.00013376672185675222, 'entropy': 0.07343492201838744}. Best is trial 132 with value: -46982.70703125.[0m
[32m[I 2021-12-14 04:10:03,017][0m Trial 150 finished with value: -40349.03125 and parameters: {'r_scaling': 0.14492549475808397, 'unroll': 3, 'update_epoch': 15, 'discount': 0.9660618262921112, 'lr': 0.00010730179603061304, 'entropy': 0.08248872443100543}. Best is trial 132 with value: -46982.70703125.[0m
[32m[I 2021-12-14 04:17:05,950][0m Trial 151 finished with value: -46287.08984375 and parameters: {'r_scaling': 0.17537650776156563, 'unroll': 2, 'update_epoch': 15, 'discount': 0.9637287770054471, 'lr': 0.00010079315979258362, 'entropy': 0.06832452046862778}. Best is trial 132 with value: -46982.70703125.[0m
[32m[I 2021-12-14 04:23:20,869][0m Trial 152 finished with value: -43625.078125 and parameters: {'r_scaling': 0.17575938844175432, 'unroll': 2, 'update_epoch': 15, 'discount': 0.9701279869954431, 'lr': 0.00011377791069078871, 'entropy': 0.05098743860514925}. Best is trial 132 with value: -46982.70703125.[0m
[32m[I 2021-12-14 04:30:33,534][0m Trial 153 finished with value: -46044.3046875 and parameters: {'r_scaling': 0.08420951699078714, 'unroll': 2, 'update_epoch': 14, 'discount': 0.9724348487046826, 'lr': 0.00010060395059668104, 'entropy': 0.06381400566549311}. Best is trial 132 with value: -46982.70703125.[0m
[32m[I 2021-12-14 04:36:36,364][0m Trial 154 finished with value: -46486.2421875 and parameters: {'r_scaling': 0.08414946863877905, 'unroll': 2, 'update_epoch': 14, 'discount': 0.9729022656299997, 'lr': 0.00010073759056781509, 'entropy': 0.0664665769858826}. Best is trial 132 with value: -46982.70703125.[0m
[32m[I 2021-12-14 04:43:28,153][0m Trial 155 finished with value: -41836.4609375 and parameters: {'r_scaling': 0.06379066570068949, 'unroll': 2, 'update_epoch': 14, 'discount': 0.9636619239094172, 'lr': 0.00010002368130282468, 'entropy': 0.0696182717958597}. Best is trial 132 with value: -46982.70703125.[0m
[32m[I 2021-12-14 04:50:10,064][0m Trial 156 finished with value: -41818.80078125 and parameters: {'r_scaling': 0.0999404258913388, 'unroll': 3, 'update_epoch': 14, 'discount': 0.972246953355736, 'lr': 0.00010631910489214449, 'entropy': 0.06348728330596921}. Best is trial 132 with value: -46982.70703125.[0m
[32m[I 2021-12-14 04:57:46,264][0m Trial 157 finished with value: -27704.59765625 and parameters: {'r_scaling': 0.08698571428298545, 'unroll': 1, 'update_epoch': 15, 'discount': 0.9663086637047836, 'lr': 0.00011706481008115406, 'entropy': 0.08753424153410129}. Best is trial 132 with value: -46982.70703125.[0m
[32m[I 2021-12-14 05:05:06,399][0m Trial 158 finished with value: -42435.3515625 and parameters: {'r_scaling': 0.07633979670595942, 'unroll': 1, 'update_epoch': 14, 'discount': 0.9778238043723372, 'lr': 0.00010641935247747452, 'entropy': 0.05964330376540966}. Best is trial 132 with value: -46982.70703125.[0m
[32m[I 2021-12-14 05:12:04,866][0m Trial 159 finished with value: -48683.296875 and parameters: {'r_scaling': 0.05986275025778773, 'unroll': 2, 'update_epoch': 15, 'discount': 0.9757253594426789, 'lr': 0.0001002937743275912, 'entropy': 0.07428210904563348}. Best is trial 159 with value: -48683.296875.[0m
[32m[I 2021-12-14 05:18:52,040][0m Trial 160 finished with value: -46926.1953125 and parameters: {'r_scaling': 0.0571934821119958, 'unroll': 2, 'update_epoch': 14, 'discount': 0.9755818879202618, 'lr': 0.00010107247762796363, 'entropy': 0.0746837032228798}. Best is trial 159 with value: -48683.296875.[0m
[32m[I 2021-12-14 05:25:41,630][0m Trial 161 finished with value: -48935.375 and parameters: {'r_scaling': 0.0566461889173658, 'unroll': 2, 'update_epoch': 14, 'discount': 0.9752906350001209, 'lr': 0.00010091467319553296, 'entropy': 0.07683450100816684}. Best is trial 161 with value: -48935.375.[0m
[32m[I 2021-12-14 05:31:55,360][0m Trial 162 finished with value: -40244.3671875 and parameters: {'r_scaling': 0.055940573339681963, 'unroll': 7, 'update_epoch': 15, 'discount': 0.9766120331733167, 'lr': 0.00010147288166550886, 'entropy': 0.07608874645060001}. Best is trial 161 with value: -48935.375.[0m
[32m[I 2021-12-14 05:38:35,532][0m Trial 163 finished with value: -38282.75 and parameters: {'r_scaling': 0.06342176180554712, 'unroll': 3, 'update_epoch': 14, 'discount': 0.98278401958511, 'lr': 0.00010443918124994414, 'entropy': 0.08840960999021549}. Best is trial 161 with value: -48935.375.[0m
[32m[I 2021-12-14 05:45:40,296][0m Trial 164 finished with value: -49585.9375 and parameters: {'r_scaling': 0.07296612202964874, 'unroll': 2, 'update_epoch': 15, 'discount': 0.9799497175782297, 'lr': 0.0001002252853199152, 'entropy': 0.07269730557076604}. Best is trial 164 with value: -49585.9375.[0m
[32m[I 2021-12-14 05:52:35,611][0m Trial 165 finished with value: -48054.8046875 and parameters: {'r_scaling': 0.07907999249413575, 'unroll': 2, 'update_epoch': 14, 'discount': 0.9789431932583246, 'lr': 0.00010017765829181688, 'entropy': 0.0734444777165963}. Best is trial 164 with value: -49585.9375.[0m
[32m[I 2021-12-14 05:57:53,263][0m Trial 166 finished with value: -34547.28125 and parameters: {'r_scaling': 0.0759580844688323, 'unroll': 12, 'update_epoch': 14, 'discount': 0.9796822100775082, 'lr': 0.00010042525581458427, 'entropy': 0.07179795433193327}. Best is trial 164 with value: -49585.9375.[0m
[32m[I 2021-12-14 06:04:49,601][0m Trial 167 finished with value: -49885.125 and parameters: {'r_scaling': 0.060462179161559514, 'unroll': 2, 'update_epoch': 15, 'discount': 0.9804983963295588, 'lr': 0.00011512337250294566, 'entropy': 0.066397047513951}. Best is trial 167 with value: -49885.125.[0m
[32m[I 2021-12-14 06:11:35,529][0m Trial 168 finished with value: -43753.4765625 and parameters: {'r_scaling': 0.0589888676709936, 'unroll': 2, 'update_epoch': 14, 'discount': 0.981063053548576, 'lr': 0.00012125743046553119, 'entropy': 0.0638391983217113}. Best is trial 167 with value: -49885.125.[0m
[32m[I 2021-12-14 06:19:12,773][0m Trial 169 finished with value: -37502.71875 and parameters: {'r_scaling': 0.08266811317289377, 'unroll': 1, 'update_epoch': 15, 'discount': 0.9782537177249491, 'lr': 0.00010004188939556951, 'entropy': 0.09929083998232256}. Best is trial 167 with value: -49885.125.[0m
[32m[I 2021-12-14 06:25:58,072][0m Trial 170 finished with value: -47977.76171875 and parameters: {'r_scaling': 0.07225693239849437, 'unroll': 2, 'update_epoch': 14, 'discount': 0.9759652927539756, 'lr': 0.0001144584750448801, 'entropy': 0.07926105319293764}. Best is trial 167 with value: -49885.125.[0m
[32m[I 2021-12-14 06:32:48,653][0m Trial 171 finished with value: -47905.421875 and parameters: {'r_scaling': 0.06620405271282108, 'unroll': 2, 'update_epoch': 14, 'discount': 0.9848861203113543, 'lr': 0.00011179910636282864, 'entropy': 0.07761540430994816}. Best is trial 167 with value: -49885.125.[0m
[32m[I 2021-12-14 06:39:09,425][0m Trial 172 finished with value: -47335.671875 and parameters: {'r_scaling': 0.07346381771260867, 'unroll': 2, 'update_epoch': 14, 'discount': 0.9861838422414749, 'lr': 0.00011067312863173851, 'entropy': 0.07812235886958416}. Best is trial 167 with value: -49885.125.[0m
[32m[I 2021-12-14 06:45:23,228][0m Trial 173 finished with value: -46573.44140625 and parameters: {'r_scaling': 0.06682977965065437, 'unroll': 2, 'update_epoch': 15, 'discount': 0.986963587557224, 'lr': 0.0001112967453462784, 'entropy': 0.07920335970084603}. Best is trial 167 with value: -49885.125.[0m
[32m[I 2021-12-14 06:52:07,294][0m Trial 174 finished with value: -39241.234375 and parameters: {'r_scaling': 0.05093810953792464, 'unroll': 3, 'update_epoch': 15, 'discount': 0.9862281424803855, 'lr': 0.00011196971318633721, 'entropy': 0.07496405852530434}. Best is trial 167 with value: -49885.125.[0m
[32m[I 2021-12-14 06:59:12,901][0m Trial 175 finished with value: -45526.2734375 and parameters: {'r_scaling': 0.06641274569637846, 'unroll': 2, 'update_epoch': 15, 'discount': 0.9905933074753005, 'lr': 0.0001127158877767984, 'entropy': 0.08325167059098185}. Best is trial 167 with value: -49885.125.[0m
[32m[I 2021-12-14 07:06:54,060][0m Trial 176 finished with value: -29635.140625 and parameters: {'r_scaling': 0.06652050603977414, 'unroll': 1, 'update_epoch': 15, 'discount': 0.9842187163905997, 'lr': 0.0001252279930695527, 'entropy': 0.07879032292523167}. Best is trial 167 with value: -49885.125.[0m
[32m[I 2021-12-14 07:14:00,979][0m Trial 177 finished with value: -44716.51953125 and parameters: {'r_scaling': 0.07263602490351304, 'unroll': 2, 'update_epoch': 15, 'discount': 0.9913774340724213, 'lr': 0.00010627153211690233, 'entropy': 0.08903123188039842}. Best is trial 167 with value: -49885.125.[0m
[32m[I 2021-12-14 07:21:04,488][0m Trial 178 finished with value: -46109.5546875 and parameters: {'r_scaling': 0.05861905568097772, 'unroll': 2, 'update_epoch': 15, 'discount': 0.9880099417906505, 'lr': 0.00011817449536064326, 'entropy': 0.07088992005407761}. Best is trial 167 with value: -49885.125.[0m
[32m[I 2021-12-14 07:27:43,408][0m Trial 179 finished with value: -38941.8046875 and parameters: {'r_scaling': 0.09351173544704236, 'unroll': 3, 'update_epoch': 14, 'discount': 0.9822082611837398, 'lr': 0.00010831159414261233, 'entropy': 0.05490284603860316}. Best is trial 167 with value: -49885.125.[0m
[32m[I 2021-12-14 07:35:10,548][0m Trial 180 finished with value: -33201.5546875 and parameters: {'r_scaling': 0.05221391634369127, 'unroll': 1, 'update_epoch': 14, 'discount': 0.9848819467570826, 'lr': 0.0001132619991350756, 'entropy': 0.09932959116568774}. Best is trial 167 with value: -49885.125.[0m
[32m[I 2021-12-14 07:42:32,960][0m Trial 181 finished with value: -48250.3203125 and parameters: {'r_scaling': 0.06261159197617458, 'unroll': 2, 'update_epoch': 15, 'discount': 0.9873090113746726, 'lr': 0.00012211436878687933, 'entropy': 0.07123915356237359}. Best is trial 167 with value: -49885.125.[0m
[32m[I 2021-12-14 07:48:47,330][0m Trial 182 finished with value: -45375.515625 and parameters: {'r_scaling': 0.07072143619194969, 'unroll': 2, 'update_epoch': 15, 'discount': 0.9865835649514432, 'lr': 0.00012405621350100753, 'entropy': 0.06313743485591981}. Best is trial 167 with value: -49885.125.[0m
[32m[I 2021-12-14 07:55:49,716][0m Trial 183 finished with value: -22683.73046875 and parameters: {'r_scaling': 0.08133758574790616, 'unroll': 2, 'update_epoch': 15, 'discount': 0.9886515225662381, 'lr': 0.0011485499795320152, 'entropy': 0.08369849452765489}. Best is trial 167 with value: -49885.125.[0m
[32m[I 2021-12-14 08:02:54,275][0m Trial 184 finished with value: -44025.0859375 and parameters: {'r_scaling': 0.050308174127033596, 'unroll': 2, 'update_epoch': 15, 'discount': 0.979803730423287, 'lr': 0.00010604034159739692, 'entropy': 0.06963352495703687}. Best is trial 167 with value: -49885.125.[0m
[32m[I 2021-12-14 08:09:47,180][0m Trial 185 finished with value: -18658.98046875 and parameters: {'r_scaling': 0.05997187566645561, 'unroll': 2, 'update_epoch': 14, 'discount': 0.9922656133252608, 'lr': 0.0007286693699393407, 'entropy': 0.07882057236384528}. Best is trial 167 with value: -49885.125.[0m
[32m[I 2021-12-14 08:16:36,847][0m Trial 186 finished with value: -33248.6484375 and parameters: {'r_scaling': 0.09531004610809168, 'unroll': 3, 'update_epoch': 15, 'discount': 0.9818657051897834, 'lr': 0.00011824267851950578, 'entropy': 0.05764999715862664}. Best is trial 167 with value: -49885.125.[0m
[32m[I 2021-12-14 08:23:38,067][0m Trial 187 finished with value: -48301.984375 and parameters: {'r_scaling': 0.07020376172626962, 'unroll': 2, 'update_epoch': 15, 'discount': 0.9839135693182165, 'lr': 0.00011184012005766537, 'entropy': 0.05271904028485919}. Best is trial 167 with value: -49885.125.[0m
[32m[I 2021-12-14 08:30:26,124][0m Trial 188 finished with value: -46306.2421875 and parameters: {'r_scaling': 0.07155303938806316, 'unroll': 2, 'update_epoch': 14, 'discount': 0.9841724130758844, 'lr': 0.00012816395671777774, 'entropy': 0.051200170255904315}. Best is trial 167 with value: -49885.125.[0m
[32m[I 2021-12-14 08:37:21,066][0m Trial 189 finished with value: -47708.171875 and parameters: {'r_scaling': 0.06621885275025523, 'unroll': 2, 'update_epoch': 14, 'discount': 0.9878874703317783, 'lr': 0.00013177449147746723, 'entropy': 0.05045912059831094}. Best is trial 167 with value: -49885.125.[0m
[32m[I 2021-12-14 08:44:50,476][0m Trial 190 finished with value: -41182.3671875 and parameters: {'r_scaling': 0.06390842144811329, 'unroll': 1, 'update_epoch': 14, 'discount': 0.9885971914583963, 'lr': 0.00012938202907506857, 'entropy': 0.04845719871813816}. Best is trial 167 with value: -49885.125.[0m
[32m[I 2021-12-14 08:51:59,853][0m Trial 191 finished with value: -45029.1015625 and parameters: {'r_scaling': 0.0762322200791816, 'unroll': 2, 'update_epoch': 14, 'discount': 0.9848630986452599, 'lr': 0.0001243765858228086, 'entropy': 0.06879040013822235}. Best is trial 167 with value: -49885.125.[0m
[32m[I 2021-12-14 08:58:54,086][0m Trial 192 finished with value: -48298.66796875 and parameters: {'r_scaling': 0.060250862069899574, 'unroll': 2, 'update_epoch': 14, 'discount': 0.9827502238631298, 'lr': 0.00010937076413935865, 'entropy': 0.07898512748949144}. Best is trial 167 with value: -49885.125.[0m
[32m[I 2021-12-14 09:05:44,934][0m Trial 193 finished with value: -47018.0703125 and parameters: {'r_scaling': 0.0622547795551199, 'unroll': 2, 'update_epoch': 14, 'discount': 0.9836063621379888, 'lr': 0.0001105957323620812, 'entropy': 0.0892832354364963}. Best is trial 167 with value: -49885.125.[0m
[32m[I 2021-12-14 09:11:36,871][0m Trial 194 finished with value: -44043.37890625 and parameters: {'r_scaling': 0.05903186993784427, 'unroll': 2, 'update_epoch': 13, 'discount': 0.9839879283514061, 'lr': 0.00013562546886884813, 'entropy': 0.08861482927881112}. Best is trial 167 with value: -49885.125.[0m
[32m[I 2021-12-14 09:18:20,992][0m Trial 195 finished with value: -25505.84765625 and parameters: {'r_scaling': 0.050230764595249035, 'unroll': 3, 'update_epoch': 14, 'discount': 0.987160287597744, 'lr': 0.00011028346411424918, 'entropy': 0.09998849332699107}. Best is trial 167 with value: -49885.125.[0m
                                                                                                                                                                                                                                                                                                                     [32m[I 2021-12-14 09:32:35,166][0m Trial 197 finished with value: -33987.375 and parameters: {'r_scaling': 0.06337330771833212, 'unroll': 1, 'update_epoch': 14, 'discount': 0.9818124246523713, 'lr': 0.00012204902902484706, 'entropy': 0.08479903964035866}. Best is trial 167 with value: -49885.125.[0m
[32m[I 2021-12-14 09:39:02,939][0m Trial 198 finished with value: -36810.7109375 and parameters: {'r_scaling': 0.08220598284728839, 'unroll': 3, 'update_epoch': 13, 'discount': 0.9895889775341644, 'lr': 0.00011315708284779456, 'entropy': 0.07665916504515753}. Best is trial 167 with value: -49885.125.[0m
[32m[I 2021-12-14 09:45:54,759][0m Trial 199 finished with value: -45297.1015625 and parameters: {'r_scaling': 0.05784337158025808, 'unroll': 2, 'update_epoch': 14, 'discount': 0.9798143992352747, 'lr': 0.00011885825024028258, 'entropy': 0.07706530858985042}. Best is trial 167 with value: -49885.125.[0m
