[32m[I 2022-01-11 08:05:54,460][0m A new study created in memory with name: no-name-10ce0159-0afe-4f6a-a8ac-a94eb8264db6[0m
[32m[I 2022-01-11 08:13:18,278][0m Trial 0 finished with value: -1341.08349609375 and parameters: {'r_scaling': 2.669871669394481, 'unroll': 3, 'update_epoch': 13, 'discount': 0.9495470052698102, 'lr': 0.0005797769376102119, 'entropy': 0.004662216517060695}. Best is trial 0 with value: -1341.08349609375.[0m
[32m[I 2022-01-11 08:18:38,758][0m Trial 1 finished with value: -616.8092651367188 and parameters: {'r_scaling': 3.715035386636195, 'unroll': 12, 'update_epoch': 3, 'discount': 0.9495980277962826, 'lr': 0.0005764061629856404, 'entropy': 0.0013542774889046855}. Best is trial 0 with value: -1341.08349609375.[0m
[32m[I 2022-01-11 08:25:59,754][0m Trial 2 finished with value: -1015.4536743164062 and parameters: {'r_scaling': 164.89177482064815, 'unroll': 2, 'update_epoch': 9, 'discount': 0.9728845791168934, 'lr': 0.0003920048384308045, 'entropy': 0.0006435111827110877}. Best is trial 0 with value: -1341.08349609375.[0m
[32m[I 2022-01-11 08:31:36,119][0m Trial 3 finished with value: -696.8329467773438 and parameters: {'r_scaling': 1.2120712808347798, 'unroll': 10, 'update_epoch': 4, 'discount': 0.9359711549849176, 'lr': 0.0003913836607029713, 'entropy': 0.00044000105926875335}. Best is trial 0 with value: -1341.08349609375.[0m
[32m[I 2022-01-11 08:39:01,917][0m Trial 4 finished with value: -1404.778564453125 and parameters: {'r_scaling': 0.083338808231357, 'unroll': 4, 'update_epoch': 13, 'discount': 0.9330580324169182, 'lr': 0.00011667421225122312, 'entropy': 0.00019657602586677284}. Best is trial 4 with value: -1404.778564453125.[0m
[32m[I 2022-01-11 08:44:32,060][0m Trial 5 finished with value: -285.4734802246094 and parameters: {'r_scaling': 13.754880800881795, 'unroll': 14, 'update_epoch': 2, 'discount': 0.9165377933838249, 'lr': 0.0010762302813713846, 'entropy': 0.0024436360682677486}. Best is trial 4 with value: -1404.778564453125.[0m
[32m[I 2022-01-11 08:50:32,459][0m Trial 6 finished with value: -4897.4951171875 and parameters: {'r_scaling': 0.05895053403102607, 'unroll': 10, 'update_epoch': 7, 'discount': 0.991532636331796, 'lr': 0.0002699112322990366, 'entropy': 0.0006141997362329893}. Best is trial 6 with value: -4897.4951171875.[0m
[32m[I 2022-01-11 08:57:36,362][0m Trial 7 finished with value: -285.48089599609375 and parameters: {'r_scaling': 143.15924306131419, 'unroll': 11, 'update_epoch': 15, 'discount': 0.9699096282651156, 'lr': 0.0008988339619767145, 'entropy': 0.04456707083323607}. Best is trial 6 with value: -4897.4951171875.[0m
[32m[I 2022-01-11 09:03:52,579][0m Trial 8 finished with value: -528.38232421875 and parameters: {'r_scaling': 0.9469902916186034, 'unroll': 1, 'update_epoch': 3, 'discount': 0.96912862735493, 'lr': 0.0002433297147158972, 'entropy': 0.00015053286002554735}. Best is trial 6 with value: -4897.4951171875.[0m
[32m[I 2022-01-11 09:09:54,542][0m Trial 9 finished with value: -670.8746948242188 and parameters: {'r_scaling': 79.83598198510064, 'unroll': 5, 'update_epoch': 4, 'discount': 0.9313597881145199, 'lr': 0.0002633376951991001, 'entropy': 0.0037711437881030774}. Best is trial 6 with value: -4897.4951171875.[0m
[32m[I 2022-01-11 09:16:36,689][0m Trial 10 finished with value: -7459.09619140625 and parameters: {'r_scaling': 0.09320390439670807, 'unroll': 7, 'update_epoch': 8, 'discount': 0.9945226331303206, 'lr': 0.0001462758095603893, 'entropy': 0.020225014684838803}. Best is trial 10 with value: -7459.09619140625.[0m
[32m[I 2022-01-11 09:23:38,596][0m Trial 11 finished with value: -7178.39404296875 and parameters: {'r_scaling': 0.05215486127472419, 'unroll': 7, 'update_epoch': 8, 'discount': 0.9940370221387662, 'lr': 0.0001016843120191552, 'entropy': 0.04479779275005765}. Best is trial 10 with value: -7459.09619140625.[0m
[32m[I 2022-01-11 09:30:30,151][0m Trial 12 finished with value: -7851.640625 and parameters: {'r_scaling': 0.24042001280807948, 'unroll': 7, 'update_epoch': 8, 'discount': 0.9934580435306423, 'lr': 0.00011204742551513783, 'entropy': 0.05468335891429592}. Best is trial 12 with value: -7851.640625.[0m
[32m[I 2022-01-11 09:37:46,885][0m Trial 13 finished with value: -6524.08837890625 and parameters: {'r_scaling': 0.2979824894782414, 'unroll': 7, 'update_epoch': 10, 'discount': 0.9818646200344784, 'lr': 0.00015940175879846304, 'entropy': 0.015246007623363216}. Best is trial 12 with value: -7851.640625.[0m
[32m[I 2022-01-11 09:44:33,020][0m Trial 14 finished with value: -671.2681274414062 and parameters: {'r_scaling': 0.17979511756958247, 'unroll': 6, 'update_epoch': 6, 'discount': 0.9600413930387245, 'lr': 0.001953305361763072, 'entropy': 0.0870136808997876}. Best is trial 12 with value: -7851.640625.[0m
[32m[I 2022-01-11 09:52:00,353][0m Trial 15 finished with value: -1095.5909423828125 and parameters: {'r_scaling': 0.33827631620351534, 'unroll': 9, 'update_epoch': 11, 'discount': 0.9044813897862831, 'lr': 0.0001656714749611159, 'entropy': 0.013199271399711422}. Best is trial 12 with value: -7851.640625.[0m
[32m[I 2022-01-11 09:58:04,435][0m Trial 16 finished with value: -1361.1318359375 and parameters: {'r_scaling': 0.6262593360358759, 'unroll': 8, 'update_epoch': 6, 'discount': 0.9832455658848132, 'lr': 0.00015750149973750582, 'entropy': 0.01360192054038151}. Best is trial 12 with value: -7851.640625.[0m
[32m[I 2022-01-11 10:05:13,352][0m Trial 17 finished with value: -5533.82373046875 and parameters: {'r_scaling': 0.16324286483777922, 'unroll': 15, 'update_epoch': 12, 'discount': 0.9831696186515758, 'lr': 0.00018834909504266654, 'entropy': 0.03333949069472724}. Best is trial 12 with value: -7851.640625.[0m
[32m[I 2022-01-11 10:12:36,204][0m Trial 18 finished with value: -838.8135986328125 and parameters: {'r_scaling': 10.469330324292775, 'unroll': 5, 'update_epoch': 9, 'discount': 0.960945635945504, 'lr': 0.00012024260609073204, 'entropy': 0.09867959796870598}. Best is trial 12 with value: -7851.640625.[0m
[32m[I 2022-01-11 10:18:33,186][0m Trial 19 finished with value: -6709.4248046875 and parameters: {'r_scaling': 0.12230498499495182, 'unroll': 8, 'update_epoch': 5, 'discount': 0.9942977253446227, 'lr': 0.00021064203268640277, 'entropy': 0.007205973583090058}. Best is trial 12 with value: -7851.640625.[0m
[32m[I 2022-01-11 10:25:15,090][0m Trial 20 finished with value: -816.3026123046875 and parameters: {'r_scaling': 2.2002699720489702, 'unroll': 13, 'update_epoch': 8, 'discount': 0.9599367692717885, 'lr': 0.0001001242993784947, 'entropy': 0.026064152695072146}. Best is trial 12 with value: -7851.640625.[0m
[32m[I 2022-01-11 10:32:27,986][0m Trial 21 finished with value: -5875.087890625 and parameters: {'r_scaling': 0.06508815494936031, 'unroll': 7, 'update_epoch': 8, 'discount': 0.9930590329048206, 'lr': 0.00013172981490846633, 'entropy': 0.052203043179729326}. Best is trial 12 with value: -7851.640625.[0m
[32m[I 2022-01-11 10:39:31,603][0m Trial 22 finished with value: -3913.513916015625 and parameters: {'r_scaling': 0.05205870862666587, 'unroll': 6, 'update_epoch': 7, 'discount': 0.9794031213713159, 'lr': 0.00010238706345841678, 'entropy': 0.024933783455343125}. Best is trial 12 with value: -7851.640625.[0m
[32m[I 2022-01-11 10:46:14,501][0m Trial 23 finished with value: -7571.4658203125 and parameters: {'r_scaling': 0.31989670106898765, 'unroll': 9, 'update_epoch': 10, 'discount': 0.9892680943966543, 'lr': 0.0001358779061367293, 'entropy': 0.05695036273930629}. Best is trial 12 with value: -7851.640625.[0m
[32m[I 2022-01-11 10:53:50,937][0m Trial 24 finished with value: -1578.940185546875 and parameters: {'r_scaling': 0.3727911569145911, 'unroll': 9, 'update_epoch': 10, 'discount': 0.9857953357786181, 'lr': 0.0001379563804699089, 'entropy': 0.008105042804970807}. Best is trial 12 with value: -7851.640625.[0m
[32m[I 2022-01-11 11:01:18,519][0m Trial 25 finished with value: -5256.27197265625 and parameters: {'r_scaling': 0.5783791868128455, 'unroll': 9, 'update_epoch': 11, 'discount': 0.9735384250090573, 'lr': 0.0002098473459154903, 'entropy': 0.07069174558462162}. Best is trial 12 with value: -7851.640625.[0m
[32m[I 2022-01-11 11:08:43,061][0m Trial 26 finished with value: -7994.32177734375 and parameters: {'r_scaling': 0.1632084931204191, 'unroll': 11, 'update_epoch': 10, 'discount': 0.9873446056675449, 'lr': 0.000317222442927862, 'entropy': 0.020776200365541873}. Best is trial 26 with value: -7994.32177734375.[0m
[32m[I 2022-01-11 11:15:59,678][0m Trial 27 finished with value: -6208.01806640625 and parameters: {'r_scaling': 0.20215153986057258, 'unroll': 12, 'update_epoch': 10, 'discount': 0.9785612089303265, 'lr': 0.0003358881751365443, 'entropy': 0.056507101884240706}. Best is trial 26 with value: -7994.32177734375.[0m
[32m[I 2022-01-11 11:24:03,755][0m Trial 28 finished with value: -1924.84912109375 and parameters: {'r_scaling': 1.2620717267220596, 'unroll': 11, 'update_epoch': 15, 'discount': 0.9641809286414664, 'lr': 0.0004952288911429472, 'entropy': 0.0066118499118829905}. Best is trial 26 with value: -7994.32177734375.[0m
[32m[I 2022-01-11 11:31:15,574][0m Trial 29 finished with value: -320.12481689453125 and parameters: {'r_scaling': 5.644309213580349, 'unroll': 10, 'update_epoch': 13, 'discount': 0.9557454850870112, 'lr': 0.0008364092768023571, 'entropy': 0.002212161925674602}. Best is trial 26 with value: -7994.32177734375.[0m
[32m[I 2022-01-11 11:39:30,988][0m Trial 30 finished with value: -5436.23583984375 and parameters: {'r_scaling': 0.49414048582472997, 'unroll': 3, 'update_epoch': 12, 'discount': 0.9882412033767127, 'lr': 0.00033865663856956274, 'entropy': 0.03718634376070218}. Best is trial 26 with value: -7994.32177734375.[0m
[32m[I 2022-01-11 11:46:38,361][0m Trial 31 finished with value: -7657.21533203125 and parameters: {'r_scaling': 0.12256603975213229, 'unroll': 8, 'update_epoch': 9, 'discount': 0.987351073464528, 'lr': 0.00015163466708697517, 'entropy': 0.01859336632152629}. Best is trial 26 with value: -7994.32177734375.[0m
[32m[I 2022-01-11 11:53:40,640][0m Trial 32 finished with value: -5902.53759765625 and parameters: {'r_scaling': 0.21190157204368984, 'unroll': 11, 'update_epoch': 9, 'discount': 0.9883801763329658, 'lr': 0.00018717434956615916, 'entropy': 0.020698005712200148}. Best is trial 26 with value: -7994.32177734375.[0m
[32m[I 2022-01-11 12:01:35,570][0m Trial 33 finished with value: -8154.119140625 and parameters: {'r_scaling': 0.11520423351271873, 'unroll': 12, 'update_epoch': 11, 'discount': 0.9751503552478623, 'lr': 0.000630464197948554, 'entropy': 0.008763850979003085}. Best is trial 33 with value: -8154.119140625.[0m
[32m[I 2022-01-11 12:08:16,535][0m Trial 34 finished with value: -3672.64306640625 and parameters: {'r_scaling': 0.1441438049712508, 'unroll': 13, 'update_epoch': 11, 'discount': 0.9759911554913092, 'lr': 0.0006485769764512138, 'entropy': 0.010342528330048234}. Best is trial 33 with value: -8154.119140625.[0m
[32m[I 2022-01-11 12:16:09,579][0m Trial 35 finished with value: -1983.792236328125 and parameters: {'r_scaling': 0.09750328079495836, 'unroll': 12, 'update_epoch': 12, 'discount': 0.9427842356015659, 'lr': 0.0005525088193512242, 'entropy': 0.0016305334571111347}. Best is trial 33 with value: -8154.119140625.[0m
[32m[I 2022-01-11 12:23:00,429][0m Trial 36 finished with value: -558.91650390625 and parameters: {'r_scaling': 2.0677365929502853, 'unroll': 15, 'update_epoch': 9, 'discount': 0.9692651989041612, 'lr': 0.0006515346352381605, 'entropy': 0.0045010059893014565}. Best is trial 33 with value: -8154.119140625.[0m
[32m[I 2022-01-11 12:29:48,238][0m Trial 37 finished with value: -491.1659851074219 and parameters: {'r_scaling': 35.39802745295335, 'unroll': 13, 'update_epoch': 14, 'discount': 0.9490976062941485, 'lr': 0.00041839731743869776, 'entropy': 0.009425207509662184}. Best is trial 33 with value: -8154.119140625.[0m
[32m[I 2022-01-11 12:36:30,270][0m Trial 38 finished with value: -300.3807067871094 and parameters: {'r_scaling': 0.8650520308989756, 'unroll': 10, 'update_epoch': 7, 'discount': 0.976052378878696, 'lr': 0.0011874326977797292, 'entropy': 0.005115252333622644}. Best is trial 33 with value: -8154.119140625.[0m
[32m[I 2022-01-11 12:42:19,134][0m Trial 39 finished with value: -607.7460327148438 and parameters: {'r_scaling': 0.09445389167930926, 'unroll': 14, 'update_epoch': 1, 'discount': 0.9230699830764213, 'lr': 0.0003058705840251312, 'entropy': 0.027893883879570442}. Best is trial 33 with value: -8154.119140625.[0m
[32m[I 2022-01-11 12:49:50,626][0m Trial 40 finished with value: -5583.10205078125 and parameters: {'r_scaling': 0.2282282722482637, 'unroll': 11, 'update_epoch': 11, 'discount': 0.985993735085379, 'lr': 0.00076556837552393, 'entropy': 0.016177610646739563}. Best is trial 33 with value: -8154.119140625.[0m
[32m[I 2022-01-11 12:57:28,213][0m Trial 41 finished with value: -8200.3955078125 and parameters: {'r_scaling': 0.3030558557261639, 'unroll': 9, 'update_epoch': 10, 'discount': 0.9882477799903902, 'lr': 0.00012018176725551647, 'entropy': 0.05664335688431908}. Best is trial 41 with value: -8200.3955078125.[0m
[32m[I 2022-01-11 13:04:47,432][0m Trial 42 finished with value: -6441.607421875 and parameters: {'r_scaling': 0.12765982472465354, 'unroll': 8, 'update_epoch': 9, 'discount': 0.9807081650490755, 'lr': 0.00011447940778350531, 'entropy': 0.04165899068027628}. Best is trial 41 with value: -8200.3955078125.[0m
[32m[I 2022-01-11 13:11:49,177][0m Trial 43 finished with value: -5579.38525390625 and parameters: {'r_scaling': 0.492820745676624, 'unroll': 10, 'update_epoch': 10, 'discount': 0.9888033985809355, 'lr': 0.00022866872140457308, 'entropy': 0.020186076003937698}. Best is trial 41 with value: -8200.3955078125.[0m
[32m[I 2022-01-11 13:18:41,044][0m Trial 44 finished with value: -323.1242370605469 and parameters: {'r_scaling': 0.06885367664026792, 'unroll': 8, 'update_epoch': 7, 'discount': 0.9712082946058468, 'lr': 0.0010785966149422354, 'entropy': 0.00034053842986519534}. Best is trial 41 with value: -8200.3955078125.[0m
[32m[I 2022-01-11 13:26:27,840][0m Trial 45 finished with value: -6568.5302734375 and parameters: {'r_scaling': 0.23340242455478083, 'unroll': 6, 'update_epoch': 9, 'discount': 0.9849841409128217, 'lr': 0.00017984869262269653, 'entropy': 0.032185864830143684}. Best is trial 41 with value: -8200.3955078125.[0m
[32m[I 2022-01-11 13:34:02,434][0m Trial 46 finished with value: -788.3102416992188 and parameters: {'r_scaling': 0.11368551036371864, 'unroll': 11, 'update_epoch': 12, 'discount': 0.9660977257842083, 'lr': 0.00048602176588878637, 'entropy': 0.06744836061203201}. Best is trial 41 with value: -8200.3955078125.[0m
[32m[I 2022-01-11 13:42:08,509][0m Trial 47 finished with value: -3425.587890625 and parameters: {'r_scaling': 0.737648025618824, 'unroll': 5, 'update_epoch': 14, 'discount': 0.9774966812410345, 'lr': 0.00012504156442585748, 'entropy': 0.002998243702196713}. Best is trial 41 with value: -8200.3955078125.[0m
[32m[I 2022-01-11 13:49:02,472][0m Trial 48 finished with value: -571.4058227539062 and parameters: {'r_scaling': 0.39039268439123187, 'unroll': 10, 'update_epoch': 8, 'discount': 0.9898961962657853, 'lr': 0.0003701722698431347, 'entropy': 0.010482096649994832}. Best is trial 41 with value: -8200.3955078125.[0m
[32m[I 2022-01-11 13:55:53,759][0m Trial 49 finished with value: -694.0409545898438 and parameters: {'r_scaling': 1.4073629541602695, 'unroll': 12, 'update_epoch': 6, 'discount': 0.9819800668463304, 'lr': 0.00027884063757992167, 'entropy': 0.0008949676491473387}. Best is trial 41 with value: -8200.3955078125.[0m
[32m[I 2022-01-11 14:03:15,589][0m Trial 50 finished with value: -6879.49462890625 and parameters: {'r_scaling': 0.08529136107868084, 'unroll': 9, 'update_epoch': 11, 'discount': 0.9947604816884237, 'lr': 0.00015336357787228586, 'entropy': 0.019097276622182975}. Best is trial 41 with value: -8200.3955078125.[0m
[32m[I 2022-01-11 14:09:58,148][0m Trial 51 finished with value: -8851.7880859375 and parameters: {'r_scaling': 0.2829138958990585, 'unroll': 9, 'update_epoch': 10, 'discount': 0.9904584824555973, 'lr': 0.00014083110955089882, 'entropy': 0.06624243439417306}. Best is trial 51 with value: -8851.7880859375.[0m
[32m[I 2022-01-11 14:17:28,184][0m Trial 52 finished with value: -8546.251953125 and parameters: {'r_scaling': 0.2744412251105053, 'unroll': 7, 'update_epoch': 10, 'discount': 0.9909004974614171, 'lr': 0.00011010421202150247, 'entropy': 0.07506971478603386}. Best is trial 51 with value: -8851.7880859375.[0m
[32m[I 2022-01-11 14:24:43,754][0m Trial 53 finished with value: -6341.14599609375 and parameters: {'r_scaling': 0.25759715876960765, 'unroll': 7, 'update_epoch': 10, 'discount': 0.9840053487730055, 'lr': 0.00011335942859415425, 'entropy': 0.08209962534488004}. Best is trial 51 with value: -8851.7880859375.[0m
[32m[I 2022-01-11 14:32:41,218][0m Trial 54 finished with value: -5040.28125 and parameters: {'r_scaling': 0.1644621423166495, 'unroll': 4, 'update_epoch': 13, 'discount': 0.9911438916655999, 'lr': 0.00011240457866942976, 'entropy': 0.09424191172487298}. Best is trial 51 with value: -8851.7880859375.[0m
[32m[I 2022-01-11 14:40:19,934][0m Trial 55 finished with value: -8031.51953125 and parameters: {'r_scaling': 0.4166527428079611, 'unroll': 6, 'update_epoch': 11, 'discount': 0.9916478775787821, 'lr': 0.00017361929239506348, 'entropy': 0.04744915005170598}. Best is trial 51 with value: -8851.7880859375.[0m
[32m[I 2022-01-11 14:47:48,822][0m Trial 56 finished with value: -1462.439697265625 and parameters: {'r_scaling': 3.9298352532112877, 'unroll': 6, 'update_epoch': 11, 'discount': 0.9806782141945118, 'lr': 0.00016346507868638608, 'entropy': 0.04218736183041358}. Best is trial 51 with value: -8851.7880859375.[0m
[32m[I 2022-01-11 14:54:57,878][0m Trial 57 finished with value: -7164.0478515625 and parameters: {'r_scaling': 0.4710102817550063, 'unroll': 4, 'update_epoch': 12, 'discount': 0.9908332927808611, 'lr': 0.00024700999203700074, 'entropy': 0.07191363493443247}. Best is trial 51 with value: -8851.7880859375.[0m
[32m[I 2022-01-11 15:01:35,960][0m Trial 58 finished with value: -1131.3665771484375 and parameters: {'r_scaling': 1.020448461200999, 'unroll': 9, 'update_epoch': 11, 'discount': 0.9018506723607694, 'lr': 0.00020944523479521238, 'entropy': 0.05234559444525454}. Best is trial 51 with value: -8851.7880859375.[0m
[32m[I 2022-01-11 15:08:18,993][0m Trial 59 finished with value: -5199.32177734375 and parameters: {'r_scaling': 0.32973335543412524, 'unroll': 12, 'update_epoch': 10, 'discount': 0.9742480115103066, 'lr': 0.00013723583627714376, 'entropy': 0.029528078427782177}. Best is trial 51 with value: -8851.7880859375.[0m
[32m[I 2022-01-11 15:14:39,633][0m Trial 60 finished with value: -512.0596313476562 and parameters: {'r_scaling': 0.17311716748637762, 'unroll': 6, 'update_epoch': 10, 'discount': 0.940870374339664, 'lr': 0.0014194796598730323, 'entropy': 0.06559683496426795}. Best is trial 51 with value: -8851.7880859375.[0m
[32m[I 2022-01-11 15:21:05,363][0m Trial 61 finished with value: -7650.86376953125 and parameters: {'r_scaling': 0.2584886241151669, 'unroll': 7, 'update_epoch': 8, 'discount': 0.9948397992409238, 'lr': 0.00010992524495062725, 'entropy': 0.05188484149930002}. Best is trial 51 with value: -8851.7880859375.[0m
[32m[I 2022-01-11 15:27:26,575][0m Trial 62 finished with value: -7192.44287109375 and parameters: {'r_scaling': 0.40737295629863385, 'unroll': 7, 'update_epoch': 12, 'discount': 0.9913695029316152, 'lr': 0.00010136150962021808, 'entropy': 0.03769564636782985}. Best is trial 51 with value: -8851.7880859375.[0m
[32m[I 2022-01-11 15:33:55,368][0m Trial 63 finished with value: -6006.166015625 and parameters: {'r_scaling': 0.6948270518754133, 'unroll': 5, 'update_epoch': 9, 'discount': 0.9848147572492448, 'lr': 0.0001232362891715685, 'entropy': 0.08390557440760561}. Best is trial 51 with value: -8851.7880859375.[0m
[32m[I 2022-01-11 15:39:59,028][0m Trial 64 finished with value: -3673.827392578125 and parameters: {'r_scaling': 0.0762117457392543, 'unroll': 8, 'update_epoch': 8, 'discount': 0.9921772586428055, 'lr': 0.00013915975930421033, 'entropy': 0.09880349447114921}. Best is trial 51 with value: -8851.7880859375.[0m
[32m[I 2022-01-11 15:46:54,969][0m Trial 65 finished with value: -7338.05712890625 and parameters: {'r_scaling': 0.30701257283041444, 'unroll': 7, 'update_epoch': 11, 'discount': 0.9865847236777697, 'lr': 0.0001744079777646214, 'entropy': 0.024309685998817575}. Best is trial 51 with value: -8851.7880859375.[0m
[32m[I 2022-01-11 15:53:48,004][0m Trial 66 finished with value: -8835.900390625 and parameters: {'r_scaling': 0.6148665559024463, 'unroll': 5, 'update_epoch': 10, 'discount': 0.9795275285537429, 'lr': 0.00012927902416185908, 'entropy': 0.04755257199328355}. Best is trial 51 with value: -8851.7880859375.[0m
[32m[I 2022-01-11 16:02:15,914][0m Trial 67 finished with value: -4117.98046875 and parameters: {'r_scaling': 1.4265303866868921, 'unroll': 1, 'update_epoch': 10, 'discount': 0.9808701424544471, 'lr': 0.0001279509674381913, 'entropy': 0.047680139398206915}. Best is trial 51 with value: -8851.7880859375.[0m
[32m[I 2022-01-11 16:09:48,277][0m Trial 68 finished with value: -4067.895263671875 and parameters: {'r_scaling': 0.6052410386192396, 'unroll': 3, 'update_epoch': 11, 'discount': 0.977840741549254, 'lr': 0.00014774395231689338, 'entropy': 0.032902401783232525}. Best is trial 51 with value: -8851.7880859375.[0m
