[32m[I 2021-12-11 20:25:44,870][0m A new study created in memory with name: no-name-ef6a5c81-ba9c-42fd-bc19-1b7379d9cf0f[0m
[32m[I 2021-12-11 20:29:37,351][0m Trial 0 finished with value: -1579.5811767578125 and parameters: {'r_scaling': 78.45862072175406, 'unroll': 9, 'update_epoch': 8, 'discount': 0.985718244991362, 'lr': 0.00011970130005600992, 'entropy': 0.00013276278446099117}. Best is trial 0 with value: -1579.5811767578125.[0m
[32m[I 2021-12-11 20:33:35,722][0m Trial 1 finished with value: -305.0114440917969 and parameters: {'r_scaling': 41.27032973186199, 'unroll': 4, 'update_epoch': 6, 'discount': 0.9312050859982438, 'lr': 0.0016872971006332632, 'entropy': 0.0001558172600154209}. Best is trial 0 with value: -1579.5811767578125.[0m
[32m[I 2021-12-11 20:37:54,510][0m Trial 2 finished with value: -324.7357177734375 and parameters: {'r_scaling': 5.065998995775246, 'unroll': 7, 'update_epoch': 8, 'discount': 0.9863775178706286, 'lr': 0.0010341828703244215, 'entropy': 0.014317146466213718}. Best is trial 0 with value: -1579.5811767578125.[0m
[32m[I 2021-12-11 20:42:22,294][0m Trial 3 finished with value: -303.38604736328125 and parameters: {'r_scaling': 10.919068361562017, 'unroll': 5, 'update_epoch': 7, 'discount': 0.9899929807456579, 'lr': 0.0007151837717181552, 'entropy': 0.0047075210659542465}. Best is trial 0 with value: -1579.5811767578125.[0m
[32m[I 2021-12-11 20:46:01,702][0m Trial 4 finished with value: -300.5123596191406 and parameters: {'r_scaling': 33.40683262478403, 'unroll': 12, 'update_epoch': 5, 'discount': 0.9159072796549553, 'lr': 0.0017338893734057611, 'entropy': 0.00014630949257001192}. Best is trial 0 with value: -1579.5811767578125.[0m
[32m[I 2021-12-11 20:51:07,649][0m Trial 5 finished with value: -2456.6025390625 and parameters: {'r_scaling': 0.7114486233284301, 'unroll': 6, 'update_epoch': 12, 'discount': 0.964700421507434, 'lr': 0.00014182372602932196, 'entropy': 0.014268325680868837}. Best is trial 5 with value: -2456.6025390625.[0m
[32m[I 2021-12-11 20:54:49,269][0m Trial 6 finished with value: -381.2957458496094 and parameters: {'r_scaling': 112.96629248705645, 'unroll': 15, 'update_epoch': 3, 'discount': 0.9052602935931202, 'lr': 0.0007975429693948078, 'entropy': 0.001461865125670658}. Best is trial 5 with value: -2456.6025390625.[0m
[32m[I 2021-12-11 20:58:30,965][0m Trial 7 finished with value: -880.61376953125 and parameters: {'r_scaling': 0.2521224633240612, 'unroll': 14, 'update_epoch': 3, 'discount': 0.9386345547681237, 'lr': 0.00043559870659002373, 'entropy': 0.0003392180220786759}. Best is trial 5 with value: -2456.6025390625.[0m
[32m[I 2021-12-11 21:03:18,041][0m Trial 8 finished with value: -286.5542297363281 and parameters: {'r_scaling': 82.79290632536944, 'unroll': 14, 'update_epoch': 13, 'discount': 0.9021466703858699, 'lr': 0.0016464366882116975, 'entropy': 0.03478763370501935}. Best is trial 5 with value: -2456.6025390625.[0m
[32m[I 2021-12-11 21:08:16,776][0m Trial 9 finished with value: -674.368408203125 and parameters: {'r_scaling': 3.0269470661821436, 'unroll': 13, 'update_epoch': 15, 'discount': 0.9002455708255713, 'lr': 0.0002419616005497079, 'entropy': 0.0929831565804301}. Best is trial 5 with value: -2456.6025390625.[0m
[32m[I 2021-12-11 21:14:32,113][0m Trial 10 finished with value: -1475.02392578125 and parameters: {'r_scaling': 0.05155087142977289, 'unroll': 1, 'update_epoch': 11, 'discount': 0.9626063428728494, 'lr': 0.0001107547192132914, 'entropy': 0.002981651808772809}. Best is trial 5 with value: -2456.6025390625.[0m
[32m[I 2021-12-11 21:19:23,867][0m Trial 11 finished with value: -1511.5439453125 and parameters: {'r_scaling': 0.8411613058270764, 'unroll': 10, 'update_epoch': 11, 'discount': 0.9650568071801461, 'lr': 0.00010467452481748111, 'entropy': 0.010432285376168152}. Best is trial 5 with value: -2456.6025390625.[0m
[32m[I 2021-12-11 21:23:49,705][0m Trial 12 finished with value: -1156.5753173828125 and parameters: {'r_scaling': 1.0083193605622423, 'unroll': 9, 'update_epoch': 10, 'discount': 0.9702845140580877, 'lr': 0.0001895986769961123, 'entropy': 0.0007697337067992925}. Best is trial 5 with value: -2456.6025390625.[0m
[32m[I 2021-12-11 21:28:25,826][0m Trial 13 finished with value: -5654.12548828125 and parameters: {'r_scaling': 0.24621947084771756, 'unroll': 7, 'update_epoch': 9, 'discount': 0.97765721782454, 'lr': 0.00018548201048576828, 'entropy': 0.017179364937843587}. Best is trial 13 with value: -5654.12548828125.[0m
[32m[I 2021-12-11 21:33:46,001][0m Trial 14 finished with value: -938.225341796875 and parameters: {'r_scaling': 0.12743352635105645, 'unroll': 6, 'update_epoch': 14, 'discount': 0.9534563776497614, 'lr': 0.00023873731353199267, 'entropy': 0.02781917178769057}. Best is trial 13 with value: -5654.12548828125.[0m
[32m[I 2021-12-11 21:39:33,140][0m Trial 15 finished with value: -915.8173828125 and parameters: {'r_scaling': 0.5196340382424711, 'unroll': 1, 'update_epoch': 10, 'discount': 0.9719775505951918, 'lr': 0.0003725241055625719, 'entropy': 0.0980688929347065}. Best is trial 13 with value: -5654.12548828125.[0m
[32m[I 2021-12-11 21:44:31,369][0m Trial 16 finished with value: -1287.671142578125 and parameters: {'r_scaling': 1.92043209184471, 'unroll': 4, 'update_epoch': 12, 'discount': 0.9501752003979763, 'lr': 0.00016310000229331398, 'entropy': 0.007267271934236137}. Best is trial 13 with value: -5654.12548828125.[0m
[32m[I 2021-12-11 21:48:34,985][0m Trial 17 finished with value: -3736.56787109375 and parameters: {'r_scaling': 0.2155460300139073, 'unroll': 11, 'update_epoch': 9, 'discount': 0.9775009806756861, 'lr': 0.00026844797554617536, 'entropy': 0.02834233513968329}. Best is trial 13 with value: -5654.12548828125.[0m
[32m[I 2021-12-11 21:52:36,049][0m Trial 18 finished with value: -1310.976318359375 and parameters: {'r_scaling': 0.05551028179273514, 'unroll': 11, 'update_epoch': 9, 'discount': 0.977929279452973, 'lr': 0.0002940909261375268, 'entropy': 0.045198851977052534}. Best is trial 13 with value: -5654.12548828125.[0m
[32m[I 2021-12-11 21:56:01,559][0m Trial 19 finished with value: -517.107666015625 and parameters: {'r_scaling': 0.30726394322575196, 'unroll': 8, 'update_epoch': 1, 'discount': 0.99357183557056, 'lr': 0.0006142931228965781, 'entropy': 0.025015587405098873}. Best is trial 13 with value: -5654.12548828125.[0m
[32m[I 2021-12-11 21:59:56,920][0m Trial 20 finished with value: -2514.1728515625 and parameters: {'r_scaling': 0.14266074899219836, 'unroll': 10, 'update_epoch': 5, 'discount': 0.9782638968517604, 'lr': 0.000268549640907459, 'entropy': 0.0025862076925210757}. Best is trial 13 with value: -5654.12548828125.[0m
[32m[I 2021-12-11 22:03:33,019][0m Trial 21 finished with value: -979.6923828125 and parameters: {'r_scaling': 0.12238717559344704, 'unroll': 11, 'update_epoch': 5, 'discount': 0.9770172525282081, 'lr': 0.00031786703187138335, 'entropy': 0.002456640235068807}. Best is trial 13 with value: -5654.12548828125.[0m
[32m[I 2021-12-11 22:07:32,797][0m Trial 22 finished with value: -1156.5498046875 and parameters: {'r_scaling': 0.17181703096114936, 'unroll': 8, 'update_epoch': 7, 'discount': 0.957200456792847, 'lr': 0.0002137336001730792, 'entropy': 0.0011902902182766885}. Best is trial 13 with value: -5654.12548828125.[0m
[32m[I 2021-12-11 22:11:25,962][0m Trial 23 finished with value: -772.00537109375 and parameters: {'r_scaling': 0.36825995735710765, 'unroll': 10, 'update_epoch': 4, 'discount': 0.9786970808242303, 'lr': 0.000500837947081279, 'entropy': 0.005548541682331663}. Best is trial 13 with value: -5654.12548828125.[0m
[32m[I 2021-12-11 22:15:30,817][0m Trial 24 finished with value: -578.7958374023438 and parameters: {'r_scaling': 0.09075092935896273, 'unroll': 12, 'update_epoch': 9, 'discount': 0.9452226415083266, 'lr': 0.00030000265244932764, 'entropy': 0.057388514557971004}. Best is trial 13 with value: -5654.12548828125.[0m
[32m[I 2021-12-11 22:19:37,466][0m Trial 25 finished with value: -712.68896484375 and parameters: {'r_scaling': 1.4705960372296853, 'unroll': 9, 'update_epoch': 7, 'discount': 0.9816291290184049, 'lr': 0.00014455841953851616, 'entropy': 0.020055130630258395}. Best is trial 13 with value: -5654.12548828125.[0m
[32m[I 2021-12-11 22:23:20,415][0m Trial 26 finished with value: -832.4317016601562 and parameters: {'r_scaling': 0.19636747066589114, 'unroll': 7, 'update_epoch': 1, 'discount': 0.9692632883584024, 'lr': 0.00019277115281527468, 'entropy': 0.0077955007435200445}. Best is trial 13 with value: -5654.12548828125.[0m
[32m[I 2021-12-11 22:27:13,020][0m Trial 27 finished with value: -636.8413696289062 and parameters: {'r_scaling': 0.38134789151893933, 'unroll': 11, 'update_epoch': 6, 'discount': 0.9936196971074529, 'lr': 0.00048458027335683866, 'entropy': 0.0017432264632452597}. Best is trial 13 with value: -5654.12548828125.[0m
[32m[I 2021-12-11 22:31:41,340][0m Trial 28 finished with value: -1739.3177490234375 and parameters: {'r_scaling': 0.08861983017507113, 'unroll': 10, 'update_epoch': 9, 'discount': 0.957795629425498, 'lr': 0.00026084679968218453, 'entropy': 0.0008135341497473033}. Best is trial 13 with value: -5654.12548828125.[0m
[32m[I 2021-12-11 22:35:46,358][0m Trial 29 finished with value: -793.6346435546875 and parameters: {'r_scaling': 5.89467704428008, 'unroll': 12, 'update_epoch': 8, 'discount': 0.9841178472609322, 'lr': 0.00035506009886721187, 'entropy': 0.0038971567214234814}. Best is trial 13 with value: -5654.12548828125.[0m
[32m[I 2021-12-11 22:39:45,654][0m Trial 30 finished with value: -835.6014404296875 and parameters: {'r_scaling': 0.49815036798188245, 'unroll': 7, 'update_epoch': 4, 'discount': 0.9288208894622111, 'lr': 0.0001658244740168893, 'entropy': 0.014097333566802962}. Best is trial 13 with value: -5654.12548828125.[0m
[32m[I 2021-12-11 22:44:37,122][0m Trial 31 finished with value: -3306.4501953125 and parameters: {'r_scaling': 0.7395451667694297, 'unroll': 5, 'update_epoch': 12, 'discount': 0.9740340279521409, 'lr': 0.00014697007229841388, 'entropy': 0.016051788018073478}. Best is trial 13 with value: -5654.12548828125.[0m
[32m[I 2021-12-11 22:49:27,533][0m Trial 32 finished with value: -2022.7392578125 and parameters: {'r_scaling': 0.22075035536150328, 'unroll': 3, 'update_epoch': 10, 'discount': 0.9735116659783175, 'lr': 0.00013648667999780777, 'entropy': 0.049571909406842946}. Best is trial 13 with value: -5654.12548828125.[0m
[32m[I 2021-12-11 22:55:19,391][0m Trial 33 finished with value: -1242.371337890625 and parameters: {'r_scaling': 1.2194289263540725, 'unroll': 3, 'update_epoch': 13, 'discount': 0.9881245772566415, 'lr': 0.00019181015991966184, 'entropy': 0.018999370358620527}. Best is trial 13 with value: -5654.12548828125.[0m
[32m[I 2021-12-11 22:59:59,857][0m Trial 34 finished with value: -4452.58349609375 and parameters: {'r_scaling': 0.5746443641820133, 'unroll': 5, 'update_epoch': 11, 'discount': 0.9837246092928129, 'lr': 0.00012646634768454206, 'entropy': 0.009827183535772431}. Best is trial 13 with value: -5654.12548828125.[0m
[32m[I 2021-12-11 23:05:02,804][0m Trial 35 finished with value: -3148.991943359375 and parameters: {'r_scaling': 2.6156699689710736, 'unroll': 5, 'update_epoch': 11, 'discount': 0.9862895357433108, 'lr': 0.00012660729608529006, 'entropy': 0.010435673559278514}. Best is trial 13 with value: -5654.12548828125.[0m
[32m[I 2021-12-11 23:10:29,646][0m Trial 36 finished with value: -2320.918212890625 and parameters: {'r_scaling': 0.5486377025535105, 'unroll': 5, 'update_epoch': 12, 'discount': 0.9673317546140415, 'lr': 0.00011919377731095308, 'entropy': 0.009911937920886101}. Best is trial 13 with value: -5654.12548828125.[0m
[32m[I 2021-12-11 23:16:02,337][0m Trial 37 finished with value: -4220.1318359375 and parameters: {'r_scaling': 19.778705554454195, 'unroll': 6, 'update_epoch': 13, 'discount': 0.9832437752546227, 'lr': 0.00016047273130815668, 'entropy': 0.017110165356272092}. Best is trial 13 with value: -5654.12548828125.[0m
[32m[I 2021-12-11 23:21:42,354][0m Trial 38 finished with value: -5617.91650390625 and parameters: {'r_scaling': 23.58581448368559, 'unroll': 6, 'update_epoch': 15, 'discount': 0.9873540586042203, 'lr': 0.00016361207726601693, 'entropy': 0.035664286282977894}. Best is trial 13 with value: -5654.12548828125.[0m
[32m[I 2021-12-11 23:27:24,032][0m Trial 39 finished with value: -5282.77392578125 and parameters: {'r_scaling': 26.33902904484591, 'unroll': 6, 'update_epoch': 15, 'discount': 0.9884342073284668, 'lr': 0.00010049086256695164, 'entropy': 0.005987168694082257}. Best is trial 13 with value: -5654.12548828125.[0m
[32m[I 2021-12-11 23:32:45,796][0m Trial 40 finished with value: -5396.05908203125 and parameters: {'r_scaling': 49.902028038572084, 'unroll': 7, 'update_epoch': 15, 'discount': 0.9902660986548103, 'lr': 0.00010177106980994858, 'entropy': 0.005420587890828258}. Best is trial 13 with value: -5654.12548828125.[0m
[32m[I 2021-12-11 23:38:26,986][0m Trial 41 finished with value: -845.3040161132812 and parameters: {'r_scaling': 35.40219025955478, 'unroll': 4, 'update_epoch': 15, 'discount': 0.9948650650597158, 'lr': 0.00010001864260326122, 'entropy': 0.005623122873513197}. Best is trial 13 with value: -5654.12548828125.[0m
[32m[I 2021-12-11 23:43:49,147][0m Trial 42 finished with value: -5290.9677734375 and parameters: {'r_scaling': 17.23158493175121, 'unroll': 7, 'update_epoch': 14, 'discount': 0.9892250131058223, 'lr': 0.00012094803303358324, 'entropy': 0.00425930803325733}. Best is trial 13 with value: -5654.12548828125.[0m
[32m[I 2021-12-11 23:49:05,170][0m Trial 43 finished with value: -4250.544921875 and parameters: {'r_scaling': 185.9894985820354, 'unroll': 7, 'update_epoch': 14, 'discount': 0.9896184113783836, 'lr': 0.00010058420728417246, 'entropy': 0.004370671215683961}. Best is trial 13 with value: -5654.12548828125.[0m
[32m[I 2021-12-11 23:54:26,844][0m Trial 44 finished with value: -3040.913330078125 and parameters: {'r_scaling': 18.218920196468236, 'unroll': 7, 'update_epoch': 15, 'discount': 0.9894732896087717, 'lr': 0.00011768475977665056, 'entropy': 0.00616092662153945}. Best is trial 13 with value: -5654.12548828125.[0m
[32m[I 2021-12-11 23:59:15,275][0m Trial 45 finished with value: -285.6565246582031 and parameters: {'r_scaling': 53.79149072617524, 'unroll': 8, 'update_epoch': 14, 'discount': 0.9910965056476441, 'lr': 0.0013115532549584385, 'entropy': 0.00368842199350057}. Best is trial 13 with value: -5654.12548828125.[0m
[32m[I 2021-12-12 00:04:47,737][0m Trial 46 finished with value: -1324.1865234375 and parameters: {'r_scaling': 7.430120978509546, 'unroll': 6, 'update_epoch': 15, 'discount': 0.9258531038537805, 'lr': 0.00017527635923049535, 'entropy': 0.07260268383143487}. Best is trial 13 with value: -5654.12548828125.[0m
[32m[I 2021-12-12 00:09:29,600][0m Trial 47 finished with value: -2720.03857421875 and parameters: {'r_scaling': 20.911027675155214, 'unroll': 8, 'update_epoch': 14, 'discount': 0.9867096631709881, 'lr': 0.00021953790727660411, 'entropy': 0.002057509048469662}. Best is trial 13 with value: -5654.12548828125.[0m
[32m[I 2021-12-12 00:14:49,761][0m Trial 48 finished with value: -898.4964599609375 and parameters: {'r_scaling': 11.676471320930776, 'unroll': 6, 'update_epoch': 13, 'discount': 0.9130784359892503, 'lr': 0.00011415031396513064, 'entropy': 0.040539946715726985}. Best is trial 13 with value: -5654.12548828125.[0m
[32m[I 2021-12-12 00:19:39,005][0m Trial 49 finished with value: -913.0457763671875 and parameters: {'r_scaling': 56.9137100706033, 'unroll': 9, 'update_epoch': 14, 'discount': 0.980381238556504, 'lr': 0.0001350470676849235, 'entropy': 0.00018151396948595523}. Best is trial 13 with value: -5654.12548828125.[0m
[32m[I 2021-12-12 00:25:48,092][0m Trial 50 finished with value: -882.6854248046875 and parameters: {'r_scaling': 104.87080367277375, 'unroll': 3, 'update_epoch': 15, 'discount': 0.961553429483851, 'lr': 0.0001495199492746093, 'entropy': 0.011768579666755562}. Best is trial 13 with value: -5654.12548828125.[0m
[32m[I 2021-12-12 00:31:02,888][0m Trial 51 finished with value: -1276.8963623046875 and parameters: {'r_scaling': 14.37679039933539, 'unroll': 6, 'update_epoch': 13, 'discount': 0.9856263973983075, 'lr': 0.00012061893857684896, 'entropy': 0.008669810052560642}. Best is trial 13 with value: -5654.12548828125.[0m
[32m[I 2021-12-12 00:36:36,756][0m Trial 52 finished with value: -1765.9061279296875 and parameters: {'r_scaling': 27.534868620868345, 'unroll': 4, 'update_epoch': 15, 'discount': 0.9831113669051039, 'lr': 0.00011256977827601317, 'entropy': 0.023455826944302854}. Best is trial 13 with value: -5654.12548828125.[0m
[32m[I 2021-12-12 00:42:09,557][0m Trial 53 finished with value: -1791.027587890625 and parameters: {'r_scaling': 50.558076122007506, 'unroll': 5, 'update_epoch': 14, 'discount': 0.9917335700421476, 'lr': 0.00013203294088043083, 'entropy': 0.006803421166980822}. Best is trial 13 with value: -5654.12548828125.[0m
[32m[I 2021-12-12 00:46:58,451][0m Trial 54 finished with value: -319.0785217285156 and parameters: {'r_scaling': 79.22048040489167, 'unroll': 7, 'update_epoch': 11, 'discount': 0.974447668612316, 'lr': 0.0009413127649908525, 'entropy': 0.012906607520204076}. Best is trial 13 with value: -5654.12548828125.[0m
[32m[I 2021-12-12 00:52:24,571][0m Trial 55 finished with value: -5394.2978515625 and parameters: {'r_scaling': 9.21132212725182, 'unroll': 6, 'update_epoch': 15, 'discount': 0.9886613424751675, 'lr': 0.00010456809191056388, 'entropy': 0.0030643647289005558}. Best is trial 13 with value: -5654.12548828125.[0m
[32m[I 2021-12-12 00:56:59,063][0m Trial 56 finished with value: -1354.1019287109375 and parameters: {'r_scaling': 4.114237835712686, 'unroll': 8, 'update_epoch': 15, 'discount': 0.9882411329544897, 'lr': 0.00010050068922955057, 'entropy': 0.0011892125755071058}. Best is trial 13 with value: -5654.12548828125.[0m
[32m[I 2021-12-12 01:02:21,888][0m Trial 57 finished with value: -1258.4129638671875 and parameters: {'r_scaling': 29.358517441796273, 'unroll': 6, 'update_epoch': 14, 'discount': 0.9935339613410397, 'lr': 0.00015903660557213222, 'entropy': 0.0031407344522476786}. Best is trial 13 with value: -5654.12548828125.[0m
[32m[I 2021-12-12 01:07:01,298][0m Trial 58 finished with value: -1597.5316162109375 and parameters: {'r_scaling': 8.27763622033942, 'unroll': 9, 'update_epoch': 13, 'discount': 0.9808319967594814, 'lr': 0.00017627158857719854, 'entropy': 0.0045342605355423275}. Best is trial 13 with value: -5654.12548828125.[0m
[32m[I 2021-12-12 01:12:27,018][0m Trial 59 finished with value: -1814.450439453125 and parameters: {'r_scaling': 9.668685957113839, 'unroll': 7, 'update_epoch': 15, 'discount': 0.9765534566320507, 'lr': 0.00011024162711053316, 'entropy': 0.031052282513685345}. Best is trial 13 with value: -5654.12548828125.[0m
[32m[I 2021-12-12 01:17:59,260][0m Trial 60 finished with value: -1872.1954345703125 and parameters: {'r_scaling': 14.884325734952517, 'unroll': 6, 'update_epoch': 14, 'discount': 0.9901906549261893, 'lr': 0.0002230782699222965, 'entropy': 0.0023973657282205995}. Best is trial 13 with value: -5654.12548828125.[0m
[32m[I 2021-12-12 01:23:43,813][0m Trial 61 finished with value: -1796.4627685546875 and parameters: {'r_scaling': 24.69496285875727, 'unroll': 5, 'update_epoch': 15, 'discount': 0.9842670626717424, 'lr': 0.00012541038964320345, 'entropy': 0.008261152475435095}. Best is trial 13 with value: -5654.12548828125.[0m
[32m[I 2021-12-12 01:28:40,325][0m Trial 62 finished with value: -5073.01513671875 and parameters: {'r_scaling': 37.42832104427402, 'unroll': 7, 'update_epoch': 12, 'discount': 0.9947504430402797, 'lr': 0.00014212159169054724, 'entropy': 0.0032214026652301717}. Best is trial 13 with value: -5654.12548828125.[0m
[32m[I 2021-12-12 01:33:22,832][0m Trial 63 finished with value: -4270.60986328125 and parameters: {'r_scaling': 41.129387006481714, 'unroll': 8, 'update_epoch': 14, 'discount': 0.9946703530820825, 'lr': 0.00014485260653473235, 'entropy': 0.0030532196358142374}. Best is trial 13 with value: -5654.12548828125.[0m
[32m[I 2021-12-12 01:38:25,863][0m Trial 64 finished with value: -341.7412414550781 and parameters: {'r_scaling': 15.039550809371677, 'unroll': 7, 'update_epoch': 12, 'discount': 0.9381244979728014, 'lr': 0.0019745560315031527, 'entropy': 0.0019549645595680187}. Best is trial 13 with value: -5654.12548828125.[0m
[32m[I 2021-12-12 01:43:29,772][0m Trial 65 finished with value: -1145.3641357421875 and parameters: {'r_scaling': 5.645836847199923, 'unroll': 7, 'update_epoch': 13, 'discount': 0.9871362379541506, 'lr': 0.00011163990116726546, 'entropy': 0.005078623151752946}. Best is trial 13 with value: -5654.12548828125.[0m
[32m[I 2021-12-12 01:49:10,226][0m Trial 66 finished with value: -1127.8819580078125 and parameters: {'r_scaling': 66.57369307381259, 'unroll': 6, 'update_epoch': 15, 'discount': 0.9801659729307369, 'lr': 0.00020187090712499463, 'entropy': 0.0036159057805891007}. Best is trial 13 with value: -5654.12548828125.[0m
[32m[I 2021-12-12 01:53:53,207][0m Trial 67 finished with value: -1602.0631103515625 and parameters: {'r_scaling': 142.21462578517824, 'unroll': 8, 'update_epoch': 14, 'discount': 0.9909961717548068, 'lr': 0.0001356212950831948, 'entropy': 0.0009515561387283321}. Best is trial 13 with value: -5654.12548828125.[0m
[32m[I 2021-12-12 01:59:03,492][0m Trial 68 finished with value: -747.7129516601562 and parameters: {'r_scaling': 38.93801932542009, 'unroll': 4, 'update_epoch': 13, 'discount': 0.9705359915511952, 'lr': 0.0001732509886304655, 'entropy': 0.0016382956032475254}. Best is trial 13 with value: -5654.12548828125.[0m
