[32m[I 2022-01-11 00:12:33,438][0m Trial 69 finished with value: -8926.5810546875 and parameters: {'r_scaling': 0.057169897673325316, 'unroll': 12, 'update_epoch': 15, 'discount': 0.9816986845888267, 'lr': 0.00010350827633417531, 'entropy': 0.00572086005237879}. Best is trial 69 with value: -8926.5810546875.[0m
[32m[I 2022-01-11 00:19:57,562][0m Trial 70 finished with value: -6027.11376953125 and parameters: {'r_scaling': 0.06408060917209125, 'unroll': 12, 'update_epoch': 15, 'discount': 0.9674947884585742, 'lr': 0.00011926758725799199, 'entropy': 0.005583853759827276}. Best is trial 69 with value: -8926.5810546875.[0m
[32m[I 2022-01-11 00:27:51,694][0m Trial 71 finished with value: -9392.828125 and parameters: {'r_scaling': 0.06286369078630047, 'unroll': 11, 'update_epoch': 15, 'discount': 0.9776428384979308, 'lr': 0.00010001974423908058, 'entropy': 0.005757418482810319}. Best is trial 71 with value: -9392.828125.[0m
[32m[I 2022-01-11 00:34:38,994][0m Trial 72 finished with value: -7551.78076171875 and parameters: {'r_scaling': 0.061483951583499064, 'unroll': 12, 'update_epoch': 15, 'discount': 0.9684514311286002, 'lr': 0.00011944854608858303, 'entropy': 0.005478682688072566}. Best is trial 71 with value: -9392.828125.[0m
[32m[I 2022-01-11 00:42:20,120][0m Trial 73 finished with value: -8854.3564453125 and parameters: {'r_scaling': 0.0896363443334212, 'unroll': 13, 'update_epoch': 15, 'discount': 0.9777102826773714, 'lr': 0.00010103276308346842, 'entropy': 0.004432584959721212}. Best is trial 71 with value: -9392.828125.[0m
[32m[I 2022-01-11 00:49:45,362][0m Trial 74 finished with value: -2809.041015625 and parameters: {'r_scaling': 0.08785791639592075, 'unroll': 13, 'update_epoch': 15, 'discount': 0.9614497523186915, 'lr': 0.00010570219791571706, 'entropy': 0.00010640363919786398}. Best is trial 71 with value: -9392.828125.[0m
[32m[I 2022-01-11 00:57:55,195][0m Trial 75 finished with value: -8841.77734375 and parameters: {'r_scaling': 0.22649470257986043, 'unroll': 11, 'update_epoch': 15, 'discount': 0.9769958496540756, 'lr': 0.00010095116747395447, 'entropy': 0.006140627359096703}. Best is trial 71 with value: -9392.828125.[0m
[32m[I 2022-01-11 01:05:57,716][0m Trial 76 finished with value: -9081.37890625 and parameters: {'r_scaling': 0.10117832450744343, 'unroll': 11, 'update_epoch': 15, 'discount': 0.9704206324604862, 'lr': 0.00012862777816186142, 'entropy': 0.010570315080864057}. Best is trial 71 with value: -9392.828125.[0m
[32m[I 2022-01-11 01:13:59,914][0m Trial 77 finished with value: -4036.966552734375 and parameters: {'r_scaling': 0.0930654252002082, 'unroll': 11, 'update_epoch': 15, 'discount': 0.9670243978953532, 'lr': 0.0001000694647586825, 'entropy': 0.011015505390917767}. Best is trial 71 with value: -9392.828125.[0m
[32m[I 2022-01-11 01:21:25,861][0m Trial 78 finished with value: -7021.03173828125 and parameters: {'r_scaling': 0.2336752827180912, 'unroll': 13, 'update_epoch': 15, 'discount': 0.9713243636088383, 'lr': 0.00013035339620144033, 'entropy': 0.008545901001272815}. Best is trial 71 with value: -9392.828125.[0m
[32m[I 2022-01-11 01:28:51,676][0m Trial 79 finished with value: -2106.713623046875 and parameters: {'r_scaling': 0.06895240015810367, 'unroll': 13, 'update_epoch': 15, 'discount': 0.9530148675696233, 'lr': 0.00012678687736681368, 'entropy': 0.006159725979061288}. Best is trial 71 with value: -9392.828125.[0m
[32m[I 2022-01-11 01:36:48,894][0m Trial 80 finished with value: -8231.8583984375 and parameters: {'r_scaling': 0.25924894326693815, 'unroll': 11, 'update_epoch': 15, 'discount': 0.9715741552142124, 'lr': 0.00014813386840650805, 'entropy': 0.009450457111980667}. Best is trial 71 with value: -9392.828125.[0m
[32m[I 2022-01-11 01:44:59,668][0m Trial 81 finished with value: -9721.966796875 and parameters: {'r_scaling': 0.10465735323666123, 'unroll': 11, 'update_epoch': 15, 'discount': 0.9710913087154632, 'lr': 0.00014956500007921771, 'entropy': 0.008732827616564935}. Best is trial 81 with value: -9721.966796875.[0m
[32m[I 2022-01-11 01:53:03,031][0m Trial 82 finished with value: -9236.5 and parameters: {'r_scaling': 0.10638652250975365, 'unroll': 11, 'update_epoch': 14, 'discount': 0.9701854425678096, 'lr': 0.00014844812875257745, 'entropy': 0.006614804661620591}. Best is trial 81 with value: -9721.966796875.[0m
[32m[I 2022-01-11 02:00:39,551][0m Trial 83 finished with value: -2609.465576171875 and parameters: {'r_scaling': 0.0996635788479995, 'unroll': 10, 'update_epoch': 15, 'discount': 0.9637834037391609, 'lr': 0.0001545169152048731, 'entropy': 0.016694208016038}. Best is trial 81 with value: -9721.966796875.[0m
[32m[I 2022-01-11 02:08:48,746][0m Trial 84 finished with value: -2328.0849609375 and parameters: {'r_scaling': 0.1526158728886139, 'unroll': 11, 'update_epoch': 14, 'discount': 0.9557998046248039, 'lr': 0.0001463125565084041, 'entropy': 0.009905240871995572}. Best is trial 81 with value: -9721.966796875.[0m
[32m[I 2022-01-11 02:16:44,724][0m Trial 85 finished with value: -10424.927734375 and parameters: {'r_scaling': 0.2676498036194947, 'unroll': 11, 'update_epoch': 14, 'discount': 0.9812748924937666, 'lr': 0.00017004406842185577, 'entropy': 0.006959567895830372}. Best is trial 85 with value: -10424.927734375.[0m
[32m[I 2022-01-11 02:24:55,409][0m Trial 86 finished with value: -10041.23828125 and parameters: {'r_scaling': 0.25655986004803366, 'unroll': 11, 'update_epoch': 14, 'discount': 0.9766786418932449, 'lr': 0.00015382622665363702, 'entropy': 0.0068662321189323985}. Best is trial 85 with value: -10424.927734375.[0m
[32m[I 2022-01-11 02:33:06,823][0m Trial 87 finished with value: -10219.587890625 and parameters: {'r_scaling': 0.08021691374028754, 'unroll': 11, 'update_epoch': 14, 'discount': 0.9773499738372088, 'lr': 0.00017457329629439058, 'entropy': 0.007183701631461364}. Best is trial 85 with value: -10424.927734375.[0m
[32m[I 2022-01-11 02:40:42,611][0m Trial 88 finished with value: -9345.22265625 and parameters: {'r_scaling': 0.08320381987366152, 'unroll': 10, 'update_epoch': 14, 'discount': 0.981520897189908, 'lr': 0.00018002521409228163, 'entropy': 0.007173555316686316}. Best is trial 85 with value: -10424.927734375.[0m
[32m[I 2022-01-11 02:47:58,213][0m Trial 89 finished with value: -9235.265625 and parameters: {'r_scaling': 0.07759063285418616, 'unroll': 12, 'update_epoch': 14, 'discount': 0.9817502893600205, 'lr': 0.0001716612516306105, 'entropy': 0.01260937751225645}. Best is trial 85 with value: -10424.927734375.[0m
[32m[I 2022-01-11 02:55:44,106][0m Trial 90 finished with value: -8042.72607421875 and parameters: {'r_scaling': 0.17220374220970358, 'unroll': 10, 'update_epoch': 14, 'discount': 0.9817767672652125, 'lr': 0.0001719808868804684, 'entropy': 0.014010920073914992}. Best is trial 85 with value: -10424.927734375.[0m
[32m[I 2022-01-11 03:03:07,938][0m Trial 91 finished with value: -8821.3046875 and parameters: {'r_scaling': 0.07613239149592557, 'unroll': 12, 'update_epoch': 14, 'discount': 0.9800722428323934, 'lr': 0.00017198734661069635, 'entropy': 0.007292756961976198}. Best is trial 85 with value: -10424.927734375.[0m
[32m[I 2022-01-11 03:11:05,563][0m Trial 92 finished with value: -8751.59765625 and parameters: {'r_scaling': 0.12915076301263367, 'unroll': 11, 'update_epoch': 14, 'discount': 0.97337876392124, 'lr': 0.00015547543849820308, 'entropy': 0.013030057040602594}. Best is trial 85 with value: -10424.927734375.[0m
[32m[I 2022-01-11 03:18:16,797][0m Trial 93 finished with value: -8377.923828125 and parameters: {'r_scaling': 0.05504373692470679, 'unroll': 12, 'update_epoch': 14, 'discount': 0.9824807074174536, 'lr': 0.00021396922644807828, 'entropy': 0.01147225527486488}. Best is trial 85 with value: -10424.927734375.[0m
[32m[I 2022-01-11 03:26:02,977][0m Trial 94 finished with value: -9708.189453125 and parameters: {'r_scaling': 0.1295208907358757, 'unroll': 10, 'update_epoch': 14, 'discount': 0.975876985293909, 'lr': 0.0001727994223547929, 'entropy': 0.006826258929805089}. Best is trial 85 with value: -10424.927734375.[0m
[32m[I 2022-01-11 03:33:49,213][0m Trial 95 finished with value: -3700.749267578125 and parameters: {'r_scaling': 0.1372671177174745, 'unroll': 9, 'update_epoch': 13, 'discount': 0.9698735174398451, 'lr': 0.00018517400293501142, 'entropy': 0.016229391033684825}. Best is trial 85 with value: -10424.927734375.[0m
[32m[I 2022-01-11 03:41:24,423][0m Trial 96 finished with value: -8005.0810546875 and parameters: {'r_scaling': 0.3205466476072799, 'unroll': 10, 'update_epoch': 14, 'discount': 0.9750235710453656, 'lr': 0.00016339328788515944, 'entropy': 0.023369381220309085}. Best is trial 85 with value: -10424.927734375.[0m
[32m[I 2022-01-11 03:48:47,027][0m Trial 97 finished with value: -3250.500244140625 and parameters: {'r_scaling': 0.07820549649464573, 'unroll': 10, 'update_epoch': 13, 'discount': 0.965983007129816, 'lr': 0.00021581599743800175, 'entropy': 0.008562963497318605}. Best is trial 85 with value: -10424.927734375.[0m
[32m[I 2022-01-11 03:56:38,023][0m Trial 98 finished with value: -9855.6025390625 and parameters: {'r_scaling': 0.10658515017800162, 'unroll': 11, 'update_epoch': 14, 'discount': 0.977141721335086, 'lr': 0.00017354935354916304, 'entropy': 0.00685653244012642}. Best is trial 85 with value: -10424.927734375.[0m
[32m[I 2022-01-11 04:02:59,766][0m Trial 99 finished with value: -5129.9326171875 and parameters: {'r_scaling': 0.17455331520670983, 'unroll': 9, 'update_epoch': 5, 'discount': 0.9764846908685064, 'lr': 0.0002409821664093304, 'entropy': 0.0068316527115691245}. Best is trial 85 with value: -10424.927734375.[0m
[32m[I 2022-01-11 04:10:52,800][0m Trial 100 finished with value: -9107.9365234375 and parameters: {'r_scaling': 0.05084979286608388, 'unroll': 11, 'update_epoch': 14, 'discount': 0.9795781642668382, 'lr': 0.00017340800853488935, 'entropy': 0.00829111913938051}. Best is trial 85 with value: -10424.927734375.[0m
[32m[I 2022-01-11 04:19:17,079][0m Trial 101 finished with value: -8954.7294921875 and parameters: {'r_scaling': 0.08077877420788417, 'unroll': 11, 'update_epoch': 14, 'discount': 0.9790605486554887, 'lr': 0.00017626735079539525, 'entropy': 0.007879205288306835}. Best is trial 85 with value: -10424.927734375.[0m
[32m[I 2022-01-11 04:27:27,866][0m Trial 102 finished with value: -5992.5068359375 and parameters: {'r_scaling': 0.11436249111935572, 'unroll': 11, 'update_epoch': 14, 'discount': 0.9737417970268485, 'lr': 0.00019105833701086946, 'entropy': 0.006770752619555031}. Best is trial 85 with value: -10424.927734375.[0m
[32m[I 2022-01-11 04:34:58,389][0m Trial 103 finished with value: -9494.6240234375 and parameters: {'r_scaling': 0.06729015421773593, 'unroll': 10, 'update_epoch': 13, 'discount': 0.9831770117669077, 'lr': 0.00013958767201365527, 'entropy': 0.0038915543068865975}. Best is trial 85 with value: -10424.927734375.[0m
[32m[I 2022-01-11 04:42:19,353][0m Trial 104 finished with value: -9602.8798828125 and parameters: {'r_scaling': 0.13035694421324517, 'unroll': 10, 'update_epoch': 13, 'discount': 0.9840285290471067, 'lr': 0.00014077977634339167, 'entropy': 0.0038680947985576665}. Best is trial 85 with value: -10424.927734375.[0m
[32m[I 2022-01-11 04:49:40,213][0m Trial 105 finished with value: -6537.3076171875 and parameters: {'r_scaling': 0.13798806094008187, 'unroll': 10, 'update_epoch': 13, 'discount': 0.9865703111192453, 'lr': 0.00013758137311009052, 'entropy': 0.0028209473302613745}. Best is trial 85 with value: -10424.927734375.[0m
[32m[I 2022-01-11 04:57:44,179][0m Trial 106 finished with value: -9709.30859375 and parameters: {'r_scaling': 0.18918587301855924, 'unroll': 9, 'update_epoch': 13, 'discount': 0.9757198069700456, 'lr': 0.0001580135265211512, 'entropy': 0.005028482272687073}. Best is trial 85 with value: -10424.927734375.[0m
[32m[I 2022-01-11 05:05:32,866][0m Trial 107 finished with value: -8468.671875 and parameters: {'r_scaling': 0.3581105657073125, 'unroll': 9, 'update_epoch': 13, 'discount': 0.9759514823335126, 'lr': 0.00016016199079624577, 'entropy': 0.003873359395441698}. Best is trial 85 with value: -10424.927734375.[0m
[32m[I 2022-01-11 05:13:39,817][0m Trial 108 finished with value: -7583.435546875 and parameters: {'r_scaling': 0.27942025402038345, 'unroll': 9, 'update_epoch': 13, 'discount': 0.9839532882113172, 'lr': 0.00019718743038445267, 'entropy': 0.004063755661801034}. Best is trial 85 with value: -10424.927734375.[0m
[32m[I 2022-01-11 05:21:31,321][0m Trial 109 finished with value: -2603.701904296875 and parameters: {'r_scaling': 0.4465178490590423, 'unroll': 10, 'update_epoch': 13, 'discount': 0.9778194638942492, 'lr': 0.00014114288644503386, 'entropy': 0.004929610016133783}. Best is trial 85 with value: -10424.927734375.[0m
[32m[I 2022-01-11 05:29:01,458][0m Trial 110 finished with value: -3914.10986328125 and parameters: {'r_scaling': 0.18929624108210938, 'unroll': 10, 'update_epoch': 13, 'discount': 0.9805417653764741, 'lr': 0.00015582078356594518, 'entropy': 0.0034620069847112163}. Best is trial 85 with value: -10424.927734375.[0m
[32m[I 2022-01-11 05:36:41,110][0m Trial 111 finished with value: -7906.44921875 and parameters: {'r_scaling': 0.06710723192970607, 'unroll': 10, 'update_epoch': 14, 'discount': 0.9731550582927382, 'lr': 0.0001495837947897005, 'entropy': 0.006627774400554322}. Best is trial 85 with value: -10424.927734375.[0m
[32m[I 2022-01-11 05:44:35,550][0m Trial 112 finished with value: -8059.42138671875 and parameters: {'r_scaling': 0.10243975787238134, 'unroll': 11, 'update_epoch': 14, 'discount': 0.9834163575044798, 'lr': 0.0001646305874070758, 'entropy': 0.005396996956465518}. Best is trial 85 with value: -10424.927734375.[0m
[32m[I 2022-01-11 05:52:03,571][0m Trial 113 finished with value: -8131.48486328125 and parameters: {'r_scaling': 0.129632109688309, 'unroll': 10, 'update_epoch': 13, 'discount': 0.9762940314599883, 'lr': 0.00019374815871040733, 'entropy': 0.007774355729117254}. Best is trial 85 with value: -10424.927734375.[0m
[32m[I 2022-01-11 05:59:29,893][0m Trial 114 finished with value: -9891.177734375 and parameters: {'r_scaling': 0.15410555563195635, 'unroll': 9, 'update_epoch': 14, 'discount': 0.978390207225945, 'lr': 0.00018249023622050274, 'entropy': 0.009411353414306859}. Best is trial 85 with value: -10424.927734375.[0m
[32m[I 2022-01-11 06:07:05,241][0m Trial 115 finished with value: -9427.5009765625 and parameters: {'r_scaling': 0.15897870640349474, 'unroll': 9, 'update_epoch': 12, 'discount': 0.97850556887996, 'lr': 0.00020986856847690085, 'entropy': 0.009313274288303476}. Best is trial 85 with value: -10424.927734375.[0m
[32m[I 2022-01-11 06:15:06,899][0m Trial 116 finished with value: -10191.32421875 and parameters: {'r_scaling': 0.16791543825235922, 'unroll': 9, 'update_epoch': 12, 'discount': 0.9778785553293802, 'lr': 0.00020571471568747523, 'entropy': 0.004392212222738244}. Best is trial 85 with value: -10424.927734375.[0m
[32m[I 2022-01-11 06:23:23,439][0m Trial 117 finished with value: -8954.205078125 and parameters: {'r_scaling': 0.1550420566160432, 'unroll': 9, 'update_epoch': 12, 'discount': 0.9789143898351774, 'lr': 0.00022538246589993928, 'entropy': 0.0030584439302026836}. Best is trial 85 with value: -10424.927734375.[0m
[32m[I 2022-01-11 06:32:12,365][0m Trial 118 finished with value: -1579.97216796875 and parameters: {'r_scaling': 0.6849145289164023, 'unroll': 8, 'update_epoch': 7, 'discount': 0.9871032168097678, 'lr': 0.0002061436648613915, 'entropy': 0.004463521533361823}. Best is trial 85 with value: -10424.927734375.[0m
[32m[I 2022-01-11 06:43:41,125][0m Trial 119 finished with value: -8016.65966796875 and parameters: {'r_scaling': 0.20857835464455834, 'unroll': 9, 'update_epoch': 12, 'discount': 0.9751262284632544, 'lr': 0.0002558745009336894, 'entropy': 0.009138384484520786}. Best is trial 85 with value: -10424.927734375.[0m
[32m[I 2022-01-11 06:55:47,603][0m Trial 120 finished with value: -9835.787109375 and parameters: {'r_scaling': 0.2825177331755713, 'unroll': 9, 'update_epoch': 12, 'discount': 0.9844304497234281, 'lr': 0.0001367910748398446, 'entropy': 0.011172324901810703}. Best is trial 85 with value: -10424.927734375.[0m
[32m[I 2022-01-11 07:08:15,563][0m Trial 121 finished with value: -10397.7041015625 and parameters: {'r_scaling': 0.28246683722271504, 'unroll': 9, 'update_epoch': 12, 'discount': 0.9856726413643531, 'lr': 0.0001371244800892729, 'entropy': 0.011349290712887908}. Best is trial 85 with value: -10424.927734375.[0m
[32m[I 2022-01-11 07:19:44,705][0m Trial 122 finished with value: -5351.859375 and parameters: {'r_scaling': 0.3196947226855033, 'unroll': 8, 'update_epoch': 13, 'discount': 0.9844737032993433, 'lr': 0.00013879301598657666, 'entropy': 0.0037667165586624494}. Best is trial 85 with value: -10424.927734375.[0m
[32m[I 2022-01-11 07:27:52,585][0m Trial 123 finished with value: -8846.427734375 and parameters: {'r_scaling': 0.2577240401792157, 'unroll': 9, 'update_epoch': 12, 'discount': 0.9881844907035335, 'lr': 0.00013426801336708063, 'entropy': 0.011975242916333562}. Best is trial 85 with value: -10424.927734375.[0m
[32m[I 2022-01-11 07:35:52,174][0m Trial 124 finished with value: -6949.65087890625 and parameters: {'r_scaling': 0.19912380460786858, 'unroll': 9, 'update_epoch': 11, 'discount': 0.985684764117977, 'lr': 0.0001158899030163716, 'entropy': 0.010899979567128055}. Best is trial 85 with value: -10424.927734375.[0m
[32m[I 2022-01-11 07:47:07,078][0m Trial 125 finished with value: -10354.3232421875 and parameters: {'r_scaling': 0.3003549039564319, 'unroll': 8, 'update_epoch': 13, 'discount': 0.983462650902138, 'lr': 0.00015714319193956152, 'entropy': 0.01645075328175604}. Best is trial 85 with value: -10424.927734375.[0m
[32m[I 2022-01-11 07:58:28,741][0m Trial 126 finished with value: -7938.72216796875 and parameters: {'r_scaling': 0.40777454947712155, 'unroll': 8, 'update_epoch': 12, 'discount': 0.9726139584829767, 'lr': 0.00018668859072240045, 'entropy': 0.017695038798173558}. Best is trial 85 with value: -10424.927734375.[0m
[32m[I 2022-01-11 08:09:58,457][0m Trial 127 finished with value: -8223.880859375 and parameters: {'r_scaling': 0.2907496865691321, 'unroll': 8, 'update_epoch': 13, 'discount': 0.9803086044913863, 'lr': 0.00016371760617685073, 'entropy': 0.020356115332734816}. Best is trial 85 with value: -10424.927734375.[0m
[32m[I 2022-01-11 08:21:29,453][0m Trial 128 finished with value: -1938.789306640625 and parameters: {'r_scaling': 0.23599578811395477, 'unroll': 9, 'update_epoch': 12, 'discount': 0.943922951776786, 'lr': 0.00012668995876352282, 'entropy': 0.010235321129612365}. Best is trial 85 with value: -10424.927734375.[0m
[32m[I 2022-01-11 08:29:05,425][0m Trial 129 finished with value: -5573.24853515625 and parameters: {'r_scaling': 0.3625425226731651, 'unroll': 10, 'update_epoch': 13, 'discount': 0.9924660201033616, 'lr': 0.0001517112229954934, 'entropy': 0.01512410582492578}. Best is trial 85 with value: -10424.927734375.[0m
[32m[I 2022-01-11 08:36:53,538][0m Trial 130 finished with value: -6442.21484375 and parameters: {'r_scaling': 0.5296107805910387, 'unroll': 8, 'update_epoch': 14, 'discount': 0.9898801209839266, 'lr': 0.00018037879312136093, 'entropy': 0.013137870460994986}. Best is trial 85 with value: -10424.927734375.[0m
[32m[I 2022-01-11 08:48:16,946][0m Trial 131 finished with value: -8347.5751953125 and parameters: {'r_scaling': 0.1862115762225301, 'unroll': 10, 'update_epoch': 13, 'discount': 0.9835243823594624, 'lr': 0.00014390586558038214, 'entropy': 0.004980572773314869}. Best is trial 85 with value: -10424.927734375.[0m
[32m[I 2022-01-11 08:59:50,028][0m Trial 132 finished with value: -8707.8583984375 and parameters: {'r_scaling': 0.11654420473625877, 'unroll': 10, 'update_epoch': 13, 'discount': 0.9816693626493814, 'lr': 0.000156255621995433, 'entropy': 0.008352400132271842}. Best is trial 85 with value: -10424.927734375.[0m
[32m[I 2022-01-11 09:07:54,497][0m Trial 133 finished with value: -4893.6708984375 and parameters: {'r_scaling': 0.24680476932346326, 'unroll': 9, 'update_epoch': 13, 'discount': 0.9855905028236325, 'lr': 0.00016671616025456157, 'entropy': 0.006208982762650736}. Best is trial 85 with value: -10424.927734375.[0m
[32m[I 2022-01-11 09:20:49,066][0m Trial 134 finished with value: -10136.89453125 and parameters: {'r_scaling': 0.14910077149533754, 'unroll': 10, 'update_epoch': 14, 'discount': 0.9768647474510116, 'lr': 0.00012316617616775564, 'entropy': 0.004338611955094864}. Best is trial 85 with value: -10424.927734375.[0m
[32m[I 2022-01-11 09:34:54,242][0m Trial 135 finished with value: -10569.40234375 and parameters: {'r_scaling': 0.16399388595809147, 'unroll': 11, 'update_epoch': 14, 'discount': 0.9767019131652385, 'lr': 0.00012273404595422764, 'entropy': 0.00527808915153487}. Best is trial 135 with value: -10569.40234375.[0m
[32m[I 2022-01-11 09:49:03,133][0m Trial 136 finished with value: -6233.53369140625 and parameters: {'r_scaling': 0.18320118297115645, 'unroll': 11, 'update_epoch': 14, 'discount': 0.9747614007619035, 'lr': 0.00011456332172437688, 'entropy': 0.03294439945957339}. Best is trial 135 with value: -10569.40234375.[0m
[32m[I 2022-01-11 10:03:04,433][0m Trial 137 finished with value: -3565.364013671875 and parameters: {'r_scaling': 2.4024953826148625, 'unroll': 11, 'update_epoch': 14, 'discount': 0.9767678186176677, 'lr': 0.00012320666436157454, 'entropy': 0.00576525535982105}. Best is trial 135 with value: -10569.40234375.[0m
