[32m[I 2021-12-11 00:07:41,608][0m A new study created in memory with name: no-name-084afed4-b5e2-4175-821c-296985fe5515[0m
[32m[I 2021-12-11 00:10:51,627][0m Trial 0 finished with value: -444.78350830078125 and parameters: {'r_scaling': 151.66924086328117, 'unroll': 12, 'update_epoch': 7, 'discount': 0.9043062343302866, 'lr': 0.0003135581060580007, 'entropy': 0.00010907351151162438}. Best is trial 0 with value: -444.78350830078125.[0m
[32m[I 2021-12-11 00:13:52,629][0m Trial 1 finished with value: -319.9524230957031 and parameters: {'r_scaling': 45.46890571583326, 'unroll': 8, 'update_epoch': 7, 'discount': 0.988922239063729, 'lr': 0.0008074783775505646, 'entropy': 0.0026604806062881722}. Best is trial 0 with value: -444.78350830078125.[0m
[32m[I 2021-12-11 00:16:55,147][0m Trial 2 finished with value: -319.06768798828125 and parameters: {'r_scaling': 30.57562744762223, 'unroll': 9, 'update_epoch': 2, 'discount': 0.9191003846092468, 'lr': 0.00019674286519007772, 'entropy': 0.005015517772754112}. Best is trial 0 with value: -444.78350830078125.[0m
[32m[I 2021-12-11 00:20:47,058][0m Trial 3 finished with value: -883.6776733398438 and parameters: {'r_scaling': 0.15896979666523106, 'unroll': 4, 'update_epoch': 15, 'discount': 0.9110354674595861, 'lr': 0.00014850162990165148, 'entropy': 0.006468566997731247}. Best is trial 3 with value: -883.6776733398438.[0m
[32m[I 2021-12-11 00:24:12,398][0m Trial 4 finished with value: -501.64166259765625 and parameters: {'r_scaling': 3.6963724457091693, 'unroll': 6, 'update_epoch': 8, 'discount': 0.9525182308188457, 'lr': 0.0005337883652684559, 'entropy': 0.0024112883458699075}. Best is trial 3 with value: -883.6776733398438.[0m
[32m[I 2021-12-11 00:27:21,534][0m Trial 5 finished with value: -428.3525695800781 and parameters: {'r_scaling': 90.80332793642788, 'unroll': 8, 'update_epoch': 7, 'discount': 0.9123700696613433, 'lr': 0.0002961119849395928, 'entropy': 0.00043218175960295276}. Best is trial 3 with value: -883.6776733398438.[0m
[32m[I 2021-12-11 00:30:35,483][0m Trial 6 finished with value: -453.3834228515625 and parameters: {'r_scaling': 1.5592430354854574, 'unroll': 10, 'update_epoch': 5, 'discount': 0.905236263599839, 'lr': 0.00017986522148334593, 'entropy': 0.0028613896035257587}. Best is trial 3 with value: -883.6776733398438.[0m
[32m[I 2021-12-11 00:33:55,656][0m Trial 7 finished with value: -419.2199401855469 and parameters: {'r_scaling': 2.2062715340965022, 'unroll': 15, 'update_epoch': 2, 'discount': 0.9923961124749167, 'lr': 0.000126481563099874, 'entropy': 0.0002915917485808499}. Best is trial 3 with value: -883.6776733398438.[0m
[32m[I 2021-12-11 00:37:56,438][0m Trial 8 finished with value: -298.6494445800781 and parameters: {'r_scaling': 0.8167862520533102, 'unroll': 2, 'update_epoch': 8, 'discount': 0.9602614748699145, 'lr': 0.0016333257720481148, 'entropy': 0.0005626185051981994}. Best is trial 3 with value: -883.6776733398438.[0m
[32m[I 2021-12-11 00:41:19,082][0m Trial 9 finished with value: -706.2805786132812 and parameters: {'r_scaling': 0.3089313490088024, 'unroll': 4, 'update_epoch': 2, 'discount': 0.9285600293515425, 'lr': 0.0010893255673083985, 'entropy': 0.0004830569989533799}. Best is trial 3 with value: -883.6776733398438.[0m
[32m[I 2021-12-11 00:46:26,661][0m Trial 10 finished with value: -423.0445251464844 and parameters: {'r_scaling': 0.06394712789600128, 'unroll': 1, 'update_epoch': 15, 'discount': 0.9349419890045214, 'lr': 0.00010192242883316783, 'entropy': 0.05761340523651895}. Best is trial 3 with value: -883.6776733398438.[0m
[32m[I 2021-12-11 00:50:02,010][0m Trial 11 finished with value: -644.4315795898438 and parameters: {'r_scaling': 0.10015145509650325, 'unroll': 6, 'update_epoch': 14, 'discount': 0.9295872185675379, 'lr': 0.001338405589401899, 'entropy': 0.013083578124564767}. Best is trial 3 with value: -883.6776733398438.[0m
[32m[I 2021-12-11 00:53:50,137][0m Trial 12 finished with value: -1014.0994262695312 and parameters: {'r_scaling': 0.4623152090027421, 'unroll': 4, 'update_epoch': 12, 'discount': 0.931202029081114, 'lr': 0.0007904431684964376, 'entropy': 0.013530202323882357}. Best is trial 12 with value: -1014.0994262695312.[0m
[32m[I 2021-12-11 00:57:45,013][0m Trial 13 finished with value: -927.2659301757812 and parameters: {'r_scaling': 0.2343569869355972, 'unroll': 4, 'update_epoch': 12, 'discount': 0.9410021484772059, 'lr': 0.0006345446030862503, 'entropy': 0.025913431483697656}. Best is trial 12 with value: -1014.0994262695312.[0m
[32m[I 2021-12-11 01:01:41,901][0m Trial 14 finished with value: -1173.4666748046875 and parameters: {'r_scaling': 0.4493424928947484, 'unroll': 4, 'update_epoch': 12, 'discount': 0.9649157851866043, 'lr': 0.0006821585106689328, 'entropy': 0.05878645344121862}. Best is trial 14 with value: -1173.4666748046875.[0m
[32m[I 2021-12-11 01:05:26,567][0m Trial 15 finished with value: -684.5613403320312 and parameters: {'r_scaling': 7.733713997256009, 'unroll': 6, 'update_epoch': 11, 'discount': 0.9690901162309381, 'lr': 0.0008386077047084742, 'entropy': 0.09522315819968605}. Best is trial 14 with value: -1173.4666748046875.[0m
[32m[I 2021-12-11 01:09:32,007][0m Trial 16 finished with value: -1399.743408203125 and parameters: {'r_scaling': 0.5511165593785848, 'unroll': 2, 'update_epoch': 11, 'discount': 0.972536013255989, 'lr': 0.00039585974824791185, 'entropy': 0.029254760415861544}. Best is trial 16 with value: -1399.743408203125.[0m
[32m[I 2021-12-11 01:13:25,733][0m Trial 17 finished with value: -617.39501953125 and parameters: {'r_scaling': 7.883702538009878, 'unroll': 2, 'update_epoch': 10, 'discount': 0.9753005430362701, 'lr': 0.00036623269307918885, 'entropy': 0.031820611428847}. Best is trial 16 with value: -1399.743408203125.[0m
[32m[I 2021-12-11 01:17:40,425][0m Trial 18 finished with value: -1694.534912109375 and parameters: {'r_scaling': 0.762869636811461, 'unroll': 1, 'update_epoch': 10, 'discount': 0.9793926725731588, 'lr': 0.0004273867444082446, 'entropy': 0.08533224558469633}. Best is trial 18 with value: -1694.534912109375.[0m
[32m[I 2021-12-11 01:22:01,213][0m Trial 19 finished with value: -2202.0361328125 and parameters: {'r_scaling': 0.9825302154142161, 'unroll': 1, 'update_epoch': 10, 'discount': 0.9809017150590202, 'lr': 0.0003989764183267263, 'entropy': 0.09633137119675346}. Best is trial 19 with value: -2202.0361328125.[0m
[32m[I 2021-12-11 01:25:47,757][0m Trial 20 finished with value: -623.07177734375 and parameters: {'r_scaling': 1.2540887842474489, 'unroll': 1, 'update_epoch': 5, 'discount': 0.9817849082160163, 'lr': 0.00047426503617326867, 'entropy': 0.07836823196675084}. Best is trial 19 with value: -2202.0361328125.[0m
[32m[I 2021-12-11 01:29:52,205][0m Trial 21 finished with value: -679.028564453125 and parameters: {'r_scaling': 4.542894177919921, 'unroll': 2, 'update_epoch': 10, 'discount': 0.9784429325547424, 'lr': 0.000268172913000177, 'entropy': 0.03435618156038192}. Best is trial 19 with value: -2202.0361328125.[0m
[32m[I 2021-12-11 01:34:10,897][0m Trial 22 finished with value: -1106.818603515625 and parameters: {'r_scaling': 0.7520870358195594, 'unroll': 1, 'update_epoch': 10, 'discount': 0.9551771207390354, 'lr': 0.0003637203657574702, 'entropy': 0.017092544925980575}. Best is trial 19 with value: -2202.0361328125.[0m
[32m[I 2021-12-11 01:38:30,863][0m Trial 23 finished with value: -3571.24853515625 and parameters: {'r_scaling': 0.8080752834398609, 'unroll': 3, 'update_epoch': 13, 'discount': 0.9849332546541096, 'lr': 0.00022090860475053588, 'entropy': 0.09881445364842649}. Best is trial 23 with value: -3571.24853515625.[0m
[32m[I 2021-12-11 01:42:51,116][0m Trial 24 finished with value: -740.041259765625 and parameters: {'r_scaling': 13.035325069464214, 'unroll': 3, 'update_epoch': 13, 'discount': 0.9846967650979028, 'lr': 0.00020751772221115893, 'entropy': 0.051748251506468654}. Best is trial 23 with value: -3571.24853515625.[0m
[32m[I 2021-12-11 01:46:36,210][0m Trial 25 finished with value: -1286.3111572265625 and parameters: {'r_scaling': 1.1313562116667255, 'unroll': 5, 'update_epoch': 9, 'discount': 0.9914079295110466, 'lr': 0.00024068710927128653, 'entropy': 0.09798340529446622}. Best is trial 23 with value: -3571.24853515625.[0m
[32m[I 2021-12-11 01:50:58,168][0m Trial 26 finished with value: -1494.1435546875 and parameters: {'r_scaling': 2.360409903815162, 'unroll': 3, 'update_epoch': 13, 'discount': 0.966771938041216, 'lr': 0.0005436232732675679, 'entropy': 0.00860436482905934}. Best is trial 23 with value: -3571.24853515625.[0m
[32m[I 2021-12-11 01:55:19,157][0m Trial 27 finished with value: -3859.5517578125 and parameters: {'r_scaling': 0.18321543963343342, 'unroll': 1, 'update_epoch': 9, 'discount': 0.9836576729473409, 'lr': 0.0004043297280506709, 'entropy': 0.001054461261419303}. Best is trial 27 with value: -3859.5517578125.[0m
[32m[I 2021-12-11 01:58:53,772][0m Trial 28 finished with value: -862.6637573242188 and parameters: {'r_scaling': 0.16323517666788775, 'unroll': 3, 'update_epoch': 5, 'discount': 0.9850544086976855, 'lr': 0.0002310082866544157, 'entropy': 0.001406649698198453}. Best is trial 27 with value: -3859.5517578125.[0m
[32m[I 2021-12-11 02:02:24,168][0m Trial 29 finished with value: -694.5643920898438 and parameters: {'r_scaling': 0.0951598248692905, 'unroll': 13, 'update_epoch': 9, 'discount': 0.994107619568641, 'lr': 0.00031008992795838493, 'entropy': 0.00011866353852258812}. Best is trial 27 with value: -3859.5517578125.[0m
[32m[I 2021-12-11 02:05:34,260][0m Trial 30 finished with value: -639.3115234375 and parameters: {'r_scaling': 0.05116567890976834, 'unroll': 11, 'update_epoch': 6, 'discount': 0.9469346300642323, 'lr': 0.00016018703256089894, 'entropy': 0.0011993211988511284}. Best is trial 27 with value: -3859.5517578125.[0m
[32m[I 2021-12-11 02:09:52,003][0m Trial 31 finished with value: -1103.184814453125 and parameters: {'r_scaling': 0.29132670418037626, 'unroll': 1, 'update_epoch': 9, 'discount': 0.9757488370187278, 'lr': 0.00042655762056749343, 'entropy': 0.0010682797809021406}. Best is trial 27 with value: -3859.5517578125.[0m
[32m[I 2021-12-11 02:14:19,478][0m Trial 32 finished with value: -1377.533935546875 and parameters: {'r_scaling': 0.7167458755089446, 'unroll': 1, 'update_epoch': 11, 'discount': 0.9858181682991085, 'lr': 0.00034089617300358404, 'entropy': 0.05076545581623105}. Best is trial 27 with value: -3859.5517578125.[0m
[32m[I 2021-12-11 02:18:40,634][0m Trial 33 finished with value: -2110.14404296875 and parameters: {'r_scaling': 1.6882160667310415, 'unroll': 2, 'update_epoch': 13, 'discount': 0.9806165192774007, 'lr': 0.00045885820819264485, 'entropy': 0.04410566568066608}. Best is trial 27 with value: -3859.5517578125.[0m
[32m[I 2021-12-11 02:23:00,185][0m Trial 34 finished with value: -2135.087158203125 and parameters: {'r_scaling': 1.6854005438754054, 'unroll': 3, 'update_epoch': 14, 'discount': 0.9720826693126712, 'lr': 0.0005181784352353448, 'entropy': 0.004376485980476434}. Best is trial 27 with value: -3859.5517578125.[0m
[32m[I 2021-12-11 02:27:12,763][0m Trial 35 finished with value: -854.1519165039062 and parameters: {'r_scaling': 6.070758561000764, 'unroll': 5, 'update_epoch': 14, 'discount': 0.960131930109132, 'lr': 0.0005712889834802718, 'entropy': 0.0044217537745608205}. Best is trial 27 with value: -3859.5517578125.[0m
[32m[I 2021-12-11 02:31:20,023][0m Trial 36 finished with value: -457.66571044921875 and parameters: {'r_scaling': 19.220001470654978, 'unroll': 7, 'update_epoch': 14, 'discount': 0.9723766699559859, 'lr': 0.000952611404664609, 'entropy': 0.00020995317902028357}. Best is trial 27 with value: -3859.5517578125.[0m
[32m[I 2021-12-11 02:35:47,174][0m Trial 37 finished with value: -1068.8424072265625 and parameters: {'r_scaling': 3.0407627903785173, 'unroll': 3, 'update_epoch': 15, 'discount': 0.98922335257558, 'lr': 0.00026660514419653644, 'entropy': 0.0019454698186695675}. Best is trial 27 with value: -3859.5517578125.[0m
[32m[I 2021-12-11 02:39:58,045][0m Trial 38 finished with value: -791.513671875 and parameters: {'r_scaling': 146.78048290762433, 'unroll': 5, 'update_epoch': 13, 'discount': 0.9945860377894252, 'lr': 0.0006905759304401881, 'entropy': 0.0008855899245541813}. Best is trial 27 with value: -3859.5517578125.[0m
[32m[I 2021-12-11 02:43:18,419][0m Trial 39 finished with value: -691.5845336914062 and parameters: {'r_scaling': 0.14706212680617822, 'unroll': 9, 'update_epoch': 7, 'discount': 0.9635719014124092, 'lr': 0.00018140055958253284, 'entropy': 0.00419075817766599}. Best is trial 27 with value: -3859.5517578125.[0m
[32m[I 2021-12-11 02:46:58,291][0m Trial 40 finished with value: -863.9895629882812 and parameters: {'r_scaling': 1.1035741577275877, 'unroll': 7, 'update_epoch': 8, 'discount': 0.9531398935494022, 'lr': 0.0005036474168471582, 'entropy': 0.000701142046172652}. Best is trial 27 with value: -3859.5517578125.[0m
[32m[I 2021-12-11 02:51:14,686][0m Trial 41 finished with value: -751.7391357421875 and parameters: {'r_scaling': 1.7617520363721453, 'unroll': 2, 'update_epoch': 13, 'discount': 0.980309889591476, 'lr': 0.0004653545320026957, 'entropy': 0.007077008187621953}. Best is trial 27 with value: -3859.5517578125.[0m
[32m[I 2021-12-11 02:55:42,794][0m Trial 42 finished with value: -893.8921508789062 and parameters: {'r_scaling': 2.9755659710947677, 'unroll': 3, 'update_epoch': 14, 'discount': 0.9845281715865548, 'lr': 0.0003082723257663746, 'entropy': 0.040819379052518076}. Best is trial 27 with value: -3859.5517578125.[0m
[32m[I 2021-12-11 03:00:17,553][0m Trial 43 finished with value: -1022.2965087890625 and parameters: {'r_scaling': 1.6072324974973569, 'unroll': 2, 'update_epoch': 15, 'discount': 0.9887808583071381, 'lr': 0.0006121052799104063, 'entropy': 0.01980025802848103}. Best is trial 27 with value: -3859.5517578125.[0m
[32m[I 2021-12-11 03:04:31,777][0m Trial 44 finished with value: -584.1649780273438 and parameters: {'r_scaling': 4.264827045651669, 'unroll': 2, 'update_epoch': 12, 'discount': 0.9698563225905767, 'lr': 0.00040874382862445067, 'entropy': 0.0018307592547988486}. Best is trial 27 with value: -3859.5517578125.[0m
[32m[I 2021-12-11 03:08:52,676][0m Trial 45 finished with value: -1680.8594970703125 and parameters: {'r_scaling': 0.3237162971810897, 'unroll': 3, 'update_epoch': 11, 'discount': 0.9794685613617774, 'lr': 0.00013031627209944465, 'entropy': 0.07090765393199477}. Best is trial 27 with value: -3859.5517578125.[0m
[32m[I 2021-12-11 03:12:18,772][0m Trial 46 finished with value: -329.68115234375 and parameters: {'r_scaling': 1.9275459731948434, 'unroll': 1, 'update_epoch': 1, 'discount': 0.9755403523416137, 'lr': 0.0019446751414556214, 'entropy': 0.002963489198828909}. Best is trial 27 with value: -3859.5517578125.[0m
[32m[I 2021-12-11 03:16:16,742][0m Trial 47 finished with value: -431.527587890625 and parameters: {'r_scaling': 0.4925500080089812, 'unroll': 15, 'update_epoch': 14, 'discount': 0.923130937530317, 'lr': 0.0007209563590542273, 'entropy': 0.00033446554587279845}. Best is trial 27 with value: -3859.5517578125.[0m
[32m[I 2021-12-11 03:19:55,644][0m Trial 48 finished with value: -942.3533935546875 and parameters: {'r_scaling': 0.19607901053897547, 'unroll': 4, 'update_epoch': 8, 'discount': 0.9594303854495857, 'lr': 0.0011493066942846182, 'entropy': 0.010024847554458925}. Best is trial 27 with value: -3859.5517578125.[0m
[32m[I 2021-12-11 03:24:08,375][0m Trial 49 finished with value: -3017.43603515625 and parameters: {'r_scaling': 1.0090071421370457, 'unroll': 5, 'update_epoch': 12, 'discount': 0.9887434218816, 'lr': 0.00033768076574076786, 'entropy': 0.021354857251728615}. Best is trial 27 with value: -3859.5517578125.[0m
[32m[I 2021-12-11 03:28:11,053][0m Trial 50 finished with value: -5992.3134765625 and parameters: {'r_scaling': 0.34619494102431253, 'unroll': 5, 'update_epoch': 12, 'discount': 0.9870983747278327, 'lr': 0.0003286241063971576, 'entropy': 0.016889792515654985}. Best is trial 50 with value: -5992.3134765625.[0m
[32m[I 2021-12-11 03:31:58,114][0m Trial 51 finished with value: -849.7214965820312 and parameters: {'r_scaling': 0.4252729352371005, 'unroll': 6, 'update_epoch': 12, 'discount': 0.9882636953681023, 'lr': 0.00027926434368969735, 'entropy': 0.006454842212693404}. Best is trial 50 with value: -5992.3134765625.[0m
[32m[I 2021-12-11 03:35:54,508][0m Trial 52 finished with value: -6099.1162109375 and parameters: {'r_scaling': 0.1047587029182167, 'unroll': 5, 'update_epoch': 11, 'discount': 0.991951053124066, 'lr': 0.00035064704030197984, 'entropy': 0.024065540369869673}. Best is trial 52 with value: -6099.1162109375.[0m
[32m[I 2021-12-11 03:39:36,648][0m Trial 53 finished with value: -5860.712890625 and parameters: {'r_scaling': 0.1341001207565648, 'unroll': 7, 'update_epoch': 11, 'discount': 0.9901917391897764, 'lr': 0.00032756125532853043, 'entropy': 0.02317236310811061}. Best is trial 52 with value: -6099.1162109375.[0m
[32m[I 2021-12-11 03:43:18,535][0m Trial 54 finished with value: -6572.984375 and parameters: {'r_scaling': 0.10419457940291349, 'unroll': 7, 'update_epoch': 11, 'discount': 0.9913656473997465, 'lr': 0.00033786822470803626, 'entropy': 0.02246577476954896}. Best is trial 54 with value: -6572.984375.[0m
[32m[I 2021-12-11 03:46:57,381][0m Trial 55 finished with value: -5212.7626953125 and parameters: {'r_scaling': 0.09611297640004711, 'unroll': 7, 'update_epoch': 11, 'discount': 0.9945667889654796, 'lr': 0.00023069087116333865, 'entropy': 0.014717875233101427}. Best is trial 54 with value: -6572.984375.[0m
[32m[I 2021-12-11 03:50:22,076][0m Trial 56 finished with value: -1073.10400390625 and parameters: {'r_scaling': 0.08696406220393865, 'unroll': 9, 'update_epoch': 11, 'discount': 0.9949727254761473, 'lr': 0.0002471816342292634, 'entropy': 0.013714118827198052}. Best is trial 54 with value: -6572.984375.[0m
[32m[I 2021-12-11 03:54:05,320][0m Trial 57 finished with value: -5015.41064453125 and parameters: {'r_scaling': 0.1339046688982034, 'unroll': 7, 'update_epoch': 9, 'discount': 0.9917059073410576, 'lr': 0.0003637384696693615, 'entropy': 0.025606327343382293}. Best is trial 54 with value: -6572.984375.[0m
[32m[I 2021-12-11 03:57:51,096][0m Trial 58 finished with value: -4743.05126953125 and parameters: {'r_scaling': 0.12655268074415066, 'unroll': 7, 'update_epoch': 11, 'discount': 0.9907727079407218, 'lr': 0.00019709744257188666, 'entropy': 0.024838367692167056}. Best is trial 54 with value: -6572.984375.[0m
[32m[I 2021-12-11 04:01:08,407][0m Trial 59 finished with value: -1277.1380615234375 and parameters: {'r_scaling': 0.06525203997422807, 'unroll': 8, 'update_epoch': 10, 'discount': 0.9909662715225996, 'lr': 0.0003366387500582583, 'entropy': 0.015302062129331025}. Best is trial 54 with value: -6572.984375.[0m
[32m[I 2021-12-11 04:04:53,625][0m Trial 60 finished with value: -786.5733642578125 and parameters: {'r_scaling': 0.06870743205132097, 'unroll': 7, 'update_epoch': 10, 'discount': 0.9114395319237277, 'lr': 0.0003000131962303434, 'entropy': 0.010321913315944571}. Best is trial 54 with value: -6572.984375.[0m
[32m[I 2021-12-11 04:08:22,168][0m Trial 61 finished with value: -900.9912109375 and parameters: {'r_scaling': 0.13170932551950107, 'unroll': 8, 'update_epoch': 11, 'discount': 0.9930315445856185, 'lr': 0.00019956291078264404, 'entropy': 0.02401883520673854}. Best is trial 54 with value: -6572.984375.[0m
[32m[I 2021-12-11 04:12:08,221][0m Trial 62 finished with value: -4854.91552734375 and parameters: {'r_scaling': 0.11602996908455661, 'unroll': 6, 'update_epoch': 11, 'discount': 0.9904188196116135, 'lr': 0.00016626115259869403, 'entropy': 0.03177429281288992}. Best is trial 54 with value: -6572.984375.[0m
[32m[I 2021-12-11 04:15:49,593][0m Trial 63 finished with value: -667.2288208007812 and parameters: {'r_scaling': 0.22978551283338913, 'unroll': 6, 'update_epoch': 11, 'discount': 0.9003344920167521, 'lr': 0.0001528108228992162, 'entropy': 0.03573384965491848}. Best is trial 54 with value: -6572.984375.[0m
[32m[I 2021-12-11 04:19:13,471][0m Trial 64 finished with value: -1020.3494262695312 and parameters: {'r_scaling': 0.10550589299747148, 'unroll': 9, 'update_epoch': 12, 'discount': 0.987288898429418, 'lr': 0.00017463834183895584, 'entropy': 0.029682083354531524}. Best is trial 54 with value: -6572.984375.[0m
[32m[I 2021-12-11 04:22:57,291][0m Trial 65 finished with value: -2460.693603515625 and parameters: {'r_scaling': 0.07517681870083694, 'unroll': 6, 'update_epoch': 9, 'discount': 0.9916618073320485, 'lr': 0.00011047049493455104, 'entropy': 0.02002890499373373}. Best is trial 54 with value: -6572.984375.[0m
[32m[I 2021-12-11 04:26:14,298][0m Trial 66 finished with value: -884.82421875 and parameters: {'r_scaling': 0.11680720292273813, 'unroll': 8, 'update_epoch': 10, 'discount': 0.9829520807312164, 'lr': 0.000377001290495179, 'entropy': 0.011083614719271283}. Best is trial 54 with value: -6572.984375.[0m
[32m[I 2021-12-11 04:29:56,239][0m Trial 67 finished with value: -5625.48779296875 and parameters: {'r_scaling': 0.0501930911358302, 'unroll': 5, 'update_epoch': 7, 'discount': 0.9872814901705339, 'lr': 0.0002569006076463601, 'entropy': 0.01649405375761217}. Best is trial 54 with value: -6572.984375.[0m
[32m[I 2021-12-11 04:33:07,777][0m Trial 68 finished with value: -904.717041015625 and parameters: {'r_scaling': 0.05890325920311911, 'unroll': 10, 'update_epoch': 7, 'discount': 0.9777127088140929, 'lr': 0.0002590422369431022, 'entropy': 0.017022003308321314}. Best is trial 54 with value: -6572.984375.[0m
