[32m[I 2022-01-11 16:16:58,987][0m Trial 69 finished with value: -492.2978515625 and parameters: {'r_scaling': 0.17892889368309503, 'unroll': 4, 'update_epoch': 10, 'discount': 0.9105311816960653, 'lr': 0.0002017054077666406, 'entropy': 0.06334652430144479}. Best is trial 51 with value: -8851.7880859375.[0m
[32m[I 2022-01-11 16:24:05,909][0m Trial 70 finished with value: -1728.505126953125 and parameters: {'r_scaling': 0.14742151365356337, 'unroll': 5, 'update_epoch': 12, 'discount': 0.9565532524346322, 'lr': 0.0001696078279179263, 'entropy': 0.01264823582337824}. Best is trial 51 with value: -8851.7880859375.[0m
[32m[I 2022-01-11 16:30:38,636][0m Trial 71 finished with value: -6720.0029296875 and parameters: {'r_scaling': 0.4181496811082826, 'unroll': 6, 'update_epoch': 9, 'discount': 0.9833169600879673, 'lr': 0.00010661178456071694, 'entropy': 0.04274706088638478}. Best is trial 51 with value: -8851.7880859375.[0m
[32m[I 2022-01-11 16:37:02,527][0m Trial 72 finished with value: -7377.62646484375 and parameters: {'r_scaling': 0.2776829020646414, 'unroll': 8, 'update_epoch': 9, 'discount': 0.9881308030955127, 'lr': 0.00012164815010425461, 'entropy': 0.057743969958913774}. Best is trial 51 with value: -8851.7880859375.[0m
[32m[I 2022-01-11 16:43:50,659][0m Trial 73 finished with value: -7565.27783203125 and parameters: {'r_scaling': 0.19854615260237438, 'unroll': 5, 'update_epoch': 10, 'discount': 0.9921469380616802, 'lr': 0.000143898901773363, 'entropy': 0.07986711918142872}. Best is trial 51 with value: -8851.7880859375.[0m
[32m[I 2022-01-11 16:49:54,834][0m Trial 74 finished with value: -2028.5352783203125 and parameters: {'r_scaling': 0.11528873950588257, 'unroll': 14, 'update_epoch': 11, 'discount': 0.9731244244989296, 'lr': 0.0006646643993602631, 'entropy': 0.025180862739708702}. Best is trial 51 with value: -8851.7880859375.[0m
[32m[I 2022-01-11 16:56:35,558][0m Trial 75 finished with value: -3926.575927734375 and parameters: {'r_scaling': 0.8596515119764628, 'unroll': 9, 'update_epoch': 10, 'discount': 0.9867784615773355, 'lr': 0.0001308082750175224, 'entropy': 0.03444861534938789}. Best is trial 51 with value: -8851.7880859375.[0m
[32m[I 2022-01-11 17:02:46,350][0m Trial 76 finished with value: -1182.9320068359375 and parameters: {'r_scaling': 0.537557627163591, 'unroll': 7, 'update_epoch': 7, 'discount': 0.9297726915954508, 'lr': 0.00011928508270788256, 'entropy': 0.04963419057715282}. Best is trial 51 with value: -8851.7880859375.[0m
[32m[I 2022-01-11 17:08:39,001][0m Trial 77 finished with value: -2630.3515625 and parameters: {'r_scaling': 0.3334997987643814, 'unroll': 10, 'update_epoch': 8, 'discount': 0.994933705242848, 'lr': 0.00015851630157573372, 'entropy': 0.01564480066251664}. Best is trial 51 with value: -8851.7880859375.[0m
[32m[I 2022-01-11 17:14:34,130][0m Trial 78 finished with value: -903.2642211914062 and parameters: {'r_scaling': 0.050589773502092136, 'unroll': 13, 'update_epoch': 9, 'discount': 0.9790191217435263, 'lr': 0.00018782743128567585, 'entropy': 0.07158074918250736}. Best is trial 51 with value: -8851.7880859375.[0m
[32m[I 2022-01-11 17:21:18,944][0m Trial 79 finished with value: -5731.6328125 and parameters: {'r_scaling': 21.055358343663208, 'unroll': 11, 'update_epoch': 13, 'discount': 0.9893653894642098, 'lr': 0.00045705005828755634, 'entropy': 0.022679215712946028}. Best is trial 51 with value: -8851.7880859375.[0m
[32m[I 2022-01-11 17:27:59,923][0m Trial 80 finished with value: -7483.7294921875 and parameters: {'r_scaling': 0.21672528406498606, 'unroll': 12, 'update_epoch': 11, 'discount': 0.9829363644808481, 'lr': 0.00010105199545649879, 'entropy': 0.03973671841665169}. Best is trial 51 with value: -8851.7880859375.[0m
[32m[I 2022-01-11 17:34:22,081][0m Trial 81 finished with value: -3650.720703125 and parameters: {'r_scaling': 0.1296583655813894, 'unroll': 8, 'update_epoch': 9, 'discount': 0.9862010920941242, 'lr': 0.00014920361282121677, 'entropy': 0.006188359660198671}. Best is trial 51 with value: -8851.7880859375.[0m
[32m[I 2022-01-11 17:40:55,232][0m Trial 82 finished with value: -1421.4434814453125 and parameters: {'r_scaling': 190.97072294081855, 'unroll': 8, 'update_epoch': 10, 'discount': 0.988594661077083, 'lr': 0.0001318432276396778, 'entropy': 0.028215864670441702}. Best is trial 51 with value: -8851.7880859375.[0m
[32m[I 2022-01-11 17:47:31,269][0m Trial 83 finished with value: -6678.8369140625 and parameters: {'r_scaling': 0.1041568152115979, 'unroll': 9, 'update_epoch': 8, 'discount': 0.9922651777095658, 'lr': 0.00011610773163148438, 'entropy': 0.017093678863092238}. Best is trial 51 with value: -8851.7880859375.[0m
[32m[I 2022-01-11 17:54:17,164][0m Trial 84 finished with value: -1472.9150390625 and parameters: {'r_scaling': 111.77677109569164, 'unroll': 6, 'update_epoch': 10, 'discount': 0.9845425721190262, 'lr': 0.0006043777623322886, 'entropy': 0.060040508816903086}. Best is trial 51 with value: -8851.7880859375.[0m
[32m[I 2022-01-11 18:00:50,450][0m Trial 85 finished with value: -2367.298583984375 and parameters: {'r_scaling': 0.06534890099368416, 'unroll': 8, 'update_epoch': 9, 'discount': 0.987478200081135, 'lr': 0.00015722138644855683, 'entropy': 0.07980063499672134}. Best is trial 51 with value: -8851.7880859375.[0m
[32m[I 2022-01-11 18:07:33,429][0m Trial 86 finished with value: -4970.24951171875 and parameters: {'r_scaling': 0.14209486198434593, 'unroll': 7, 'update_epoch': 11, 'discount': 0.9766163355145744, 'lr': 0.00023698541058252715, 'entropy': 0.013231365687160114}. Best is trial 51 with value: -8851.7880859375.[0m
[32m[I 2022-01-11 18:14:20,911][0m Trial 87 finished with value: -4870.94140625 and parameters: {'r_scaling': 0.26649971081789914, 'unroll': 6, 'update_epoch': 9, 'discount': 0.9902721025444282, 'lr': 0.0007718668286071373, 'entropy': 0.04604235958513482}. Best is trial 51 with value: -8851.7880859375.[0m
[32m[I 2022-01-11 18:21:22,617][0m Trial 88 finished with value: -796.09814453125 and parameters: {'r_scaling': 0.09218202829668279, 'unroll': 9, 'update_epoch': 12, 'discount': 0.9823156543376353, 'lr': 0.0005505576319555646, 'entropy': 0.0001128494072226812}. Best is trial 51 with value: -8851.7880859375.[0m
[32m[I 2022-01-11 18:27:50,812][0m Trial 89 finished with value: -7502.3896484375 and parameters: {'r_scaling': 0.18616988812549712, 'unroll': 10, 'update_epoch': 10, 'discount': 0.9804978092331726, 'lr': 0.00014465212072261926, 'entropy': 0.03250590126397696}. Best is trial 51 with value: -8851.7880859375.[0m
[32m[I 2022-01-11 18:34:34,930][0m Trial 90 finished with value: -2979.280517578125 and parameters: {'r_scaling': 0.23766701477262905, 'unroll': 5, 'update_epoch': 8, 'discount': 0.9663867799187218, 'lr': 0.00010648205686242573, 'entropy': 0.012011231742334655}. Best is trial 51 with value: -8851.7880859375.[0m
[32m[I 2022-01-11 18:40:58,152][0m Trial 91 finished with value: -2439.627685546875 and parameters: {'r_scaling': 0.3846069656937363, 'unroll': 7, 'update_epoch': 7, 'discount': 0.9937033183462282, 'lr': 0.00011186598915127658, 'entropy': 0.053229503356992024}. Best is trial 51 with value: -8851.7880859375.[0m
[32m[I 2022-01-11 18:47:23,300][0m Trial 92 finished with value: -7201.181640625 and parameters: {'r_scaling': 0.24747020919181548, 'unroll': 7, 'update_epoch': 8, 'discount': 0.9931079614656365, 'lr': 0.00010849126916177695, 'entropy': 0.037921825481519074}. Best is trial 51 with value: -8851.7880859375.[0m
[32m[I 2022-01-11 18:53:40,867][0m Trial 93 finished with value: -6455.77294921875 and parameters: {'r_scaling': 0.4758495256822253, 'unroll': 8, 'update_epoch': 9, 'discount': 0.9901969021803968, 'lr': 0.00012352528400900428, 'entropy': 0.053772522234487315}. Best is trial 51 with value: -8851.7880859375.[0m
[32m[I 2022-01-11 18:59:58,999][0m Trial 94 finished with value: -4282.15966796875 and parameters: {'r_scaling': 0.15514975599391426, 'unroll': 7, 'update_epoch': 6, 'discount': 0.9867561810222322, 'lr': 0.00013030888680070688, 'entropy': 0.0077846836403505934}. Best is trial 51 with value: -8851.7880859375.[0m
[32m[I 2022-01-11 19:06:48,450][0m Trial 95 finished with value: -7002.1796875 and parameters: {'r_scaling': 0.29307586287285875, 'unroll': 6, 'update_epoch': 11, 'discount': 0.994254370409796, 'lr': 0.00029867912862191416, 'entropy': 0.07023640018008145}. Best is trial 51 with value: -8851.7880859375.[0m
[32m[I 2022-01-11 19:13:20,152][0m Trial 96 finished with value: -7615.49560546875 and parameters: {'r_scaling': 0.07856125116505872, 'unroll': 7, 'update_epoch': 10, 'discount': 0.9907868792334242, 'lr': 0.00013629580972441925, 'entropy': 0.019110520279436525}. Best is trial 51 with value: -8851.7880859375.[0m
[32m[I 2022-01-11 19:19:30,056][0m Trial 97 finished with value: -6650.74609375 and parameters: {'r_scaling': 0.3513570446575359, 'unroll': 6, 'update_epoch': 7, 'discount': 0.9851597673837771, 'lr': 0.00017938520737496353, 'entropy': 0.04767304037005876}. Best is trial 51 with value: -8851.7880859375.[0m
[32m[I 2022-01-11 19:26:01,594][0m Trial 98 finished with value: -1692.714599609375 and parameters: {'r_scaling': 0.7141326998920348, 'unroll': 9, 'update_epoch': 8, 'discount': 0.971088607242943, 'lr': 0.0009370321970787104, 'entropy': 0.09200667382133841}. Best is trial 51 with value: -8851.7880859375.[0m
[32m[I 2022-01-11 19:32:34,581][0m Trial 99 finished with value: -1433.538330078125 and parameters: {'r_scaling': 0.2049621126882703, 'unroll': 8, 'update_epoch': 9, 'discount': 0.9890009142381078, 'lr': 0.00011637060338513333, 'entropy': 0.009111078266134283}. Best is trial 51 with value: -8851.7880859375.[0m
[32m[I 2022-01-11 19:38:58,746][0m Trial 100 finished with value: -1575.2861328125 and parameters: {'r_scaling': 0.12024234127710853, 'unroll': 10, 'update_epoch': 10, 'discount': 0.9743873945094397, 'lr': 0.0004137414930168235, 'entropy': 0.06377883789150336}. Best is trial 51 with value: -8851.7880859375.[0m
[32m[I 2022-01-11 19:45:51,069][0m Trial 101 finished with value: -8041.47998046875 and parameters: {'r_scaling': 0.0798453844152608, 'unroll': 7, 'update_epoch': 10, 'discount': 0.9918204955227721, 'lr': 0.0001395084011901951, 'entropy': 0.0196456867383525}. Best is trial 51 with value: -8851.7880859375.[0m
[32m[I 2022-01-11 19:52:46,049][0m Trial 102 finished with value: -6642.6474609375 and parameters: {'r_scaling': 0.06255740959736296, 'unroll': 6, 'update_epoch': 11, 'discount': 0.9918600904157756, 'lr': 0.00017046082406875257, 'entropy': 0.02227583141052992}. Best is trial 51 with value: -8851.7880859375.[0m
[32m[I 2022-01-11 19:59:13,159][0m Trial 103 finished with value: -6625.94921875 and parameters: {'r_scaling': 0.09800002736527129, 'unroll': 11, 'update_epoch': 10, 'discount': 0.9940179465571891, 'lr': 0.00010833334344697295, 'entropy': 0.028034786633807193}. Best is trial 51 with value: -8851.7880859375.[0m
[32m[I 2022-01-11 20:05:42,521][0m Trial 104 finished with value: -7939.97509765625 and parameters: {'r_scaling': 0.16104191116695668, 'unroll': 7, 'update_epoch': 9, 'discount': 0.9877631514663217, 'lr': 0.0001509940694296208, 'entropy': 0.03703632890243207}. Best is trial 51 with value: -8851.7880859375.[0m
[32m[I 2022-01-11 20:12:02,830][0m Trial 105 finished with value: -7382.2060546875 and parameters: {'r_scaling': 0.1390682378711797, 'unroll': 8, 'update_epoch': 10, 'discount': 0.9836309184286606, 'lr': 0.00015265980162433145, 'entropy': 0.03660164143477557}. Best is trial 51 with value: -8851.7880859375.[0m
[32m[I 2022-01-11 20:18:40,327][0m Trial 106 finished with value: -7716.51416015625 and parameters: {'r_scaling': 0.17798204052406028, 'unroll': 9, 'update_epoch': 9, 'discount': 0.9875150840226414, 'lr': 0.00014069501651513307, 'entropy': 0.017253296379979865}. Best is trial 51 with value: -8851.7880859375.[0m
[32m[I 2022-01-11 20:25:40,817][0m Trial 107 finished with value: -8453.7646484375 and parameters: {'r_scaling': 0.1781296535586534, 'unroll': 9, 'update_epoch': 11, 'discount': 0.9820762251783857, 'lr': 0.00019722501684821646, 'entropy': 0.014845376345915755}. Best is trial 51 with value: -8851.7880859375.[0m
[32m[I 2022-01-11 20:31:35,848][0m Trial 108 finished with value: -832.1572875976562 and parameters: {'r_scaling': 8.534895564554736, 'unroll': 13, 'update_epoch': 3, 'discount': 0.9801323902066477, 'lr': 0.00020160073709426046, 'entropy': 0.014528610263579524}. Best is trial 51 with value: -8851.7880859375.[0m
[32m[I 2022-01-11 20:38:40,570][0m Trial 109 finished with value: -8111.45751953125 and parameters: {'r_scaling': 0.4420563495856496, 'unroll': 5, 'update_epoch': 12, 'discount': 0.9786240486540845, 'lr': 0.0001264542102728198, 'entropy': 0.0410232717350266}. Best is trial 51 with value: -8851.7880859375.[0m
[32m[I 2022-01-11 20:45:59,301][0m Trial 110 finished with value: -3004.585205078125 and parameters: {'r_scaling': 0.5407348756912757, 'unroll': 4, 'update_epoch': 12, 'discount': 0.9774508357395281, 'lr': 0.00022504332577694765, 'entropy': 0.01083427883639681}. Best is trial 51 with value: -8851.7880859375.[0m
[32m[I 2022-01-11 20:52:54,820][0m Trial 111 finished with value: -7663.35986328125 and parameters: {'r_scaling': 0.32624329620751386, 'unroll': 5, 'update_epoch': 11, 'discount': 0.9819109366975257, 'lr': 0.0001646401328424423, 'entropy': 0.04507412356257844}. Best is trial 51 with value: -8851.7880859375.[0m
[32m[I 2022-01-11 21:00:11,164][0m Trial 112 finished with value: -8031.822265625 and parameters: {'r_scaling': 0.41709959981012024, 'unroll': 5, 'update_epoch': 12, 'discount': 0.9855920220401152, 'lr': 0.0002601821338282648, 'entropy': 0.031114604920217625}. Best is trial 51 with value: -8851.7880859375.[0m
[32m[I 2022-01-11 21:07:21,398][0m Trial 113 finished with value: -4422.6357421875 and parameters: {'r_scaling': 0.43404188576914554, 'unroll': 5, 'update_epoch': 13, 'discount': 0.9791180564730411, 'lr': 0.0003473077927894398, 'entropy': 0.030352057121141383}. Best is trial 51 with value: -8851.7880859375.[0m
[32m[I 2022-01-11 21:14:55,550][0m Trial 114 finished with value: -4635.30615234375 and parameters: {'r_scaling': 0.9578555318001538, 'unroll': 4, 'update_epoch': 12, 'discount': 0.9850127313923829, 'lr': 0.00018635025903399643, 'entropy': 0.024977349656782995}. Best is trial 51 with value: -8851.7880859375.[0m
[32m[I 2022-01-11 21:22:07,916][0m Trial 115 finished with value: -4480.56494140625 and parameters: {'r_scaling': 0.6446870647522649, 'unroll': 5, 'update_epoch': 11, 'discount': 0.9758173289499568, 'lr': 0.00019828252618369884, 'entropy': 0.021692775424852057}. Best is trial 51 with value: -8851.7880859375.[0m
[32m[I 2022-01-11 21:29:31,432][0m Trial 116 finished with value: -6784.8349609375 and parameters: {'r_scaling': 0.2174829199173217, 'unroll': 6, 'update_epoch': 13, 'discount': 0.9826452355661282, 'lr': 0.00026248948174567636, 'entropy': 0.039481930791707524}. Best is trial 51 with value: -8851.7880859375.[0m
[32m[I 2022-01-11 21:37:27,257][0m Trial 117 finished with value: -5094.970703125 and parameters: {'r_scaling': 0.287463321744368, 'unroll': 3, 'update_epoch': 12, 'discount': 0.9894838433209471, 'lr': 0.0003729852949176598, 'entropy': 0.03395481371731436}. Best is trial 51 with value: -8851.7880859375.[0m
[32m[I 2022-01-11 21:46:12,196][0m Trial 118 finished with value: -7700.2373046875 and parameters: {'r_scaling': 0.1620318767098872, 'unroll': 5, 'update_epoch': 11, 'discount': 0.9853415217246833, 'lr': 0.0001624130700490549, 'entropy': 0.02657246000523665}. Best is trial 51 with value: -8851.7880859375.[0m
[32m[I 2022-01-11 21:53:05,448][0m Trial 119 finished with value: -7768.853515625 and parameters: {'r_scaling': 0.3887721504088175, 'unroll': 12, 'update_epoch': 11, 'discount': 0.9876194644242375, 'lr': 0.00031226112422868483, 'entropy': 0.07688663764787154}. Best is trial 51 with value: -8851.7880859375.[0m
[32m[I 2022-01-11 22:00:04,564][0m Trial 120 finished with value: -1224.95263671875 and parameters: {'r_scaling': 0.07725456419679745, 'unroll': 11, 'update_epoch': 12, 'discount': 0.9716598282270807, 'lr': 0.00022259706506395867, 'entropy': 0.05881288806198625}. Best is trial 51 with value: -8851.7880859375.[0m
[32m[I 2022-01-11 22:07:12,940][0m Trial 121 finished with value: -8346.833984375 and parameters: {'r_scaling': 0.24047487214951585, 'unroll': 6, 'update_epoch': 10, 'discount': 0.9921736143918339, 'lr': 0.00012548091536366236, 'entropy': 0.04477808118629639}. Best is trial 51 with value: -8851.7880859375.[0m
[32m[I 2022-01-11 22:14:22,853][0m Trial 122 finished with value: -8014.33349609375 and parameters: {'r_scaling': 0.3363948562661793, 'unroll': 6, 'update_epoch': 10, 'discount': 0.9922437361658294, 'lr': 0.00012761710456741162, 'entropy': 0.04127229346766619}. Best is trial 51 with value: -8851.7880859375.[0m
[32m[I 2022-01-11 22:24:24,344][0m Trial 123 finished with value: -7397.31591796875 and parameters: {'r_scaling': 0.47732602269121505, 'unroll': 6, 'update_epoch': 10, 'discount': 0.9916129447169084, 'lr': 0.00012715829396746774, 'entropy': 0.0435436910579532}. Best is trial 51 with value: -8851.7880859375.[0m
[32m[I 2022-01-11 22:34:29,814][0m Trial 124 finished with value: -7799.517578125 and parameters: {'r_scaling': 0.347365546513724, 'unroll': 5, 'update_epoch': 11, 'discount': 0.990128667231112, 'lr': 0.00012117743488270563, 'entropy': 0.030985033023129077}. Best is trial 51 with value: -8851.7880859375.[0m
[32m[I 2022-01-11 22:41:30,741][0m Trial 125 finished with value: -4970.185546875 and parameters: {'r_scaling': 0.597431566585447, 'unroll': 6, 'update_epoch': 10, 'discount': 0.9926765010444213, 'lr': 0.0002547819093831837, 'entropy': 0.04983053600328087}. Best is trial 51 with value: -8851.7880859375.[0m
[32m[I 2022-01-11 22:49:24,901][0m Trial 126 finished with value: -5878.02294921875 and parameters: {'r_scaling': 0.2676847008770609, 'unroll': 5, 'update_epoch': 14, 'discount': 0.9843859275686918, 'lr': 0.00013628935754043576, 'entropy': 0.06240382677711989}. Best is trial 51 with value: -8851.7880859375.[0m
[32m[I 2022-01-11 22:56:14,363][0m Trial 127 finished with value: -1959.8140869140625 and parameters: {'r_scaling': 0.8014782026516688, 'unroll': 4, 'update_epoch': 11, 'discount': 0.952059864313565, 'lr': 0.00013047982372449914, 'entropy': 0.00221828531634239}. Best is trial 51 with value: -8851.7880859375.[0m
[32m[I 2022-01-11 23:07:09,190][0m Trial 128 finished with value: -2746.6611328125 and parameters: {'r_scaling': 0.4388830314320506, 'unroll': 6, 'update_epoch': 12, 'discount': 0.9813945841000671, 'lr': 0.00029180955445167345, 'entropy': 0.019853348782535783}. Best is trial 51 with value: -8851.7880859375.[0m
[32m[I 2022-01-11 23:14:16,754][0m Trial 129 finished with value: -6380.986328125 and parameters: {'r_scaling': 0.24040014392184547, 'unroll': 6, 'update_epoch': 10, 'discount': 0.9861056280417629, 'lr': 0.00011839649281123587, 'entropy': 0.04194700441173483}. Best is trial 51 with value: -8851.7880859375.[0m
[32m[I 2022-01-11 23:21:41,439][0m Trial 130 finished with value: -299.71221923828125 and parameters: {'r_scaling': 0.2027347705566354, 'unroll': 4, 'update_epoch': 11, 'discount': 0.9679823845494833, 'lr': 0.0019256233385499767, 'entropy': 0.0032594349463243868}. Best is trial 51 with value: -8851.7880859375.[0m
[32m[I 2022-01-11 23:32:26,526][0m Trial 131 finished with value: -7197.35791015625 and parameters: {'r_scaling': 0.1084687925589966, 'unroll': 7, 'update_epoch': 10, 'discount': 0.9885537400647226, 'lr': 0.00014438143720314943, 'entropy': 0.03435011670948381}. Best is trial 51 with value: -8851.7880859375.[0m
[32m[I 2022-01-11 23:39:23,923][0m Trial 132 finished with value: -6808.9091796875 and parameters: {'r_scaling': 0.3048831749353868, 'unroll': 7, 'update_epoch': 10, 'discount': 0.991249936734819, 'lr': 0.00015070981419562478, 'entropy': 0.03763649154336058}. Best is trial 51 with value: -8851.7880859375.[0m
[32m[I 2022-01-11 23:50:10,959][0m Trial 133 finished with value: -7275.9228515625 and parameters: {'r_scaling': 0.16583401249507893, 'unroll': 6, 'update_epoch': 9, 'discount': 0.9876359489432979, 'lr': 0.00013848696877765201, 'entropy': 0.05603855353653969}. Best is trial 51 with value: -8851.7880859375.[0m
[32m[I 2022-01-11 23:57:18,458][0m Trial 134 finished with value: -8562.2470703125 and parameters: {'r_scaling': 0.367797387106243, 'unroll': 7, 'update_epoch': 10, 'discount': 0.983342713560791, 'lr': 0.00017789266880521674, 'entropy': 0.023506199533686444}. Best is trial 51 with value: -8851.7880859375.[0m
[32m[I 2022-01-12 00:04:56,588][0m Trial 135 finished with value: -5619.97705078125 and parameters: {'r_scaling': 0.37162721326759984, 'unroll': 5, 'update_epoch': 11, 'discount': 0.97919249738221, 'lr': 0.00017599847021153826, 'entropy': 0.0243615497642869}. Best is trial 51 with value: -8851.7880859375.[0m
[32m[I 2022-01-12 00:17:18,919][0m Trial 136 finished with value: -6872.6240234375 and parameters: {'r_scaling': 0.4957072634042716, 'unroll': 2, 'update_epoch': 10, 'discount': 0.9832037014008199, 'lr': 0.00012379372554625478, 'entropy': 0.018052118072265595}. Best is trial 51 with value: -8851.7880859375.[0m
[32m[I 2022-01-12 00:24:17,812][0m Trial 137 finished with value: -4948.98974609375 and parameters: {'r_scaling': 0.2708338368687138, 'unroll': 9, 'update_epoch': 10, 'discount': 0.9752454437140985, 'lr': 0.00010589853192297975, 'entropy': 0.015365371740326986}. Best is trial 51 with value: -8851.7880859375.[0m
[32m[I 2022-01-12 00:35:17,900][0m Trial 138 finished with value: -1265.7728271484375 and parameters: {'r_scaling': 3.373902563652794, 'unroll': 12, 'update_epoch': 11, 'discount': 0.9948471997617632, 'lr': 0.00027146699922273596, 'entropy': 0.02757455259761927}. Best is trial 51 with value: -8851.7880859375.[0m
