[32m[I 2022-01-12 00:46:23,492][0m Trial 139 finished with value: -6710.6865234375 and parameters: {'r_scaling': 0.4151454741823393, 'unroll': 7, 'update_epoch': 12, 'discount': 0.9899745143626497, 'lr': 0.00019434444646805374, 'entropy': 0.06822064060825989}. Best is trial 51 with value: -8851.7880859375.[0m
[32m[I 2022-01-12 00:53:29,298][0m Trial 140 finished with value: -1195.1346435546875 and parameters: {'r_scaling': 1.1242676760934303, 'unroll': 10, 'update_epoch': 13, 'discount': 0.9926747944630848, 'lr': 0.00021453555706968267, 'entropy': 0.0016660724195967991}. Best is trial 51 with value: -8851.7880859375.[0m
[32m[I 2022-01-12 01:00:15,398][0m Trial 141 finished with value: -1447.55615234375 and parameters: {'r_scaling': 0.20046807673515135, 'unroll': 8, 'update_epoch': 10, 'discount': 0.9870371351127216, 'lr': 0.00016297657103264086, 'entropy': 0.00034000249429720235}. Best is trial 51 with value: -8851.7880859375.[0m
[32m[I 2022-01-12 01:07:06,428][0m Trial 142 finished with value: -7247.79248046875 and parameters: {'r_scaling': 0.3238009214426426, 'unroll': 7, 'update_epoch': 9, 'discount': 0.9846790939040385, 'lr': 0.00015582971641813945, 'entropy': 0.04722033315595917}. Best is trial 51 with value: -8851.7880859375.[0m
[32m[I 2022-01-12 01:18:07,188][0m Trial 143 finished with value: -7373.5537109375 and parameters: {'r_scaling': 0.13454004360771196, 'unroll': 7, 'update_epoch': 10, 'discount': 0.9888852096852292, 'lr': 0.00014295636129117115, 'entropy': 0.03072980231107092}. Best is trial 51 with value: -8851.7880859375.[0m
[32m[I 2022-01-12 01:29:27,942][0m Trial 144 finished with value: -7906.29833984375 and parameters: {'r_scaling': 0.21751226149541708, 'unroll': 6, 'update_epoch': 11, 'discount': 0.9809482099188234, 'lr': 0.00013222050966885536, 'entropy': 0.021587862690693082}. Best is trial 51 with value: -8851.7880859375.[0m
[32m[I 2022-01-12 01:40:28,493][0m Trial 145 finished with value: -955.5951538085938 and parameters: {'r_scaling': 0.24904153011133284, 'unroll': 7, 'update_epoch': 9, 'discount': 0.9353369515843105, 'lr': 0.00011431434969739583, 'entropy': 0.04093660461423302}. Best is trial 51 with value: -8851.7880859375.[0m
[32m[I 2022-01-12 01:50:28,291][0m Trial 146 finished with value: -773.8516235351562 and parameters: {'r_scaling': 0.5606335394813676, 'unroll': 8, 'update_epoch': 4, 'discount': 0.978415889659922, 'lr': 0.00018157653548614582, 'entropy': 0.08234195030169629}. Best is trial 51 with value: -8851.7880859375.[0m
[32m[I 2022-01-12 01:57:38,284][0m Trial 147 finished with value: -6126.1953125 and parameters: {'r_scaling': 0.176743603846343, 'unroll': 6, 'update_epoch': 10, 'discount': 0.9918987906722796, 'lr': 0.0005153523193694219, 'entropy': 0.05356822979392538}. Best is trial 51 with value: -8851.7880859375.[0m
[32m[I 2022-01-12 02:04:50,101][0m Trial 148 finished with value: -6813.2529296875 and parameters: {'r_scaling': 0.1467056796639368, 'unroll': 6, 'update_epoch': 10, 'discount': 0.9863787574053795, 'lr': 0.00016860190922412914, 'entropy': 0.005711673516720142}. Best is trial 51 with value: -8851.7880859375.[0m
[32m[I 2022-01-12 02:12:10,010][0m Trial 149 finished with value: -3825.58642578125 and parameters: {'r_scaling': 0.08913804486235231, 'unroll': 5, 'update_epoch': 11, 'discount': 0.983635538175343, 'lr': 0.00014800968319475766, 'entropy': 0.035152391748609846}. Best is trial 51 with value: -8851.7880859375.[0m
[32m[I 2022-01-12 02:18:49,783][0m Trial 150 finished with value: -1354.8768310546875 and parameters: {'r_scaling': 0.30193268810724977, 'unroll': 8, 'update_epoch': 9, 'discount': 0.9897279319596625, 'lr': 0.00024051247362785302, 'entropy': 0.024193645018532644}. Best is trial 51 with value: -8851.7880859375.[0m
[32m[I 2022-01-12 02:30:07,785][0m Trial 151 finished with value: -9134.8017578125 and parameters: {'r_scaling': 0.21804078284583595, 'unroll': 6, 'update_epoch': 11, 'discount': 0.9814598677032074, 'lr': 0.00012788246462461402, 'entropy': 0.011629680086639397}. Best is trial 151 with value: -9134.8017578125.[0m
[32m[I 2022-01-12 02:37:21,774][0m Trial 152 finished with value: -6962.736328125 and parameters: {'r_scaling': 0.3889943571582396, 'unroll': 7, 'update_epoch': 12, 'discount': 0.9819232961424326, 'lr': 0.00012373863201612967, 'entropy': 0.014570178692469656}. Best is trial 151 with value: -9134.8017578125.[0m
[32m[I 2022-01-12 02:44:58,081][0m Trial 153 finished with value: -1083.6044921875 and parameters: {'r_scaling': 0.11722000274211238, 'unroll': 5, 'update_epoch': 11, 'discount': 0.9255162853265715, 'lr': 0.00013284354138895683, 'entropy': 0.013160394146509198}. Best is trial 151 with value: -9134.8017578125.[0m
[32m[I 2022-01-12 02:51:35,930][0m Trial 154 finished with value: -2956.517333984375 and parameters: {'r_scaling': 0.23835449432767436, 'unroll': 10, 'update_epoch': 10, 'discount': 0.9767295573135868, 'lr': 0.0001000017772457165, 'entropy': 0.0449430566738439}. Best is trial 151 with value: -9134.8017578125.[0m
[32m[I 2022-01-12 02:58:06,472][0m Trial 155 finished with value: -2188.20703125 and parameters: {'r_scaling': 0.34553045387623205, 'unroll': 14, 'update_epoch': 11, 'discount': 0.9855312579225403, 'lr': 0.0001275619124137499, 'entropy': 0.011417642123985567}. Best is trial 151 with value: -9134.8017578125.[0m
[32m[I 2022-01-12 03:05:13,215][0m Trial 156 finished with value: -6633.99755859375 and parameters: {'r_scaling': 0.1937564092068373, 'unroll': 6, 'update_epoch': 10, 'discount': 0.9932037595878608, 'lr': 0.0001153751761384095, 'entropy': 0.009648771763356972}. Best is trial 151 with value: -9134.8017578125.[0m
[32m[I 2022-01-12 03:16:07,422][0m Trial 157 finished with value: -4408.59130859375 and parameters: {'r_scaling': 0.29193511090028523, 'unroll': 9, 'update_epoch': 9, 'discount': 0.9796689953483609, 'lr': 0.00015705155105778904, 'entropy': 0.01664618382404821}. Best is trial 151 with value: -9134.8017578125.[0m
[32m[I 2022-01-12 03:23:08,793][0m Trial 158 finished with value: -2243.879638671875 and parameters: {'r_scaling': 0.14995403254410652, 'unroll': 7, 'update_epoch': 10, 'discount': 0.9625855761653808, 'lr': 0.0001425319687362374, 'entropy': 0.008561728335390699}. Best is trial 151 with value: -9134.8017578125.[0m
[32m[I 2022-01-12 03:30:24,353][0m Trial 159 finished with value: -431.2308349609375 and parameters: {'r_scaling': 0.05796393509681091, 'unroll': 6, 'update_epoch': 11, 'discount': 0.9412730326058497, 'lr': 0.00032780164962774945, 'entropy': 0.06158345724210601}. Best is trial 151 with value: -9134.8017578125.[0m
[32m[I 2022-01-12 03:37:51,965][0m Trial 160 finished with value: -1452.6065673828125 and parameters: {'r_scaling': 2.117847023676166, 'unroll': 5, 'update_epoch': 12, 'discount': 0.9879538737069852, 'lr': 0.00012154989917698432, 'entropy': 0.029074080665721563}. Best is trial 151 with value: -9134.8017578125.[0m
[32m[I 2022-01-12 03:45:05,297][0m Trial 161 finished with value: -7268.02734375 and parameters: {'r_scaling': 0.2221245023796058, 'unroll': 6, 'update_epoch': 11, 'discount': 0.9810094454662557, 'lr': 0.00013413427217505886, 'entropy': 0.021968726832318555}. Best is trial 151 with value: -9134.8017578125.[0m
[32m[I 2022-01-12 03:52:45,461][0m Trial 162 finished with value: -8515.8798828125 and parameters: {'r_scaling': 0.1855436956064113, 'unroll': 6, 'update_epoch': 11, 'discount': 0.9829009719689881, 'lr': 0.00013139050238591943, 'entropy': 0.018294562719985433}. Best is trial 151 with value: -9134.8017578125.[0m
[32m[I 2022-01-12 03:59:45,922][0m Trial 163 finished with value: -8065.3310546875 and parameters: {'r_scaling': 0.1800014894561188, 'unroll': 7, 'update_epoch': 10, 'discount': 0.9827511682157128, 'lr': 0.00011114257650438823, 'entropy': 0.01938093832054448}. Best is trial 151 with value: -9134.8017578125.[0m
[32m[I 2022-01-12 04:10:33,160][0m Trial 164 finished with value: -5509.693359375 and parameters: {'r_scaling': 0.264857593636689, 'unroll': 6, 'update_epoch': 10, 'discount': 0.9776283054830196, 'lr': 0.00011038779068461308, 'entropy': 0.01758756018558741}. Best is trial 151 with value: -9134.8017578125.[0m
[32m[I 2022-01-12 04:21:48,972][0m Trial 165 finished with value: -4206.439453125 and parameters: {'r_scaling': 0.47705928386356905, 'unroll': 5, 'update_epoch': 11, 'discount': 0.982762328237444, 'lr': 0.00011572082076822886, 'entropy': 0.01891416814974385}. Best is trial 151 with value: -9134.8017578125.[0m
[32m[I 2022-01-12 04:28:57,115][0m Trial 166 finished with value: -6027.26318359375 and parameters: {'r_scaling': 0.37614773402674073, 'unroll': 5, 'update_epoch': 10, 'discount': 0.9837285546583645, 'lr': 0.00010692387731292803, 'entropy': 0.015192573428216723}. Best is trial 151 with value: -9134.8017578125.[0m
[32m[I 2022-01-12 04:36:26,338][0m Trial 167 finished with value: -5126.59375 and parameters: {'r_scaling': 0.12671844619898634, 'unroll': 6, 'update_epoch': 12, 'discount': 0.9737488069660603, 'lr': 0.000125309104502082, 'entropy': 0.013474524860353573}. Best is trial 151 with value: -9134.8017578125.[0m
[32m[I 2022-01-12 04:47:21,147][0m Trial 168 finished with value: -8864.5185546875 and parameters: {'r_scaling': 0.1960834779923985, 'unroll': 7, 'update_epoch': 11, 'discount': 0.9858938554171573, 'lr': 0.00011810471526788234, 'entropy': 0.011210493450087997}. Best is trial 151 with value: -9134.8017578125.[0m
[32m[I 2022-01-12 04:58:37,180][0m Trial 169 finished with value: -5775.009765625 and parameters: {'r_scaling': 0.1945549479699681, 'unroll': 7, 'update_epoch': 12, 'discount': 0.990420945088459, 'lr': 0.00011718289589521887, 'entropy': 0.011719318738553306}. Best is trial 151 with value: -9134.8017578125.[0m
[32m[I 2022-01-12 05:05:20,662][0m Trial 170 finished with value: -1254.515869140625 and parameters: {'r_scaling': 0.33225354871838036, 'unroll': 15, 'update_epoch': 11, 'discount': 0.9795484815893937, 'lr': 0.0001041112129983534, 'entropy': 0.010365192183218928}. Best is trial 151 with value: -9134.8017578125.[0m
[32m[I 2022-01-12 05:16:39,694][0m Trial 171 finished with value: -8591.0634765625 and parameters: {'r_scaling': 0.1738566974548058, 'unroll': 7, 'update_epoch': 11, 'discount': 0.985614008044273, 'lr': 0.00013651739772416852, 'entropy': 0.016985231780573103}. Best is trial 151 with value: -9134.8017578125.[0m
[32m[I 2022-01-12 05:28:27,322][0m Trial 172 finished with value: -7228.29833984375 and parameters: {'r_scaling': 0.1751536360303182, 'unroll': 7, 'update_epoch': 11, 'discount': 0.985770757296153, 'lr': 0.00013639046658327314, 'entropy': 0.0158588678765037}. Best is trial 151 with value: -9134.8017578125.[0m
[32m[I 2022-01-12 05:35:23,883][0m Trial 173 finished with value: -5797.93359375 and parameters: {'r_scaling': 0.24072355357528116, 'unroll': 8, 'update_epoch': 11, 'discount': 0.9842098694461646, 'lr': 0.00012480061604662333, 'entropy': 0.012088711304103677}. Best is trial 151 with value: -9134.8017578125.[0m
[32m[I 2022-01-12 05:46:34,154][0m Trial 174 finished with value: -7006.95361328125 and parameters: {'r_scaling': 0.2920280314803246, 'unroll': 7, 'update_epoch': 12, 'discount': 0.9814411847742629, 'lr': 0.00011007536693146766, 'entropy': 0.07247885168905488}. Best is trial 151 with value: -9134.8017578125.[0m
[32m[I 2022-01-12 05:57:42,458][0m Trial 175 finished with value: -7984.02490234375 and parameters: {'r_scaling': 0.10809145224123048, 'unroll': 7, 'update_epoch': 11, 'discount': 0.9863422508278724, 'lr': 0.00012963048680836293, 'entropy': 0.018374975184014843}. Best is trial 151 with value: -9134.8017578125.[0m
[32m[I 2022-01-12 06:04:43,579][0m Trial 176 finished with value: -2707.369873046875 and parameters: {'r_scaling': 0.2078809426325914, 'unroll': 6, 'update_epoch': 10, 'discount': 0.9907945794576084, 'lr': 0.00014161436873763957, 'entropy': 0.02066544573009782}. Best is trial 151 with value: -9134.8017578125.[0m
[32m[I 2022-01-12 06:15:31,521][0m Trial 177 finished with value: -1138.1724853515625 and parameters: {'r_scaling': 0.6579860087383046, 'unroll': 8, 'update_epoch': 12, 'discount': 0.9160574413189224, 'lr': 0.00011786459213132922, 'entropy': 0.013870209076613226}. Best is trial 151 with value: -9134.8017578125.[0m
[32m[I 2022-01-12 06:26:44,115][0m Trial 178 finished with value: -5969.57861328125 and parameters: {'r_scaling': 0.15496920110825305, 'unroll': 7, 'update_epoch': 11, 'discount': 0.9889922363501487, 'lr': 0.0007221820256107589, 'entropy': 0.007394919091578434}. Best is trial 151 with value: -9134.8017578125.[0m
[32m[I 2022-01-12 06:34:05,014][0m Trial 179 finished with value: -4661.0205078125 and parameters: {'r_scaling': 0.45628480200690985, 'unroll': 4, 'update_epoch': 10, 'discount': 0.9928740741631077, 'lr': 0.0001295599524256953, 'entropy': 0.05070050384289485}. Best is trial 151 with value: -9134.8017578125.[0m
[32m[I 2022-01-12 06:41:12,375][0m Trial 180 finished with value: -7289.2939453125 and parameters: {'r_scaling': 0.2627604207352508, 'unroll': 6, 'update_epoch': 11, 'discount': 0.9828161346853348, 'lr': 0.0001122206665374796, 'entropy': 0.026819373918218807}. Best is trial 151 with value: -9134.8017578125.[0m
[32m[I 2022-01-12 06:47:44,782][0m Trial 181 finished with value: -2469.52490234375 and parameters: {'r_scaling': 0.17565572414068553, 'unroll': 13, 'update_epoch': 10, 'discount': 0.9880799327778632, 'lr': 0.00013783835067090005, 'entropy': 0.021300267740523644}. Best is trial 151 with value: -9134.8017578125.[0m
[32m[I 2022-01-12 06:54:40,075][0m Trial 182 finished with value: -8636.93359375 and parameters: {'r_scaling': 0.13603125845062983, 'unroll': 9, 'update_epoch': 10, 'discount': 0.9852804746897864, 'lr': 0.00012290126769119557, 'entropy': 0.024807161741440112}. Best is trial 151 with value: -9134.8017578125.[0m
[32m[I 2022-01-12 07:01:36,049][0m Trial 183 finished with value: -8121.76904296875 and parameters: {'r_scaling': 0.08990628934620282, 'unroll': 9, 'update_epoch': 10, 'discount': 0.985201814338968, 'lr': 0.00011983941579251166, 'entropy': 0.023798819828719946}. Best is trial 151 with value: -9134.8017578125.[0m
[32m[I 2022-01-12 07:08:36,101][0m Trial 184 finished with value: -7561.22509765625 and parameters: {'r_scaling': 0.07686974458400213, 'unroll': 9, 'update_epoch': 11, 'discount': 0.9849738073435583, 'lr': 0.00012064280086104079, 'entropy': 0.004288542249804063}. Best is trial 151 with value: -9134.8017578125.[0m
[32m[I 2022-01-12 07:15:30,072][0m Trial 185 finished with value: -7139.7431640625 and parameters: {'r_scaling': 0.09751733934544682, 'unroll': 9, 'update_epoch': 10, 'discount': 0.9806010699362329, 'lr': 0.00014812838351977808, 'entropy': 0.02330255237747063}. Best is trial 151 with value: -9134.8017578125.[0m
[32m[I 2022-01-12 07:22:26,146][0m Trial 186 finished with value: -6444.5087890625 and parameters: {'r_scaling': 0.1318881959124467, 'unroll': 9, 'update_epoch': 10, 'discount': 0.978466450765228, 'lr': 0.00010481821157977684, 'entropy': 0.016441302045810083}. Best is trial 151 with value: -9134.8017578125.[0m
[32m[I 2022-01-12 07:29:13,696][0m Trial 187 finished with value: -7414.18505859375 and parameters: {'r_scaling': 0.11914117500641623, 'unroll': 8, 'update_epoch': 11, 'discount': 0.9831985176985643, 'lr': 0.00011689739191051403, 'entropy': 0.025558508574756788}. Best is trial 151 with value: -9134.8017578125.[0m
[32m[I 2022-01-12 07:35:45,816][0m Trial 188 finished with value: -7389.865234375 and parameters: {'r_scaling': 0.08296873467673077, 'unroll': 10, 'update_epoch': 10, 'discount': 0.9869201276002897, 'lr': 0.00012342612036321144, 'entropy': 0.01848356340309758}. Best is trial 151 with value: -9134.8017578125.[0m
[32m[I 2022-01-12 07:42:55,849][0m Trial 189 finished with value: -4748.08203125 and parameters: {'r_scaling': 0.06640389934981326, 'unroll': 7, 'update_epoch': 12, 'discount': 0.9851051102886217, 'lr': 0.00013345623822646447, 'entropy': 0.03003976942455228}. Best is trial 151 with value: -9134.8017578125.[0m
[32m[I 2022-01-12 07:48:27,044][0m Trial 190 finished with value: -621.7540893554688 and parameters: {'r_scaling': 0.10196206574889252, 'unroll': 10, 'update_epoch': 1, 'discount': 0.9817571203869891, 'lr': 0.00011176300114898151, 'entropy': 0.09034284324728524}. Best is trial 151 with value: -9134.8017578125.[0m
[32m[I 2022-01-12 07:55:39,724][0m Trial 191 finished with value: -5777.7744140625 and parameters: {'r_scaling': 67.41249649307264, 'unroll': 9, 'update_epoch': 10, 'discount': 0.991458985327282, 'lr': 0.00012717053820946388, 'entropy': 0.04094402506117392}. Best is trial 151 with value: -9134.8017578125.[0m
[32m[I 2022-01-12 08:02:32,007][0m Trial 192 finished with value: -7011.85107421875 and parameters: {'r_scaling': 0.2274322151756427, 'unroll': 9, 'update_epoch': 10, 'discount': 0.9892333638597992, 'lr': 0.0001212714944377024, 'entropy': 0.05718926686735798}. Best is trial 151 with value: -9134.8017578125.[0m
[32m[I 2022-01-12 08:09:12,791][0m Trial 193 finished with value: -6407.12451171875 and parameters: {'r_scaling': 0.3687207553444817, 'unroll': 8, 'update_epoch': 10, 'discount': 0.9863013830141387, 'lr': 0.00013907245944975617, 'entropy': 0.03455965680844525}. Best is trial 151 with value: -9134.8017578125.[0m
[32m[I 2022-01-12 08:20:22,973][0m Trial 194 finished with value: -7808.990234375 and parameters: {'r_scaling': 0.14532265355121984, 'unroll': 6, 'update_epoch': 11, 'discount': 0.9943059882165576, 'lr': 0.00013121012550736474, 'entropy': 0.04762798832378904}. Best is trial 151 with value: -9134.8017578125.[0m
[32m[I 2022-01-12 08:27:25,956][0m Trial 195 finished with value: -7668.646484375 and parameters: {'r_scaling': 0.1834363351665262, 'unroll': 5, 'update_epoch': 10, 'discount': 0.9839252833075824, 'lr': 0.00015150485829090867, 'entropy': 0.020201025335155175}. Best is trial 151 with value: -9134.8017578125.[0m
[32m[I 2022-01-12 08:34:32,870][0m Trial 196 finished with value: -4733.1181640625 and parameters: {'r_scaling': 0.30929605430855855, 'unroll': 6, 'update_epoch': 11, 'discount': 0.9760135524561498, 'lr': 0.00011486301522091708, 'entropy': 0.024758422306800542}. Best is trial 151 with value: -9134.8017578125.[0m
[32m[I 2022-01-12 08:44:37,635][0m Trial 197 finished with value: -4610.61669921875 and parameters: {'r_scaling': 0.4369380116484108, 'unroll': 9, 'update_epoch': 9, 'discount': 0.9909344448750551, 'lr': 0.0001247996059364718, 'entropy': 0.009904254350782965}. Best is trial 151 with value: -9134.8017578125.[0m
[32m[I 2022-01-12 08:54:50,188][0m Trial 198 finished with value: -8332.6142578125 and parameters: {'r_scaling': 0.23672900971805258, 'unroll': 7, 'update_epoch': 10, 'discount': 0.9798862725254315, 'lr': 0.0001406952693962465, 'entropy': 0.03248177335464421}. Best is trial 151 with value: -9134.8017578125.[0m
[32m[I 2022-01-12 09:01:45,927][0m Trial 199 finished with value: -5304.60986328125 and parameters: {'r_scaling': 0.22201791295785592, 'unroll': 7, 'update_epoch': 11, 'discount': 0.9782260466900039, 'lr': 0.0001701889284630416, 'entropy': 0.0319256559276154}. Best is trial 151 with value: -9134.8017578125.[0m
