[32m[I 2022-01-10 15:05:01,874][0m A new study created in memory with name: no-name-b842c238-da96-4117-97c1-501a0b70cf78[0m
[32m[I 2022-01-10 15:11:08,176][0m Trial 0 finished with value: -288.5096740722656 and parameters: {'r_scaling': 3.2389285781463837, 'unroll': 5, 'update_epoch': 5, 'discount': 0.915509942213319, 'lr': 0.0013310104220268808, 'entropy': 0.0070631094510661945}. Best is trial 0 with value: -288.5096740722656.[0m
[32m[I 2022-01-10 15:17:43,093][0m Trial 1 finished with value: -904.6892700195312 and parameters: {'r_scaling': 15.250894377035001, 'unroll': 11, 'update_epoch': 8, 'discount': 0.9090948814350619, 'lr': 0.0006447876404049096, 'entropy': 0.09133177553167163}. Best is trial 1 with value: -904.6892700195312.[0m
[32m[I 2022-01-10 15:23:07,940][0m Trial 2 finished with value: -339.1726989746094 and parameters: {'r_scaling': 0.7657535277855645, 'unroll': 8, 'update_epoch': 1, 'discount': 0.9101188409042111, 'lr': 0.001945537776277082, 'entropy': 0.0003282108953590371}. Best is trial 1 with value: -904.6892700195312.[0m
[32m[I 2022-01-10 15:28:39,066][0m Trial 3 finished with value: -394.51336669921875 and parameters: {'r_scaling': 0.07861723148892184, 'unroll': 10, 'update_epoch': 4, 'discount': 0.9146196307748098, 'lr': 0.0001654080805737221, 'entropy': 0.08964856274457446}. Best is trial 1 with value: -904.6892700195312.[0m
[32m[I 2022-01-10 15:35:08,621][0m Trial 4 finished with value: -1131.774658203125 and parameters: {'r_scaling': 19.123315610174586, 'unroll': 12, 'update_epoch': 7, 'discount': 0.9528965078258597, 'lr': 0.00015051344371518733, 'entropy': 0.030309858213652556}. Best is trial 4 with value: -1131.774658203125.[0m
[32m[I 2022-01-10 15:41:12,593][0m Trial 5 finished with value: -1282.46630859375 and parameters: {'r_scaling': 1.1405825368029723, 'unroll': 3, 'update_epoch': 2, 'discount': 0.9867425283418342, 'lr': 0.0004048104119988121, 'entropy': 0.00019740599663920874}. Best is trial 5 with value: -1282.46630859375.[0m
[32m[I 2022-01-10 15:48:23,252][0m Trial 6 finished with value: -358.5353698730469 and parameters: {'r_scaling': 0.3784089871347675, 'unroll': 14, 'update_epoch': 11, 'discount': 0.9294172101606542, 'lr': 0.0010076874975159871, 'entropy': 0.002804829232789704}. Best is trial 5 with value: -1282.46630859375.[0m
[32m[I 2022-01-10 15:59:28,772][0m Trial 7 finished with value: -351.5163879394531 and parameters: {'r_scaling': 0.07675291109651704, 'unroll': 1, 'update_epoch': 14, 'discount': 0.9005802201371493, 'lr': 0.00018823261111059592, 'entropy': 0.07722646681582852}. Best is trial 5 with value: -1282.46630859375.[0m
[32m[I 2022-01-10 16:05:52,298][0m Trial 8 finished with value: -1463.7509765625 and parameters: {'r_scaling': 3.675919333325412, 'unroll': 7, 'update_epoch': 8, 'discount': 0.9751237349877399, 'lr': 0.000508545690890258, 'entropy': 0.03364487522749731}. Best is trial 8 with value: -1463.7509765625.[0m
[32m[I 2022-01-10 16:12:37,518][0m Trial 9 finished with value: -1066.99951171875 and parameters: {'r_scaling': 27.814549206792872, 'unroll': 8, 'update_epoch': 8, 'discount': 0.9554199888030904, 'lr': 0.0006708174009374078, 'entropy': 0.00013786998534328262}. Best is trial 8 with value: -1463.7509765625.[0m
[32m[I 2022-01-10 16:20:30,548][0m Trial 10 finished with value: -5787.9326171875 and parameters: {'r_scaling': 157.8559968980383, 'unroll': 5, 'update_epoch': 12, 'discount': 0.9948596204918381, 'lr': 0.0003534891821255305, 'entropy': 0.00857517693590566}. Best is trial 10 with value: -5787.9326171875.[0m
[32m[I 2022-01-10 16:28:16,748][0m Trial 11 finished with value: -4718.10205078125 and parameters: {'r_scaling': 195.6191856162798, 'unroll': 5, 'update_epoch': 12, 'discount': 0.9946989267854673, 'lr': 0.00030244868670915474, 'entropy': 0.007189568120094079}. Best is trial 10 with value: -5787.9326171875.[0m
[32m[I 2022-01-10 16:36:15,780][0m Trial 12 finished with value: -1896.707275390625 and parameters: {'r_scaling': 179.80453767896827, 'unroll': 5, 'update_epoch': 12, 'discount': 0.9915905553811074, 'lr': 0.00032587390083318015, 'entropy': 0.004104197083109899}. Best is trial 10 with value: -5787.9326171875.[0m
[32m[I 2022-01-10 16:44:44,028][0m Trial 13 finished with value: -2092.778076171875 and parameters: {'r_scaling': 116.46034030635457, 'unroll': 5, 'update_epoch': 15, 'discount': 0.9727078985558694, 'lr': 0.0002751873307657936, 'entropy': 0.0011155521427663319}. Best is trial 10 with value: -5787.9326171875.[0m
[32m[I 2022-01-10 16:53:20,552][0m Trial 14 finished with value: -1395.7333984375 and parameters: {'r_scaling': 60.22529382532711, 'unroll': 2, 'update_epoch': 11, 'discount': 0.9712288044583427, 'lr': 0.00025080708022909553, 'entropy': 0.01189865919569111}. Best is trial 10 with value: -5787.9326171875.[0m
[32m[I 2022-01-10 17:01:41,143][0m Trial 15 finished with value: -5781.35205078125 and parameters: {'r_scaling': 54.69134880157038, 'unroll': 4, 'update_epoch': 13, 'discount': 0.9936117627731479, 'lr': 0.00010689760467686673, 'entropy': 0.0012325416229779598}. Best is trial 10 with value: -5787.9326171875.[0m
[32m[I 2022-01-10 17:09:53,507][0m Trial 16 finished with value: -993.255615234375 and parameters: {'r_scaling': 7.978160749039156, 'unroll': 3, 'update_epoch': 13, 'discount': 0.9392685897469949, 'lr': 0.00010498812985673456, 'entropy': 0.0013071464477679919}. Best is trial 10 with value: -5787.9326171875.[0m
[32m[I 2022-01-10 17:17:01,779][0m Trial 17 finished with value: -1668.8199462890625 and parameters: {'r_scaling': 53.774313767991195, 'unroll': 6, 'update_epoch': 10, 'discount': 0.9801400203279266, 'lr': 0.00012467021592858739, 'entropy': 0.0009119041444850187}. Best is trial 10 with value: -5787.9326171875.[0m
[32m[I 2022-01-10 17:25:46,202][0m Trial 18 finished with value: -1364.0908203125 and parameters: {'r_scaling': 41.27542470769649, 'unroll': 3, 'update_epoch': 15, 'discount': 0.9589224780384235, 'lr': 0.0002277624395274017, 'entropy': 0.0019869949613114508}. Best is trial 10 with value: -5787.9326171875.[0m
[32m[I 2022-01-10 17:33:01,865][0m Trial 19 finished with value: -287.4043273925781 and parameters: {'r_scaling': 7.978870366189842, 'unroll': 9, 'update_epoch': 10, 'discount': 0.9650575440164398, 'lr': 0.000839278170910991, 'entropy': 0.0006339613971051835}. Best is trial 10 with value: -5787.9326171875.[0m
[32m[I 2022-01-10 17:43:18,830][0m Trial 20 finished with value: -2565.63134765625 and parameters: {'r_scaling': 81.85456627780405, 'unroll': 1, 'update_epoch': 13, 'discount': 0.9821803773729376, 'lr': 0.00010005462137921937, 'entropy': 0.014399329886090979}. Best is trial 10 with value: -5787.9326171875.[0m
[32m[I 2022-01-10 17:51:32,905][0m Trial 21 finished with value: -3462.635498046875 and parameters: {'r_scaling': 199.85689163864075, 'unroll': 4, 'update_epoch': 13, 'discount': 0.9919962606973455, 'lr': 0.00041157054774425587, 'entropy': 0.004918511643515205}. Best is trial 10 with value: -5787.9326171875.[0m
[32m[I 2022-01-10 17:59:04,153][0m Trial 22 finished with value: -1912.8780517578125 and parameters: {'r_scaling': 100.16948364919318, 'unroll': 6, 'update_epoch': 10, 'discount': 0.9942290704979054, 'lr': 0.0003343658793892703, 'entropy': 0.009782976371915846}. Best is trial 10 with value: -5787.9326171875.[0m
[32m[I 2022-01-10 18:06:30,059][0m Trial 23 finished with value: -5708.365234375 and parameters: {'r_scaling': 192.90968948608162, 'unroll': 7, 'update_epoch': 12, 'discount': 0.984235637269523, 'lr': 0.00019843748598145404, 'entropy': 0.020380651443721427}. Best is trial 10 with value: -5787.9326171875.[0m
[32m[I 2022-01-10 18:14:10,217][0m Trial 24 finished with value: -2616.440673828125 and parameters: {'r_scaling': 33.87422204221493, 'unroll': 7, 'update_epoch': 14, 'discount': 0.985145754695688, 'lr': 0.0002080133588522911, 'entropy': 0.02781694919508483}. Best is trial 10 with value: -5787.9326171875.[0m
[32m[I 2022-01-10 18:21:18,630][0m Trial 25 finished with value: -1226.3905029296875 and parameters: {'r_scaling': 87.9392655741793, 'unroll': 7, 'update_epoch': 11, 'discount': 0.9637890906410695, 'lr': 0.00014562088176257895, 'entropy': 0.01803368032551069}. Best is trial 10 with value: -5787.9326171875.[0m
[32m[I 2022-01-10 18:28:39,966][0m Trial 26 finished with value: -981.424072265625 and parameters: {'r_scaling': 12.283001872089809, 'unroll': 4, 'update_epoch': 9, 'discount': 0.94524238435223, 'lr': 0.00012405512072566883, 'entropy': 0.0022005819847303147}. Best is trial 10 with value: -5787.9326171875.[0m
[32m[I 2022-01-10 18:36:18,588][0m Trial 27 finished with value: -3144.469482421875 and parameters: {'r_scaling': 27.372176984183525, 'unroll': 9, 'update_epoch': 12, 'discount': 0.9787446647285327, 'lr': 0.00019310062624683106, 'entropy': 0.05142448532665537}. Best is trial 10 with value: -5787.9326171875.[0m
[32m[I 2022-01-10 18:44:14,374][0m Trial 28 finished with value: -1819.7020263671875 and parameters: {'r_scaling': 53.51581992090204, 'unroll': 6, 'update_epoch': 14, 'discount': 0.9860427906192426, 'lr': 0.000518369533649283, 'entropy': 0.0005191636768849501}. Best is trial 10 with value: -5787.9326171875.[0m
[32m[I 2022-01-10 18:50:52,581][0m Trial 29 finished with value: -859.799560546875 and parameters: {'r_scaling': 3.4022908673666397, 'unroll': 4, 'update_epoch': 6, 'discount': 0.9273970489389879, 'lr': 0.00013149879363627255, 'entropy': 0.006274475232259488}. Best is trial 10 with value: -5787.9326171875.[0m
[32m[I 2022-01-10 18:57:32,830][0m Trial 30 finished with value: -623.6127319335938 and parameters: {'r_scaling': 138.26291521317995, 'unroll': 2, 'update_epoch': 4, 'discount': 0.965168124396797, 'lr': 0.0001837698592219978, 'entropy': 0.01854884958944629}. Best is trial 10 with value: -5787.9326171875.[0m
[32m[I 2022-01-10 19:05:00,949][0m Trial 31 finished with value: -5489.7490234375 and parameters: {'r_scaling': 196.8082773530947, 'unroll': 6, 'update_epoch': 12, 'discount': 0.9948760120051654, 'lr': 0.00030298725740262374, 'entropy': 0.008006504044079439}. Best is trial 10 with value: -5787.9326171875.[0m
[32m[I 2022-01-10 19:12:23,687][0m Trial 32 finished with value: -2187.3203125 and parameters: {'r_scaling': 102.95745956603079, 'unroll': 6, 'update_epoch': 12, 'discount': 0.9875512904794453, 'lr': 0.0003638461464784073, 'entropy': 0.003576440870554004}. Best is trial 10 with value: -5787.9326171875.[0m
[32m[I 2022-01-10 19:19:53,201][0m Trial 33 finished with value: -1211.8829345703125 and parameters: {'r_scaling': 70.4988858675086, 'unroll': 8, 'update_epoch': 13, 'discount': 0.9776067072688945, 'lr': 0.0002672154835089992, 'entropy': 0.008997809131028451}. Best is trial 10 with value: -5787.9326171875.[0m
[32m[I 2022-01-10 19:27:25,024][0m Trial 34 finished with value: -3264.5419921875 and parameters: {'r_scaling': 141.09412776368137, 'unroll': 5, 'update_epoch': 9, 'discount': 0.9887667871592962, 'lr': 0.0002296368360494889, 'entropy': 0.021813801206067455}. Best is trial 10 with value: -5787.9326171875.[0m
[32m[I 2022-01-10 19:35:25,864][0m Trial 35 finished with value: -1018.0914916992188 and parameters: {'r_scaling': 18.598957154014226, 'unroll': 10, 'update_epoch': 15, 'discount': 0.9695260824805263, 'lr': 0.0004940634709414396, 'entropy': 0.044839836006288554}. Best is trial 10 with value: -5787.9326171875.[0m
[32m[I 2022-01-10 19:42:30,025][0m Trial 36 finished with value: -814.3294067382812 and parameters: {'r_scaling': 0.1566137673528685, 'unroll': 12, 'update_epoch': 11, 'discount': 0.9824643404241481, 'lr': 0.0019018612000570063, 'entropy': 0.0059457265563449}. Best is trial 10 with value: -5787.9326171875.[0m
[32m[I 2022-01-10 19:50:20,557][0m Trial 37 finished with value: -2384.365234375 and parameters: {'r_scaling': 1.456018284530635, 'unroll': 15, 'update_epoch': 14, 'discount': 0.9928660862415252, 'lr': 0.0001640907821446713, 'entropy': 0.00035914505596378765}. Best is trial 10 with value: -5787.9326171875.[0m
[32m[I 2022-01-10 19:58:33,822][0m Trial 38 finished with value: -286.687744140625 and parameters: {'r_scaling': 42.93042162260602, 'unroll': 4, 'update_epoch': 12, 'discount': 0.9948119379677796, 'lr': 0.0006263377012837499, 'entropy': 0.001705848516603534}. Best is trial 10 with value: -5787.9326171875.[0m
[32m[I 2022-01-10 20:05:37,038][0m Trial 39 finished with value: -2213.8857421875 and parameters: {'r_scaling': 115.56874875722524, 'unroll': 7, 'update_epoch': 9, 'discount': 0.9872994572363412, 'lr': 0.00038368479691467853, 'entropy': 0.0030669079930770865}. Best is trial 10 with value: -5787.9326171875.[0m
[32m[I 2022-01-10 20:12:27,038][0m Trial 40 finished with value: -1750.3564453125 and parameters: {'r_scaling': 69.77470528950042, 'unroll': 9, 'update_epoch': 7, 'discount': 0.9763905866736773, 'lr': 0.00016149755951159878, 'entropy': 0.010146525233658311}. Best is trial 10 with value: -5787.9326171875.[0m
[32m[I 2022-01-10 20:20:29,579][0m Trial 41 finished with value: -4924.609375 and parameters: {'r_scaling': 193.35020325312883, 'unroll': 5, 'update_epoch': 12, 'discount': 0.9908151348207485, 'lr': 0.00030204688548557624, 'entropy': 0.007443370807345706}. Best is trial 10 with value: -5787.9326171875.[0m
[32m[I 2022-01-10 20:28:09,769][0m Trial 42 finished with value: -824.2905883789062 and parameters: {'r_scaling': 199.66160391111524, 'unroll': 5, 'update_epoch': 11, 'discount': 0.9837472588753301, 'lr': 0.00032291573091004105, 'entropy': 0.007242182567664901}. Best is trial 10 with value: -5787.9326171875.[0m
[32m[I 2022-01-10 20:35:50,100][0m Trial 43 finished with value: -4924.876953125 and parameters: {'r_scaling': 148.40743600648014, 'unroll': 6, 'update_epoch': 13, 'discount': 0.9895803553630691, 'lr': 0.0002858721173646013, 'entropy': 0.012743636909848201}. Best is trial 10 with value: -5787.9326171875.[0m
[32m[I 2022-01-10 20:41:24,330][0m Trial 44 finished with value: -522.4815063476562 and parameters: {'r_scaling': 127.86545547358705, 'unroll': 8, 'update_epoch': 1, 'discount': 0.9891943156511953, 'lr': 0.00022772829904840918, 'entropy': 0.014310558560217027}. Best is trial 10 with value: -5787.9326171875.[0m
[32m[I 2022-01-10 20:49:34,388][0m Trial 45 finished with value: -1605.096435546875 and parameters: {'r_scaling': 28.96718227745853, 'unroll': 6, 'update_epoch': 14, 'discount': 0.9814826218988714, 'lr': 0.00044860780040437067, 'entropy': 0.026840868620883303}. Best is trial 10 with value: -5787.9326171875.[0m
[32m[I 2022-01-10 20:57:00,431][0m Trial 46 finished with value: -6741.10693359375 and parameters: {'r_scaling': 0.4028419704906306, 'unroll': 8, 'update_epoch': 13, 'discount': 0.9740383282442515, 'lr': 0.00027933192049927615, 'entropy': 0.004608111635469677}. Best is trial 46 with value: -6741.10693359375.[0m
[32m[I 2022-01-10 21:03:59,914][0m Trial 47 finished with value: -1012.130615234375 and parameters: {'r_scaling': 0.331049486562666, 'unroll': 8, 'update_epoch': 10, 'discount': 0.9736057039063546, 'lr': 0.0005798476858201325, 'entropy': 0.004588833404070487}. Best is trial 46 with value: -6741.10693359375.[0m
[32m[I 2022-01-10 21:11:40,543][0m Trial 48 finished with value: -1152.4998779296875 and parameters: {'r_scaling': 2.1476060814305065, 'unroll': 10, 'update_epoch': 13, 'discount': 0.921296432289142, 'lr': 0.0002529984855397693, 'entropy': 0.0027037128983905885}. Best is trial 46 with value: -6741.10693359375.[0m
[32m[I 2022-01-10 21:19:42,919][0m Trial 49 finished with value: -349.95684814453125 and parameters: {'r_scaling': 0.5876548349063737, 'unroll': 7, 'update_epoch': 15, 'discount': 0.9688683454699735, 'lr': 0.0007678004183908821, 'entropy': 0.0015529995593011612}. Best is trial 46 with value: -6741.10693359375.[0m
[32m[I 2022-01-10 21:28:40,759][0m Trial 50 finished with value: -6544.8984375 and parameters: {'r_scaling': 0.15009985335862638, 'unroll': 2, 'update_epoch': 14, 'discount': 0.9780204422479515, 'lr': 0.00011323642033360688, 'entropy': 0.0007589853454040916}. Best is trial 46 with value: -6741.10693359375.[0m
[32m[I 2022-01-10 21:38:16,708][0m Trial 51 finished with value: -2101.9619140625 and parameters: {'r_scaling': 0.13049605402696413, 'unroll': 2, 'update_epoch': 14, 'discount': 0.9755796097233773, 'lr': 0.00011146937393035796, 'entropy': 0.0009118965654043458}. Best is trial 46 with value: -6741.10693359375.[0m
[32m[I 2022-01-10 21:46:59,088][0m Trial 52 finished with value: -2125.3798828125 and parameters: {'r_scaling': 0.21626613635296021, 'unroll': 3, 'update_epoch': 12, 'discount': 0.9481149784143084, 'lr': 0.0001431871156471962, 'entropy': 0.000627470069703688}. Best is trial 46 with value: -6741.10693359375.[0m
[32m[I 2022-01-10 21:56:56,657][0m Trial 53 finished with value: -3778.26708984375 and parameters: {'r_scaling': 0.5479573566278839, 'unroll': 1, 'update_epoch': 13, 'discount': 0.984227356087156, 'lr': 0.00012061688501762586, 'entropy': 0.00018901835955193304}. Best is trial 46 with value: -6741.10693359375.[0m
[32m[I 2022-01-10 22:06:25,242][0m Trial 54 finished with value: -3944.981689453125 and parameters: {'r_scaling': 0.11459525397996705, 'unroll': 3, 'update_epoch': 15, 'discount': 0.9944044850740841, 'lr': 0.00018142965046894052, 'entropy': 0.0012909297213187956}. Best is trial 46 with value: -6741.10693359375.[0m
[32m[I 2022-01-10 22:15:19,466][0m Trial 55 finished with value: -2302.695556640625 and parameters: {'r_scaling': 0.2733901460301899, 'unroll': 2, 'update_epoch': 11, 'discount': 0.9799245103119925, 'lr': 0.00011195680119297096, 'entropy': 0.0004022442406699436}. Best is trial 46 with value: -6741.10693359375.[0m
[32m[I 2022-01-10 22:23:40,290][0m Trial 56 finished with value: -758.8130493164062 and parameters: {'r_scaling': 6.246363284677811, 'unroll': 7, 'update_epoch': 14, 'discount': 0.9088118192355101, 'lr': 0.0003589261195461318, 'entropy': 0.00026957643013835033}. Best is trial 46 with value: -6741.10693359375.[0m
[32m[I 2022-01-10 22:32:21,912][0m Trial 57 finished with value: -911.4829711914062 and parameters: {'r_scaling': 90.20996074890245, 'unroll': 4, 'update_epoch': 13, 'discount': 0.9600472388914489, 'lr': 0.0002025060646792521, 'entropy': 0.0008419259189282223}. Best is trial 46 with value: -6741.10693359375.[0m
[32m[I 2022-01-10 22:40:35,312][0m Trial 58 finished with value: -5939.9140625 and parameters: {'r_scaling': 0.9960862976078987, 'unroll': 5, 'update_epoch': 12, 'discount': 0.98568687325938, 'lr': 0.0004298694356910287, 'entropy': 0.002286249095818458}. Best is trial 46 with value: -6741.10693359375.[0m
[32m[I 2022-01-10 22:49:02,383][0m Trial 59 finished with value: -6409.8056640625 and parameters: {'r_scaling': 0.052876844950455526, 'unroll': 3, 'update_epoch': 11, 'discount': 0.9847697484605259, 'lr': 0.00041796119120941923, 'entropy': 0.002572438500660733}. Best is trial 46 with value: -6741.10693359375.[0m
[32m[I 2022-01-10 22:57:26,601][0m Trial 60 finished with value: -1423.0723876953125 and parameters: {'r_scaling': 0.05677604844867964, 'unroll': 3, 'update_epoch': 10, 'discount': 0.9352521384510742, 'lr': 0.0004440605577547571, 'entropy': 0.002415125317033797}. Best is trial 46 with value: -6741.10693359375.[0m
[32m[I 2022-01-10 23:05:11,543][0m Trial 61 finished with value: -4393.927734375 and parameters: {'r_scaling': 0.9025095499285175, 'unroll': 4, 'update_epoch': 11, 'discount': 0.9858020507874541, 'lr': 0.0004506945101827945, 'entropy': 0.0037461560792072498}. Best is trial 46 with value: -6741.10693359375.[0m
[32m[I 2022-01-10 23:15:49,984][0m Trial 62 finished with value: -2681.991455078125 and parameters: {'r_scaling': 0.07233156366684174, 'unroll': 1, 'update_epoch': 13, 'discount': 0.9794934999850302, 'lr': 0.00040657397174985433, 'entropy': 0.0010961227145412156}. Best is trial 46 with value: -6741.10693359375.[0m
[32m[I 2022-01-10 23:24:24,029][0m Trial 63 finished with value: -4833.0595703125 and parameters: {'r_scaling': 0.49426889305517047, 'unroll': 3, 'update_epoch': 12, 'discount': 0.9716728310865766, 'lr': 0.00034139773655046316, 'entropy': 0.0019141206320481227}. Best is trial 46 with value: -6741.10693359375.[0m
[32m[I 2022-01-10 23:32:50,605][0m Trial 64 finished with value: -6882.830078125 and parameters: {'r_scaling': 0.20284093763880293, 'unroll': 5, 'update_epoch': 14, 'discount': 0.9909779838677567, 'lr': 0.00013435472840179938, 'entropy': 0.0048815638366076965}. Best is trial 64 with value: -6882.830078125.[0m
[32m[I 2022-01-10 23:42:28,282][0m Trial 65 finished with value: -4451.287109375 and parameters: {'r_scaling': 0.18312444747695877, 'unroll': 2, 'update_epoch': 14, 'discount': 0.9916744248855409, 'lr': 0.00013752293152807256, 'entropy': 0.0051755053894868815}. Best is trial 64 with value: -6882.830078125.[0m
[32m[I 2022-01-10 23:50:50,727][0m Trial 66 finished with value: -7642.58251953125 and parameters: {'r_scaling': 0.11061675054257661, 'unroll': 5, 'update_epoch': 15, 'discount': 0.9897730839867258, 'lr': 0.0001010054656360414, 'entropy': 0.0032690862662167965}. Best is trial 66 with value: -7642.58251953125.[0m
[32m[I 2022-01-10 23:59:18,776][0m Trial 67 finished with value: -286.88397216796875 and parameters: {'r_scaling': 0.11824175841476557, 'unroll': 5, 'update_epoch': 15, 'discount': 0.9882271843925244, 'lr': 0.0012917151375254697, 'entropy': 0.0033204092247591044}. Best is trial 66 with value: -7642.58251953125.[0m
[32m[I 2022-01-11 00:05:16,757][0m Trial 68 finished with value: -4596.94384765625 and parameters: {'r_scaling': 0.09287760824061413, 'unroll': 5, 'update_epoch': 2, 'discount': 0.9748435848421355, 'lr': 0.0005148235654217447, 'entropy': 0.004192547131424565}. Best is trial 66 with value: -7642.58251953125.[0m
