[32m[I 2021-12-11 04:36:44,080][0m Trial 69 finished with value: -815.4075927734375 and parameters: {'r_scaling': 0.2399354603458535, 'unroll': 7, 'update_epoch': 8, 'discount': 0.9861147674835804, 'lr': 0.0002853280669047221, 'entropy': 0.008293077129793769}. Best is trial 54 with value: -6572.984375.[0m
[32m[I 2021-12-11 04:40:18,543][0m Trial 70 finished with value: -2198.35546875 and parameters: {'r_scaling': 0.08818609614011376, 'unroll': 5, 'update_epoch': 4, 'discount': 0.9949530484754318, 'lr': 0.00021576239245375337, 'entropy': 0.013305615438027264}. Best is trial 54 with value: -6572.984375.[0m
[32m[I 2021-12-11 04:44:05,035][0m Trial 71 finished with value: -3322.878173828125 and parameters: {'r_scaling': 0.05032665145054798, 'unroll': 6, 'update_epoch': 12, 'discount': 0.9902813948115975, 'lr': 0.00034533550171639244, 'entropy': 0.028073262181101247}. Best is trial 54 with value: -6572.984375.[0m
[32m[I 2021-12-11 04:47:33,315][0m Trial 72 finished with value: -2553.053466796875 and parameters: {'r_scaling': 0.1748240390486268, 'unroll': 7, 'update_epoch': 7, 'discount': 0.9823533801175969, 'lr': 0.0002392836825233693, 'entropy': 0.03858011074525522}. Best is trial 54 with value: -6572.984375.[0m
[32m[I 2021-12-11 04:51:05,713][0m Trial 73 finished with value: -836.3919067382812 and parameters: {'r_scaling': 0.08305682706404241, 'unroll': 5, 'update_epoch': 6, 'discount': 0.9392019750454256, 'lr': 0.0003071255227226444, 'entropy': 0.01699857590285073}. Best is trial 54 with value: -6572.984375.[0m
[32m[I 2021-12-11 04:54:30,227][0m Trial 74 finished with value: -737.807373046875 and parameters: {'r_scaling': 0.3119942991226995, 'unroll': 6, 'update_epoch': 6, 'discount': 0.9859202907567998, 'lr': 0.00036686685911247623, 'entropy': 0.023306324261588532}. Best is trial 54 with value: -6572.984375.[0m
[32m[I 2021-12-11 04:57:49,364][0m Trial 75 finished with value: -955.3453369140625 and parameters: {'r_scaling': 0.11571115557829323, 'unroll': 8, 'update_epoch': 10, 'discount': 0.9919598618286681, 'lr': 0.00018344738667639494, 'entropy': 0.06777913971693415}. Best is trial 54 with value: -6572.984375.[0m
[32m[I 2021-12-11 05:01:34,619][0m Trial 76 finished with value: -2044.2998046875 and parameters: {'r_scaling': 0.15513983175004864, 'unroll': 4, 'update_epoch': 9, 'discount': 0.9876697365745079, 'lr': 0.0003282333212458486, 'entropy': 0.046083964282408046}. Best is trial 54 with value: -6572.984375.[0m
[32m[I 2021-12-11 05:05:19,281][0m Trial 77 finished with value: -5158.6162109375 and parameters: {'r_scaling': 0.2293345271620536, 'unroll': 7, 'update_epoch': 11, 'discount': 0.9774204140945987, 'lr': 0.00022265056396402532, 'entropy': 0.029571638088619703}. Best is trial 54 with value: -6572.984375.[0m
[32m[I 2021-12-11 05:08:38,464][0m Trial 78 finished with value: -942.7158203125 and parameters: {'r_scaling': 0.19965426323344868, 'unroll': 8, 'update_epoch': 12, 'discount': 0.9829670820973151, 'lr': 0.0002583340926214393, 'entropy': 0.012036122630297743}. Best is trial 54 with value: -6572.984375.[0m
[32m[I 2021-12-11 05:12:19,537][0m Trial 79 finished with value: -1333.4715576171875 and parameters: {'r_scaling': 0.3563580500344124, 'unroll': 7, 'update_epoch': 11, 'discount': 0.978591331954547, 'lr': 0.0002285598540167689, 'entropy': 0.019939466243249132}. Best is trial 54 with value: -6572.984375.[0m
[32m[I 2021-12-11 05:16:03,122][0m Trial 80 finished with value: -5823.3974609375 and parameters: {'r_scaling': 0.05955289433245988, 'unroll': 5, 'update_epoch': 9, 'discount': 0.9930055016949944, 'lr': 0.0002769281325096805, 'entropy': 0.005920393029114607}. Best is trial 54 with value: -6572.984375.[0m
[32m[I 2021-12-11 05:19:48,899][0m Trial 81 finished with value: -5938.04296875 and parameters: {'r_scaling': 0.061685437007834874, 'unroll': 5, 'update_epoch': 9, 'discount': 0.9926804601535917, 'lr': 0.0002708192283977395, 'entropy': 0.014834862397637837}. Best is trial 54 with value: -6572.984375.[0m
[32m[I 2021-12-11 05:23:31,705][0m Trial 82 finished with value: -4373.529296875 and parameters: {'r_scaling': 0.05975716458638405, 'unroll': 4, 'update_epoch': 8, 'discount': 0.9871003084959894, 'lr': 0.00028774226098464976, 'entropy': 0.006028967852233834}. Best is trial 54 with value: -6572.984375.[0m
[32m[I 2021-12-11 05:27:22,227][0m Trial 83 finished with value: -5924.0400390625 and parameters: {'r_scaling': 0.05017089584687156, 'unroll': 5, 'update_epoch': 10, 'discount': 0.9936099594065373, 'lr': 0.000211113456195915, 'entropy': 0.01534119358539733}. Best is trial 54 with value: -6572.984375.[0m
[32m[I 2021-12-11 05:31:10,060][0m Trial 84 finished with value: -6172.5341796875 and parameters: {'r_scaling': 0.050547860881912474, 'unroll': 5, 'update_epoch': 10, 'discount': 0.9933122743440803, 'lr': 0.0002714144777454988, 'entropy': 0.00879226758411661}. Best is trial 54 with value: -6572.984375.[0m
[32m[I 2021-12-11 05:34:53,531][0m Trial 85 finished with value: -5643.73779296875 and parameters: {'r_scaling': 0.051080231625354806, 'unroll': 5, 'update_epoch': 9, 'discount': 0.9925598879405435, 'lr': 0.0002622170091730917, 'entropy': 0.008549782947934254}. Best is trial 54 with value: -6572.984375.[0m
[32m[I 2021-12-11 05:38:29,062][0m Trial 86 finished with value: -5485.115234375 and parameters: {'r_scaling': 0.06882243895322973, 'unroll': 4, 'update_epoch': 10, 'discount': 0.9930951231899513, 'lr': 0.000434426285524118, 'entropy': 0.008077987007693846}. Best is trial 54 with value: -6572.984375.[0m
[32m[I 2021-12-11 05:42:15,478][0m Trial 87 finished with value: -6711.658203125 and parameters: {'r_scaling': 0.07676565046002846, 'unroll': 5, 'update_epoch': 9, 'discount': 0.989772297575905, 'lr': 0.0003182814684311819, 'entropy': 0.005637850608791373}. Best is trial 87 with value: -6711.658203125.[0m
[32m[I 2021-12-11 05:46:13,850][0m Trial 88 finished with value: -6658.7041015625 and parameters: {'r_scaling': 0.07991026809557845, 'unroll': 5, 'update_epoch': 9, 'discount': 0.9839744446886319, 'lr': 0.0003192476212196075, 'entropy': 0.009598565857009082}. Best is trial 87 with value: -6711.658203125.[0m
[32m[I 2021-12-11 05:50:02,881][0m Trial 89 finished with value: -1077.907470703125 and parameters: {'r_scaling': 0.07726053011136379, 'unroll': 5, 'update_epoch': 10, 'discount': 0.915699946524999, 'lr': 0.00031551161542640275, 'entropy': 0.005111281178562024}. Best is trial 87 with value: -6711.658203125.[0m
[32m[I 2021-12-11 05:53:34,589][0m Trial 90 finished with value: -1697.4820556640625 and parameters: {'r_scaling': 0.09956334118821225, 'unroll': 4, 'update_epoch': 10, 'discount': 0.9837933270841296, 'lr': 0.000414187377947667, 'entropy': 0.011498410066193237}. Best is trial 87 with value: -6711.658203125.[0m
[32m[I 2021-12-11 05:57:14,575][0m Trial 91 finished with value: -5957.5302734375 and parameters: {'r_scaling': 0.060621411492057554, 'unroll': 5, 'update_epoch': 9, 'discount': 0.9890315897771277, 'lr': 0.00028103391048081886, 'entropy': 0.0038484088954990037}. Best is trial 87 with value: -6711.658203125.[0m
[32m[I 2021-12-11 06:00:46,815][0m Trial 92 finished with value: -1392.9644775390625 and parameters: {'r_scaling': 0.0785910791031813, 'unroll': 6, 'update_epoch': 9, 'discount': 0.9895083787752875, 'lr': 0.0003870231012721011, 'entropy': 0.003450835515700268}. Best is trial 87 with value: -6711.658203125.[0m
[32m[I 2021-12-11 06:04:30,179][0m Trial 93 finished with value: -6653.4013671875 and parameters: {'r_scaling': 0.09455939702957705, 'unroll': 5, 'update_epoch': 9, 'discount': 0.9809532320196668, 'lr': 0.000326036870704463, 'entropy': 0.00987736998868857}. Best is trial 87 with value: -6711.658203125.[0m
[32m[I 2021-12-11 06:07:58,431][0m Trial 94 finished with value: -2398.479736328125 and parameters: {'r_scaling': 0.06173164161798804, 'unroll': 4, 'update_epoch': 8, 'discount': 0.9809464507543556, 'lr': 0.0002920548326814719, 'entropy': 0.003778757759827386}. Best is trial 87 with value: -6711.658203125.[0m
[32m[I 2021-12-11 06:11:54,359][0m Trial 95 finished with value: -3671.7841796875 and parameters: {'r_scaling': 0.09664960205804424, 'unroll': 5, 'update_epoch': 9, 'discount': 0.9844244622784376, 'lr': 0.00034699062069925565, 'entropy': 0.005379776133624006}. Best is trial 87 with value: -6711.658203125.[0m
[32m[I 2021-12-11 06:15:43,234][0m Trial 96 finished with value: -2676.76025390625 and parameters: {'r_scaling': 0.07342600330936966, 'unroll': 5, 'update_epoch': 10, 'discount': 0.9750684951484074, 'lr': 0.0004846980158073477, 'entropy': 0.002584125194314916}. Best is trial 87 with value: -6711.658203125.[0m
[32m[I 2021-12-11 06:19:13,413][0m Trial 97 finished with value: -1062.96435546875 and parameters: {'r_scaling': 0.1556302699544044, 'unroll': 4, 'update_epoch': 8, 'discount': 0.9886428029782444, 'lr': 0.00031749037242847675, 'entropy': 0.00724584372268722}. Best is trial 87 with value: -6711.658203125.[0m
[32m[I 2021-12-11 06:22:51,853][0m Trial 98 finished with value: -4432.0263671875 and parameters: {'r_scaling': 0.08965723088072722, 'unroll': 4, 'update_epoch': 10, 'discount': 0.9817455295881787, 'lr': 0.0002463713886546633, 'entropy': 0.010277236863724427}. Best is trial 87 with value: -6711.658203125.[0m
[32m[I 2021-12-11 06:26:24,792][0m Trial 99 finished with value: -522.7951049804688 and parameters: {'r_scaling': 0.6079122690587082, 'unroll': 6, 'update_epoch': 9, 'discount': 0.9854312189640472, 'lr': 0.0003598291858607503, 'entropy': 0.009478380718274743}. Best is trial 87 with value: -6711.658203125.[0m
[32m[I 2021-12-11 06:30:06,369][0m Trial 100 finished with value: -5422.76611328125 and parameters: {'r_scaling': 0.05983459141316083, 'unroll': 5, 'update_epoch': 8, 'discount': 0.9886259168101147, 'lr': 0.0002958086272751861, 'entropy': 0.007436259825032752}. Best is trial 87 with value: -6711.658203125.[0m
[32m[I 2021-12-11 06:33:34,017][0m Trial 101 finished with value: -2229.16845703125 and parameters: {'r_scaling': 0.14302593430212535, 'unroll': 6, 'update_epoch': 9, 'discount': 0.9902767685541249, 'lr': 0.00032494452847709365, 'entropy': 0.013515351953378982}. Best is trial 87 with value: -6711.658203125.[0m
[32m[I 2021-12-11 06:37:35,949][0m Trial 102 finished with value: -6272.5693359375 and parameters: {'r_scaling': 0.10658548510212598, 'unroll': 5, 'update_epoch': 10, 'discount': 0.9948917730002964, 'lr': 0.0002762915529962062, 'entropy': 0.01917304256499892}. Best is trial 87 with value: -6711.658203125.[0m
[32m[I 2021-12-11 06:41:28,286][0m Trial 103 finished with value: -416.3295593261719 and parameters: {'r_scaling': 51.07044416010793, 'unroll': 5, 'update_epoch': 10, 'discount': 0.9473243259364359, 'lr': 0.0002749377594626765, 'entropy': 0.002144203572111079}. Best is trial 87 with value: -6711.658203125.[0m
[32m[I 2021-12-11 06:45:11,045][0m Trial 104 finished with value: -4445.2314453125 and parameters: {'r_scaling': 0.10591510119589694, 'unroll': 4, 'update_epoch': 10, 'discount': 0.993457470172971, 'lr': 0.00038514900612312907, 'entropy': 0.018972884238538094}. Best is trial 87 with value: -6711.658203125.[0m
[32m[I 2021-12-11 06:48:47,103][0m Trial 105 finished with value: -2569.556640625 and parameters: {'r_scaling': 0.07141964826104648, 'unroll': 6, 'update_epoch': 9, 'discount': 0.9863744921700003, 'lr': 0.00021418829428918008, 'entropy': 0.012408750329575502}. Best is trial 87 with value: -6711.658203125.[0m
[32m[I 2021-12-11 06:52:38,363][0m Trial 106 finished with value: -5882.09375 and parameters: {'r_scaling': 0.08548117535428361, 'unroll': 5, 'update_epoch': 10, 'discount': 0.994618463478432, 'lr': 0.000241725123302013, 'entropy': 0.01846890939760176}. Best is trial 87 with value: -6711.658203125.[0m
[32m[I 2021-12-11 06:56:07,350][0m Trial 107 finished with value: -3398.39306640625 and parameters: {'r_scaling': 0.11426501609004872, 'unroll': 6, 'update_epoch': 8, 'discount': 0.9919558216554737, 'lr': 0.00044523137259579675, 'entropy': 0.009309260394941472}. Best is trial 87 with value: -6711.658203125.[0m
[32m[I 2021-12-11 06:59:33,772][0m Trial 108 finished with value: -925.6424560546875 and parameters: {'r_scaling': 0.05640116610218868, 'unroll': 13, 'update_epoch': 9, 'discount': 0.9892154178179423, 'lr': 0.00020592122261650612, 'entropy': 0.015182486116796285}. Best is trial 87 with value: -6711.658203125.[0m
[32m[I 2021-12-11 07:03:32,702][0m Trial 109 finished with value: -7809.38330078125 and parameters: {'r_scaling': 0.07167732147626782, 'unroll': 5, 'update_epoch': 12, 'discount': 0.9837594495045849, 'lr': 0.00030409413348896877, 'entropy': 0.004335844404455074}. Best is trial 109 with value: -7809.38330078125.[0m
[32m[I 2021-12-11 07:07:34,511][0m Trial 110 finished with value: -1540.9638671875 and parameters: {'r_scaling': 0.1925153388924571, 'unroll': 4, 'update_epoch': 12, 'discount': 0.983890515881439, 'lr': 0.0003521410619701394, 'entropy': 0.004412289314971636}. Best is trial 109 with value: -7809.38330078125.[0m
[32m[I 2021-12-11 07:11:08,183][0m Trial 111 finished with value: -6175.46728515625 and parameters: {'r_scaling': 0.07085353275412136, 'unroll': 5, 'update_epoch': 11, 'discount': 0.9870661201078195, 'lr': 0.0002990167801728232, 'entropy': 0.0036872346256306894}. Best is trial 109 with value: -7809.38330078125.[0m
[32m[I 2021-12-11 07:15:13,710][0m Trial 112 finished with value: -7611.3388671875 and parameters: {'r_scaling': 0.07145560264196449, 'unroll': 5, 'update_epoch': 13, 'discount': 0.9801629148656426, 'lr': 0.0002993741879396452, 'entropy': 0.0038765567915518603}. Best is trial 109 with value: -7809.38330078125.[0m
[32m[I 2021-12-11 07:19:01,521][0m Trial 113 finished with value: -1424.62353515625 and parameters: {'r_scaling': 0.07219767012397783, 'unroll': 6, 'update_epoch': 13, 'discount': 0.9737298623949445, 'lr': 0.0002959282795143169, 'entropy': 0.0030865007901597786}. Best is trial 109 with value: -7809.38330078125.[0m
[32m[I 2021-12-11 07:22:48,935][0m Trial 114 finished with value: -2345.28173828125 and parameters: {'r_scaling': 0.09531319804855079, 'unroll': 4, 'update_epoch': 13, 'discount': 0.981479286670696, 'lr': 0.00031410239607775503, 'entropy': 0.003833618951993704}. Best is trial 109 with value: -7809.38330078125.[0m
[32m[I 2021-12-11 07:26:49,020][0m Trial 115 finished with value: -2992.73876953125 and parameters: {'r_scaling': 0.12491538644802355, 'unroll': 5, 'update_epoch': 12, 'discount': 0.9796669746825154, 'lr': 0.0003313655741108759, 'entropy': 0.004745618192785757}. Best is trial 109 with value: -7809.38330078125.[0m
[32m[I 2021-12-11 07:30:55,065][0m Trial 116 finished with value: -1750.0369873046875 and parameters: {'r_scaling': 0.2618073911394578, 'unroll': 3, 'update_epoch': 11, 'discount': 0.9702945924475098, 'lr': 0.0003991289450913498, 'entropy': 0.003521320101974344}. Best is trial 109 with value: -7809.38330078125.[0m
[32m[I 2021-12-11 07:34:53,259][0m Trial 117 finished with value: -7484.00830078125 and parameters: {'r_scaling': 0.08452718370118277, 'unroll': 5, 'update_epoch': 12, 'discount': 0.9867168880067668, 'lr': 0.0003027521781327697, 'entropy': 0.005618080982404347}. Best is trial 109 with value: -7809.38330078125.[0m
[32m[I 2021-12-11 07:39:55,956][0m Trial 118 finished with value: -2239.36669921875 and parameters: {'r_scaling': 0.08223879660044525, 'unroll': 6, 'update_epoch': 12, 'discount': 0.9768025251788327, 'lr': 0.0003730422117753744, 'entropy': 0.005158500476989279}. Best is trial 109 with value: -7809.38330078125.[0m
[32m[I 2021-12-11 07:45:20,317][0m Trial 119 finished with value: -4154.8349609375 and parameters: {'r_scaling': 0.15049851109625056, 'unroll': 4, 'update_epoch': 13, 'discount': 0.9859393467640554, 'lr': 0.00025306181691619393, 'entropy': 0.0067411372542987335}. Best is trial 109 with value: -7809.38330078125.[0m
[32m[I 2021-12-11 07:49:23,969][0m Trial 120 finished with value: -4403.6328125 and parameters: {'r_scaling': 0.10714761914941275, 'unroll': 5, 'update_epoch': 12, 'discount': 0.9829179759463831, 'lr': 0.0003079131428312648, 'entropy': 0.001709840322338849}. Best is trial 109 with value: -7809.38330078125.[0m
[32m[I 2021-12-11 07:55:18,153][0m Trial 121 finished with value: -6962.52490234375 and parameters: {'r_scaling': 0.06993294522373424, 'unroll': 5, 'update_epoch': 11, 'discount': 0.9868678945450802, 'lr': 0.00028411771227296486, 'entropy': 0.004148361217897109}. Best is trial 109 with value: -7809.38330078125.[0m
[32m[I 2021-12-11 08:00:33,758][0m Trial 122 finished with value: -3669.712890625 and parameters: {'r_scaling': 0.07870120311291262, 'unroll': 6, 'update_epoch': 11, 'discount': 0.9871187570651943, 'lr': 0.0003505543459020054, 'entropy': 0.0058289499391704904}. Best is trial 109 with value: -7809.38330078125.[0m
[32m[I 2021-12-11 08:04:22,780][0m Trial 123 finished with value: -2700.567626953125 and parameters: {'r_scaling': 0.1328067218456675, 'unroll': 5, 'update_epoch': 11, 'discount': 0.9796229424593303, 'lr': 0.00030142502999955473, 'entropy': 0.003011523648440219}. Best is trial 109 with value: -7809.38330078125.[0m
[32m[I 2021-12-11 08:09:34,053][0m Trial 124 finished with value: -1752.8785400390625 and parameters: {'r_scaling': 0.09639086838338767, 'unroll': 5, 'update_epoch': 12, 'discount': 0.9850708302966317, 'lr': 0.00027388802759919145, 'entropy': 0.0025596813883996213}. Best is trial 109 with value: -7809.38330078125.[0m
[32m[I 2021-12-11 08:14:30,913][0m Trial 125 finished with value: -6863.716796875 and parameters: {'r_scaling': 0.1677717267325483, 'unroll': 5, 'update_epoch': 11, 'discount': 0.9905976004510363, 'lr': 0.00033513357094231886, 'entropy': 0.00451647198677277}. Best is trial 109 with value: -7809.38330078125.[0m
[32m[I 2021-12-11 08:19:05,724][0m Trial 126 finished with value: -3693.472412109375 and parameters: {'r_scaling': 0.07014656383311309, 'unroll': 4, 'update_epoch': 11, 'discount': 0.9912867725786727, 'lr': 0.0002861737840911238, 'entropy': 0.004471545750265556}. Best is trial 109 with value: -7809.38330078125.[0m
[32m[I 2021-12-11 08:23:43,829][0m Trial 127 finished with value: -1905.0576171875 and parameters: {'r_scaling': 0.16974033974099464, 'unroll': 6, 'update_epoch': 11, 'discount': 0.9901608254217785, 'lr': 0.000332233270516835, 'entropy': 0.0023242655481564315}. Best is trial 109 with value: -7809.38330078125.[0m
[32m[I 2021-12-11 08:28:19,695][0m Trial 128 finished with value: -6798.47265625 and parameters: {'r_scaling': 0.1108555792492253, 'unroll': 5, 'update_epoch': 11, 'discount': 0.9875063689251201, 'lr': 0.00026591045955746284, 'entropy': 0.006301318064294864}. Best is trial 109 with value: -7809.38330078125.[0m
[32m[I 2021-12-11 08:32:46,905][0m Trial 129 finished with value: -5846.10498046875 and parameters: {'r_scaling': 0.08708426517034812, 'unroll': 4, 'update_epoch': 13, 'discount': 0.9834890509320647, 'lr': 0.0002671061306620886, 'entropy': 0.006194691450294801}. Best is trial 109 with value: -7809.38330078125.[0m
[32m[I 2021-12-11 08:37:13,027][0m Trial 130 finished with value: -1001.0686645507812 and parameters: {'r_scaling': 0.12225802075770421, 'unroll': 5, 'update_epoch': 11, 'discount': 0.907564681654131, 'lr': 0.0002330044923847172, 'entropy': 0.007553450361027741}. Best is trial 109 with value: -7809.38330078125.[0m
[32m[I 2021-12-11 08:40:55,894][0m Trial 131 finished with value: -3753.259033203125 and parameters: {'r_scaling': 0.10654539202751079, 'unroll': 5, 'update_epoch': 11, 'discount': 0.9878726741122849, 'lr': 0.0003112090584245665, 'entropy': 0.005106876982276262}. Best is trial 109 with value: -7809.38330078125.[0m
[32m[I 2021-12-11 08:45:16,447][0m Trial 132 finished with value: -2131.499267578125 and parameters: {'r_scaling': 0.06825269978586347, 'unroll': 6, 'update_epoch': 12, 'discount': 0.985533881629145, 'lr': 0.00029336551769923837, 'entropy': 0.003251571328084018}. Best is trial 109 with value: -7809.38330078125.[0m
[32m[I 2021-12-11 08:48:57,197][0m Trial 133 finished with value: -7389.58544921875 and parameters: {'r_scaling': 0.08159640940385263, 'unroll': 5, 'update_epoch': 11, 'discount': 0.9813929713645321, 'lr': 0.000256161932529731, 'entropy': 0.004043537262553339}. Best is trial 109 with value: -7809.38330078125.[0m
[32m[I 2021-12-11 08:52:34,480][0m Trial 134 finished with value: -2453.646728515625 and parameters: {'r_scaling': 0.0814831757317137, 'unroll': 5, 'update_epoch': 10, 'discount': 0.9764424490450536, 'lr': 0.0002448329742152561, 'entropy': 0.003978915335499943}. Best is trial 109 with value: -7809.38330078125.[0m
[32m[I 2021-12-11 08:56:43,295][0m Trial 135 finished with value: -4555.24755859375 and parameters: {'r_scaling': 0.059133343962502014, 'unroll': 4, 'update_epoch': 11, 'discount': 0.9817346449359018, 'lr': 0.000260271955023743, 'entropy': 0.00463900786205241}. Best is trial 109 with value: -7809.38330078125.[0m
[32m[I 2021-12-11 09:01:28,857][0m Trial 136 finished with value: -1226.8892822265625 and parameters: {'r_scaling': 0.09204827102998336, 'unroll': 5, 'update_epoch': 12, 'discount': 0.9271435816390579, 'lr': 0.0002823735161815245, 'entropy': 0.005570637287289986}. Best is trial 109 with value: -7809.38330078125.[0m
[32m[I 2021-12-11 09:05:40,396][0m Trial 137 finished with value: -1974.55517578125 and parameters: {'r_scaling': 0.051472139316730364, 'unroll': 6, 'update_epoch': 11, 'discount': 0.980743987982295, 'lr': 0.0003180018150933547, 'entropy': 0.00860723926525311}. Best is trial 109 with value: -7809.38330078125.[0m
