[32m[I 2021-12-12 07:58:07,937][0m Trial 138 finished with value: -4388.1025390625 and parameters: {'r_scaling': 5.613827870294819, 'unroll': 5, 'update_epoch': 14, 'discount': 0.9931437705684287, 'lr': 0.00010790603903471069, 'entropy': 0.00736145331064987}. Best is trial 121 with value: -5890.07958984375.[0m
[32m[I 2021-12-12 08:04:10,803][0m Trial 139 finished with value: -1593.98681640625 and parameters: {'r_scaling': 13.921231916241508, 'unroll': 5, 'update_epoch': 14, 'discount': 0.9871947474097037, 'lr': 0.00011502840186467413, 'entropy': 0.0036347066670832386}. Best is trial 121 with value: -5890.07958984375.[0m
[32m[I 2021-12-12 08:09:13,311][0m Trial 140 finished with value: -1325.3812255859375 and parameters: {'r_scaling': 2.7424052217712234, 'unroll': 4, 'update_epoch': 8, 'discount': 0.9792879490103977, 'lr': 0.0001046149803588256, 'entropy': 0.0867611036903729}. Best is trial 121 with value: -5890.07958984375.[0m
[32m[I 2021-12-12 08:15:04,718][0m Trial 141 finished with value: -6419.98779296875 and parameters: {'r_scaling': 4.053393681639243, 'unroll': 5, 'update_epoch': 13, 'discount': 0.9949405416137207, 'lr': 0.00011146535362233627, 'entropy': 0.004165081309298116}. Best is trial 141 with value: -6419.98779296875.[0m
[32m[I 2021-12-12 08:21:03,031][0m Trial 142 finished with value: -4818.65185546875 and parameters: {'r_scaling': 4.475831532711935, 'unroll': 5, 'update_epoch': 13, 'discount': 0.9897315072894498, 'lr': 0.00011128136042982572, 'entropy': 0.004228016917840539}. Best is trial 141 with value: -6419.98779296875.[0m
[32m[I 2021-12-12 08:27:03,009][0m Trial 143 finished with value: -2588.317138671875 and parameters: {'r_scaling': 3.5508211894171406, 'unroll': 5, 'update_epoch': 14, 'discount': 0.9949107813272743, 'lr': 0.00010005678862649407, 'entropy': 0.0054473816814846485}. Best is trial 141 with value: -6419.98779296875.[0m
[32m[I 2021-12-12 08:33:08,694][0m Trial 144 finished with value: -926.8201293945312 and parameters: {'r_scaling': 2.173893099380872, 'unroll': 4, 'update_epoch': 15, 'discount': 0.9931280737251483, 'lr': 0.00011387587910462383, 'entropy': 0.0046237284448310614}. Best is trial 141 with value: -6419.98779296875.[0m
[32m[I 2021-12-12 08:39:19,783][0m Trial 145 finished with value: -4093.710205078125 and parameters: {'r_scaling': 7.015381135817901, 'unroll': 5, 'update_epoch': 13, 'discount': 0.9855343850523232, 'lr': 0.00010638329930339259, 'entropy': 0.009297213853886564}. Best is trial 141 with value: -6419.98779296875.[0m
[32m[I 2021-12-12 08:45:20,975][0m Trial 146 finished with value: -1657.869873046875 and parameters: {'r_scaling': 3.5509179248047467, 'unroll': 6, 'update_epoch': 14, 'discount': 0.9883564406748304, 'lr': 0.0001307834694311665, 'entropy': 0.005722815138454871}. Best is trial 141 with value: -6419.98779296875.[0m
[32m[I 2021-12-12 08:51:32,383][0m Trial 147 finished with value: -1822.3240966796875 and parameters: {'r_scaling': 11.321403127615804, 'unroll': 6, 'update_epoch': 15, 'discount': 0.9914246312328766, 'lr': 0.00033422687954455917, 'entropy': 0.0076214657432456066}. Best is trial 141 with value: -6419.98779296875.[0m
[32m[I 2021-12-12 08:57:36,343][0m Trial 148 finished with value: -999.0201416015625 and parameters: {'r_scaling': 6.254701730326223, 'unroll': 5, 'update_epoch': 14, 'discount': 0.9622652562168822, 'lr': 0.0001166467858231635, 'entropy': 0.0038996132546179553}. Best is trial 141 with value: -6419.98779296875.[0m
[32m[I 2021-12-12 09:03:46,077][0m Trial 149 finished with value: -3089.3291015625 and parameters: {'r_scaling': 4.7877679992799855, 'unroll': 6, 'update_epoch': 15, 'discount': 0.9847183004418344, 'lr': 0.0001252199155783442, 'entropy': 0.03900981193840577}. Best is trial 141 with value: -6419.98779296875.[0m
[32m[I 2021-12-12 09:10:12,200][0m Trial 150 finished with value: -2072.624755859375 and parameters: {'r_scaling': 19.295734353190127, 'unroll': 3, 'update_epoch': 14, 'discount': 0.9890888304861412, 'lr': 0.0009243543126993112, 'entropy': 0.00024332594384123246}. Best is trial 141 with value: -6419.98779296875.[0m
[32m[I 2021-12-12 09:16:01,577][0m Trial 151 finished with value: -5306.1123046875 and parameters: {'r_scaling': 66.47445374063916, 'unroll': 6, 'update_epoch': 12, 'discount': 0.993037817033916, 'lr': 0.00013885952857585078, 'entropy': 0.002959709539816336}. Best is trial 141 with value: -6419.98779296875.[0m
[32m[I 2021-12-12 09:21:42,984][0m Trial 152 finished with value: -5539.94482421875 and parameters: {'r_scaling': 99.66391426230815, 'unroll': 6, 'update_epoch': 12, 'discount': 0.9928409663711959, 'lr': 0.00010727478096240132, 'entropy': 0.002845263138783192}. Best is trial 141 with value: -6419.98779296875.[0m
[32m[I 2021-12-12 09:27:26,406][0m Trial 153 finished with value: -5521.36767578125 and parameters: {'r_scaling': 98.23127133950867, 'unroll': 6, 'update_epoch': 12, 'discount': 0.9924471521518248, 'lr': 0.00013516358969070793, 'entropy': 0.0017421355400135433}. Best is trial 141 with value: -6419.98779296875.[0m
[32m[I 2021-12-12 09:33:23,152][0m Trial 154 finished with value: -1402.515380859375 and parameters: {'r_scaling': 105.46135672745866, 'unroll': 5, 'update_epoch': 12, 'discount': 0.9932407253377462, 'lr': 0.00013879929421580734, 'entropy': 0.0019106405182986253}. Best is trial 141 with value: -6419.98779296875.[0m
[32m[I 2021-12-12 09:39:08,942][0m Trial 155 finished with value: -5698.2978515625 and parameters: {'r_scaling': 133.1314161095968, 'unroll': 6, 'update_epoch': 12, 'discount': 0.9928165401154654, 'lr': 0.00014828255205016338, 'entropy': 0.002387319326808263}. Best is trial 141 with value: -6419.98779296875.[0m
[32m[I 2021-12-12 09:44:47,588][0m Trial 156 finished with value: -707.54833984375 and parameters: {'r_scaling': 125.51588822060134, 'unroll': 6, 'update_epoch': 12, 'discount': 0.9058265512108539, 'lr': 0.0001482115927218995, 'entropy': 0.0017620228362703904}. Best is trial 141 with value: -6419.98779296875.[0m
[32m[I 2021-12-12 09:50:16,110][0m Trial 157 finished with value: -5414.00732421875 and parameters: {'r_scaling': 77.19847033012309, 'unroll': 4, 'update_epoch': 11, 'discount': 0.9928331208664887, 'lr': 0.0001590123810264435, 'entropy': 0.0022505853486565154}. Best is trial 141 with value: -6419.98779296875.[0m
[32m[I 2021-12-12 09:55:48,227][0m Trial 158 finished with value: -912.3604125976562 and parameters: {'r_scaling': 154.77625347926212, 'unroll': 4, 'update_epoch': 11, 'discount': 0.9945590772993261, 'lr': 0.00019125725325015104, 'entropy': 0.001560020235056358}. Best is trial 141 with value: -6419.98779296875.[0m
[32m[I 2021-12-12 10:01:26,722][0m Trial 159 finished with value: -1568.656982421875 and parameters: {'r_scaling': 74.95730946849388, 'unroll': 5, 'update_epoch': 11, 'discount': 0.9914976016206779, 'lr': 0.0001725530466567976, 'entropy': 0.0010922415036237383}. Best is trial 141 with value: -6419.98779296875.[0m
[32m[I 2021-12-12 10:07:11,305][0m Trial 160 finished with value: -799.8656616210938 and parameters: {'r_scaling': 86.96164782502659, 'unroll': 4, 'update_epoch': 12, 'discount': 0.9873607414223081, 'lr': 0.00015868580873436958, 'entropy': 0.0014083328683557874}. Best is trial 141 with value: -6419.98779296875.[0m
[32m[I 2021-12-12 10:12:30,359][0m Trial 161 finished with value: -4846.69580078125 and parameters: {'r_scaling': 99.33478724078589, 'unroll': 3, 'update_epoch': 12, 'discount': 0.992945651700936, 'lr': 0.00013552977749552966, 'entropy': 0.002371473307649961}. Best is trial 141 with value: -6419.98779296875.[0m
[32m[I 2021-12-12 10:18:16,334][0m Trial 162 finished with value: -5489.3828125 and parameters: {'r_scaling': 68.06891437288563, 'unroll': 6, 'update_epoch': 12, 'discount': 0.9924223124102102, 'lr': 0.00014540754668742708, 'entropy': 0.002165061449998691}. Best is trial 141 with value: -6419.98779296875.[0m
[32m[I 2021-12-12 10:23:58,056][0m Trial 163 finished with value: -5310.84375 and parameters: {'r_scaling': 185.97532043583467, 'unroll': 6, 'update_epoch': 12, 'discount': 0.9912818527229584, 'lr': 0.0001606774698544374, 'entropy': 0.002057954941851815}. Best is trial 141 with value: -6419.98779296875.[0m
[32m[I 2021-12-12 10:29:54,863][0m Trial 164 finished with value: -2354.282958984375 and parameters: {'r_scaling': 125.6149654086601, 'unroll': 5, 'update_epoch': 11, 'discount': 0.9895573416231389, 'lr': 0.00014809148794312334, 'entropy': 0.0022753161283490565}. Best is trial 141 with value: -6419.98779296875.[0m
[32m[I 2021-12-12 10:35:54,180][0m Trial 165 finished with value: -1304.741455078125 and parameters: {'r_scaling': 78.56080907410585, 'unroll': 5, 'update_epoch': 13, 'discount': 0.9948362254959037, 'lr': 0.00018200253090044016, 'entropy': 0.002856060172768972}. Best is trial 141 with value: -6419.98779296875.[0m
[32m[I 2021-12-12 10:41:30,841][0m Trial 166 finished with value: -961.4644775390625 and parameters: {'r_scaling': 138.83597034200872, 'unroll': 6, 'update_epoch': 11, 'discount': 0.9913251097424521, 'lr': 0.00017027454887190264, 'entropy': 0.0014360863364528294}. Best is trial 141 with value: -6419.98779296875.[0m
[32m[I 2021-12-12 10:46:26,219][0m Trial 167 finished with value: -4755.9560546875 and parameters: {'r_scaling': 59.83848216048289, 'unroll': 6, 'update_epoch': 12, 'discount': 0.9873078791775963, 'lr': 0.00015436216786821768, 'entropy': 0.0017834001178381386}. Best is trial 141 with value: -6419.98779296875.[0m
[32m[I 2021-12-12 10:52:07,824][0m Trial 168 finished with value: -752.3458251953125 and parameters: {'r_scaling': 98.29342283741543, 'unroll': 4, 'update_epoch': 12, 'discount': 0.9896265344640661, 'lr': 0.0001289405977541425, 'entropy': 0.0020984181692405325}. Best is trial 141 with value: -6419.98779296875.[0m
[32m[I 2021-12-12 10:58:07,695][0m Trial 169 finished with value: -5427.244140625 and parameters: {'r_scaling': 114.88890716897454, 'unroll': 6, 'update_epoch': 13, 'discount': 0.9931345851358078, 'lr': 0.00010564528622488537, 'entropy': 0.026566626140921267}. Best is trial 141 with value: -6419.98779296875.[0m
[32m[I 2021-12-12 11:04:06,417][0m Trial 170 finished with value: -1415.4747314453125 and parameters: {'r_scaling': 121.26012539666138, 'unroll': 5, 'update_epoch': 13, 'discount': 0.9923414905895349, 'lr': 0.00014626269881730082, 'entropy': 0.002587186074466997}. Best is trial 141 with value: -6419.98779296875.[0m
[32m[I 2021-12-12 11:10:03,398][0m Trial 171 finished with value: -3715.709716796875 and parameters: {'r_scaling': 162.18711812865916, 'unroll': 6, 'update_epoch': 13, 'discount': 0.9949913953471992, 'lr': 0.00010566030822958561, 'entropy': 0.021463466602205737}. Best is trial 141 with value: -6419.98779296875.[0m
[32m[I 2021-12-12 11:15:51,551][0m Trial 172 finished with value: -5648.798828125 and parameters: {'r_scaling': 68.11088426008764, 'unroll': 6, 'update_epoch': 13, 'discount': 0.9926653269908983, 'lr': 0.00010833641238790953, 'entropy': 0.02683525064496352}. Best is trial 141 with value: -6419.98779296875.[0m
[32m[I 2021-12-12 11:22:00,182][0m Trial 173 finished with value: -1982.4732666015625 and parameters: {'r_scaling': 71.0301246139532, 'unroll': 6, 'update_epoch': 13, 'discount': 0.9933436934977201, 'lr': 0.00011997417208170864, 'entropy': 0.02507159392172372}. Best is trial 141 with value: -6419.98779296875.[0m
[32m[I 2021-12-12 11:27:44,554][0m Trial 174 finished with value: -4794.0966796875 and parameters: {'r_scaling': 94.8638399315142, 'unroll': 6, 'update_epoch': 12, 'discount': 0.9901243776043916, 'lr': 0.00010022598661628362, 'entropy': 0.03419474426519936}. Best is trial 141 with value: -6419.98779296875.[0m
[32m[I 2021-12-12 11:33:36,049][0m Trial 175 finished with value: -5045.77880859375 and parameters: {'r_scaling': 107.35187777164587, 'unroll': 5, 'update_epoch': 13, 'discount': 0.9924519586089537, 'lr': 0.00011222480680880027, 'entropy': 0.024860494887290162}. Best is trial 141 with value: -6419.98779296875.[0m
[32m[I 2021-12-12 11:38:19,433][0m Trial 176 finished with value: -3485.820068359375 and parameters: {'r_scaling': 198.7483654524749, 'unroll': 6, 'update_epoch': 11, 'discount': 0.9883575367600259, 'lr': 0.00012921402521485874, 'entropy': 0.027385232390039826}. Best is trial 141 with value: -6419.98779296875.[0m
[32m[I 2021-12-12 11:44:10,934][0m Trial 177 finished with value: -5413.9697265625 and parameters: {'r_scaling': 78.75295749867648, 'unroll': 5, 'update_epoch': 13, 'discount': 0.9906843482064402, 'lr': 0.00010819158544237536, 'entropy': 0.0032535244365701783}. Best is trial 141 with value: -6419.98779296875.[0m
[32m[I 2021-12-12 11:50:07,256][0m Trial 178 finished with value: -3541.935791015625 and parameters: {'r_scaling': 83.19318829195775, 'unroll': 5, 'update_epoch': 13, 'discount': 0.9913349038048633, 'lr': 0.0005746118415860298, 'entropy': 0.044409482949021015}. Best is trial 141 with value: -6419.98779296875.[0m
[32m[I 2021-12-12 11:54:55,908][0m Trial 179 finished with value: -5498.52880859375 and parameters: {'r_scaling': 55.356222346185945, 'unroll': 4, 'update_epoch': 12, 'discount': 0.9949765432321569, 'lr': 0.00011914674763634875, 'entropy': 0.002657178610846612}. Best is trial 141 with value: -6419.98779296875.[0m
[32m[I 2021-12-12 11:59:44,712][0m Trial 180 finished with value: -1060.0074462890625 and parameters: {'r_scaling': 57.61487729755961, 'unroll': 4, 'update_epoch': 12, 'discount': 0.9948239207996774, 'lr': 0.00012272825645394446, 'entropy': 0.002575368648456036}. Best is trial 141 with value: -6419.98779296875.[0m
[32m[I 2021-12-12 12:04:47,757][0m Trial 181 finished with value: -5285.20947265625 and parameters: {'r_scaling': 68.9283235832392, 'unroll': 5, 'update_epoch': 13, 'discount': 0.9924215006150522, 'lr': 0.00010974748712608127, 'entropy': 0.017976867628833795}. Best is trial 141 with value: -6419.98779296875.[0m
[32m[I 2021-12-12 12:10:55,513][0m Trial 182 finished with value: -4549.90234375 and parameters: {'r_scaling': 142.41719496636554, 'unroll': 3, 'update_epoch': 12, 'discount': 0.9903434274333212, 'lr': 0.00011595830585357989, 'entropy': 0.002975781394039611}. Best is trial 141 with value: -6419.98779296875.[0m
[32m[I 2021-12-12 12:16:56,584][0m Trial 183 finished with value: -945.1211547851562 and parameters: {'r_scaling': 82.28073975644315, 'unroll': 4, 'update_epoch': 12, 'discount': 0.9931455230116701, 'lr': 0.00016421694662592014, 'entropy': 0.003723223943491988}. Best is trial 141 with value: -6419.98779296875.[0m
[32m[I 2021-12-12 12:22:51,415][0m Trial 184 finished with value: -5397.56005859375 and parameters: {'r_scaling': 53.395399292954295, 'unroll': 5, 'update_epoch': 13, 'discount': 0.9949702289780655, 'lr': 0.0001359673956273395, 'entropy': 0.0033308050542692567}. Best is trial 141 with value: -6419.98779296875.[0m
[32m[I 2021-12-12 12:28:36,729][0m Trial 185 finished with value: -4914.44775390625 and parameters: {'r_scaling': 114.28537269682569, 'unroll': 4, 'update_epoch': 13, 'discount': 0.9948619236779179, 'lr': 0.00014214604077395735, 'entropy': 0.0033781145810142968}. Best is trial 141 with value: -6419.98779296875.[0m
[32m[I 2021-12-12 12:34:23,984][0m Trial 186 finished with value: -5131.2763671875 and parameters: {'r_scaling': 51.12261219325288, 'unroll': 5, 'update_epoch': 13, 'discount': 0.9930187325201502, 'lr': 0.0001350014756010212, 'entropy': 0.0021438396260909398}. Best is trial 141 with value: -6419.98779296875.[0m
[32m[I 2021-12-12 12:39:00,885][0m Trial 187 finished with value: -1128.40478515625 and parameters: {'r_scaling': 64.04171222052504, 'unroll': 5, 'update_epoch': 10, 'discount': 0.99118100152511, 'lr': 0.00015305988867095297, 'entropy': 0.0026325098325630817}. Best is trial 141 with value: -6419.98779296875.[0m
[32m[I 2021-12-12 12:44:57,013][0m Trial 188 finished with value: -5226.87939453125 and parameters: {'r_scaling': 90.9557994485734, 'unroll': 5, 'update_epoch': 13, 'discount': 0.9949920838483746, 'lr': 0.0001281899669094236, 'entropy': 0.003317520008614935}. Best is trial 141 with value: -6419.98779296875.[0m
[32m[I 2021-12-12 12:49:36,882][0m Trial 189 finished with value: -1060.2279052734375 and parameters: {'r_scaling': 73.63277071724211, 'unroll': 4, 'update_epoch': 11, 'discount': 0.9893226818001261, 'lr': 0.00014521859785134286, 'entropy': 0.03257439898072078}. Best is trial 141 with value: -6419.98779296875.[0m
[32m[I 2021-12-12 12:55:27,168][0m Trial 190 finished with value: -5163.9150390625 and parameters: {'r_scaling': 144.7578831920605, 'unroll': 5, 'update_epoch': 12, 'discount': 0.9924504592181504, 'lr': 0.00012000488462721242, 'entropy': 0.0017385542019545369}. Best is trial 141 with value: -6419.98779296875.[0m
[32m[I 2021-12-12 13:01:12,801][0m Trial 191 finished with value: -982.4498901367188 and parameters: {'r_scaling': 0.4108466771705809, 'unroll': 6, 'update_epoch': 12, 'discount': 0.9906061466652221, 'lr': 0.00010677202072968191, 'entropy': 0.004253468927309834}. Best is trial 141 with value: -6419.98779296875.[0m
[32m[I 2021-12-12 13:06:14,621][0m Trial 192 finished with value: -5195.46044921875 and parameters: {'r_scaling': 59.25660853846805, 'unroll': 6, 'update_epoch': 13, 'discount': 0.9866727331550766, 'lr': 0.00011501951719075578, 'entropy': 0.0034226143184629986}. Best is trial 141 with value: -6419.98779296875.[0m
[32m[I 2021-12-12 13:12:02,282][0m Trial 193 finished with value: -5494.54541015625 and parameters: {'r_scaling': 53.93519270499632, 'unroll': 6, 'update_epoch': 10, 'discount': 0.9931103490738383, 'lr': 0.0001053917996810839, 'entropy': 0.002374502929986027}. Best is trial 141 with value: -6419.98779296875.[0m
[32m[I 2021-12-12 13:17:38,233][0m Trial 194 finished with value: -5399.6171875 and parameters: {'r_scaling': 102.77305815007504, 'unroll': 6, 'update_epoch': 11, 'discount': 0.9931301997973724, 'lr': 0.00015958493155903206, 'entropy': 0.027899532768359422}. Best is trial 141 with value: -6419.98779296875.[0m
[32m[I 2021-12-12 13:22:13,548][0m Trial 195 finished with value: -5484.05078125 and parameters: {'r_scaling': 105.16245122950266, 'unroll': 6, 'update_epoch': 10, 'discount': 0.9928257010610124, 'lr': 0.000170220805285094, 'entropy': 0.02735437912281799}. Best is trial 141 with value: -6419.98779296875.[0m
[32m[I 2021-12-12 13:27:42,870][0m Trial 196 finished with value: -1818.273681640625 and parameters: {'r_scaling': 1.1947396442149116, 'unroll': 6, 'update_epoch': 10, 'discount': 0.9883825800196461, 'lr': 0.0001777481662591629, 'entropy': 0.03758459702221566}. Best is trial 141 with value: -6419.98779296875.[0m
[32m[I 2021-12-12 13:33:13,116][0m Trial 197 finished with value: -8197.85546875 and parameters: {'r_scaling': 0.15326190135785783, 'unroll': 6, 'update_epoch': 10, 'discount': 0.9911419835536953, 'lr': 0.0001670738484366127, 'entropy': 0.020869875538521255}. Best is trial 197 with value: -8197.85546875.[0m
[32m[I 2021-12-12 13:38:42,926][0m Trial 198 finished with value: -6334.787109375 and parameters: {'r_scaling': 0.1144404594034163, 'unroll': 6, 'update_epoch': 10, 'discount': 0.9921505750354185, 'lr': 0.00019148980006627883, 'entropy': 0.02234652895095165}. Best is trial 197 with value: -8197.85546875.[0m
[32m[I 2021-12-12 13:43:17,760][0m Trial 199 finished with value: -1170.818359375 and parameters: {'r_scaling': 0.10143829448435128, 'unroll': 6, 'update_epoch': 10, 'discount': 0.950601399349412, 'lr': 0.00019562224917340598, 'entropy': 0.015441590921516526}. Best is trial 197 with value: -8197.85546875.[0m
