[32m[I 2021-12-11 09:09:59,898][0m Trial 138 finished with value: -6093.5419921875 and parameters: {'r_scaling': 0.06879660323727686, 'unroll': 5, 'update_epoch': 10, 'discount': 0.9779055099707633, 'lr': 0.0002567806118365746, 'entropy': 0.0028103295978959553}. Best is trial 109 with value: -7809.38330078125.[0m
[32m[I 2021-12-11 09:14:13,022][0m Trial 139 finished with value: -4924.1474609375 and parameters: {'r_scaling': 0.13399540790065206, 'unroll': 4, 'update_epoch': 12, 'discount': 0.9876659438364966, 'lr': 0.0003405545145325066, 'entropy': 0.006638160354864698}. Best is trial 109 with value: -7809.38330078125.[0m
[32m[I 2021-12-11 09:18:22,428][0m Trial 140 finished with value: -718.6410522460938 and parameters: {'r_scaling': 13.701349951057274, 'unroll': 6, 'update_epoch': 10, 'discount': 0.9848809665301429, 'lr': 0.00022988530491505158, 'entropy': 0.004107122131577475}. Best is trial 109 with value: -7809.38330078125.[0m
[32m[I 2021-12-11 09:22:05,627][0m Trial 141 finished with value: -5867.873046875 and parameters: {'r_scaling': 0.10847298415373205, 'unroll': 5, 'update_epoch': 11, 'discount': 0.9909659293696812, 'lr': 0.0003719197872471551, 'entropy': 0.006481832564931136}. Best is trial 109 with value: -7809.38330078125.[0m
[32m[I 2021-12-11 09:26:31,786][0m Trial 142 finished with value: -6213.51708984375 and parameters: {'r_scaling': 0.07881039535822015, 'unroll': 5, 'update_epoch': 11, 'discount': 0.9949250714974787, 'lr': 0.00029001982074026647, 'entropy': 0.003446129269544953}. Best is trial 109 with value: -7809.38330078125.[0m
[32m[I 2021-12-11 09:30:13,097][0m Trial 143 finished with value: -5895.71923828125 and parameters: {'r_scaling': 0.08347097174212703, 'unroll': 5, 'update_epoch': 11, 'discount': 0.9941221688834612, 'lr': 0.0002983458712938983, 'entropy': 0.0032902713045365383}. Best is trial 109 with value: -7809.38330078125.[0m
[32m[I 2021-12-11 09:34:44,691][0m Trial 144 finished with value: -5650.9443359375 and parameters: {'r_scaling': 0.0689042099705205, 'unroll': 5, 'update_epoch': 12, 'discount': 0.9948200648567971, 'lr': 0.0002837754779996398, 'entropy': 0.005029758965738184}. Best is trial 109 with value: -7809.38330078125.[0m
[32m[I 2021-12-11 09:39:20,007][0m Trial 145 finished with value: -5864.3388671875 and parameters: {'r_scaling': 0.057033052015205796, 'unroll': 4, 'update_epoch': 11, 'discount': 0.9889536351036045, 'lr': 0.0002726285399031766, 'entropy': 0.0035494872884413095}. Best is trial 109 with value: -7809.38330078125.[0m
[32m[I 2021-12-11 09:43:16,835][0m Trial 146 finished with value: -6331.47265625 and parameters: {'r_scaling': 0.09650936385267081, 'unroll': 5, 'update_epoch': 14, 'discount': 0.9917311302683086, 'lr': 0.00032095987386217815, 'entropy': 0.005592661543616392}. Best is trial 109 with value: -7809.38330078125.[0m
[32m[I 2021-12-11 09:47:45,742][0m Trial 147 finished with value: -2044.0433349609375 and parameters: {'r_scaling': 0.17025441607705966, 'unroll': 6, 'update_epoch': 14, 'discount': 0.9829011918726744, 'lr': 0.0003171796317271655, 'entropy': 0.004164662993562877}. Best is trial 109 with value: -7809.38330078125.[0m
[32m[I 2021-12-11 09:51:42,981][0m Trial 148 finished with value: -4961.41943359375 and parameters: {'r_scaling': 0.09695167956974644, 'unroll': 5, 'update_epoch': 14, 'discount': 0.9906681079670253, 'lr': 0.0003434316215974785, 'entropy': 0.005677696860432775}. Best is trial 109 with value: -7809.38330078125.[0m
[32m[I 2021-12-11 09:56:31,796][0m Trial 149 finished with value: -6358.91845703125 and parameters: {'r_scaling': 0.11675355297859699, 'unroll': 5, 'update_epoch': 15, 'discount': 0.987179110384045, 'lr': 0.0003004117548837783, 'entropy': 0.0027725678290828736}. Best is trial 109 with value: -7809.38330078125.[0m
[32m[I 2021-12-11 10:01:02,700][0m Trial 150 finished with value: -2082.865234375 and parameters: {'r_scaling': 0.12286626675162055, 'unroll': 6, 'update_epoch': 15, 'discount': 0.9843617772138497, 'lr': 0.0004173444338879981, 'entropy': 0.0019715013976715347}. Best is trial 109 with value: -7809.38330078125.[0m
[32m[I 2021-12-11 10:05:03,625][0m Trial 151 finished with value: -6167.34765625 and parameters: {'r_scaling': 0.14512786333196648, 'unroll': 5, 'update_epoch': 15, 'discount': 0.9884484748473247, 'lr': 0.00030345163060655416, 'entropy': 0.0024442494768544248}. Best is trial 109 with value: -7809.38330078125.[0m
[32m[I 2021-12-11 10:09:42,161][0m Trial 152 finished with value: -3451.0625 and parameters: {'r_scaling': 0.07778962780213385, 'unroll': 5, 'update_epoch': 14, 'discount': 0.9866836379299528, 'lr': 0.00032703514567568364, 'entropy': 0.002801976954113158}. Best is trial 109 with value: -7809.38330078125.[0m
[32m[I 2021-12-11 10:13:43,975][0m Trial 153 finished with value: -2023.1756591796875 and parameters: {'r_scaling': 0.11254214996786825, 'unroll': 5, 'update_epoch': 15, 'discount': 0.9574446590632697, 'lr': 0.00024960079830451857, 'entropy': 0.0015551054600090985}. Best is trial 109 with value: -7809.38330078125.[0m
[32m[I 2021-12-11 10:18:28,934][0m Trial 154 finished with value: -1784.004150390625 and parameters: {'r_scaling': 0.19957883513615818, 'unroll': 4, 'update_epoch': 13, 'discount': 0.9920202740556205, 'lr': 0.000358237444392611, 'entropy': 0.004410390747927996}. Best is trial 109 with value: -7809.38330078125.[0m
[32m[I 2021-12-11 10:23:08,171][0m Trial 155 finished with value: -2183.262939453125 and parameters: {'r_scaling': 0.09298395805167403, 'unroll': 5, 'update_epoch': 14, 'discount': 0.9644396755355621, 'lr': 0.0002970676848206601, 'entropy': 0.003539644644416674}. Best is trial 109 with value: -7809.38330078125.[0m
[32m[I 2021-12-11 10:27:30,621][0m Trial 156 finished with value: -3758.388427734375 and parameters: {'r_scaling': 0.07901760264329587, 'unroll': 4, 'update_epoch': 13, 'discount': 0.9896212755846341, 'lr': 0.00032802423374409873, 'entropy': 0.005062899921529342}. Best is trial 109 with value: -7809.38330078125.[0m
[32m[I 2021-12-11 10:31:57,906][0m Trial 157 finished with value: -2161.19677734375 and parameters: {'r_scaling': 0.11672071094453278, 'unroll': 6, 'update_epoch': 15, 'discount': 0.9794959245803612, 'lr': 0.0003796489701797616, 'entropy': 0.0029803673019803533}. Best is trial 109 with value: -7809.38330078125.[0m
[32m[I 2021-12-11 10:36:32,060][0m Trial 158 finished with value: -6399.44873046875 and parameters: {'r_scaling': 0.06802584302190547, 'unroll': 5, 'update_epoch': 12, 'discount': 0.9862894209015964, 'lr': 0.0002699112877740868, 'entropy': 0.003933263645867755}. Best is trial 109 with value: -7809.38330078125.[0m
[32m[I 2021-12-11 10:40:21,564][0m Trial 159 finished with value: -7423.56591796875 and parameters: {'r_scaling': 0.09444153119177531, 'unroll': 5, 'update_epoch': 12, 'discount': 0.9817704143224449, 'lr': 0.0002739982677560081, 'entropy': 0.006940203810505585}. Best is trial 109 with value: -7809.38330078125.[0m
[32m[I 2021-12-11 10:44:43,371][0m Trial 160 finished with value: -1647.60302734375 and parameters: {'r_scaling': 0.1457629244304406, 'unroll': 6, 'update_epoch': 13, 'discount': 0.9819939528490476, 'lr': 0.000268150323411473, 'entropy': 0.007619092356278844}. Best is trial 109 with value: -7809.38330078125.[0m
[32m[I 2021-12-11 10:48:46,143][0m Trial 161 finished with value: -751.2899780273438 and parameters: {'r_scaling': 0.09814256476511983, 'unroll': 10, 'update_epoch': 12, 'discount': 0.9858533124959885, 'lr': 0.00028210140043441494, 'entropy': 0.005851315022913921}. Best is trial 109 with value: -7809.38330078125.[0m
[32m[I 2021-12-11 10:52:34,100][0m Trial 162 finished with value: -6572.1640625 and parameters: {'r_scaling': 0.06489288078542954, 'unroll': 5, 'update_epoch': 12, 'discount': 0.982607921452613, 'lr': 0.00024530389250526294, 'entropy': 0.00708829321877211}. Best is trial 109 with value: -7809.38330078125.[0m
[32m[I 2021-12-11 10:57:21,978][0m Trial 163 finished with value: -6253.1494140625 and parameters: {'r_scaling': 0.06325137712595066, 'unroll': 5, 'update_epoch': 12, 'discount': 0.9744271829784812, 'lr': 0.00024105834977394632, 'entropy': 0.007568934094389325}. Best is trial 109 with value: -7809.38330078125.[0m
[32m[I 2021-12-11 11:01:44,873][0m Trial 164 finished with value: -5519.10400390625 and parameters: {'r_scaling': 0.09271515270551946, 'unroll': 4, 'update_epoch': 12, 'discount': 0.9790541742506529, 'lr': 0.0002452849397465171, 'entropy': 0.006875673878346006}. Best is trial 109 with value: -7809.38330078125.[0m
[32m[I 2021-12-11 11:05:37,049][0m Trial 165 finished with value: -7819.85888671875 and parameters: {'r_scaling': 0.06486825636798736, 'unroll': 5, 'update_epoch': 13, 'discount': 0.9838751987382887, 'lr': 0.00026299826627245056, 'entropy': 0.004728757827738526}. Best is trial 165 with value: -7819.85888671875.[0m
[32m[I 2021-12-11 11:10:18,161][0m Trial 166 finished with value: -6267.93408203125 and parameters: {'r_scaling': 0.06345815375487783, 'unroll': 5, 'update_epoch': 13, 'discount': 0.9809882676677963, 'lr': 0.00022041039234712632, 'entropy': 0.004739105528666495}. Best is trial 165 with value: -7819.85888671875.[0m
[32m[I 2021-12-11 11:14:11,849][0m Trial 167 finished with value: -6632.62939453125 and parameters: {'r_scaling': 0.06734137506117291, 'unroll': 5, 'update_epoch': 13, 'discount': 0.9836217645392005, 'lr': 0.0002589132947041234, 'entropy': 0.0055159158942733825}. Best is trial 165 with value: -7819.85888671875.[0m
[32m[I 2021-12-11 11:17:50,285][0m Trial 168 finished with value: -5273.21826171875 and parameters: {'r_scaling': 0.05908507748072247, 'unroll': 6, 'update_epoch': 13, 'discount': 0.9835004626968814, 'lr': 0.00025574806132717704, 'entropy': 0.010556754729446505}. Best is trial 165 with value: -7819.85888671875.[0m
[32m[I 2021-12-11 11:22:10,743][0m Trial 169 finished with value: -4445.4443359375 and parameters: {'r_scaling': 0.06968264181737213, 'unroll': 4, 'update_epoch': 12, 'discount': 0.9777370865765742, 'lr': 0.00018758529405921924, 'entropy': 0.006305946508521809}. Best is trial 165 with value: -7819.85888671875.[0m
[32m[I 2021-12-11 11:26:12,178][0m Trial 170 finished with value: -896.6641235351562 and parameters: {'r_scaling': 0.07978456504261783, 'unroll': 3, 'update_epoch': 3, 'discount': 0.9842327363107175, 'lr': 0.00022753280301555983, 'entropy': 0.004563887684640313}. Best is trial 165 with value: -7819.85888671875.[0m
[32m[I 2021-12-11 11:30:56,476][0m Trial 171 finished with value: -7150.20458984375 and parameters: {'r_scaling': 0.08580859205845734, 'unroll': 5, 'update_epoch': 13, 'discount': 0.9819698535397313, 'lr': 0.00026764303684937503, 'entropy': 0.0054579159208527385}. Best is trial 165 with value: -7819.85888671875.[0m
[32m[I 2021-12-11 11:35:36,547][0m Trial 172 finished with value: -5624.55224609375 and parameters: {'r_scaling': 0.05572206150050993, 'unroll': 5, 'update_epoch': 13, 'discount': 0.9821465657400832, 'lr': 0.0002631016884054449, 'entropy': 0.004200774453068698}. Best is trial 165 with value: -7819.85888671875.[0m
[32m[I 2021-12-11 11:40:32,883][0m Trial 173 finished with value: -5362.40966796875 and parameters: {'r_scaling': 0.08421285410600461, 'unroll': 5, 'update_epoch': 13, 'discount': 0.9808328176262402, 'lr': 0.0002360067330136914, 'entropy': 0.005058080535289668}. Best is trial 165 with value: -7819.85888671875.[0m
[32m[I 2021-12-11 11:44:54,284][0m Trial 174 finished with value: -5918.42578125 and parameters: {'r_scaling': 0.06569112162342451, 'unroll': 4, 'update_epoch': 12, 'discount': 0.9853358738551021, 'lr': 0.0002603382321915561, 'entropy': 0.006998165443951139}. Best is trial 165 with value: -7819.85888671875.[0m
[32m[I 2021-12-11 11:49:24,218][0m Trial 175 finished with value: -3053.493896484375 and parameters: {'r_scaling': 0.05072190961360916, 'unroll': 5, 'update_epoch': 13, 'discount': 0.9831126322783063, 'lr': 0.0003056995604889747, 'entropy': 0.009078400399472596}. Best is trial 165 with value: -7819.85888671875.[0m
[32m[I 2021-12-11 11:53:48,968][0m Trial 176 finished with value: -2023.527587890625 and parameters: {'r_scaling': 0.11895798119466934, 'unroll': 6, 'update_epoch': 12, 'discount': 0.9800071984414471, 'lr': 0.0002788673197459599, 'entropy': 0.005971466420869601}. Best is trial 165 with value: -7819.85888671875.[0m
[32m[I 2021-12-11 11:58:30,336][0m Trial 177 finished with value: -6061.71533203125 and parameters: {'r_scaling': 0.07404366022547876, 'unroll': 5, 'update_epoch': 13, 'discount': 0.9874017372785366, 'lr': 0.0002486484193555455, 'entropy': 0.0040279345927437035}. Best is trial 165 with value: -7819.85888671875.[0m
[32m[I 2021-12-11 12:03:04,850][0m Trial 178 finished with value: -2796.057861328125 and parameters: {'r_scaling': 0.08856685040850741, 'unroll': 5, 'update_epoch': 12, 'discount': 0.9760196971711271, 'lr': 0.0002732732784441812, 'entropy': 0.005381855255513344}. Best is trial 165 with value: -7819.85888671875.[0m
[32m[I 2021-12-11 12:06:30,100][0m Trial 179 finished with value: -5298.49169921875 and parameters: {'r_scaling': 0.06537664484741744, 'unroll': 6, 'update_epoch': 12, 'discount': 0.9847761201554693, 'lr': 0.0002927355321869278, 'entropy': 0.008141408906096643}. Best is trial 165 with value: -7819.85888671875.[0m
[32m[I 2021-12-11 12:11:10,449][0m Trial 180 finished with value: -2038.3782958984375 and parameters: {'r_scaling': 0.11018074091330485, 'unroll': 5, 'update_epoch': 14, 'discount': 0.9791336260039324, 'lr': 0.0002112622467466404, 'entropy': 0.004684173152423363}. Best is trial 165 with value: -7819.85888671875.[0m
[32m[I 2021-12-11 12:15:50,011][0m Trial 181 finished with value: -6804.1455078125 and parameters: {'r_scaling': 0.08676652893480061, 'unroll': 5, 'update_epoch': 14, 'discount': 0.9874411118243899, 'lr': 0.00031435759494823247, 'entropy': 0.005345669510340621}. Best is trial 165 with value: -7819.85888671875.[0m
[32m[I 2021-12-11 12:19:42,786][0m Trial 182 finished with value: -5437.1552734375 and parameters: {'r_scaling': 0.08341983855579262, 'unroll': 5, 'update_epoch': 13, 'discount': 0.986687883917137, 'lr': 0.0003115986223600066, 'entropy': 0.006527148926242549}. Best is trial 165 with value: -7819.85888671875.[0m
[32m[I 2021-12-11 12:24:33,471][0m Trial 183 finished with value: -2841.465576171875 and parameters: {'r_scaling': 0.07238502962326088, 'unroll': 4, 'update_epoch': 14, 'discount': 0.9826891918412847, 'lr': 0.00033781044033259864, 'entropy': 0.0038819186682485817}. Best is trial 165 with value: -7819.85888671875.[0m
[32m[I 2021-12-11 12:28:31,507][0m Trial 184 finished with value: -496.9916076660156 and parameters: {'r_scaling': 0.09760644742909788, 'unroll': 5, 'update_epoch': 14, 'discount': 0.9853474756090086, 'lr': 0.0015134615389704954, 'entropy': 0.005320457714102751}. Best is trial 165 with value: -7819.85888671875.[0m
[32m[I 2021-12-11 12:33:14,655][0m Trial 185 finished with value: -6000.01513671875 and parameters: {'r_scaling': 0.13082254247180122, 'unroll': 5, 'update_epoch': 13, 'discount': 0.9892153226348452, 'lr': 0.00026322437868604563, 'entropy': 0.0031575272459319873}. Best is trial 165 with value: -7819.85888671875.[0m
[32m[I 2021-12-11 12:37:52,983][0m Trial 186 finished with value: -5678.23974609375 and parameters: {'r_scaling': 0.05848194887434819, 'unroll': 5, 'update_epoch': 12, 'discount': 0.9821495158946691, 'lr': 0.00029163563989900005, 'entropy': 0.006044527539239123}. Best is trial 165 with value: -7819.85888671875.[0m
[32m[I 2021-12-11 12:41:33,668][0m Trial 187 finished with value: -1659.3160400390625 and parameters: {'r_scaling': 0.0805549780979303, 'unroll': 4, 'update_epoch': 13, 'discount': 0.9489846755040181, 'lr': 0.00031345545706600714, 'entropy': 0.004425074583012956}. Best is trial 165 with value: -7819.85888671875.[0m
[32m[I 2021-12-11 12:46:00,683][0m Trial 188 finished with value: -2318.0888671875 and parameters: {'r_scaling': 0.10105219003631374, 'unroll': 6, 'update_epoch': 14, 'discount': 0.9876319234003752, 'lr': 0.0003525169991565638, 'entropy': 0.007105883899008904}. Best is trial 165 with value: -7819.85888671875.[0m
[32m[I 2021-12-11 12:50:07,093][0m Trial 189 finished with value: -1102.1082763671875 and parameters: {'r_scaling': 0.07216191905369952, 'unroll': 11, 'update_epoch': 12, 'discount': 0.9837577591064952, 'lr': 0.0002836205291289874, 'entropy': 0.004884847067765301}. Best is trial 165 with value: -7819.85888671875.[0m
[32m[I 2021-12-11 12:54:54,956][0m Trial 190 finished with value: -855.6478881835938 and parameters: {'r_scaling': 42.063620852036024, 'unroll': 5, 'update_epoch': 15, 'discount': 0.9863172671506508, 'lr': 0.00024164962941677394, 'entropy': 0.0038569115178832573}. Best is trial 165 with value: -7819.85888671875.[0m
[32m[I 2021-12-11 12:59:36,551][0m Trial 191 finished with value: -5103.7236328125 and parameters: {'r_scaling': 0.09461875074163421, 'unroll': 5, 'update_epoch': 14, 'discount': 0.989942995360147, 'lr': 0.00032658129193205594, 'entropy': 0.0056986292311741295}. Best is trial 165 with value: -7819.85888671875.[0m
[32m[I 2021-12-11 13:04:40,356][0m Trial 192 finished with value: -5801.6669921875 and parameters: {'r_scaling': 0.08824002987076306, 'unroll': 5, 'update_epoch': 15, 'discount': 0.9882592932018632, 'lr': 0.0003119645909546308, 'entropy': 0.005485353433215361}. Best is trial 165 with value: -7819.85888671875.[0m
[32m[I 2021-12-11 13:09:18,920][0m Trial 193 finished with value: -5989.169921875 and parameters: {'r_scaling': 0.1125705762467782, 'unroll': 5, 'update_epoch': 13, 'discount': 0.9849340959213164, 'lr': 0.00027128256946859426, 'entropy': 0.0001200258114573173}. Best is trial 165 with value: -7819.85888671875.[0m
[32m[I 2021-12-11 13:14:02,639][0m Trial 194 finished with value: -6477.02783203125 and parameters: {'r_scaling': 0.06575979507906353, 'unroll': 5, 'update_epoch': 14, 'discount': 0.9811530553054273, 'lr': 0.00030095296133828713, 'entropy': 0.0064380505813879645}. Best is trial 165 with value: -7819.85888671875.[0m
[32m[I 2021-12-11 13:18:35,782][0m Trial 195 finished with value: -6118.9384765625 and parameters: {'r_scaling': 0.06079165176743822, 'unroll': 5, 'update_epoch': 12, 'discount': 0.9809586750197323, 'lr': 0.000256107269058067, 'entropy': 0.008095904552094102}. Best is trial 165 with value: -7819.85888671875.[0m
[32m[I 2021-12-11 13:23:05,703][0m Trial 196 finished with value: -5606.58837890625 and parameters: {'r_scaling': 0.06683519481626445, 'unroll': 5, 'update_epoch': 11, 'discount': 0.9831758581441858, 'lr': 0.0002925580473871788, 'entropy': 0.009401191736871888}. Best is trial 165 with value: -7819.85888671875.[0m
[32m[I 2021-12-11 13:27:30,422][0m Trial 197 finished with value: -5173.24267578125 and parameters: {'r_scaling': 0.07720823676279971, 'unroll': 4, 'update_epoch': 13, 'discount': 0.979516914878247, 'lr': 0.00030470862621159055, 'entropy': 0.006575055979075696}. Best is trial 165 with value: -7819.85888671875.[0m
[32m[I 2021-12-11 13:31:53,467][0m Trial 198 finished with value: -5608.22802734375 and parameters: {'r_scaling': 0.05361700883780242, 'unroll': 6, 'update_epoch': 14, 'discount': 0.9783093045642534, 'lr': 0.00033942950329889614, 'entropy': 0.004828430396261124}. Best is trial 165 with value: -7819.85888671875.[0m
[32m[I 2021-12-11 13:36:24,206][0m Trial 199 finished with value: -6518.64990234375 and parameters: {'r_scaling': 0.0654417264786109, 'unroll': 5, 'update_epoch': 12, 'discount': 0.9813908925697934, 'lr': 0.0002678811320087852, 'entropy': 0.003444318682621498}. Best is trial 165 with value: -7819.85888671875.[0m
